Server will be started at localhost:1120...
Received message in dispatch: &{}
Routing message of type: *priacy_compute.TriggerVRFMsg
Resolving message: &{}
Successfully triggered VRF evaluation.
Successfully triggered aggregation process.
Received message in dispatch: &{7 0a7792d65ce5f79a8a516658f235237659810cd2f58e6933910aa04f9ba41f9a [2 10 52 113 126 39 31 2 51 56 106 192 194 0 146 223 255 35 223 73 206 171 90 98 108 142 202 200 225 22 19 144 73 107 154 180 74 23 162 185 141 23 226 33 210 52 6 226 216 2 127 149 181 136 227 215 70 162 10 104 216 58 212 169 71 145 34 139 39 98 238 173 246 0 92 249 89 20 102 157 80] exampleContext}
Routing message of type: *priacy_compute.AggVRFMsg
Resolving message: &{7 0a7792d65ce5f79a8a516658f235237659810cd2f58e6933910aa04f9ba41f9a [2 10 52 113 126 39 31 2 51 56 106 192 194 0 146 223 255 35 223 73 206 171 90 98 108 142 202 200 225 22 19 144 73 107 154 180 74 23 162 185 141 23 226 33 210 52 6 226 216 2 127 149 181 136 227 215 70 162 10 104 216 58 212 169 71 145 34 139 39 98 238 173 246 0 92 249 89 20 102 157 80] exampleContext}
Received message in dispatch: &{6 de58fca970aa0843dfb8cccaa43419aac3464fc9d4948518724fd76be746f288 [2 209 95 77 85 121 24 140 26 167 95 82 76 207 55 120 226 101 234 184 31 145 62 46 211 126 101 136 112 253 57 208 111 105 245 201 159 212 116 35 23 107 13 183 176 159 46 7 20 4 210 178 122 1 243 34 65 181 83 144 143 11 173 124 158 39 1 250 183 164 230 174 118 15 114 4 172 154 206 14 77] exampleContext}
Routing message of type: *priacy_compute.AggVRFMsg
Resolving message: &{6 de58fca970aa0843dfb8cccaa43419aac3464fc9d4948518724fd76be746f288 [2 209 95 77 85 121 24 140 26 167 95 82 76 207 55 120 226 101 234 184 31 145 62 46 211 126 101 136 112 253 57 208 111 105 245 201 159 212 116 35 23 107 13 183 176 159 46 7 20 4 210 178 122 1 243 34 65 181 83 144 143 11 173 124 158 39 1 250 183 164 230 174 118 15 114 4 172 154 206 14 77] exampleContext}
Received message in dispatch: &{9 d6dd1bbb953729d97ebdc0c19782f02631947f0a0982cec2940a931e88ba26ea [2 167 135 173 232 65 56 236 173 249 87 44 254 18 85 220 170 74 151 180 195 235 62 68 224 114 227 163 53 237 73 140 37 159 23 182 69 9 166 113 27 124 30 253 203 119 43 130 108 14 45 220 22 214 65 100 136 7 230 18 198 151 226 251 38 111 100 111 92 208 190 251 234 152 212 196 211 74 131 67 169] exampleContext}
Routing message of type: *priacy_compute.AggVRFMsg
Received message in dispatch: &{4 ba9cd641040a23fbee0f2e59866343124c2556d64a633a631cc01720ff8b70ae [2 70 94 205 148 112 29 5 168 19 143 139 127 168 60 144 6 242 151 155 159 50 235 33 81 101 106 241 93 100 128 21 91 155 84 30 81 111 242 178 194 11 224 23 206 225 195 17 4 9 244 111 127 101 179 172 144 43 141 254 78 179 79 206 171 28 122 13 36 59 192 224 7 129 236 108 75 187 161 238 197] exampleContext}
Routing message of type: *priacy_compute.AggVRFMsg
Resolving message: &{9 d6dd1bbb953729d97ebdc0c19782f02631947f0a0982cec2940a931e88ba26ea [2 167 135 173 232 65 56 236 173 249 87 44 254 18 85 220 170 74 151 180 195 235 62 68 224 114 227 163 53 237 73 140 37 159 23 182 69 9 166 113 27 124 30 253 203 119 43 130 108 14 45 220 22 214 65 100 136 7 230 18 198 151 226 251 38 111 100 111 92 208 190 251 234 152 212 196 211 74 131 67 169] exampleContext}
Resolving message: &{4 ba9cd641040a23fbee0f2e59866343124c2556d64a633a631cc01720ff8b70ae [2 70 94 205 148 112 29 5 168 19 143 139 127 168 60 144 6 242 151 155 159 50 235 33 81 101 106 241 93 100 128 21 91 155 84 30 81 111 242 178 194 11 224 23 206 225 195 17 4 9 244 111 127 101 179 172 144 43 141 254 78 179 79 206 171 28 122 13 36 59 192 224 7 129 236 108 75 187 161 238 197] exampleContext}
Received message in dispatch: &{3 9da2b4edce278a3eaf02231ffe701b9db6c2ce9d41024d543359f9d4e139e76b [3 67 175 168 183 111 142 199 42 123 222 241 174 47 86 45 33 85 112 78 217 188 39 223 40 226 15 161 107 254 159 74 148 34 47 245 50 130 45 115 6 27 180 31 25 191 245 151 191 5 55 230 74 17 213 34 75 138 7 63 65 155 65 41 247 164 134 175 72 0 38 8 172 206 203 109 182 255 209 2 102] exampleContext}
Routing message of type: *priacy_compute.AggVRFMsg
Resolving message: &{3 9da2b4edce278a3eaf02231ffe701b9db6c2ce9d41024d543359f9d4e139e76b [3 67 175 168 183 111 142 199 42 123 222 241 174 47 86 45 33 85 112 78 217 188 39 223 40 226 15 161 107 254 159 74 148 34 47 245 50 130 45 115 6 27 180 31 25 191 245 151 191 5 55 230 74 17 213 34 75 138 7 63 65 155 65 41 247 164 134 175 72 0 38 8 172 206 203 109 182 255 209 2 102] exampleContext}
Received message in dispatch: &{5 f0a75610ad635995a85d9710e5bed0c99a30c82712fde38c89e405ae1b0ce4e5 [3 195 13 159 229 150 241 101 230 26 112 118 169 86 232 187 190 122 134 31 192 103 7 43 156 120 138 18 129 36 237 196 238 204 42 134 13 86 27 149 126 95 147 213 65 118 231 133 187 12 242 95 38 84 246 125 34 204 57 180 228 188 1 55 105 108 194 231 1 203 2 130 58 95 145 183 153 193 236 197 98] exampleContext}
Routing message of type: *priacy_compute.AggVRFMsg
Resolving message: &{5 f0a75610ad635995a85d9710e5bed0c99a30c82712fde38c89e405ae1b0ce4e5 [3 195 13 159 229 150 241 101 230 26 112 118 169 86 232 187 190 122 134 31 192 103 7 43 156 120 138 18 129 36 237 196 238 204 42 134 13 86 27 149 126 95 147 213 65 118 231 133 187 12 242 95 38 84 246 125 34 204 57 180 228 188 1 55 105 108 194 231 1 203 2 130 58 95 145 183 153 193 236 197 98] exampleContext}
Received message in dispatch: &{10 99717e862fe78e412e71ad3e6abe005ab2d243880eb4e463d64e7c1c989ea597 [3 68 121 249 162 62 15 137 125 38 132 29 70 216 175 107 239 192 68 49 46 74 59 54 10 209 133 165 248 19 244 243 194 85 148 243 35 181 18 11 234 102 55 35 241 23 33 207 238 13 50 249 171 121 211 64 238 126 220 56 156 89 48 146 86 77 25 166 113 135 243 246 238 23 198 83 44 233 255 233 15] exampleContext}
Routing message of type: *priacy_compute.AggVRFMsg
Resolving message: &{10 99717e862fe78e412e71ad3e6abe005ab2d243880eb4e463d64e7c1c989ea597 [3 68 121 249 162 62 15 137 125 38 132 29 70 216 175 107 239 192 68 49 46 74 59 54 10 209 133 165 248 19 244 243 194 85 148 243 35 181 18 11 234 102 55 35 241 23 33 207 238 13 50 249 171 121 211 64 238 126 220 56 156 89 48 146 86 77 25 166 113 135 243 246 238 23 198 83 44 233 255 233 15] exampleContext}
Received message in dispatch: &{1 e5e72d24d6739c0f311f5e0d47c8f6099afd1a1bc048f255f0725240218c9ca7 [3 68 196 211 231 100 54 228 13 189 206 3 36 118 4 90 5 48 239 16 73 5 189 250 207 6 145 137 94 58 249 121 155 34 147 232 55 5 99 5 22 37 17 232 242 185 90 44 74 0 65 188 92 220 248 199 121 65 131 113 173 95 187 249 218 18 184 55 142 193 244 183 247 214 220 151 84 209 171 220 222] exampleContext}
Routing message of type: *priacy_compute.AggVRFMsg
Resolving message: &{1 e5e72d24d6739c0f311f5e0d47c8f6099afd1a1bc048f255f0725240218c9ca7 [3 68 196 211 231 100 54 228 13 189 206 3 36 118 4 90 5 48 239 16 73 5 189 250 207 6 145 137 94 58 249 121 155 34 147 232 55 5 99 5 22 37 17 232 242 185 90 44 74 0 65 188 92 220 248 199 121 65 131 113 173 95 187 249 218 18 184 55 142 193 244 183 247 214 220 151 84 209 171 220 222] exampleContext}
Received message in dispatch: &{2 bd113e6d1f4288ac444d6e8ed0e6ed772e3270e5ad9f609eb99386f65b041df3 [3 192 22 255 157 213 41 202 229 103 133 85 70 151 16 150 134 25 178 35 239 248 59 252 222 164 163 48 107 210 143 161 212 30 76 238 143 46 72 214 11 255 175 33 246 179 207 54 121 10 77 165 33 187 90 56 157 149 228 137 159 167 228 30 118 237 14 142 203 184 62 137 211 76 97 190 19 104 83 109 77] exampleContext}
Routing message of type: *priacy_compute.AggVRFMsg
Resolving message: &{2 bd113e6d1f4288ac444d6e8ed0e6ed772e3270e5ad9f609eb99386f65b041df3 [3 192 22 255 157 213 41 202 229 103 133 85 70 151 16 150 134 25 178 35 239 248 59 252 222 164 163 48 107 210 143 161 212 30 76 238 143 46 72 214 11 255 175 33 246 179 207 54 121 10 77 165 33 187 90 56 157 149 228 137 159 167 228 30 118 237 14 142 203 184 62 137 211 76 97 190 19 104 83 109 77] exampleContext}
Received message in dispatch: &{8 7da84ee27647b63f6b3d8e6d4534f1be69ad27fc97ce7e5357934a2d8783fc48 [2 159 153 83 16 56 162 234 50 228 73 140 68 11 126 221 169 235 67 201 48 131 166 77 133 89 101 130 10 127 189 92 125 92 89 21 122 192 116 95 221 182 48 89 12 32 251 99 85 9 142 110 23 195 160 185 169 149 176 49 215 122 200 21 114 11 78 117 149 5 215 67 207 164 54 166 242 94 146 244 129] exampleContext}
Routing message of type: *priacy_compute.AggVRFMsg
Resolving message: &{8 7da84ee27647b63f6b3d8e6d4534f1be69ad27fc97ce7e5357934a2d8783fc48 [2 159 153 83 16 56 162 234 50 228 73 140 68 11 126 221 169 235 67 201 48 131 166 77 133 89 101 130 10 127 189 92 125 92 89 21 122 192 116 95 221 182 48 89 12 32 251 99 85 9 142 110 23 195 160 185 169 149 176 49 215 122 200 21 114 11 78 117 149 5 215 67 207 164 54 166 242 94 146 244 129] exampleContext}
Server will be started at localhost:1120...
Received message in dispatch: &{}
Routing message of type: *priacy_compute.TriggerVRFMsg
Resolving message: &{}
Successfully triggered VRF evaluation.
VRFValue: 0.416269
VRFProof: 026a90a2bfe5d59bd6eeafe07cde1260044872ca2be78c574b50494480061aaf3bcc54df29db65ace62b2be06fc27bed930dac688c170e17c2a217edb226413d0f878850459afc91d58fff3817c61e19f3
VRFval: 0x1.aa428aff97567p-02
VRFChosen: false
Successfully triggered aggregation process.
Received message in dispatch: &{10 d2e95e2d77a8710fa3e3ae1853c5a33fd2b3034bddcb72e2bc2825caec9f251c [3 149 73 134 118 209 130 95 108 140 137 50 227 0 201 133 167 237 171 93 249 154 67 152 52 122 60 13 1 173 162 14 238 21 107 238 166 217 73 214 40 56 3 150 18 234 0 58 98 5 1 224 185 7 33 42 185 33 116 81 124 2 80 237 69 200 46 89 115 156 184 171 36 172 94 124 135 170 12 58 207] exampleContext}
Routing message of type: *priacy_compute.AggVRFMsg
Resolving message: &{10 d2e95e2d77a8710fa3e3ae1853c5a33fd2b3034bddcb72e2bc2825caec9f251c [3 149 73 134 118 209 130 95 108 140 137 50 227 0 201 133 167 237 171 93 249 154 67 152 52 122 60 13 1 173 162 14 238 21 107 238 166 217 73 214 40 56 3 150 18 234 0 58 98 5 1 224 185 7 33 42 185 33 116 81 124 2 80 237 69 200 46 89 115 156 184 171 36 172 94 124 135 170 12 58 207] exampleContext}
Received message in dispatch: &{9 89a372f354ee487f93afbf4fcd7490d0790d863a2795808d88a75b3b3f605375 [2 143 210 194 173 103 249 43 199 124 115 57 255 157 149 249 26 153 228 176 120 92 98 204 195 143 29 125 210 156 227 110 65 121 61 179 232 50 162 89 230 131 163 175 87 245 171 60 201 1 14 115 62 9 41 49 170 113 98 128 21 168 118 81 94 8 79 161 19 243 8 202 94 209 74 97 15 178 168 122 120] exampleContext}
Routing message of type: *priacy_compute.AggVRFMsg
Resolving message: &{9 89a372f354ee487f93afbf4fcd7490d0790d863a2795808d88a75b3b3f605375 [2 143 210 194 173 103 249 43 199 124 115 57 255 157 149 249 26 153 228 176 120 92 98 204 195 143 29 125 210 156 227 110 65 121 61 179 232 50 162 89 230 131 163 175 87 245 171 60 201 1 14 115 62 9 41 49 170 113 98 128 21 168 118 81 94 8 79 161 19 243 8 202 94 209 74 97 15 178 168 122 120] exampleContext}
Server will be started at localhost:1120...
Received message in dispatch: &{}
Routing message of type: *priacy_compute.TriggerVRFMsg
Resolving message: &{}
Successfully triggered VRF evaluation.
Received message in dispatch: &{9 e12941ec7de6221eb9dce95fa857023fc55d1ce1211b85c6b08ca197de892a76 [2 198 76 95 24 207 101 63 171 1 15 109 6 35 76 104 174 109 237 11 198 250 125 210 60 106 245 2 66 143 139 113 47 96 245 124 147 231 77 202 46 116 238 253 0 113 172 72 104 10 131 213 77 100 110 23 204 89 35 135 107 255 1 39 11 45 123 63 216 77 210 153 154 52 239 168 251 249 140 149 74] exampleContext}
Routing message of type: *priacy_compute.AggVRFMsg
VRFValue: 0.591303
VRFProof: 03975f9cb7276aa4f22b9cd7416af0d6fa297c6e80e1652c654881b52dfb68d9d083712e4e2bfda7a998d5cb6c4d98a9ec073debd76dca24cbefa70a5322ed9065d974a6d132be399f06852fdf06f2aaa1
VRFval: 0x1.2ebf396e4ed55p-01
VRFChosen: false
Resolving message: &{9 e12941ec7de6221eb9dce95fa857023fc55d1ce1211b85c6b08ca197de892a76 [2 198 76 95 24 207 101 63 171 1 15 109 6 35 76 104 174 109 237 11 198 250 125 210 60 106 245 2 66 143 139 113 47 96 245 124 147 231 77 202 46 116 238 253 0 113 172 72 104 10 131 213 77 100 110 23 204 89 35 135 107 255 1 39 11 45 123 63 216 77 210 153 154 52 239 168 251 249 140 149 74] exampleContext}
Successfully triggered aggregation process.
Received message in dispatch: &{10 48fd440ae2b90a78992927b2542fb805faa72de57faa53d5ffef312329672441 [3 13 205 34 235 224 106 255 16 170 185 205 63 20 193 51 206 174 135 86 252 106 9 21 196 89 87 43 209 79 30 152 135 8 220 107 130 38 178 27 35 193 206 208 111 199 148 138 250 11 92 82 81 53 84 157 117 61 163 147 231 245 153 190 142 111 62 152 252 253 121 168 2 195 214 61 123 104 113 229 235] exampleContext}
Routing message of type: *priacy_compute.AggVRFMsg
Resolving message: &{10 48fd440ae2b90a78992927b2542fb805faa72de57faa53d5ffef312329672441 [3 13 205 34 235 224 106 255 16 170 185 205 63 20 193 51 206 174 135 86 252 106 9 21 196 89 87 43 209 79 30 152 135 8 220 107 130 38 178 27 35 193 206 208 111 199 148 138 250 11 92 82 81 53 84 157 117 61 163 147 231 245 153 190 142 111 62 152 252 253 121 168 2 195 214 61 123 104 113 229 235] exampleContext}
Server will be started at localhost:1120...
Received message in dispatch: &{}
Routing message of type: *priacy_compute.TriggerVRFMsg
Resolving message: &{}
VRFValue: 0.029502
VRFProof: 02078d71667a08599a5b49756ddc721ed08dc421d36c96f6b002aff062adbc95460764f1c44ef843a3145308bca3daa80f09b00a0bbce86e3b8ac5addefbbb6db129841e0ff2ad88a08ae5ebd396af46fd
VRFval: 0x1.e35c599e82166p-06
VRFChosen: true
Bloom Params - M: 10, T: 3, EpsBF: 0.010000
Bloom L: 29, D: 7
Approved Indices: [8 5 7]
Successfully triggered VRF evaluation.
Successfully triggered aggregation process.
Received message in dispatch: &{8 7c66c97e03bc10b92bd80b80c75e4dc574769f9ca6fb55336c5806d99f1678a9 [3 75 10 10 205 100 169 121 134 13 57 16 31 170 180 99 107 211 43 77 224 165 127 220 102 64 7 106 161 170 217 130 180 218 167 148 245 97 53 174 59 38 131 24 38 204 50 71 239 11 1 251 138 196 228 209 178 234 9 55 200 161 117 76 151 68 61 111 249 15 149 219 6 130 113 195 56 213 182 69 178] exampleContext}
Routing message of type: *priacy_compute.AggVRFMsg
Resolving message: &{8 7c66c97e03bc10b92bd80b80c75e4dc574769f9ca6fb55336c5806d99f1678a9 [3 75 10 10 205 100 169 121 134 13 57 16 31 170 180 99 107 211 43 77 224 165 127 220 102 64 7 106 161 170 217 130 180 218 167 148 245 97 53 174 59 38 131 24 38 204 50 71 239 11 1 251 138 196 228 209 178 234 9 55 200 161 117 76 151 68 61 111 249 15 149 219 6 130 113 195 56 213 182 69 178] exampleContext}
Received message in dispatch: &{1 526949411b3375e9f1e0c41220e92a870bff9829d55189b0474c8f3dc763a1e8 [3 16 79 12 252 209 183 25 85 98 129 155 172 144 242 193 94 220 242 60 38 34 239 128 238 120 70 120 88 197 81 197 162 217 104 113 131 30 37 252 141 193 111 84 118 117 181 50 43 15 147 66 237 1 78 17 228 152 37 29 170 188 152 43 235 145 255 211 84 51 60 173 101 166 196 254 237 22 221 104 70] exampleContext}
Routing message of type: *priacy_compute.AggVRFMsg
Resolving message: &{1 526949411b3375e9f1e0c41220e92a870bff9829d55189b0474c8f3dc763a1e8 [3 16 79 12 252 209 183 25 85 98 129 155 172 144 242 193 94 220 242 60 38 34 239 128 238 120 70 120 88 197 81 197 162 217 104 113 131 30 37 252 141 193 111 84 118 117 181 50 43 15 147 66 237 1 78 17 228 152 37 29 170 188 152 43 235 145 255 211 84 51 60 173 101 166 196 254 237 22 221 104 70] exampleContext}
Received message in dispatch: &{4 e44a7bc4c7af6076d1e58236aaee9c1873858d5bbc9b666a6514511e063a7b0c [3 70 77 199 50 233 185 232 94 217 225 135 95 241 244 116 247 200 39 233 9 182 151 117 215 59 62 139 136 98 184 4 225 205 29 80 156 226 105 151 14 195 222 144 45 47 177 76 27 10 214 11 39 184 186 105 94 154 227 217 249 212 30 168 59 30 1 72 216 65 14 165 187 203 125 141 57 219 130 207 203] exampleContext}
Routing message of type: *priacy_compute.AggVRFMsg
Server will be started at localhost:1120...
Received message in dispatch: &{}
Routing message of type: *priacy_compute.TriggerVRFMsg
Resolving message: &{}
Successfully triggered VRF evaluation.
VRFValue: 0.089746
VRFProof: 0216f99b9d6a42de83d4dc2b6f6d2acb8ee1956cae9f3616c4db6330d35287700c1b6cc192d6bf4e7dfec0ef1fbd10025109dea87bf8e5f79b0cb9e48e8a6ad4bf19c0ef5d04f4afe2d40f69725aec6f37
VRFval: 0x1.6f99b9d6a42dfp-04
VRFChosen: true
Bloom Params - M: 10, T: 3, EpsBF: 0.010000
Bloom L: 29, D: 7
Approved Indices: [6 0 7]
Node 1 selected as Aggregator 1
Node 2 selected as Aggregator 2
Successfully triggered aggregation process.
Server will be started at localhost:1120...
Received message in dispatch: &{}
Routing message of type: *priacy_compute.TriggerVRFMsg
Resolving message: &{}
Successfully triggered VRF evaluation.
VRFValue: 0.900332
VRFProof: 03e67c2d83a48ea1fa476b38b3bb46c93118685b025db453c1bb2cef49018e329094f2dd3ad48eba473f1817ed4b7e343a04c906d6767841e0851cfd5d16a01357cc6f039cd3635f577cf74a42fc24fcbf
VRFval: 0x1.ccf85b07491d4p-01
VRFChosen: false
Bloom Params - M: 10, T: 3, EpsBF: 0.010000
Bloom L: 29, D: 7
Approved Indices: [0 5 9]
Node 1 selected as Aggregator 1
Node 2 selected as Aggregator 2
Successfully triggered aggregation process.
Server will be started at localhost:1120...
Received message in dispatch: &{}
Routing message of type: *priacy_compute.TriggerVRFMsg
Resolving message: &{}
Successfully triggered VRF evaluation.
VRFValue: 0.898638
VRFProof: 02e60d29b0acac464be6607ab0023914bf41a89fb03fc8d1705ba006e8cfc5e7264da65543768efad47bcc4bd235cd3def0de4e260024911ec633122360c107c1e4946812d56cc11e1da7f3fac005ec48d
VRFval: 0x1.cc1a536159589p-01
VRFChosen: false
Bloom Params - M: 10, T: 3, EpsBF: 0.010000
Bloom L: 29, D: 7
Approved Indices: [9 5 3]
Received message in dispatch: &{[9 5 3]}
Routing message of type: *priacy_compute.LocalApproveVoteMsg
Successfully triggered local approve vote.
Resolving message: &{[9 5 3]}
Node 1 selected as Aggregator 1
Node 2 selected as Aggregator 2
Successfully triggered aggregation process.
Server will be started at localhost:1120...
Received message in dispatch: &{}
Routing message of type: *priacy_compute.TriggerVRFMsg
Resolving message: &{}
Successfully triggered VRF evaluation.
VRFValue: 0.970609
VRFProof: 02f879cf78f2e487418b426750b89f3a0ebd8b92ccabde00af34156f0b2f4512271a829cda76cb7e94af1925942715cf340b921492c4b38eb06bb039fa85537ddfa9bf67504c2fb79be926235aab3b9e91
VRFval: 0x1.f0f39ef1e5c91p-01
VRFChosen: false
Bloom Params - M: 10, T: 3, EpsBF: 0.010000
Bloom L: 29, D: 7
Approved Indices: [5 6 2]
Received message in dispatch: &{[5 6 2]}
Routing message of type: *priacy_compute.LocalApproveVoteMsg
Successfully triggered local approve vote.
Resolving message: &{[5 6 2]}
Node 1 selected as Aggregator 1
Node 2 selected as Aggregator 2
Successfully triggered aggregation process.
Server will be started at localhost:1120...
Received message in dispatch: &{}
Routing message of type: *priacy_compute.TriggerVRFMsg
Resolving message: &{}
VRFValue: 0.166637
VRFProof: 032aa8c0dd7d28248771563ef27f85103a72119284ca505907270800e56cad8baa9649c62732d480a0a7f062de1592d03e0e4ff8baef9eca595bf1821976e926a667a85ff193b6715dbc163a84395df358
VRFval: 0x1.554606ebe9412p-03
VRFChosen: true
Bloom Params - M: 10, T: 3, EpsBF: 0.010000
Bloom L: 29, D: 7
Approved Indices: [1 3 9]
Successfully triggered VRF evaluation.
Received message in dispatch: &{[1 3 9]}
Routing message of type: *priacy_compute.LocalApproveVoteMsg
Successfully triggered local approve vote.
Resolving message: &{[1 3 9]}
Node 1 selected as Aggregator 1
Node 2 selected as Aggregator 2
Successfully triggered aggregation process.
Server will be started at localhost:1120...
Received message in dispatch: &{}
Routing message of type: *priacy_compute.TriggerVRFMsg
Resolving message: &{}
Successfully triggered VRF evaluation.
VRFValue: 0.931157
VRFProof: 02ee604e4fbcb8809ffcd9d5ca8908c3ed15e1a1d8d035c0f3ea70fa783b71354cd64953eba2c30934f121e10680d4113a0ff0c23f539a2add0001b633ac7d10067a4440233f9279224621eb4e4d74d7d1
VRFval: 0x1.dcc09c9f7971p-01
VRFChosen: false
Bloom Params - M: 10, T: 3, EpsBF: 0.010000
Bloom L: 29, D: 7
Approved Indices: [1 6 7]
Node 1 selected as Aggregator 1
Node 2 selected as Aggregator 2
Successfully triggered aggregation process.
Received message in dispatch: &{[1 6 7]}
Routing message of type: *priacy_compute.LocalApproveVoteMsg
Successfully triggered local approve vote.
Resolving message: &{[1 6 7]}
Cleaned and Validated Approved Indices: [1 6 7]
Pedersen Commitment: 0200000000000000 (len=33)
Range Proof prefix: 02000000000000000000000000000000... (len=721)
[vote/send] pkt1 -> 1 (part=1)
[vote/send] from=10 -> to=1 url=http://localhost:1111/vote/share
[vote/send] part=1 L=29 D=7 sumOnes=17 shares_len=29
[vote/send] pedersenCom(hex)=0200000000000000...
[vote/send] rangeProof(hex)=02000000000000000000000000000000...
[vote/send] pkt2 -> 2 (part=2)
[vote/send] from=10 -> to=2 url=http://localhost:1112/vote/share
[vote/send] part=2 L=29 D=7 sumOnes=17 shares_len=29
[vote/send] pedersenCom(hex)=0200000000000000...
[vote/send] rangeProof(hex)=02000000000000000000000000000000...
Server will be started at localhost:1120...
Received message in dispatch: &{}
Routing message of type: *priacy_compute.TriggerVRFMsg
Resolving message: &{}
Successfully triggered VRF evaluation.
VRFValue: 0.081017
VRFProof: 0214bd8ddce9bb31107a01bc395c851ee3d5ad68411ec0a0f866079bfb2e03c03afecb6fadac31996443bf7b25a4579448087e3b51c1a9a0691efbd2cb7384e38c21a6ae24e1c3cd39649e480efd9ee5b2
VRFval: 0x1.4bd8ddce9bb31p-04
VRFChosen: true
Bloom Params - M: 10, T: 3, EpsBF: 0.010000
Bloom L: 29, D: 7
Approved Indices: [8 7 6]
Node 1 selected as Aggregator 1
Node 2 selected as Aggregator 2
Successfully triggered aggregation process.
Received message in dispatch: &{[8 7 6]}
Routing message of type: *priacy_compute.LocalApproveVoteMsg
Successfully triggered local approve vote.
Resolving message: &{[8 7 6]}
Cleaned and Validated Approved Indices: [8 7 6]
Pedersen Commitment: 0200000000000000 (len=33)
Range Proof prefix: 02000000000000000000000000000000... (len=721)
[vote/send] pkt1 -> 1 (part=1)
[vote/send] from=10 -> to=1 url=http://localhost:1111/vote/share
[vote/send] part=1 L=29 D=7 sumOnes=15 shares_len=29
[vote/send] pedersenCom(hex)=0200000000000000...
[vote/send] rangeProof(hex)=02000000000000000000000000000000...
[vote/send] pkt2 -> 2 (part=2)
[vote/send] from=10 -> to=2 url=http://localhost:1112/vote/share
[vote/send] part=2 L=29 D=7 sumOnes=15 shares_len=29
[vote/send] pedersenCom(hex)=0200000000000000...
[vote/send] rangeProof(hex)=02000000000000000000000000000000...
Server will be started at localhost:1120...
Received message in dispatch: &{}
Routing message of type: *priacy_compute.TriggerVRFMsg
Resolving message: &{}
Successfully triggered VRF evaluation.
VRFValue: 0.645550
VRFProof: 03a542c4e9d43f7fd8c2af8f7775834755d73470ff5f1f1a4a6914f62a19dddcd62e33801e716e6db5d6cd48c39cc11c6608af2dab87abd2f5346f9dc632db4422fde331b43cf075505d05b07dec3786e7
VRFval: 0x1.4a8589d3a87fp-01
VRFChosen: false
Bloom Params - M: 10, T: 3, EpsBF: 0.010000
Bloom L: 29, D: 7
Approved Indices: [1 3 7]
Node 1 selected as Aggregator 1
Node 2 selected as Aggregator 2
Successfully triggered aggregation process.
Received message in dispatch: &{[1 3 7]}
Routing message of type: *priacy_compute.LocalApproveVoteMsg
Successfully triggered local approve vote.
Resolving message: &{[1 3 7]}
Cleaned and Validated Approved Indices: [1 3 7]
Pedersen Commitment: 0200000000000000 (len=33)
Range Proof prefix: 02000000000000000000000000000000... (len=721)
[vote/send] pkt1 -> 1 (part=1)
[vote/send] from=10 -> to=1 url=http://localhost:1111/vote/share
[vote/send] part=1 L=29 D=7 sumOnes=16 shares_len=29
[vote/send] pedersenCom(hex)=0200000000000000...
[vote/send] rangeProof(hex)=02000000000000000000000000000000...
[vote/send] pkt2 -> 2 (part=2)
[vote/send] from=10 -> to=2 url=http://localhost:1112/vote/share
[vote/send] part=2 L=29 D=7 sumOnes=16 shares_len=29
[vote/send] pedersenCom(hex)=0200000000000000...
[vote/send] rangeProof(hex)=02000000000000000000000000000000...
Server will be started at localhost:1120...
Received message in dispatch: &{}
Routing message of type: *priacy_compute.TriggerVRFMsg
Resolving message: &{}
Successfully triggered VRF evaluation.
VRFValue: 0.259790
VRFProof: 03428197ef28009083254852531a5dc9c0bbdab9bb2093526f37918a996c3643fc067db15e9edbb67673dedcdbe41dac2008d4e17cfc5884c8d9bbe7d199e8ff679ec5cb805304224774f72691a95de97f
VRFval: 0x1.0a065fbca0024p-02
VRFChosen: true
Bloom Params - M: 10, T: 3, EpsBF: 0.010000
Bloom L: 29, D: 7
Approved Indices: [0 4 3]
Received message in dispatch: &{[0 4 3]}
Routing message of type: *priacy_compute.LocalApproveVoteMsg
Successfully triggered local approve vote.
Resolving message: &{[0 4 3]}
Node 1 selected as Aggregator 1
Node 2 selected as Aggregator 2
Successfully triggered aggregation process.
Server will be started at localhost:1120...
Received message in dispatch: &{}
Routing message of type: *priacy_compute.TriggerVRFMsg
Resolving message: &{}
Successfully triggered VRF evaluation.
VRFValue: 0.896135
VRFProof: 03e5691466aef961ac4a7509eb1337abffc29d611b22d6956458c0dab1bbe4f6a246da5b508b7797213bf2644e318c91fd06eb0bf982bfe08f1f8cf67a9b60d343252f77385a7603ecc013a48c8436b12a
VRFval: 0x1.cad228cd5df2cp-01
VRFChosen: false
Bloom Params - M: 10, T: 3, EpsBF: 0.010000
Bloom L: 29, D: 7
Approved Indices: [0 4 2]
Node 1 selected as Aggregator 1
Node 2 selected as Aggregator 2
Successfully triggered aggregation process.
Received message in dispatch: &{[0 4 2]}
Routing message of type: *priacy_compute.LocalApproveVoteMsg
Successfully triggered local approve vote.
Resolving message: &{[0 4 2]}
Cleaned and Validated Approved Indices: [0 4 2]
Pedersen Commitment: 0200000000000000 (len=33)
Range Proof prefix: 02000000000000000000000000000000... (len=721)
[vote/send] pkt1 -> 1 (part=1)
[vote/send] from=10 -> to=1 url=http://localhost:1111/vote/share
[vote/send] part=1 L=29 D=7 sumOnes=16 shares_len=29
[vote/send] pedersenCom(hex)=0200000000000000...
[vote/send] rangeProof(hex)=02000000000000000000000000000000...
[vote/send] pkt2 -> 2 (part=2)
[vote/send] from=10 -> to=2 url=http://localhost:1112/vote/share
[vote/send] part=2 L=29 D=7 sumOnes=16 shares_len=29
[vote/send] pedersenCom(hex)=0200000000000000...
[vote/send] rangeProof(hex)=02000000000000000000000000000000...
Server will be started at localhost:1120...
Received message in dispatch: &{}
Routing message of type: *priacy_compute.TriggerVRFMsg
Resolving message: &{}
Successfully triggered VRF evaluation.
VRFValue: 0.282589
VRFProof: 024857b8c63fbe409fdbdbc179ac9eecb07f983fadc02b444b36a31976ad62ee58c71c0335142f860a412b28fb0c05e45103c0f5c8377ff3b5613e01317af68aa17cb4f891a7ae2bfafdb202b85637ec6f
VRFval: 0x1.215ee318fef9p-02
VRFChosen: true
Bloom Params - M: 10, T: 3, EpsBF: 0.010000
Bloom L: 29, D: 7
Approved Indices: [1 6 2]
[AggSelect] self=10 IsAgg=false part=0 A=1 B=2
Successfully triggered aggregation process.
Received message in dispatch: &{[1 6 2]}
Routing message of type: *priacy_compute.LocalApproveVoteMsg
Successfully triggered local approve vote.
Resolving message: &{[1 6 2]}
Cleaned and Validated Approved Indices: [1 6 2]
Pedersen Commitment: 0200000000000000 (len=33)
Range Proof prefix: 02000000000000000000000000000000... (len=721)
[vote/send] pkt1 -> 1 (part=1)
[vote/send] from=10 -> to=1 url=http://localhost:1111/vote/share
[vote/send] part=1 L=29 D=7 sumOnes=17 shares_len=29
[vote/send] pedersenCom(hex)=0200000000000000...
[vote/send] rangeProof(hex)=02000000000000000000000000000000...
Server will be started at localhost:1120...
Received message in dispatch: &{}
Routing message of type: *priacy_compute.TriggerVRFMsg
Resolving message: &{}
Successfully triggered VRF evaluation.
VRFValue: 0.230662
VRFProof: 023b0caa2402de4e6369c50486e1481cbde1b7b61e84bb50d6557001a650b655039a82f1c852f51463ffaa3fa90b089bd10b7c595a21c6e20dfab9de2a72d23d3a60ff04c1ffca61f31421e2a3f765742d
VRFval: 0x1.d865512016f27p-03
VRFChosen: true
Bloom Params - M: 10, T: 3, EpsBF: 0.010000
Bloom L: 29, D: 7
Approved Indices: [4 5 7]
Received message in dispatch: &{[4 5 7]}
Routing message of type: *priacy_compute.LocalApproveVoteMsg
Successfully triggered local approve vote.
Resolving message: &{[4 5 7]}
Cleaned and Validated Approved Indices: [4 5 7]
[AggSelect] self=10 IsAgg=false part=0 A=1 B=2
Successfully triggered aggregation process.
Pedersen Commitment: 0200000000000000 (len=33)
Range Proof prefix: 02000000000000000000000000000000... (len=721)
[vote/send] pkt1 -> 1 (part=1)
[vote/send] from=10 -> to=1 url=http://localhost:1111/vote/share
[vote/send] part=1 L=29 D=7 sumOnes=18 shares_len=29
[vote/send] pedersenCom(hex)=0200000000000000...
[vote/send] rangeProof(hex)=02000000000000000000000000000000...
[vote/send] pkt2 -> 2 (part=2)
[vote/send] from=10 -> to=2 url=http://localhost:1112/vote/share
[vote/send] part=2 L=29 D=7 sumOnes=18 shares_len=29
[vote/send] pedersenCom(hex)=0200000000000000...
[vote/send] rangeProof(hex)=02000000000000000000000000000000...
Server will be started at localhost:1120...
Received message in dispatch: &{}
Routing message of type: *priacy_compute.TriggerVRFMsg
Resolving message: &{}
Successfully triggered VRF evaluation.
VRFValue: 0.512249
VRFProof: 028322bb48d5542b5ca329da22d4dda77bf7a400a693910bc8ff9fc20827511d3516c5d4d33943fa5a152f690fad6a0d01049b84b314c4d9ab3fae82a951e1311336d6b9b2cfa0f9dd21649d2cd6498f1c
VRFval: 0x1.06457691aaa85p-01
VRFChosen: false
Bloom Params - M: 10, T: 3, EpsBF: 0.010000
Bloom L: 29, D: 7
Approved Indices: [7 5 6]
Received message in dispatch: &{[7 5 6]}
Routing message of type: *priacy_compute.LocalApproveVoteMsg
Successfully triggered local approve vote.
Resolving message: &{[7 5 6]}
[AggSelect] self=10 IsAgg=false part=0 A=1 B=2
Successfully triggered aggregation process.
Server will be started at localhost:1120...
Received message in dispatch: &{}
Routing message of type: *priacy_compute.TriggerVRFMsg
Resolving message: &{}
Successfully triggered VRF evaluation.
VRFValue: 0.519638
VRFProof: 038507002f3e88136950a57744801d0c8cd213fda5b8372d03d9e74de69b37aaf659315645b6555fc3ac0ac72e8a269cc8060b31715a6c2e97dd072e363e4d5fbc48a854623bbd1fe4681137c727db769e
VRFval: 0x1.0a0e005e7d102p-01
VRFChosen: false
Bloom Params - M: 10, T: 3, EpsBF: 0.010000
Bloom L: 29, D: 7
Approved Indices: [9 2 8]
[AggSelect] self=10 IsAgg=false part=0 A=1 B=2
Successfully triggered aggregation process.
Received message in dispatch: &{[9 2 8]}
Routing message of type: *priacy_compute.LocalApproveVoteMsg
Successfully triggered local approve vote.
Resolving message: &{[9 2 8]}
Cleaned and Validated Approved Indices: [9 2 8]
Pedersen Commitment: 0200000000000000 (len=33)
Range Proof prefix: 02000000000000000000000000000000... (len=721)
[vote/send] pkt1 -> 1 (part=1)
[vote/send] from=10 -> to=1 url=http://localhost:1111/vote/share
[vote/send] part=1 L=29 D=7 sumOnes=18 shares_len=29
[vote/send] pedersenCom(hex)=0200000000000000...
[vote/send] rangeProof(hex)=02000000000000000000000000000000...
[vote/send] pkt2 -> 2 (part=2)
[vote/send] from=10 -> to=2 url=http://localhost:1112/vote/share
[vote/send] part=2 L=29 D=7 sumOnes=18 shares_len=29
[vote/send] pedersenCom(hex)=0200000000000000...
[vote/send] rangeProof(hex)=02000000000000000000000000000000...
Server will be started at localhost:1120...
Received message in dispatch: &{}
Routing message of type: *priacy_compute.TriggerVRFMsg
Resolving message: &{}
Successfully triggered VRF evaluation.
VRFValue: 0.753629
VRFProof: 02c0edd0b0d02e97e1f731be54e74a8ad514b57773acb78df34e57f1149af9750d4c692ae6b309d1ec1510b19f333cd4b90a671882466991b0c887950a2f0d065d2485f082bcaf9536e0c44b1c092edb14
VRFval: 0x1.81dba161a05d3p-01
VRFChosen: false
Bloom Params - M: 10, T: 3, EpsBF: 0.010000
Bloom L: 29, D: 7
Approved Indices: [1 8 5]
[AggSelect] self=10 IsAgg=false part=0 A=1 B=2
Successfully triggered aggregation process.
Received message in dispatch: &{[1 8 5]}
Routing message of type: *priacy_compute.LocalApproveVoteMsg
Successfully triggered local approve vote.
Resolving message: &{[1 8 5]}
Cleaned and Validated Approved Indices: [1 8 5]
Pedersen Commitment: 0200000000000000 (len=33)
Range Proof prefix: 02000000000000000000000000000000... (len=721)
[vote/send] pkt1 -> 1 (part=1)
[vote/send] from=10 -> to=1 url=http://localhost:1111/vote/share
[vote/send] part=1 L=29 D=7 sumOnes=17 shares_len=29
[vote/send] pedersenCom(hex)=0200000000000000...
[vote/send] rangeProof(hex)=02000000000000000000000000000000...
[vote/send] pkt2 -> 2 (part=2)
[vote/send] from=10 -> to=2 url=http://localhost:1112/vote/share
[vote/send] part=2 L=29 D=7 sumOnes=17 shares_len=29
[vote/send] pedersenCom(hex)=0200000000000000...
[vote/send] rangeProof(hex)=02000000000000000000000000000000...
Server will be started at localhost:1120...
Successfully triggered VRF evaluation.
Received message in dispatch: &{}
Routing message of type: *priacy_compute.TriggerVRFMsg
Resolving message: &{}
VRFValue: 0.951613
VRFProof: 02f39ce552b7658529cf202ff03df814009c78e9240801a0aac3da6b085f51e67bcecc11cd30eaf1bf3abd40f75d464fd50fd42bb7400fb22008b17f458dee0801bdb7b84298506417f2f6fe38e3048f00
VRFval: 0x1.e739caa56ecb1p-01
VRFChosen: false
Bloom Params - M: 10, T: 3, EpsBF: 0.010000
Bloom L: 29, D: 7
Approved Indices: [8 1 0]
[AggSelect] self=10 IsAgg=false part=0 A=1 B=2
Received message in dispatch: &{[8 1 0]}
Routing message of type: *priacy_compute.LocalApproveVoteMsg
Successfully triggered aggregation process.
Successfully triggered local approve vote.
Resolving message: &{[8 1 0]}
Cleaned and Validated Approved Indices: [8 1 0]
Pedersen Commitment: 0200000000000000 (len=33)
Range Proof prefix: 02000000000000000000000000000000... (len=721)
[vote/send] pkt1 -> 1 (part=1)
[vote/send] from=10 -> to=1 url=http://localhost:1111/vote/share
[vote/send] part=1 L=29 D=7 sumOnes=17 shares_len=29
[vote/send] pedersenCom(hex)=0200000000000000...
[vote/send] rangeProof(hex)=02000000000000000000000000000000...
[vote/send] pkt2 -> 2 (part=2)
[vote/send] from=10 -> to=2 url=http://localhost:1112/vote/share
[vote/send] part=2 L=29 D=7 sumOnes=17 shares_len=29
[vote/send] pedersenCom(hex)=0200000000000000...
[vote/send] rangeProof(hex)=02000000000000000000000000000000...
Server will be started at localhost:1120...
Received message in dispatch: &{}
Routing message of type: *priacy_compute.TriggerVRFMsg
Resolving message: &{}
Successfully triggered VRF evaluation.
VRFValue: 0.428094
VRFProof: 026d978dfcee6a3be580ace5e342cd5bd27000a65b9f65c72c72a1fdbd4018d942b710e408f54e214424da0bc2d87eeed107b01818ebb94e573b9fae98e6d3a8b84a0d6d9860fee1f8f661af20f872d3ec
VRFval: 0x1.b65e37f3b9a8fp-02
VRFChosen: false
Bloom Params - M: 10, T: 3, EpsBF: 0.010000
Bloom L: 29, D: 7
Approved Indices: [2 0 7]
Received message in dispatch: &{[2 0 7]}
Routing message of type: *priacy_compute.LocalApproveVoteMsg
Successfully triggered local approve vote.
Resolving message: &{[2 0 7]}
[AggSelect] self=10 IsAgg=false part=0 A=1 B=2
Successfully triggered aggregation process.
Server will be started at localhost:1120...
Received message in dispatch: &{}
Routing message of type: *priacy_compute.TriggerVRFMsg
Resolving message: &{}
VRFValue: 0.482175
VRFProof: 027b6fd01ff5cc3a051e42b914a9d7b5aa690dbb3d3ce78871443702f95dadc32e28338cf5db755aa0d37b25ac18c2cabb069db63ee88e84fa4c6448b4bef73e0570d330d3b62afdb596bd6ff3011de7ec
VRFval: 0x1.edbf407fd730fp-02
VRFChosen: false
Bloom Params - M: 10, T: 3, EpsBF: 0.010000
Bloom L: 29, D: 7
Approved Indices: [1 7 2]
Successfully triggered VRF evaluation.
Received message in dispatch: &{[1 7 2]}
Routing message of type: *priacy_compute.LocalApproveVoteMsg
Successfully triggered local approve vote.
Resolving message: &{[1 7 2]}
[AggSelect] self=10 IsAgg=false part=0 A=1 B=2
Successfully triggered aggregation process.
Server will be started at localhost:1120...
Received message in dispatch: &{}
Routing message of type: *priacy_compute.TriggerVRFMsg
Resolving message: &{}
VRFValue: 0.601309
VRFProof: 0299ef66323de2f4bd08c7214d595dff1b12526a0bebf98fe5de1799a6a510a14196af049b7e9cbbe7ef931104b965a741031013ff76231fca9aad0b8a7e94cedd74fb52d92ea03570c7787fe968ffa500
VRFval: 0x1.33decc647bc5fp-01
VRFChosen: false
Bloom Params - M: 10, T: 3, EpsBF: 0.010000
Bloom L: 29, D: 7
Approved Indices: [8 7 3]
Successfully triggered VRF evaluation.
Received message in dispatch: &{[8 7 3]}
Routing message of type: *priacy_compute.LocalApproveVoteMsg
Successfully triggered local approve vote.
Resolving message: &{[8 7 3]}
[AggSelect] self=10 IsAgg=false part=0 A=1 B=2
Successfully triggered aggregation process.
Server will be started at localhost:1120...
Received message in dispatch: &{}
Routing message of type: *priacy_compute.TriggerVRFMsg
Resolving message: &{}
VRFValue: 0.098547
VRFProof: 02193a5e6a4957eb867455eb226efe54b5a9662f6f37d6078609d5199911a59c5bffc089a074bc994de63d9e88235428620f521a04f3b7e033876075767db6c7c75acf58d30dcd05cfc55e59a8937f615e
VRFval: 0x1.93a5e6a4957ecp-04
VRFChosen: true
Bloom Params - M: 10, T: 3, EpsBF: 0.010000
Bloom L: 29, D: 7
Approved Indices: [7 5 6]
Successfully triggered VRF evaluation.
Received message in dispatch: &{[7 5 6]}
Routing message of type: *priacy_compute.LocalApproveVoteMsg
Successfully triggered local approve vote.
Resolving message: &{[7 5 6]}
[AggSelect] self=10 IsAgg=false part=0 A=1 B=2
Successfully triggered aggregation process.
Server will be started at localhost:1120...
Received message in dispatch: &{}
Routing message of type: *priacy_compute.TriggerVRFMsg
Resolving message: &{}
Successfully triggered VRF evaluation.
VRFValue: 0.345355
VRFProof: 0358692e9d151a851ce0a528231c225e6b57bdb91700aabd60dc9a95092394e792d4091343ca946c0d7d5bc77df1f88ca703b30cf1c1f8e4247aac48412767c6f489e49ddeaae1a41d4c683516facd2262
VRFval: 0x1.61a4ba74546a1p-02
VRFChosen: false
Bloom Params - M: 10, T: 3, EpsBF: 0.010000
Bloom L: 29, D: 7
Approved Indices: [8 7 3]
Received message in dispatch: &{[8 7 3]}
Routing message of type: *priacy_compute.LocalApproveVoteMsg
Successfully triggered local approve vote.
Resolving message: &{[8 7 3]}
[AggSelect] self=10 IsAgg=false part=0 A=1 B=2
Successfully triggered aggregation process.
Server will be started at localhost:1120...
Received message in dispatch: &{}
Routing message of type: *priacy_compute.TriggerVRFMsg
Resolving message: &{}
Successfully triggered VRF evaluation.
VRFValue: 0.673694
VRFProof: 02ac773a8acd5246199781b20997f96e71356d7341f298e4563c9b04d14adf2b27e36590665c8db53e68c64955ed588df60d4ec93fc87265a23d67478003982d676a0168ec80b02e7b3dd17868f446551b
VRFval: 0x1.58ee75159aa49p-01
VRFChosen: false
Bloom Params - M: 10, T: 3, EpsBF: 0.010000
Bloom L: 29, D: 7
Approved Indices: [8 4 5]
[AggSelect] self=10 IsAgg=false part=0 A=1 B=2
Successfully triggered aggregation process.
Received message in dispatch: &{[8 4 5]}
Routing message of type: *priacy_compute.LocalApproveVoteMsg
Successfully triggered local approve vote.
Resolving message: &{[8 4 5]}
Cleaned and Validated Approved Indices: [8 4 5]
Pedersen Commitment: 0200000000000000 (len=33)
Range Proof prefix: 02000000000000000000000000000000... (len=721)
[vote/send] pkt1 -> 1 (part=1)
[vote/send] from=10 -> to=1 url=http://localhost:1111/vote/share
[vote/send] part=1 L=29 D=7 sumOnes=16 shares_len=29
[vote/send] pedersenCom(hex)=0200000000000000...
[vote/send] rangeProof(hex)=02000000000000000000000000000000...
[vote/send] pkt2 -> 2 (part=2)
[vote/send] from=10 -> to=2 url=http://localhost:1112/vote/share
[vote/send] part=2 L=29 D=7 sumOnes=16 shares_len=29
[vote/send] pedersenCom(hex)=0200000000000000...
[vote/send] rangeProof(hex)=02000000000000000000000000000000...
Server will be started at localhost:1120...
Received message in dispatch: &{}
Routing message of type: *priacy_compute.TriggerVRFMsg
Resolving message: &{}
Successfully triggered VRF evaluation.
VRFValue: 0.097052
VRFProof: 0218d863e0d9eccb992ee3bdb822f422352fb60d6abb96ef5ade2bbc7a77ed9c7f16c56a24f186c1bf3a1714f7db7cb80e082f44343e3243f629c7e29283011e13a246787b1605f4138b2072badf8a8ec4
VRFval: 0x1.8d863e0d9ecccp-04
VRFChosen: true
Bloom Params - M: 10, T: 3, EpsBF: 0.010000
Bloom L: 29, D: 7
Approved Indices: [1 3 5]
Received message in dispatch: &{[1 3 5]}
Routing message of type: *priacy_compute.LocalApproveVoteMsg
Successfully triggered local approve vote.
Resolving message: &{[1 3 5]}
[AggSelect] self=10 IsAgg=false part=0 A=1 B=2
Successfully triggered aggregation process.
Server will be started at localhost:1120...
Received message in dispatch: &{}
Routing message of type: *priacy_compute.TriggerVRFMsg
Resolving message: &{}
Successfully triggered VRF evaluation.
VRFValue: 0.703947
VRFProof: 03b435e2f7e31dd9d58de157266633b04b3e06378099645d98c7363e4c19dbd4ea39bb6210a523cfcb87d518d625c2e79201536151826e7bc61e4295757372375f2d8d2b1378e0a157c04e3f56c0fd808e
VRFval: 0x1.686bc5efc63bbp-01
VRFChosen: false
Bloom Params - M: 10, T: 3, EpsBF: 0.010000
Bloom L: 29, D: 7
Approved Indices: [8 7 6]
Received message in dispatch: &{[8 7 6]}
Routing message of type: *priacy_compute.LocalApproveVoteMsg
Successfully triggered local approve vote.
Resolving message: &{[8 7 6]}
[AggSelect] self=10 IsAgg=false part=0 A=1 B=2
Successfully triggered aggregation process.
Server will be started at localhost:1120...
Received message in dispatch: &{}
Routing message of type: *priacy_compute.TriggerVRFMsg
Resolving message: &{}
Successfully triggered VRF evaluation.
VRFValue: 0.575173
VRFProof: 03933e8ca2eb8b43081f726d988476b7ed9f60dcebf6d65a8173dd63c453167bf5ce0001ee70f6c38071c7c934e93240420b8f9bdf8d6d758b3aa869d29c59721a928660d87100bd94edb24f6994c5139f
VRFval: 0x1.267d1945d7168p-01
VRFChosen: false
Bloom Params - M: 10, T: 3, EpsBF: 0.010000
Bloom L: 29, D: 7
Approved Indices: [1 0 7]
[AggSelect] self=10 IsAgg=false part=0 A=1 B=2
Successfully triggered local approve vote.
Received message in dispatch: &{[1 0 7]}
Routing message of type: *priacy_compute.LocalApproveVoteMsg
Successfully triggered aggregation process.
Resolving message: &{[1 0 7]}
Cleaned and Validated Approved Indices: [1 0 7]
Pedersen Commitment: 0200000000000000 (len=33)
Range Proof prefix: 02000000000000000000000000000000... (len=721)
[vote/send] pkt1 -> 1 (part=1)
[vote/send] from=10 -> to=1 url=http://localhost:1111/vote/share
[vote/send] part=1 L=29 D=7 sumOnes=17 shares_len=29
[vote/send] pedersenCom(hex)=0200000000000000...
[vote/send] rangeProof(hex)=02000000000000000000000000000000...
[vote/send] pkt2 -> 2 (part=2)
[vote/send] from=10 -> to=2 url=http://localhost:1112/vote/share
[vote/send] part=2 L=29 D=7 sumOnes=17 shares_len=29
[vote/send] pedersenCom(hex)=0200000000000000...
[vote/send] rangeProof(hex)=02000000000000000000000000000000...
Server will be started at localhost:1120...
Received message in dispatch: &{}
Routing message of type: *priacy_compute.TriggerVRFMsg
Resolving message: &{}
Successfully triggered VRF evaluation.
VRFValue: 0.337905
VRFProof: 035680efbd02de7562ec2cc07e3db09ecfdfa958a946b3758cbf4c7f7dfe8e378bd80a0d5fe14deabafa1ff9671120eaa101f61a34faf04eb68990a81c578a66adc5cffd9a69331612bede7c2d1468fc3d
VRFval: 0x1.5a03bef40b79dp-02
VRFChosen: false
Bloom Params - M: 10, T: 3, EpsBF: 0.010000
Bloom L: 29, D: 7
Approved Indices: [3 7 1]
Received message in dispatch: &{[3 7 1]}
Routing message of type: *priacy_compute.LocalApproveVoteMsg
Successfully triggered local approve vote.
Resolving message: &{[3 7 1]}
[AggSelect] self=10 IsAgg=false part=0 A=1 B=2
Successfully triggered aggregation process.
Server will be started at localhost:1120...
Received message in dispatch: &{}
Routing message of type: *priacy_compute.TriggerVRFMsg
Resolving message: &{}
Successfully triggered VRF evaluation.
VRFValue: 0.569056
VRFProof: 0291ada0c9c00ac5a8f5e8b74397de2cae9fcd137cba38b09d5ae640a793a9fe22708aa13b20ff5f7b2513476a836255b9042901b460b6d42169d01e135c9d2ffbc62898a7eeb61cc47c443f11f5981c33
VRFval: 0x1.235b419380159p-01
VRFChosen: false
Bloom Params - M: 10, T: 3, EpsBF: 0.010000
Bloom L: 29, D: 7
Approved Indices: [2 9 3]
[AggSelect] self=10 IsAgg=false part=0 A=1 B=2
Successfully triggered aggregation process.
Received message in dispatch: &{[2 9 3]}
Routing message of type: *priacy_compute.LocalApproveVoteMsg
Successfully triggered local approve vote.
Resolving message: &{[2 9 3]}
Cleaned and Validated Approved Indices: [2 9 3]
Pedersen Commitment: 0200000000000000 (len=33)
Range Proof prefix: 02000000000000000000000000000000... (len=721)
[vote/send] pkt1 -> 1 (part=1)
[vote/send] from=10 -> to=1 url=http://localhost:1111/vote/share
[vote/send] part=1 L=29 D=7 sumOnes=15 shares_len=29
[vote/send] pedersenCom(hex)=0200000000000000...
[vote/send] rangeProof(hex)=02000000000000000000000000000000...
[vote/send] pkt2 -> 2 (part=2)
[vote/send] from=10 -> to=2 url=http://localhost:1112/vote/share
[vote/send] part=2 L=29 D=7 sumOnes=15 shares_len=29
[vote/send] pedersenCom(hex)=0200000000000000...
[vote/send] rangeProof(hex)=02000000000000000000000000000000...
Server will be started at localhost:1120...
Received message in dispatch: &{}
[dispatchMsg] Forwarding message: *priacy_compute.TriggerVRFMsg
Routing message of type: *priacy_compute.TriggerVRFMsg
[routeMsg] Message of type *priacy_compute.TriggerVRFMsg forwarded to MsgDelivery
Successfully triggered VRF evaluation.
Resolving message: &{}
VRFValue: 0.045448
VRFProof: 030ba27d2ccabd1c80cc4fcd1edf4211f6b9e6137649ba90e17244e1b7065b98ef79d8c50837cc900e1d34c1bd8991a651010c3ecd3d8de4a3611799a3bf1238560570eb7abfbb41184e012caa4499ae7b
VRFval: 0x1.744fa59957a39p-05
VRFChosen: true
Bloom Params - M: 10, T: 3, EpsBF: 0.010000
Bloom L: 29, D: 7
Approved Indices: [1 6 7]
[AggSelect] self=10 IsAgg=false part=0 A=1 B=2
Successfully triggered aggregation process.
Received message in dispatch: &{[1 6 7]}
[dispatchMsg] Forwarding message: *priacy_compute.LocalApproveVoteMsg
Routing message of type: *priacy_compute.LocalApproveVoteMsg
[routeMsg] Message of type *priacy_compute.LocalApproveVoteMsg forwarded to MsgDelivery
Successfully triggered local approve vote.
Resolving message: &{[1 6 7]}
Cleaned and Validated Approved Indices: [1 6 7]
Pedersen Commitment: 0200000000000000 (len=33)
Range Proof prefix: 02000000000000000000000000000000... (len=721)
[vote/send] pkt1 -> 1 (part=1)
[vote/send] from=10 -> to=1 url=http://localhost:1111/vote/share
[vote/send] part=1 L=29 D=7 sumOnes=17 shares_len=29
[vote/send] pedersenCom(hex)=0200000000000000...
[vote/send] rangeProof(hex)=02000000000000000000000000000000...
[vote/send] pkt2 -> 2 (part=2)
[vote/send] from=10 -> to=2 url=http://localhost:1112/vote/share
[vote/send] part=2 L=29 D=7 sumOnes=17 shares_len=29
[vote/send] pedersenCom(hex)=0200000000000000...
[vote/send] rangeProof(hex)=02000000000000000000000000000000...
Server will be started at localhost:1120...
Received message in dispatch: &{}
[dispatchMsg] Forwarding message: *priacy_compute.TriggerVRFMsg
Routing message of type: *priacy_compute.TriggerVRFMsg
[routeMsg] Message of type *priacy_compute.TriggerVRFMsg forwarded to MsgDelivery
Resolving message: &{}
Successfully triggered VRF evaluation.
VRFValue: 0.675120
VRFProof: 03acd4a9000a9b6607941fe320e5971bfd1c4ca827fde1cac3d9c52150caf5b4b0836098cf788387340fc87618654d729609070b5c0d4bac570f2ba3ea36a34d0897ef54c6e766fc0e32c0e46fc163707b
VRFval: 0x1.59a952001536dp-01
VRFChosen: false
Bloom Params - M: 10, T: 3, EpsBF: 0.010000
Bloom L: 29, D: 7
Approved Indices: [8 3 5]
Received message in dispatch: &{[8 3 5]}
[dispatchMsg] Forwarding message: *priacy_compute.LocalApproveVoteMsg
Routing message of type: *priacy_compute.LocalApproveVoteMsg
[routeMsg] Message of type *priacy_compute.LocalApproveVoteMsg forwarded to MsgDelivery
Successfully triggered local approve vote.
Resolving message: &{[8 3 5]}
[AggSelect] self=10 IsAgg=false part=0 A=1 B=2
Successfully triggered aggregation process.
Server will be started at localhost:1120...
Received message in dispatch: &{}
[dispatchMsg] Forwarding message: *priacy_compute.TriggerVRFMsg
Routing message of type: *priacy_compute.TriggerVRFMsg
[routeMsg] Message of type *priacy_compute.TriggerVRFMsg forwarded to MsgDelivery
Resolving message: &{}
Successfully triggered VRF evaluation.
VRFValue: 0.948694
VRFProof: 02f2dda19c5e2a3cf95fc52d4994e9c3d7665f9fed343d1ec5b12762aa5a968e4c34d2253f4bfa8c2795af7855a8ff3f9709da692d39707a31e623f5a37874f8ce194702f0d5dfb392c05d85de4b125d16
VRFval: 0x1.e5bb4338bc548p-01
VRFChosen: false
Bloom Params - M: 10, T: 3, EpsBF: 0.010000
Bloom L: 29, D: 7
Approved Indices: [5 2 1]
Received message in dispatch: &{[5 2 1]}
[dispatchMsg] Forwarding message: *priacy_compute.LocalApproveVoteMsg
Routing message of type: *priacy_compute.LocalApproveVoteMsg
[routeMsg] Message of type *priacy_compute.LocalApproveVoteMsg forwarded to MsgDelivery
Successfully triggered local approve vote.
Resolving message: &{[5 2 1]}
Server will be started at localhost:1120...
Successfully triggered VRF evaluation.
Waiting for 1 minute before triggering aggregation...
Received message in dispatch: &{}
[dispatchMsg] Forwarding message: *priacy_compute.TriggerVRFMsg
Routing message of type: *priacy_compute.TriggerVRFMsg
[routeMsg] Message of type *priacy_compute.TriggerVRFMsg forwarded to MsgDelivery
Resolving message: &{}
VRFValue: 0.605377
VRFProof: 029af9fd996d435fc540083dd2944053ca7337c685696926a719937f96d5e4f54d4b837663064af608406e6767450fce8c0da7fa03dfd6be296264faf09e3c498ccc9a302d678419fa53228caa05edeb24
VRFval: 0x1.35f3fb32da86cp-01
VRFChosen: false
Bloom Params - M: 10, T: 3, EpsBF: 0.010000
Bloom L: 29, D: 7
Approved Indices: [7 0 1]
Received message in dispatch: &{[7 0 1]}
[dispatchMsg] Forwarding message: *priacy_compute.LocalApproveVoteMsg
Routing message of type: *priacy_compute.LocalApproveVoteMsg
[routeMsg] Message of type *priacy_compute.LocalApproveVoteMsg forwarded to MsgDelivery
Successfully triggered local approve vote.
Resolving message: &{[7 0 1]}
[AggSelect] self=10 IsAgg=false part=0 A=1 B=2
Test data added to RecvSharesPart1 and RecvSharesPart2
Successfully triggered aggregation process.
Server will be started at localhost:1120...
Received message in dispatch: &{}
[dispatchMsg] Forwarding message: *priacy_compute.TriggerVRFMsg
Routing message of type: *priacy_compute.TriggerVRFMsg
[routeMsg] Message of type *priacy_compute.TriggerVRFMsg forwarded to MsgDelivery
Resolving message: &{}
Successfully triggered VRF evaluation.
Waiting for 1 minute before triggering aggregation...
VRFValue: 0.213683
VRFProof: 0236b3f118d824a125175568bd7d925d4f029261d10a5e4b706ad3fcf820aac825228ed489674189601b0b06705ab4e76603bd54f7fe915abd6f3b0d7f4335c55233ad5ac7fafe6b653f2968b1bf464cad
VRFval: 0x1.b59f88c6c1251p-03
VRFChosen: true
Bloom Params - M: 10, T: 3, EpsBF: 0.010000
Bloom L: 29, D: 7
Approved Indices: [9 8 6]
Received message in dispatch: &{[9 8 6]}
[dispatchMsg] Forwarding message: *priacy_compute.LocalApproveVoteMsg
Routing message of type: *priacy_compute.LocalApproveVoteMsg
[routeMsg] Message of type *priacy_compute.LocalApproveVoteMsg forwarded to MsgDelivery
Successfully triggered local approve vote.
Resolving message: &{[9 8 6]}
[AggSelect] self=10 IsAgg=false part=0 A=1 B=2
Successfully triggered aggregation process.
Server will be started at localhost:1120...
Received message in dispatch: &{}
[dispatchMsg] Forwarding message: *priacy_compute.TriggerVRFMsg
Routing message of type: *priacy_compute.TriggerVRFMsg
[routeMsg] Message of type *priacy_compute.TriggerVRFMsg forwarded to MsgDelivery
Resolving message: &{}
Successfully triggered VRF evaluation.
Waiting for 1 minute before triggering aggregation...
VRFValue: 0.903172
VRFProof: 03e7364e0106c675657260f7cde7af1a2bdd8d4463c6d8fbf5c2554667f469e4a616e072118e720accb570650c3fca97b800b4e690f8c623a5382ba33b243948561a55caa004b6b1d10131499d4cab09fe
VRFval: 0x1.ce6c9c020d8cfp-01
VRFChosen: false
Bloom Params - M: 10, T: 3, EpsBF: 0.010000
Bloom L: 29, D: 7
Approved Indices: [3 2 8]
Received message in dispatch: &{[3 2 8]}
[dispatchMsg] Forwarding message: *priacy_compute.LocalApproveVoteMsg
Routing message of type: *priacy_compute.LocalApproveVoteMsg
[routeMsg] Message of type *priacy_compute.LocalApproveVoteMsg forwarded to MsgDelivery
Successfully triggered local approve vote.
Resolving message: &{[3 2 8]}
[AggSelect] self=10 IsAgg=false part=0 A=1 B=2
Cleaned and Validated Approved Indices: [3 2 8]
Pedersen Commitment: 0200000000000000 (len=33)
Range Proof prefix: 02000000000000000000000000000000... (len=721)
[vote/send] pkt1 -> 1 (part=1)
[vote/send] from=10 -> to=1 url=http://localhost:1111/vote/share
[vote/send] part=1 L=29 D=7 sumOnes=16 shares_len=29
[vote/send] pedersenCom(hex)=0200000000000000...
[vote/send] rangeProof(hex)=02000000000000000000000000000000...
[vote/send] pkt2 -> 2 (part=2)
[vote/send] from=10 -> to=2 url=http://localhost:1112/vote/share
[vote/send] part=2 L=29 D=7 sumOnes=16 shares_len=29
[vote/send] pedersenCom(hex)=0200000000000000...
[vote/send] rangeProof(hex)=02000000000000000000000000000000...
Successfully triggered aggregation process.
Server will be started at localhost:1120...
Received message in dispatch: &{}
[dispatchMsg] Forwarding message: *priacy_compute.TriggerVRFMsg
Routing message of type: *priacy_compute.TriggerVRFMsg
[routeMsg] Message of type *priacy_compute.TriggerVRFMsg forwarded to MsgDelivery
Resolving message: &{}
Successfully triggered VRF evaluation.
Waiting for 1 minute before triggering aggregation...
[timing] evalVRFOnce ok in 2.2018ms
VRFValue: 0.429461
VRFProof: 026df12b8d6c9cc42eefb8fa9ab75a79d16b82bfa02e0445ca1d2fdd305811c9751123171a32787f4bb9eb16920740287c03fcee4a57d37db22fb03085288d79a018f646335fe48f5a3fe374a637c680bb
VRFval: 0x1.b7c4ae35b2731p-02
VRFChosen: false
[timing] handleBloomParams ok in 0s (M=10, T=3, EpsBF=0.01)
Bloom Params - M: 10, T: 3, EpsBF: 0.010000
Bloom L: 29, D: 7
[timing] randomApprovedIndices took 0s (M=10, T=3)
Approved Indices: [9 6 8]
Received message in dispatch: &{[9 6 8]}
[dispatchMsg] Forwarding message: *priacy_compute.LocalApproveVoteMsg
Routing message of type: *priacy_compute.LocalApproveVoteMsg
[routeMsg] Message of type *priacy_compute.LocalApproveVoteMsg forwarded to MsgDelivery
Successfully triggered local approve vote.
[timing] RunRandomElectAndBroadcast total=6.5942ms
Resolving message: &{[9 6 8]}
[AggSelect] self=10 IsAgg=false part=0 A=1 B=2
[timing] RunAggVRFBroadcast(ctx="epoch1:block100") took 1.0007ms
Cleaned and Validated Approved Indices: [9 6 8]
[timing] Bloom build+OnesCount took 0s (L=29 D=7 added=3 sum=17)
[timing] PedersenCommit took 21.9067ms
Pedersen Commitment: 0200000000000000 (len=33)
[timing] GenerateRangeProof took 563.2327ms (upper=21)
Range Proof prefix: 02000000000000000000000000000000... (len=721)
[timing] SplitBitsAdditive took 0s (bits_len=29)
[vote/send] pkt1 -> 1 (part=1)
[vote/send] from=10 -> to=1 url=http://localhost:1111/vote/share
[vote/send] part=1 L=29 D=7 sumOnes=17 shares_len=29
[vote/send] pedersenCom(hex)=0200000000000000...
[vote/send] rangeProof(hex)=02000000000000000000000000000000...
[vote/send] pkt2 -> 2 (part=2)
[vote/send] from=10 -> to=2 url=http://localhost:1112/vote/share
[vote/send] part=2 L=29 D=7 sumOnes=17 shares_len=29
[vote/send] pedersenCom(hex)=0200000000000000...
[vote/send] rangeProof(hex)=02000000000000000000000000000000...
[timing] handleLocalApproveVote total=588.2306ms
Successfully triggered aggregation process.
