Server will be started at localhost:1113...
Successfully triggered VRF evaluation.
Received message in dispatch: &{}
Routing message of type: *priacy_compute.TriggerVRFMsg
Resolving message: &{}
Successfully triggered aggregation process.
Received message in dispatch: &{3 9da2b4edce278a3eaf02231ffe701b9db6c2ce9d41024d543359f9d4e139e76b [3 67 175 168 183 111 142 199 42 123 222 241 174 47 86 45 33 85 112 78 217 188 39 223 40 226 15 161 107 254 159 74 148 34 47 245 50 130 45 115 6 27 180 31 25 191 245 151 191 5 55 230 74 17 213 34 75 138 7 63 65 155 65 41 247 164 134 175 72 0 38 8 172 206 203 109 182 255 209 2 102] exampleContext}
Routing message of type: *priacy_compute.AggVRFMsg
Resolving message: &{3 9da2b4edce278a3eaf02231ffe701b9db6c2ce9d41024d543359f9d4e139e76b [3 67 175 168 183 111 142 199 42 123 222 241 174 47 86 45 33 85 112 78 217 188 39 223 40 226 15 161 107 254 159 74 148 34 47 245 50 130 45 115 6 27 180 31 25 191 245 151 191 5 55 230 74 17 213 34 75 138 7 63 65 155 65 41 247 164 134 175 72 0 38 8 172 206 203 109 182 255 209 2 102] exampleContext}
Received message in dispatch: &{1 e5e72d24d6739c0f311f5e0d47c8f6099afd1a1bc048f255f0725240218c9ca7 [3 68 196 211 231 100 54 228 13 189 206 3 36 118 4 90 5 48 239 16 73 5 189 250 207 6 145 137 94 58 249 121 155 34 147 232 55 5 99 5 22 37 17 232 242 185 90 44 74 0 65 188 92 220 248 199 121 65 131 113 173 95 187 249 218 18 184 55 142 193 244 183 247 214 220 151 84 209 171 220 222] exampleContext}
Routing message of type: *priacy_compute.AggVRFMsg
Resolving message: &{1 e5e72d24d6739c0f311f5e0d47c8f6099afd1a1bc048f255f0725240218c9ca7 [3 68 196 211 231 100 54 228 13 189 206 3 36 118 4 90 5 48 239 16 73 5 189 250 207 6 145 137 94 58 249 121 155 34 147 232 55 5 99 5 22 37 17 232 242 185 90 44 74 0 65 188 92 220 248 199 121 65 131 113 173 95 187 249 218 18 184 55 142 193 244 183 247 214 220 151 84 209 171 220 222] exampleContext}
Received message in dispatch: &{10 99717e862fe78e412e71ad3e6abe005ab2d243880eb4e463d64e7c1c989ea597 [3 68 121 249 162 62 15 137 125 38 132 29 70 216 175 107 239 192 68 49 46 74 59 54 10 209 133 165 248 19 244 243 194 85 148 243 35 181 18 11 234 102 55 35 241 23 33 207 238 13 50 249 171 121 211 64 238 126 220 56 156 89 48 146 86 77 25 166 113 135 243 246 238 23 198 83 44 233 255 233 15] exampleContext}
Routing message of type: *priacy_compute.AggVRFMsg
Resolving message: &{10 99717e862fe78e412e71ad3e6abe005ab2d243880eb4e463d64e7c1c989ea597 [3 68 121 249 162 62 15 137 125 38 132 29 70 216 175 107 239 192 68 49 46 74 59 54 10 209 133 165 248 19 244 243 194 85 148 243 35 181 18 11 234 102 55 35 241 23 33 207 238 13 50 249 171 121 211 64 238 126 220 56 156 89 48 146 86 77 25 166 113 135 243 246 238 23 198 83 44 233 255 233 15] exampleContext}
Received message in dispatch: &{7 0a7792d65ce5f79a8a516658f235237659810cd2f58e6933910aa04f9ba41f9a [2 10 52 113 126 39 31 2 51 56 106 192 194 0 146 223 255 35 223 73 206 171 90 98 108 142 202 200 225 22 19 144 73 107 154 180 74 23 162 185 141 23 226 33 210 52 6 226 216 2 127 149 181 136 227 215 70 162 10 104 216 58 212 169 71 145 34 139 39 98 238 173 246 0 92 249 89 20 102 157 80] exampleContext}
Routing message of type: *priacy_compute.AggVRFMsg
Resolving message: &{7 0a7792d65ce5f79a8a516658f235237659810cd2f58e6933910aa04f9ba41f9a [2 10 52 113 126 39 31 2 51 56 106 192 194 0 146 223 255 35 223 73 206 171 90 98 108 142 202 200 225 22 19 144 73 107 154 180 74 23 162 185 141 23 226 33 210 52 6 226 216 2 127 149 181 136 227 215 70 162 10 104 216 58 212 169 71 145 34 139 39 98 238 173 246 0 92 249 89 20 102 157 80] exampleContext}
Received message in dispatch: &{2 bd113e6d1f4288ac444d6e8ed0e6ed772e3270e5ad9f609eb99386f65b041df3 [3 192 22 255 157 213 41 202 229 103 133 85 70 151 16 150 134 25 178 35 239 248 59 252 222 164 163 48 107 210 143 161 212 30 76 238 143 46 72 214 11 255 175 33 246 179 207 54 121 10 77 165 33 187 90 56 157 149 228 137 159 167 228 30 118 237 14 142 203 184 62 137 211 76 97 190 19 104 83 109 77] exampleContext}
Routing message of type: *priacy_compute.AggVRFMsg
Resolving message: &{2 bd113e6d1f4288ac444d6e8ed0e6ed772e3270e5ad9f609eb99386f65b041df3 [3 192 22 255 157 213 41 202 229 103 133 85 70 151 16 150 134 25 178 35 239 248 59 252 222 164 163 48 107 210 143 161 212 30 76 238 143 46 72 214 11 255 175 33 246 179 207 54 121 10 77 165 33 187 90 56 157 149 228 137 159 167 228 30 118 237 14 142 203 184 62 137 211 76 97 190 19 104 83 109 77] exampleContext}
Received message in dispatch: &{4 ba9cd641040a23fbee0f2e59866343124c2556d64a633a631cc01720ff8b70ae [2 70 94 205 148 112 29 5 168 19 143 139 127 168 60 144 6 242 151 155 159 50 235 33 81 101 106 241 93 100 128 21 91 155 84 30 81 111 242 178 194 11 224 23 206 225 195 17 4 9 244 111 127 101 179 172 144 43 141 254 78 179 79 206 171 28 122 13 36 59 192 224 7 129 236 108 75 187 161 238 197] exampleContext}
Routing message of type: *priacy_compute.AggVRFMsg
Resolving message: &{4 ba9cd641040a23fbee0f2e59866343124c2556d64a633a631cc01720ff8b70ae [2 70 94 205 148 112 29 5 168 19 143 139 127 168 60 144 6 242 151 155 159 50 235 33 81 101 106 241 93 100 128 21 91 155 84 30 81 111 242 178 194 11 224 23 206 225 195 17 4 9 244 111 127 101 179 172 144 43 141 254 78 179 79 206 171 28 122 13 36 59 192 224 7 129 236 108 75 187 161 238 197] exampleContext}
Received message in dispatch: &{9 d6dd1bbb953729d97ebdc0c19782f02631947f0a0982cec2940a931e88ba26ea [2 167 135 173 232 65 56 236 173 249 87 44 254 18 85 220 170 74 151 180 195 235 62 68 224 114 227 163 53 237 73 140 37 159 23 182 69 9 166 113 27 124 30 253 203 119 43 130 108 14 45 220 22 214 65 100 136 7 230 18 198 151 226 251 38 111 100 111 92 208 190 251 234 152 212 196 211 74 131 67 169] exampleContext}
Routing message of type: *priacy_compute.AggVRFMsg
Resolving message: &{9 d6dd1bbb953729d97ebdc0c19782f02631947f0a0982cec2940a931e88ba26ea [2 167 135 173 232 65 56 236 173 249 87 44 254 18 85 220 170 74 151 180 195 235 62 68 224 114 227 163 53 237 73 140 37 159 23 182 69 9 166 113 27 124 30 253 203 119 43 130 108 14 45 220 22 214 65 100 136 7 230 18 198 151 226 251 38 111 100 111 92 208 190 251 234 152 212 196 211 74 131 67 169] exampleContext}
Received message in dispatch: &{5 f0a75610ad635995a85d9710e5bed0c99a30c82712fde38c89e405ae1b0ce4e5 [3 195 13 159 229 150 241 101 230 26 112 118 169 86 232 187 190 122 134 31 192 103 7 43 156 120 138 18 129 36 237 196 238 204 42 134 13 86 27 149 126 95 147 213 65 118 231 133 187 12 242 95 38 84 246 125 34 204 57 180 228 188 1 55 105 108 194 231 1 203 2 130 58 95 145 183 153 193 236 197 98] exampleContext}
Routing message of type: *priacy_compute.AggVRFMsg
Resolving message: &{5 f0a75610ad635995a85d9710e5bed0c99a30c82712fde38c89e405ae1b0ce4e5 [3 195 13 159 229 150 241 101 230 26 112 118 169 86 232 187 190 122 134 31 192 103 7 43 156 120 138 18 129 36 237 196 238 204 42 134 13 86 27 149 126 95 147 213 65 118 231 133 187 12 242 95 38 84 246 125 34 204 57 180 228 188 1 55 105 108 194 231 1 203 2 130 58 95 145 183 153 193 236 197 98] exampleContext}
Received message in dispatch: &{6 de58fca970aa0843dfb8cccaa43419aac3464fc9d4948518724fd76be746f288 [2 209 95 77 85 121 24 140 26 167 95 82 76 207 55 120 226 101 234 184 31 145 62 46 211 126 101 136 112 253 57 208 111 105 245 201 159 212 116 35 23 107 13 183 176 159 46 7 20 4 210 178 122 1 243 34 65 181 83 144 143 11 173 124 158 39 1 250 183 164 230 174 118 15 114 4 172 154 206 14 77] exampleContext}
Routing message of type: *priacy_compute.AggVRFMsg
Resolving message: &{6 de58fca970aa0843dfb8cccaa43419aac3464fc9d4948518724fd76be746f288 [2 209 95 77 85 121 24 140 26 167 95 82 76 207 55 120 226 101 234 184 31 145 62 46 211 126 101 136 112 253 57 208 111 105 245 201 159 212 116 35 23 107 13 183 176 159 46 7 20 4 210 178 122 1 243 34 65 181 83 144 143 11 173 124 158 39 1 250 183 164 230 174 118 15 114 4 172 154 206 14 77] exampleContext}
Received message in dispatch: &{8 7da84ee27647b63f6b3d8e6d4534f1be69ad27fc97ce7e5357934a2d8783fc48 [2 159 153 83 16 56 162 234 50 228 73 140 68 11 126 221 169 235 67 201 48 131 166 77 133 89 101 130 10 127 189 92 125 92 89 21 122 192 116 95 221 182 48 89 12 32 251 99 85 9 142 110 23 195 160 185 169 149 176 49 215 122 200 21 114 11 78 117 149 5 215 67 207 164 54 166 242 94 146 244 129] exampleContext}
Routing message of type: *priacy_compute.AggVRFMsg
Resolving message: &{8 7da84ee27647b63f6b3d8e6d4534f1be69ad27fc97ce7e5357934a2d8783fc48 [2 159 153 83 16 56 162 234 50 228 73 140 68 11 126 221 169 235 67 201 48 131 166 77 133 89 101 130 10 127 189 92 125 92 89 21 122 192 116 95 221 182 48 89 12 32 251 99 85 9 142 110 23 195 160 185 169 149 176 49 215 122 200 21 114 11 78 117 149 5 215 67 207 164 54 166 242 94 146 244 129] exampleContext}
Server will be started at localhost:1113...
Received message in dispatch: &{}
Routing message of type: *priacy_compute.TriggerVRFMsg
Resolving message: &{}
Successfully triggered VRF evaluation.
VRFValue: 0.305072
VRFProof: 024e1933c125f91cd6fe126970f439dcc67e812f2c0a577470a3f9b1489402945619118f13d590bc68170b7ffde12823140efc9c7e69c29c924506424f3f54d36fa8b395de41981b07a1fae6fc04a425b0
VRFval: 0x1.3864cf0497e47p-02
VRFChosen: false
Successfully triggered aggregation process.
Received message in dispatch: &{3 7a96b08218d58f7d476da731da144b5549fe61d322d7182debb52d038ba14364 [3 56 108 47 139 163 23 254 149 116 126 157 198 70 199 157 39 185 130 95 135 215 43 136 18 52 131 3 142 41 109 168 138 13 18 223 1 83 118 240 190 173 19 170 67 92 26 192 135 15 209 4 190 231 109 75 155 20 166 89 41 135 216 68 240 158 157 6 36 45 230 13 54 255 243 107 113 48 110 174 203] exampleContext}
Routing message of type: *priacy_compute.AggVRFMsg
Resolving message: &{3 7a96b08218d58f7d476da731da144b5549fe61d322d7182debb52d038ba14364 [3 56 108 47 139 163 23 254 149 116 126 157 198 70 199 157 39 185 130 95 135 215 43 136 18 52 131 3 142 41 109 168 138 13 18 223 1 83 118 240 190 173 19 170 67 92 26 192 135 15 209 4 190 231 109 75 155 20 166 89 41 135 216 68 240 158 157 6 36 45 230 13 54 255 243 107 113 48 110 174 203] exampleContext}
Received message in dispatch: &{4 6149ef7ba6b8600455c422b26a4be8c5329f3f17723d429a542675680a8a7de0 [3 249 239 172 31 236 108 176 127 170 107 195 119 185 137 255 90 68 205 114 173 11 80 69 110 251 121 144 206 135 183 19 138 31 24 205 207 226 98 147 233 183 55 17 120 97 117 155 142 2 125 116 135 70 30 173 124 122 155 189 12 211 157 44 253 247 154 65 20 44 80 64 188 182 95 23 98 205 99 184 88] exampleContext}
Routing message of type: *priacy_compute.AggVRFMsg
Resolving message: &{4 6149ef7ba6b8600455c422b26a4be8c5329f3f17723d429a542675680a8a7de0 [3 249 239 172 31 236 108 176 127 170 107 195 119 185 137 255 90 68 205 114 173 11 80 69 110 251 121 144 206 135 183 19 138 31 24 205 207 226 98 147 233 183 55 17 120 97 117 155 142 2 125 116 135 70 30 173 124 122 155 189 12 211 157 44 253 247 154 65 20 44 80 64 188 182 95 23 98 205 99 184 88] exampleContext}
Received message in dispatch: &{6 0aede5962b911659feed7d4b934b9cf9a0379f314d5fc9248d0d962fef764b5e [2 77 41 2 225 242 108 48 177 176 132 6 145 255 90 139 129 105 9 154 121 19 179 147 56 142 240 43 83 96 148 74 71 68 165 8 236 200 80 203 59 222 134 248 124 71 98 170 190 5 194 132 178 210 185 183 79 227 101 75 190 116 223 189 105 163 28 36 26 115 117 19 62 190 50 31 38 247 121 221 89] exampleContext}
Routing message of type: *priacy_compute.AggVRFMsg
Resolving message: &{6 0aede5962b911659feed7d4b934b9cf9a0379f314d5fc9248d0d962fef764b5e [2 77 41 2 225 242 108 48 177 176 132 6 145 255 90 139 129 105 9 154 121 19 179 147 56 142 240 43 83 96 148 74 71 68 165 8 236 200 80 203 59 222 134 248 124 71 98 170 190 5 194 132 178 210 185 183 79 227 101 75 190 116 223 189 105 163 28 36 26 115 117 19 62 190 50 31 38 247 121 221 89] exampleContext}
Received message in dispatch: &{5 ad3bfb658a2b4d247082fa61f708b0fa56b54fdae14915710f7348e665522fad [2 65 155 72 23 184 63 19 94 189 97 53 214 33 186 29 1 242 160 20 37 127 243 129 5 61 48 76 131 50 235 238 30 25 22 25 53 47 99 240 175 211 125 202 79 194 169 37 67 14 46 154 135 2 221 111 49 69 176 74 176 190 185 227 236 27 167 176 94 55 226 242 239 205 86 106 71 188 26 18 83] exampleContext}
Routing message of type: *priacy_compute.AggVRFMsg
Resolving message: &{5 ad3bfb658a2b4d247082fa61f708b0fa56b54fdae14915710f7348e665522fad [2 65 155 72 23 184 63 19 94 189 97 53 214 33 186 29 1 242 160 20 37 127 243 129 5 61 48 76 131 50 235 238 30 25 22 25 53 47 99 240 175 211 125 202 79 194 169 37 67 14 46 154 135 2 221 111 49 69 176 74 176 190 185 227 236 27 167 176 94 55 226 242 239 205 86 106 71 188 26 18 83] exampleContext}
Received message in dispatch: &{7 6ed8bb4a238a4fda4bacb69350137c02b641f6de3ec318758c4f5a4658b25515 [3 84 125 47 91 81 119 3 9 40 120 67 236 108 202 228 158 38 169 15 163 218 64 80 84 174 5 53 233 176 95 105 226 95 160 160 194 159 13 204 224 120 83 183 200 228 234 66 21 11 55 119 107 202 105 80 142 11 84 237 63 210 168 160 139 77 25 90 163 164 144 217 12 136 159 27 89 186 107 150 181] exampleContext}
Routing message of type: *priacy_compute.AggVRFMsg
Resolving message: &{7 6ed8bb4a238a4fda4bacb69350137c02b641f6de3ec318758c4f5a4658b25515 [3 84 125 47 91 81 119 3 9 40 120 67 236 108 202 228 158 38 169 15 163 218 64 80 84 174 5 53 233 176 95 105 226 95 160 160 194 159 13 204 224 120 83 183 200 228 234 66 21 11 55 119 107 202 105 80 142 11 84 237 63 210 168 160 139 77 25 90 163 164 144 217 12 136 159 27 89 186 107 150 181] exampleContext}
Received message in dispatch: &{8 d45d434cc4f3bc623274ebc460b776eb23c68351fcfa12dbc9ea4ee1587cf03a [2 219 32 21 111 245 44 24 214 240 164 181 158 219 62 112 97 136 95 117 114 229 109 213 206 74 187 150 116 252 5 100 113 166 45 16 120 150 66 182 133 36 200 242 41 185 247 160 63 9 242 131 142 140 139 111 75 6 87 167 65 167 159 109 44 23 47 231 254 177 36 214 53 80 127 246 155 31 231 56 194] exampleContext}
Routing message of type: *priacy_compute.AggVRFMsg
Resolving message: &{8 d45d434cc4f3bc623274ebc460b776eb23c68351fcfa12dbc9ea4ee1587cf03a [2 219 32 21 111 245 44 24 214 240 164 181 158 219 62 112 97 136 95 117 114 229 109 213 206 74 187 150 116 252 5 100 113 166 45 16 120 150 66 182 133 36 200 242 41 185 247 160 63 9 242 131 142 140 139 111 75 6 87 167 65 167 159 109 44 23 47 231 254 177 36 214 53 80 127 246 155 31 231 56 194] exampleContext}
Received message in dispatch: &{10 d2e95e2d77a8710fa3e3ae1853c5a33fd2b3034bddcb72e2bc2825caec9f251c [3 149 73 134 118 209 130 95 108 140 137 50 227 0 201 133 167 237 171 93 249 154 67 152 52 122 60 13 1 173 162 14 238 21 107 238 166 217 73 214 40 56 3 150 18 234 0 58 98 5 1 224 185 7 33 42 185 33 116 81 124 2 80 237 69 200 46 89 115 156 184 171 36 172 94 124 135 170 12 58 207] exampleContext}
Routing message of type: *priacy_compute.AggVRFMsg
Resolving message: &{10 d2e95e2d77a8710fa3e3ae1853c5a33fd2b3034bddcb72e2bc2825caec9f251c [3 149 73 134 118 209 130 95 108 140 137 50 227 0 201 133 167 237 171 93 249 154 67 152 52 122 60 13 1 173 162 14 238 21 107 238 166 217 73 214 40 56 3 150 18 234 0 58 98 5 1 224 185 7 33 42 185 33 116 81 124 2 80 237 69 200 46 89 115 156 184 171 36 172 94 124 135 170 12 58 207] exampleContext}
Received message in dispatch: &{9 89a372f354ee487f93afbf4fcd7490d0790d863a2795808d88a75b3b3f605375 [2 143 210 194 173 103 249 43 199 124 115 57 255 157 149 249 26 153 228 176 120 92 98 204 195 143 29 125 210 156 227 110 65 121 61 179 232 50 162 89 230 131 163 175 87 245 171 60 201 1 14 115 62 9 41 49 170 113 98 128 21 168 118 81 94 8 79 161 19 243 8 202 94 209 74 97 15 178 168 122 120] exampleContext}
Routing message of type: *priacy_compute.AggVRFMsg
Resolving message: &{9 89a372f354ee487f93afbf4fcd7490d0790d863a2795808d88a75b3b3f605375 [2 143 210 194 173 103 249 43 199 124 115 57 255 157 149 249 26 153 228 176 120 92 98 204 195 143 29 125 210 156 227 110 65 121 61 179 232 50 162 89 230 131 163 175 87 245 171 60 201 1 14 115 62 9 41 49 170 113 98 128 21 168 118 81 94 8 79 161 19 243 8 202 94 209 74 97 15 178 168 122 120] exampleContext}
Server will be started at localhost:1113...
Received message in dispatch: &{}
Routing message of type: *priacy_compute.TriggerVRFMsg
Resolving message: &{}
Successfully triggered VRF evaluation.
VRFValue: 0.032782
VRFProof: 0208646dffdf85523a71a90d2ff5ca1f06f87604979c90091702475f9e5a08410256869b3a722cb686ef1ef138b2e5c4550d1e55feec8d7f52eab2cb6ad2ff852cbb32379d60af13a4c9ec330a5fa3e1d6
VRFval: 0x1.0c8dbffbf0aa4p-05
VRFChosen: true
Bloom Params - M: 10, T: 3, EpsBF: 0.010000
Bloom L: 29, D: 7
Approved Indices: [1 6 8]
Received message in dispatch: &{1 916ab75c04917636553497d5b2a799e9d67908fae17595480e85de58d6d11890 [3 244 14 10 208 142 196 243 188 223 51 7 239 22 217 176 124 164 93 91 19 91 124 218 55 213 175 126 237 218 39 110 218 82 95 197 238 197 148 229 21 35 75 0 59 71 178 242 16 10 218 168 68 124 249 99 124 96 131 154 23 50 120 234 80 46 137 254 141 57 216 142 112 133 238 50 65 32 84 233 151] exampleContext}
Routing message of type: *priacy_compute.AggVRFMsg
Resolving message: &{1 916ab75c04917636553497d5b2a799e9d67908fae17595480e85de58d6d11890 [3 244 14 10 208 142 196 243 188 223 51 7 239 22 217 176 124 164 93 91 19 91 124 218 55 213 175 126 237 218 39 110 218 82 95 197 238 197 148 229 21 35 75 0 59 71 178 242 16 10 218 168 68 124 249 99 124 96 131 154 23 50 120 234 80 46 137 254 141 57 216 142 112 133 238 50 65 32 84 233 151] exampleContext}
Successfully triggered aggregation process.
Received message in dispatch: &{2 9773c4576618b81cd8d6b1b7c969b44286216a66b8d35b3e7e55d538e5219c20 [2 34 20 166 22 100 236 205 120 192 57 58 117 124 139 172 168 85 253 219 73 220 202 160 21 90 42 101 93 153 236 8 88 90 127 206 30 196 58 218 235 199 168 214 8 166 38 91 18 10 120 194 131 30 145 115 245 9 77 76 45 196 203 211 75 6 147 159 122 26 100 255 242 200 30 252 207 13 198 107 132] exampleContext}
Routing message of type: *priacy_compute.AggVRFMsg
Resolving message: &{2 9773c4576618b81cd8d6b1b7c969b44286216a66b8d35b3e7e55d538e5219c20 [2 34 20 166 22 100 236 205 120 192 57 58 117 124 139 172 168 85 253 219 73 220 202 160 21 90 42 101 93 153 236 8 88 90 127 206 30 196 58 218 235 199 168 214 8 166 38 91 18 10 120 194 131 30 145 115 245 9 77 76 45 196 203 211 75 6 147 159 122 26 100 255 242 200 30 252 207 13 198 107 132] exampleContext}
Received message in dispatch: &{3 84c95e1006db7cd2756125773ce0873e45879ac5006f15f357fbbcb743c2487e [3 71 93 107 225 241 231 49 240 248 187 254 50 123 170 119 102 242 17 227 249 209 195 35 129 202 10 13 36 74 153 66 205 39 169 133 70 82 105 215 13 53 239 133 214 24 58 100 174 14 26 12 203 87 149 85 110 165 157 187 47 111 2 224 145 177 143 217 80 105 252 150 113 78 191 166 97 148 85 66 167] exampleContext}
Routing message of type: *priacy_compute.AggVRFMsg
Resolving message: &{3 84c95e1006db7cd2756125773ce0873e45879ac5006f15f357fbbcb743c2487e [3 71 93 107 225 241 231 49 240 248 187 254 50 123 170 119 102 242 17 227 249 209 195 35 129 202 10 13 36 74 153 66 205 39 169 133 70 82 105 215 13 53 239 133 214 24 58 100 174 14 26 12 203 87 149 85 110 165 157 187 47 111 2 224 145 177 143 217 80 105 252 150 113 78 191 166 97 148 85 66 167] exampleContext}
Received message in dispatch: &{4 26801a9c61d91dd5c643ecc2ddfb2a859ee1e4f6ee3419487bcd48f7722aaa74 [2 148 145 195 127 122 213 31 196 210 96 132 183 248 59 156 75 137 240 77 54 153 242 125 21 183 61 59 65 170 119 137 83 197 46 154 197 160 191 98 244 84 2 143 45 251 226 76 152 11 183 209 206 123 155 14 80 177 252 161 100 48 254 217 175 84 217 123 221 73 230 203 31 159 157 163 230 236 244 146 183] exampleContext}
Routing message of type: *priacy_compute.AggVRFMsg
Resolving message: &{4 26801a9c61d91dd5c643ecc2ddfb2a859ee1e4f6ee3419487bcd48f7722aaa74 [2 148 145 195 127 122 213 31 196 210 96 132 183 248 59 156 75 137 240 77 54 153 242 125 21 183 61 59 65 170 119 137 83 197 46 154 197 160 191 98 244 84 2 143 45 251 226 76 152 11 183 209 206 123 155 14 80 177 252 161 100 48 254 217 175 84 217 123 221 73 230 203 31 159 157 163 230 236 244 146 183] exampleContext}
Received message in dispatch: &{5 6f8ba5d8c282e92ab99f7f4b479e5999f33353136564bc29ba844a2f18ba0465 [2 49 104 255 226 34 226 140 167 82 204 122 81 60 110 196 78 149 231 222 170 225 36 170 120 185 176 234 191 122 74 225 117 83 49 136 58 218 54 210 183 179 45 179 163 108 44 242 40 1 93 43 35 219 55 13 82 60 88 175 37 44 138 178 186 156 27 80 210 72 91 244 48 71 94 172 104 199 52 117 233] exampleContext}
Routing message of type: *priacy_compute.AggVRFMsg
Resolving message: &{5 6f8ba5d8c282e92ab99f7f4b479e5999f33353136564bc29ba844a2f18ba0465 [2 49 104 255 226 34 226 140 167 82 204 122 81 60 110 196 78 149 231 222 170 225 36 170 120 185 176 234 191 122 74 225 117 83 49 136 58 218 54 210 183 179 45 179 163 108 44 242 40 1 93 43 35 219 55 13 82 60 88 175 37 44 138 178 186 156 27 80 210 72 91 244 48 71 94 172 104 199 52 117 233] exampleContext}
Received message in dispatch: &{6 3086233b4ee20a87a6f4c346ad5e41492a11512a9c06fbe6a8b75bb98a8ac37e [2 4 220 238 135 213 39 70 14 52 92 7 13 22 103 148 61 232 152 21 0 127 60 121 213 238 88 61 57 129 230 162 115 215 181 24 79 15 58 158 159 159 93 105 249 197 214 245 209 4 23 122 96 92 224 176 30 90 161 27 9 230 35 216 141 215 254 93 234 162 252 170 205 247 144 67 62 160 123 137 163] exampleContext}
Routing message of type: *priacy_compute.AggVRFMsg
Resolving message: &{6 3086233b4ee20a87a6f4c346ad5e41492a11512a9c06fbe6a8b75bb98a8ac37e [2 4 220 238 135 213 39 70 14 52 92 7 13 22 103 148 61 232 152 21 0 127 60 121 213 238 88 61 57 129 230 162 115 215 181 24 79 15 58 158 159 159 93 105 249 197 214 245 209 4 23 122 96 92 224 176 30 90 161 27 9 230 35 216 141 215 254 93 234 162 252 170 205 247 144 67 62 160 123 137 163] exampleContext}
Received message in dispatch: &{7 f7fe956597d7d22435c812aa07faaa301e67e6b1cbe62be3ebb9ef69c8f12160 [2 21 30 238 176 53 250 76 191 255 80 243 82 236 48 102 146 229 80 68 117 6 31 131 157 138 62 123 221 83 12 229 115 249 187 213 16 198 249 16 20 138 156 54 132 197 124 80 81 13 7 118 180 207 199 143 100 209 185 255 82 219 215 75 215 193 250 221 180 168 176 99 126 113 180 92 243 186 51 209 116] exampleContext}
Routing message of type: *priacy_compute.AggVRFMsg
Resolving message: &{7 f7fe956597d7d22435c812aa07faaa301e67e6b1cbe62be3ebb9ef69c8f12160 [2 21 30 238 176 53 250 76 191 255 80 243 82 236 48 102 146 229 80 68 117 6 31 131 157 138 62 123 221 83 12 229 115 249 187 213 16 198 249 16 20 138 156 54 132 197 124 80 81 13 7 118 180 207 199 143 100 209 185 255 82 219 215 75 215 193 250 221 180 168 176 99 126 113 180 92 243 186 51 209 116] exampleContext}
Received message in dispatch: &{8 cfbe03c25f80c7e45de022d9f7fe5dfb1be5821004d97a99230405570c49b037 [2 243 96 164 242 232 40 28 26 174 32 144 176 204 1 191 96 200 71 47 161 117 132 40 130 231 43 109 181 193 213 126 52 117 142 85 143 237 228 123 80 86 228 59 235 252 106 20 46 11 19 180 91 232 141 39 8 66 144 140 163 192 144 138 211 212 250 107 225 98 73 206 157 144 156 167 125 137 187 22 211] exampleContext}
Routing message of type: *priacy_compute.AggVRFMsg
Resolving message: &{8 cfbe03c25f80c7e45de022d9f7fe5dfb1be5821004d97a99230405570c49b037 [2 243 96 164 242 232 40 28 26 174 32 144 176 204 1 191 96 200 71 47 161 117 132 40 130 231 43 109 181 193 213 126 52 117 142 85 143 237 228 123 80 86 228 59 235 252 106 20 46 11 19 180 91 232 141 39 8 66 144 140 163 192 144 138 211 212 250 107 225 98 73 206 157 144 156 167 125 137 187 22 211] exampleContext}
Received message in dispatch: &{9 e12941ec7de6221eb9dce95fa857023fc55d1ce1211b85c6b08ca197de892a76 [2 198 76 95 24 207 101 63 171 1 15 109 6 35 76 104 174 109 237 11 198 250 125 210 60 106 245 2 66 143 139 113 47 96 245 124 147 231 77 202 46 116 238 253 0 113 172 72 104 10 131 213 77 100 110 23 204 89 35 135 107 255 1 39 11 45 123 63 216 77 210 153 154 52 239 168 251 249 140 149 74] exampleContext}
Routing message of type: *priacy_compute.AggVRFMsg
Resolving message: &{9 e12941ec7de6221eb9dce95fa857023fc55d1ce1211b85c6b08ca197de892a76 [2 198 76 95 24 207 101 63 171 1 15 109 6 35 76 104 174 109 237 11 198 250 125 210 60 106 245 2 66 143 139 113 47 96 245 124 147 231 77 202 46 116 238 253 0 113 172 72 104 10 131 213 77 100 110 23 204 89 35 135 107 255 1 39 11 45 123 63 216 77 210 153 154 52 239 168 251 249 140 149 74] exampleContext}
Received message in dispatch: &{10 48fd440ae2b90a78992927b2542fb805faa72de57faa53d5ffef312329672441 [3 13 205 34 235 224 106 255 16 170 185 205 63 20 193 51 206 174 135 86 252 106 9 21 196 89 87 43 209 79 30 152 135 8 220 107 130 38 178 27 35 193 206 208 111 199 148 138 250 11 92 82 81 53 84 157 117 61 163 147 231 245 153 190 142 111 62 152 252 253 121 168 2 195 214 61 123 104 113 229 235] exampleContext}
Routing message of type: *priacy_compute.AggVRFMsg
Resolving message: &{10 48fd440ae2b90a78992927b2542fb805faa72de57faa53d5ffef312329672441 [3 13 205 34 235 224 106 255 16 170 185 205 63 20 193 51 206 174 135 86 252 106 9 21 196 89 87 43 209 79 30 152 135 8 220 107 130 38 178 27 35 193 206 208 111 199 148 138 250 11 92 82 81 53 84 157 117 61 163 147 231 245 153 190 142 111 62 152 252 253 121 168 2 195 214 61 123 104 113 229 235] exampleContext}
Server will be started at localhost:1113...
Received message in dispatch: &{}
Routing message of type: *priacy_compute.TriggerVRFMsg
Resolving message: &{}
VRFValue: 0.076499
VRFProof: 0213956a26f2d2a179a0321f3ce7bf1cb6cde9394489c5f65e452888a8a4b57b39d06832bd5ebb49070f32a63995fc5365003155430ed7eed02fa200af959e61953e6d89fc9fac08353830a1a8ff9ad5ac
VRFval: 0x1.3956a26f2d2a1p-04
VRFChosen: true
Bloom Params - M: 10, T: 3, EpsBF: 0.010000
Bloom L: 29, D: 7
Approved Indices: [3 0 7]
Successfully triggered VRF evaluation.
Successfully triggered aggregation process.
Received message in dispatch: &{10 d2a3d2f4325166fd1087d17bf03f3bc7314813137723a8c7b091a68fc717d223 [2 147 101 93 110 79 205 233 5 7 226 117 125 142 245 220 104 20 168 247 32 87 77 219 185 51 158 118 16 253 110 55 75 56 148 205 79 31 90 122 27 229 133 194 173 37 233 224 16 15 156 4 115 163 198 197 52 223 158 124 152 40 79 179 108 76 8 23 118 28 203 123 92 167 199 243 184 156 183 36 156] exampleContext}
Routing message of type: *priacy_compute.AggVRFMsg
Resolving message: &{10 d2a3d2f4325166fd1087d17bf03f3bc7314813137723a8c7b091a68fc717d223 [2 147 101 93 110 79 205 233 5 7 226 117 125 142 245 220 104 20 168 247 32 87 77 219 185 51 158 118 16 253 110 55 75 56 148 205 79 31 90 122 27 229 133 194 173 37 233 224 16 15 156 4 115 163 198 197 52 223 158 124 152 40 79 179 108 76 8 23 118 28 203 123 92 167 199 243 184 156 183 36 156] exampleContext}
Received message in dispatch: &{4 e44a7bc4c7af6076d1e58236aaee9c1873858d5bbc9b666a6514511e063a7b0c [3 70 77 199 50 233 185 232 94 217 225 135 95 241 244 116 247 200 39 233 9 182 151 117 215 59 62 139 136 98 184 4 225 205 29 80 156 226 105 151 14 195 222 144 45 47 177 76 27 10 214 11 39 184 186 105 94 154 227 217 249 212 30 168 59 30 1 72 216 65 14 165 187 203 125 141 57 219 130 207 203] exampleContext}
Routing message of type: *priacy_compute.AggVRFMsg
Resolving message: &{4 e44a7bc4c7af6076d1e58236aaee9c1873858d5bbc9b666a6514511e063a7b0c [3 70 77 199 50 233 185 232 94 217 225 135 95 241 244 116 247 200 39 233 9 182 151 117 215 59 62 139 136 98 184 4 225 205 29 80 156 226 105 151 14 195 222 144 45 47 177 76 27 10 214 11 39 184 186 105 94 154 227 217 249 212 30 168 59 30 1 72 216 65 14 165 187 203 125 141 57 219 130 207 203] exampleContext}
Received message in dispatch: &{8 7c66c97e03bc10b92bd80b80c75e4dc574769f9ca6fb55336c5806d99f1678a9 [3 75 10 10 205 100 169 121 134 13 57 16 31 170 180 99 107 211 43 77 224 165 127 220 102 64 7 106 161 170 217 130 180 218 167 148 245 97 53 174 59 38 131 24 38 204 50 71 239 11 1 251 138 196 228 209 178 234 9 55 200 161 117 76 151 68 61 111 249 15 149 219 6 130 113 195 56 213 182 69 178] exampleContext}
Routing message of type: *priacy_compute.AggVRFMsg
Server will be started at localhost:1113...
Received message in dispatch: &{}
Successfully triggered VRF evaluation.
Routing message of type: *priacy_compute.TriggerVRFMsg
Resolving message: &{}
VRFValue: 0.931703
VRFProof: 02ee8413045a3e7399c8d592b3233768c7e36157652553f7d008ae3e9b0ff6803922ea2514218f9fb8e9f9ddf1c2260cd908aee1aec8ef8acbdb1c5a890def9ad7239c4f3e7b1905cc1739f3f9d8dd592b
VRFval: 0x1.dd082608b47cep-01
VRFChosen: false
Node 1 selected as Aggregator 1
Node 2 selected as Aggregator 2
Successfully triggered aggregation process.
Server will be started at localhost:1113...
Received message in dispatch: &{}
Routing message of type: *priacy_compute.TriggerVRFMsg
Resolving message: &{}
VRFValue: 0.622485
VRFProof: 039f5b2731c7991b9335913d0a650b864b46c4f98aa2a94189886bd0326a6b459adfb32c1b48c6ee5224f52c1effd68e61085e075007018707478aefa06a9996103f84d698c870d8d26a1d4e240a83c84a
VRFval: 0x1.3eb64e638f323p-01
VRFChosen: false
Bloom Params - M: 10, T: 3, EpsBF: 0.010000
Bloom L: 29, D: 7
Approved Indices: [5 1 2]
Successfully triggered VRF evaluation.
Node 1 selected as Aggregator 1
Node 2 selected as Aggregator 2
Successfully triggered aggregation process.
Server will be started at localhost:1113...
Received message in dispatch: &{}
Routing message of type: *priacy_compute.TriggerVRFMsg
Resolving message: &{}
Successfully triggered VRF evaluation.
VRFValue: 0.652394
VRFProof: 02a7034b66c16f18f07467a81a016074843317825cf22ab1ce6869a2174209fa3634febdc546e38aaceeafdcce9161d6d30913e75123b8cec453271320c2fc1042eba9566cc10f5f72968672f88902e7f8
VRFval: 0x1.4e0696cd82de3p-01
VRFChosen: false
Bloom Params - M: 10, T: 3, EpsBF: 0.010000
Bloom L: 29, D: 7
Approved Indices: [5 2 0]
Received message in dispatch: &{[5 2 0]}
Routing message of type: *priacy_compute.LocalApproveVoteMsg
Successfully triggered local approve vote.
Resolving message: &{[5 2 0]}
Node 1 selected as Aggregator 1
Node 2 selected as Aggregator 2
Successfully triggered aggregation process.
Server will be started at localhost:1113...
Received message in dispatch: &{}
Routing message of type: *priacy_compute.TriggerVRFMsg
Resolving message: &{}
VRFValue: 0.628293
VRFProof: 03a0d7c992796827a22f5ac97becdc2d882cccc0b39b8837765dc7f0551c56bea0b5c238e943dcb81dc58c5e3112f963f908a87406c9e2be94c451c05db73c4f989894507132d1cbd631e1475b6fc3df22
VRFval: 0x1.41af9324f2d05p-01
VRFChosen: false
Bloom Params - M: 10, T: 3, EpsBF: 0.010000
Bloom L: 29, D: 7
Approved Indices: [1 4 0]
Successfully triggered VRF evaluation.
Received message in dispatch: &{[1 4 0]}
Routing message of type: *priacy_compute.LocalApproveVoteMsg
Successfully triggered local approve vote.
Resolving message: &{[1 4 0]}
Node 1 selected as Aggregator 1
Node 2 selected as Aggregator 2
Successfully triggered aggregation process.
Server will be started at localhost:1113...
Received message in dispatch: &{}
Routing message of type: *priacy_compute.TriggerVRFMsg
Resolving message: &{}
VRFValue: 0.352824
VRFProof: 035a52b070de8d2cc14434ce4f606c0a90457222db73aa22f628279bef5362bad9f2ffe8d02a9d92016cc39ffdf99d7e640f917ca46e34991eb60a3e4ad29baa20d0be8a2bb9192ee0102830d14ad275ec
VRFval: 0x1.694ac1c37a34bp-02
VRFChosen: false
Bloom Params - M: 10, T: 3, EpsBF: 0.010000
Bloom L: 29, D: 7
Approved Indices: [8 0 7]
Successfully triggered VRF evaluation.
Successfully triggered local approve vote.
Received message in dispatch: &{[8 0 7]}
Routing message of type: *priacy_compute.LocalApproveVoteMsg
Resolving message: &{[8 0 7]}
Node 1 selected as Aggregator 1
Node 2 selected as Aggregator 2
Successfully triggered aggregation process.
Server will be started at localhost:1113...
Received message in dispatch: &{}
Routing message of type: *priacy_compute.TriggerVRFMsg
Resolving message: &{}
Successfully triggered VRF evaluation.
VRFValue: 0.922591
VRFProof: 02ec2eee9e8bac744339b35b7707b5843b1cd977165416c184ab623513d1b2425b195c6afe2c5e939436986a897cccc24f0ff42695fc54ca3929bf11b2a4932cb3b41051aaf4f2d3180035e1fe92ccfafb
VRFval: 0x1.d85ddd3d1758fp-01
VRFChosen: false
Bloom Params - M: 10, T: 3, EpsBF: 0.010000
Bloom L: 29, D: 7
Approved Indices: [7 2 1]
Received message in dispatch: &{[7 2 1]}
Routing message of type: *priacy_compute.LocalApproveVoteMsg
Successfully triggered local approve vote.
Resolving message: &{[7 2 1]}
Node 1 selected as Aggregator 1
Node 2 selected as Aggregator 2
Successfully triggered aggregation process.
Server will be started at localhost:1113...
Received message in dispatch: &{}
Routing message of type: *priacy_compute.TriggerVRFMsg
Resolving message: &{}
Successfully triggered VRF evaluation.
VRFValue: 0.463850
VRFProof: 0376bee65d7d1bb4f4bd7ad71890b2fb9d75175ca44a4e3b77eb5940505ae398db59fb36af4c1d44366d0a60fa6dc47e5e01068d6a75103f2da93e295fcea962a25d7230bb20329d9c904463e1e53ca085
VRFval: 0x1.dafb9975f46edp-02
VRFChosen: false
Bloom Params - M: 10, T: 3, EpsBF: 0.010000
Bloom L: 29, D: 7
Approved Indices: [9 4 0]
Received message in dispatch: &{[9 4 0]}
Routing message of type: *priacy_compute.LocalApproveVoteMsg
Successfully triggered local approve vote.
Resolving message: &{[9 4 0]}
Node 1 selected as Aggregator 1
Node 2 selected as Aggregator 2
Successfully triggered aggregation process.
Server will be started at localhost:1113...
Successfully triggered VRF evaluation.
Received message in dispatch: &{}
Routing message of type: *priacy_compute.TriggerVRFMsg
Resolving message: &{}
VRFValue: 0.724941
VRFProof: 02b995b9d5faa6aee85f3e57dccc35acb6a141c29857c34a4b24fdee72c62b11242754c878b211d242c09ffb71fae4d6a9075c40664f8371f40387312ba51eeaff3d0bf158ac1e4de24406c41c255f8245
VRFval: 0x1.732b73abf54d6p-01
VRFChosen: false
Bloom Params - M: 10, T: 3, EpsBF: 0.010000
Bloom L: 29, D: 7
Approved Indices: [3 1 5]
Successfully triggered local approve vote.
Received message in dispatch: &{[3 1 5]}
Routing message of type: *priacy_compute.LocalApproveVoteMsg
Resolving message: &{[3 1 5]}
Node 1 selected as Aggregator 1
Node 2 selected as Aggregator 2
Successfully triggered aggregation process.
Server will be started at localhost:1113...
Successfully triggered VRF evaluation.
Received message in dispatch: &{}
Routing message of type: *priacy_compute.TriggerVRFMsg
Resolving message: &{}
VRFValue: 0.401051
VRFProof: 0266ab4e8e6197b0384cbd7a72bdbae030774c7dc97c15f44523ed1ff3cadb7c5c8fb5eb4817c39ededcc0bc0c08b885260acc8fa07416a0f3de841b3aa40b8a8a056fb4afa299a9669c4450b2d26b4b22
VRFval: 0x1.9aad3a39865ecp-02
VRFChosen: false
Bloom Params - M: 10, T: 3, EpsBF: 0.010000
Bloom L: 29, D: 7
Approved Indices: [5 6 3]
Node 1 selected as Aggregator 1
Node 2 selected as Aggregator 2
Successfully triggered aggregation process.
Received message in dispatch: &{[5 6 3]}
Routing message of type: *priacy_compute.LocalApproveVoteMsg
Successfully triggered local approve vote.
Resolving message: &{[5 6 3]}
Cleaned and Validated Approved Indices: [5 6 3]
Pedersen Commitment: 0200000000000000 (len=33)
Range Proof prefix: 02000000000000000000000000000000... (len=721)
[vote/send] pkt1 -> 1 (part=1)
[vote/send] from=3 -> to=1 url=http://localhost:1111/vote/share
[vote/send] part=1 L=29 D=7 sumOnes=19 shares_len=29
[vote/send] pedersenCom(hex)=0200000000000000...
[vote/send] rangeProof(hex)=02000000000000000000000000000000...
[vote/send] pkt2 -> 2 (part=2)
[vote/send] from=3 -> to=2 url=http://localhost:1112/vote/share
[vote/send] part=2 L=29 D=7 sumOnes=19 shares_len=29
[vote/send] pedersenCom(hex)=0200000000000000...
[vote/send] rangeProof(hex)=02000000000000000000000000000000...
Server will be started at localhost:1113...
Received message in dispatch: &{}
Routing message of type: *priacy_compute.TriggerVRFMsg
Resolving message: &{}
Successfully triggered VRF evaluation.
VRFValue: 0.777359
VRFProof: 03c700faedfcbad9b66b64d746b522d2ce1af3a1ea5b9fafda74eae3f98467139a6a5566e9c753d7f397511457120b932d097f0a15d6af5c7d1dda379ad2dd3e5a6f76ae3abda5c086222065a645bdc994
VRFval: 0x1.8e01f5dbf975bp-01
VRFChosen: false
Bloom Params - M: 10, T: 3, EpsBF: 0.010000
Bloom L: 29, D: 7
Approved Indices: [6 4 7]
Node 1 selected as Aggregator 1
Node 2 selected as Aggregator 2
Received message in dispatch: &{[6 4 7]}
Routing message of type: *priacy_compute.LocalApproveVoteMsg
Successfully triggered aggregation process.
Successfully triggered local approve vote.
Resolving message: &{[6 4 7]}
Cleaned and Validated Approved Indices: [6 4 7]
Pedersen Commitment: 0200000000000000 (len=33)
Range Proof prefix: 02000000000000000000000000000000... (len=721)
[vote/send] pkt1 -> 1 (part=1)
[vote/send] from=3 -> to=1 url=http://localhost:1111/vote/share
[vote/send] part=1 L=29 D=7 sumOnes=18 shares_len=29
[vote/send] pedersenCom(hex)=0200000000000000...
[vote/send] rangeProof(hex)=02000000000000000000000000000000...
[vote/send] pkt2 -> 2 (part=2)
[vote/send] from=3 -> to=2 url=http://localhost:1112/vote/share
[vote/send] part=2 L=29 D=7 sumOnes=18 shares_len=29
[vote/send] pedersenCom(hex)=0200000000000000...
[vote/send] rangeProof(hex)=02000000000000000000000000000000...
Server will be started at localhost:1113...
Received message in dispatch: &{}
Routing message of type: *priacy_compute.TriggerVRFMsg
Resolving message: &{}
Successfully triggered VRF evaluation.
VRFValue: 0.675791
VRFProof: 02ad00a247e6939b40d42333b699c8c8dd4ad8d43990d3be20e3f818cfa9b08111e053781a636721c33637653ddbf476ce0b96e478d67379a686bfead090a99c1ce3b30a314c7283c9bf3ef94444d3ed13
VRFval: 0x1.5a01448fcd273p-01
VRFChosen: false
Bloom Params - M: 10, T: 3, EpsBF: 0.010000
Bloom L: 29, D: 7
Approved Indices: [9 1 5]
[AggSelect] self=3 IsAgg=false part=0 A=1 B=2
Successfully triggered aggregation process.
Received message in dispatch: &{[9 1 5]}
Routing message of type: *priacy_compute.LocalApproveVoteMsg
Successfully triggered local approve vote.
Resolving message: &{[9 1 5]}
Cleaned and Validated Approved Indices: [9 1 5]
Pedersen Commitment: 0200000000000000 (len=33)
Range Proof prefix: 02000000000000000000000000000000... (len=721)
[vote/send] pkt1 -> 1 (part=1)
[vote/send] from=3 -> to=1 url=http://localhost:1111/vote/share
[vote/send] part=1 L=29 D=7 sumOnes=15 shares_len=29
[vote/send] pedersenCom(hex)=0200000000000000...
[vote/send] rangeProof(hex)=02000000000000000000000000000000...
[vote/send] pkt2 -> 2 (part=2)
[vote/send] from=3 -> to=2 url=http://localhost:1112/vote/share
[vote/send] part=2 L=29 D=7 sumOnes=15 shares_len=29
[vote/send] pedersenCom(hex)=0200000000000000...
[vote/send] rangeProof(hex)=02000000000000000000000000000000...
Server will be started at localhost:1113...
Received message in dispatch: &{}
Routing message of type: *priacy_compute.TriggerVRFMsg
Resolving message: &{}
Successfully triggered VRF evaluation.
VRFValue: 0.462206
VRFProof: 0276531be43584535dc6ebef6b219de636b1e6b0ebdc9dc87d647a68bfe50beb4303de2e823a6fc13f396c03c363eb043f0fdb881c6ec546335659c14d93a160a02a39302edec4a5142bc72d07980f2481
VRFval: 0x1.d94c6f90d6115p-02
VRFChosen: false
Bloom Params - M: 10, T: 3, EpsBF: 0.010000
Bloom L: 29, D: 7
Approved Indices: [1 2 8]
Received message in dispatch: &{[1 2 8]}
Routing message of type: *priacy_compute.LocalApproveVoteMsg
Successfully triggered local approve vote.
Resolving message: &{[1 2 8]}
[AggSelect] self=3 IsAgg=false part=0 A=1 B=2
Successfully triggered aggregation process.
Server will be started at localhost:1113...
Received message in dispatch: &{}
Routing message of type: *priacy_compute.TriggerVRFMsg
Resolving message: &{}
Successfully triggered VRF evaluation.
VRFValue: 0.899829
VRFProof: 02e65b2a27b62bd169cbbb68117154ed03e29e4e4f76d6f0abd23b75880f40193b1f9a500597e72800101f9c74124a2d51006b88467a64c8e0f43a44e74361db24ed311b86443c5b932cf79b08b268d26d
VRFval: 0x1.ccb6544f6c57ap-01
VRFChosen: false
Bloom Params - M: 10, T: 3, EpsBF: 0.010000
Bloom L: 29, D: 7
Approved Indices: [7 8 3]
Received message in dispatch: &{[7 8 3]}
Routing message of type: *priacy_compute.LocalApproveVoteMsg
Successfully triggered local approve vote.
Resolving message: &{[7 8 3]}
[AggSelect] self=3 IsAgg=false part=0 A=1 B=2
Successfully triggered aggregation process.
Server will be started at localhost:1113...
Received message in dispatch: &{}
Routing message of type: *priacy_compute.TriggerVRFMsg
Resolving message: &{}
Successfully triggered VRF evaluation.
VRFValue: 0.013803
VRFProof: 0303889a86d088110c0140cc13e155ff7d8b8843f30cd712821be2c9cd0b8c27c79d695864b8aba90306640bf68fa7a5100fdd56bcf57470f6b04253828a63012e119593667acf6cf9486dabcbebbeed67
VRFval: 0x1.c44d436844088p-07
VRFChosen: true
Bloom Params - M: 10, T: 3, EpsBF: 0.010000
Bloom L: 29, D: 7
Approved Indices: [9 5 4]
Received message in dispatch: &{[9 5 4]}
Routing message of type: *priacy_compute.LocalApproveVoteMsg
Successfully triggered local approve vote.
Resolving message: &{[9 5 4]}
[AggSelect] self=3 IsAgg=false part=0 A=1 B=2
Successfully triggered aggregation process.
Server will be started at localhost:1113...
Received message in dispatch: &{}
Successfully triggered VRF evaluation.
Routing message of type: *priacy_compute.TriggerVRFMsg
Resolving message: &{}
VRFValue: 0.220912
VRFProof: 02388db49a5d40504c9d406d1885d1c9cb4fca8ddd03a55ff741eb8ce83053a9508d9d2b11848f23c3412be7c06c85fee201f74af2d4cd57aa1c1b46eb920bc651b78b15731c471f0dda4c082e88d5a09b
VRFval: 0x1.c46da4d2ea028p-03
VRFChosen: true
Bloom Params - M: 10, T: 3, EpsBF: 0.010000
Bloom L: 29, D: 7
Approved Indices: [7 5 6]
[AggSelect] self=3 IsAgg=false part=0 A=1 B=2
Successfully triggered aggregation process.
Received message in dispatch: &{[7 5 6]}
Routing message of type: *priacy_compute.LocalApproveVoteMsg
Successfully triggered local approve vote.
Resolving message: &{[7 5 6]}
Cleaned and Validated Approved Indices: [7 5 6]
Pedersen Commitment: 0200000000000000 (len=33)
Range Proof prefix: 02000000000000000000000000000000... (len=721)
[vote/send] pkt1 -> 1 (part=1)
[vote/send] from=3 -> to=1 url=http://localhost:1111/vote/share
[vote/send] part=1 L=29 D=7 sumOnes=18 shares_len=29
[vote/send] pedersenCom(hex)=0200000000000000...
[vote/send] rangeProof(hex)=02000000000000000000000000000000...
[vote/send] pkt2 -> 2 (part=2)
[vote/send] from=3 -> to=2 url=http://localhost:1112/vote/share
[vote/send] part=2 L=29 D=7 sumOnes=18 shares_len=29
[vote/send] pedersenCom(hex)=0200000000000000...
[vote/send] rangeProof(hex)=02000000000000000000000000000000...
Server will be started at localhost:1113...
Received message in dispatch: &{}
Routing message of type: *priacy_compute.TriggerVRFMsg
Resolving message: &{}
Successfully triggered VRF evaluation.
VRFValue: 0.382961
VRFProof: 026209beae2f93fb0e94bafa099a378d74410a5f6fc187cd8f96e96c3e81472f448acb55db58ff30597557d3edce4aa4150fe7d713a12aecabc67c877c7cccf947e4af38ce708b2b88897e39db3269893a
VRFval: 0x1.8826fab8be4ffp-02
VRFChosen: false
Bloom Params - M: 10, T: 3, EpsBF: 0.010000
Bloom L: 29, D: 7
Approved Indices: [4 1 8]
Received message in dispatch: &{[4 1 8]}
Routing message of type: *priacy_compute.LocalApproveVoteMsg
Successfully triggered local approve vote.
Resolving message: &{[4 1 8]}
[AggSelect] self=3 IsAgg=false part=0 A=1 B=2
Successfully triggered aggregation process.
Server will be started at localhost:1113...
Successfully triggered VRF evaluation.
Received message in dispatch: &{}
Routing message of type: *priacy_compute.TriggerVRFMsg
Resolving message: &{}
VRFValue: 0.436872
VRFProof: 026fd6da78821b0a8f6cbb38f1180b2cc852d7492076ad8fc5f571fe017d228b48a6baa9f8edb2f371b2075cb69d018707048e21f504fc3004b79cd7bb7ef31a0efddb0abe99a800593417bf0a0209fa84
VRFval: 0x1.bf5b69e2086c3p-02
VRFChosen: false
Bloom Params - M: 10, T: 3, EpsBF: 0.010000
Bloom L: 29, D: 7
Approved Indices: [4 9 0]
[AggSelect] self=3 IsAgg=false part=0 A=1 B=2
Successfully triggered aggregation process.
Successfully triggered local approve vote.
Received message in dispatch: &{[4 9 0]}
Routing message of type: *priacy_compute.LocalApproveVoteMsg
Resolving message: &{[4 9 0]}
Cleaned and Validated Approved Indices: [4 9 0]
Pedersen Commitment: 0200000000000000 (len=33)
Range Proof prefix: 02000000000000000000000000000000... (len=721)
[vote/send] pkt1 -> 1 (part=1)
[vote/send] from=3 -> to=1 url=http://localhost:1111/vote/share
[vote/send] part=1 L=29 D=7 sumOnes=16 shares_len=29
[vote/send] pedersenCom(hex)=0200000000000000...
[vote/send] rangeProof(hex)=02000000000000000000000000000000...
[vote/send] pkt2 -> 2 (part=2)
[vote/send] from=3 -> to=2 url=http://localhost:1112/vote/share
[vote/send] part=2 L=29 D=7 sumOnes=16 shares_len=29
[vote/send] pedersenCom(hex)=0200000000000000...
[vote/send] rangeProof(hex)=02000000000000000000000000000000...
Server will be started at localhost:1113...
Received message in dispatch: &{}
Routing message of type: *priacy_compute.TriggerVRFMsg
Resolving message: &{}
Successfully triggered VRF evaluation.
VRFValue: 0.569016
VRFProof: 0291ab079402117d3fe125e24ff918bb01d2c2422550b2b50729bb7efa64f4953a7e845858dc9969be28dfe76b30e318ac01a13b9f914315260567b1aba288ce0a3f0ffc252c2ccb6139fcbcac29492a1e
VRFval: 0x1.23560f280423p-01
VRFChosen: false
Bloom Params - M: 10, T: 3, EpsBF: 0.010000
Bloom L: 29, D: 7
Approved Indices: [3 8 0]
Received message in dispatch: &{[3 8 0]}
Routing message of type: *priacy_compute.LocalApproveVoteMsg
Successfully triggered local approve vote.
Resolving message: &{[3 8 0]}
[AggSelect] self=3 IsAgg=false part=0 A=1 B=2
Successfully triggered aggregation process.
Server will be started at localhost:1113...
Received message in dispatch: &{}
Routing message of type: *priacy_compute.TriggerVRFMsg
Resolving message: &{}
VRFValue: 0.357237
VRFProof: 025b73e4b8bbe8eb866eeb619ae409b5290f1412ccf426ec35e1d68aeb96061547bd079548a60b279d45f3b0903196b6c30af4ca42e0d0d69d043a07381335f17888aed6d948bf935d30cd272f6b39c493
VRFval: 0x1.6dcf92e2efa3bp-02
VRFChosen: false
Bloom Params - M: 10, T: 3, EpsBF: 0.010000
Bloom L: 29, D: 7
Approved Indices: [9 3 1]
Successfully triggered VRF evaluation.
Received message in dispatch: &{[9 3 1]}
Routing message of type: *priacy_compute.LocalApproveVoteMsg
Successfully triggered local approve vote.
Resolving message: &{[9 3 1]}
[AggSelect] self=3 IsAgg=false part=0 A=1 B=2
Successfully triggered aggregation process.
Server will be started at localhost:1113...
Received message in dispatch: &{}
Routing message of type: *priacy_compute.TriggerVRFMsg
Resolving message: &{}
Successfully triggered VRF evaluation.
VRFValue: 0.549995
VRFProof: 028ccc770dc26bead728c70bb77efc8ec0013b4a0a8c6d3efb68a1f930e5a5bb3cbc0cc90ca82ed08078940e63409d74c80412a3eaabb7ae6dfe87f076e5081838e027b4d8d79fdad6e9bfc4851294cb66
VRFval: 0x1.1998ee1b84d7dp-01
VRFChosen: false
Bloom Params - M: 10, T: 3, EpsBF: 0.010000
Bloom L: 29, D: 7
Approved Indices: [7 6 1]
[AggSelect] self=3 IsAgg=false part=0 A=1 B=2
Received message in dispatch: &{[7 6 1]}
Routing message of type: *priacy_compute.LocalApproveVoteMsg
Successfully triggered aggregation process.
Successfully triggered local approve vote.
Resolving message: &{[7 6 1]}
Cleaned and Validated Approved Indices: [7 6 1]
Pedersen Commitment: 0200000000000000 (len=33)
Range Proof prefix: 02000000000000000000000000000000... (len=721)
[vote/send] pkt1 -> 1 (part=1)
[vote/send] from=3 -> to=1 url=http://localhost:1111/vote/share
[vote/send] part=1 L=29 D=7 sumOnes=17 shares_len=29
[vote/send] pedersenCom(hex)=0200000000000000...
[vote/send] rangeProof(hex)=02000000000000000000000000000000...
[vote/send] pkt2 -> 2 (part=2)
[vote/send] from=3 -> to=2 url=http://localhost:1112/vote/share
[vote/send] part=2 L=29 D=7 sumOnes=17 shares_len=29
[vote/send] pedersenCom(hex)=0200000000000000...
[vote/send] rangeProof(hex)=02000000000000000000000000000000...
Server will be started at localhost:1113...
Received message in dispatch: &{}
Routing message of type: *priacy_compute.TriggerVRFMsg
Resolving message: &{}
Successfully triggered VRF evaluation.
VRFValue: 0.868350
VRFProof: 02de4c2cc646d98a266552cece97a8bd2ea7b56c6f23abbcd62c8c8fe7e35c4878daf6cec58bf1f5b72526311ccfe341780be0c7baadbb664e87b709c3709e84e809d40447c838edd95f5a87e970b39244
VRFval: 0x1.bc98598c8db31p-01
VRFChosen: false
Bloom Params - M: 10, T: 3, EpsBF: 0.010000
Bloom L: 29, D: 7
Approved Indices: [1 2 5]
Received message in dispatch: &{[1 2 5]}
Routing message of type: *priacy_compute.LocalApproveVoteMsg
Successfully triggered local approve vote.
Resolving message: &{[1 2 5]}
[AggSelect] self=3 IsAgg=false part=0 A=1 B=2
Successfully triggered aggregation process.
Server will be started at localhost:1113...
Received message in dispatch: &{}
Routing message of type: *priacy_compute.TriggerVRFMsg
Resolving message: &{}
VRFValue: 0.833672
VRFProof: 03d56b882ce97e9963f173870f451b4e2ef835fc6ada48c1ec2b5143b623bda48838812d9ca129d5b580b059b58edbc93f0cf565b68fe98e3c2a3184053db63c17d9144c42d8dd5d40eb8461987f699f98
VRFval: 0x1.aad71059d2fd3p-01
VRFChosen: false
Bloom Params - M: 10, T: 3, EpsBF: 0.010000
Bloom L: 29, D: 7
Approved Indices: [5 2 1]
Successfully triggered VRF evaluation.
Received message in dispatch: &{[5 2 1]}
Routing message of type: *priacy_compute.LocalApproveVoteMsg
Successfully triggered local approve vote.
Resolving message: &{[5 2 1]}
[AggSelect] self=3 IsAgg=false part=0 A=1 B=2
Successfully triggered aggregation process.
Server will be started at localhost:1113...
Received message in dispatch: &{}
Routing message of type: *priacy_compute.TriggerVRFMsg
Resolving message: &{}
Successfully triggered VRF evaluation.
VRFValue: 0.205366
VRFProof: 033492e40bf1f23fa84a170d3b00b9cf642b6b7192089db0ed5e73277077e1dc8509601dbc815536a1ae2de60f6a908ba00822f87af524236b4f1bed64a86df20c1187bf818c60015923e31affa0c300f8
VRFval: 0x1.a497205f8f92p-03
VRFChosen: true
Bloom Params - M: 10, T: 3, EpsBF: 0.010000
Bloom L: 29, D: 7
Approved Indices: [0 1 4]
Received message in dispatch: &{[0 1 4]}
Routing message of type: *priacy_compute.LocalApproveVoteMsg
[AggSelect] self=3 IsAgg=false part=0 A=1 B=2
Successfully triggered local approve vote.
Successfully triggered aggregation process.
Resolving message: &{[0 1 4]}
Cleaned and Validated Approved Indices: [0 1 4]
Pedersen Commitment: 0200000000000000 (len=33)
Range Proof prefix: 02000000000000000000000000000000... (len=721)
[vote/send] pkt1 -> 1 (part=1)
[vote/send] from=3 -> to=1 url=http://localhost:1111/vote/share
[vote/send] part=1 L=29 D=7 sumOnes=17 shares_len=29
[vote/send] pedersenCom(hex)=0200000000000000...
[vote/send] rangeProof(hex)=02000000000000000000000000000000...
[vote/send] pkt2 -> 2 (part=2)
[vote/send] from=3 -> to=2 url=http://localhost:1112/vote/share
[vote/send] part=2 L=29 D=7 sumOnes=17 shares_len=29
[vote/send] pedersenCom(hex)=0200000000000000...
[vote/send] rangeProof(hex)=02000000000000000000000000000000...
Server will be started at localhost:1113...
Received message in dispatch: &{}
Routing message of type: *priacy_compute.TriggerVRFMsg
Resolving message: &{}
Successfully triggered VRF evaluation.
VRFValue: 0.892820
VRFProof: 02e48fd44cb8c522e20cce34fc57e1f8ea9de4e1146f27ce7536ba102e82f1106966561f81861a64a9a4e9a710e8394d7d089f2bfa514d5a645a8ded72dfd630230db938a9a3a5e316c6e9b849b5e3e828
VRFval: 0x1.c91fa899718a4p-01
VRFChosen: false
Bloom Params - M: 10, T: 3, EpsBF: 0.010000
Bloom L: 29, D: 7
Approved Indices: [4 0 2]
[AggSelect] self=3 IsAgg=false part=0 A=1 B=2
Successfully triggered aggregation process.
Received message in dispatch: &{[4 0 2]}
Routing message of type: *priacy_compute.LocalApproveVoteMsg
Successfully triggered local approve vote.
Resolving message: &{[4 0 2]}
Cleaned and Validated Approved Indices: [4 0 2]
Pedersen Commitment: 0200000000000000 (len=33)
Range Proof prefix: 02000000000000000000000000000000... (len=721)
[vote/send] pkt1 -> 1 (part=1)
[vote/send] from=3 -> to=1 url=http://localhost:1111/vote/share
[vote/send] part=1 L=29 D=7 sumOnes=16 shares_len=29
[vote/send] pedersenCom(hex)=0200000000000000...
[vote/send] rangeProof(hex)=02000000000000000000000000000000...
[vote/send] pkt2 -> 2 (part=2)
[vote/send] from=3 -> to=2 url=http://localhost:1112/vote/share
[vote/send] part=2 L=29 D=7 sumOnes=16 shares_len=29
[vote/send] pedersenCom(hex)=0200000000000000...
[vote/send] rangeProof(hex)=02000000000000000000000000000000...
Server will be started at localhost:1113...
Received message in dispatch: &{}
Routing message of type: *priacy_compute.TriggerVRFMsg
Resolving message: &{}
VRFValue: 0.973003
VRFProof: 03f916b53faca08bf27132fdb3a917e452519a5d4eb91f417268f76cec651aa0872616664ee77e94fccaf9ba23efe5119f00a95bf9ea21086dc76c88ac1705e8bcf8af67eb738b3e08388b52a2610ac820
VRFval: 0x1.f22d6a7f59411p-01
VRFChosen: false
Bloom Params - M: 10, T: 3, EpsBF: 0.010000
Bloom L: 29, D: 7
Approved Indices: [0 9 1]
Successfully triggered VRF evaluation.
Received message in dispatch: &{[0 9 1]}
Routing message of type: *priacy_compute.LocalApproveVoteMsg
Successfully triggered local approve vote.
Resolving message: &{[0 9 1]}
[AggSelect] self=3 IsAgg=false part=0 A=1 B=2
Successfully triggered aggregation process.
Server will be started at localhost:1113...
Received message in dispatch: &{}
Routing message of type: *priacy_compute.TriggerVRFMsg
Resolving message: &{}
Successfully triggered VRF evaluation.
VRFValue: 0.198281
VRFProof: 0232c28c1fc15cb8e031b13d978d51cfef0c9895d8e265b32be7553a815d7da351da14a878715992d7512368e81e8fa761078aba238e3c3847800d021addf3475bbf816492d5888ca98f30b9219557a2d3
VRFval: 0x1.961460fe0ae5cp-03
VRFChosen: true
Bloom Params - M: 10, T: 3, EpsBF: 0.010000
Bloom L: 29, D: 7
Approved Indices: [9 6 7]
Received message in dispatch: &{[9 6 7]}
Routing message of type: *priacy_compute.LocalApproveVoteMsg
Successfully triggered local approve vote.
Resolving message: &{[9 6 7]}
[AggSelect] self=3 IsAgg=false part=0 A=1 B=2
Successfully triggered aggregation process.
Server will be started at localhost:1113...
Received message in dispatch: &{}
Routing message of type: *priacy_compute.TriggerVRFMsg
Resolving message: &{}
Successfully triggered VRF evaluation.
VRFValue: 0.033299
VRFProof: 0208864db6d6eeee7ca46e797c709db53bf82d83992e5abdcce4826613677a8c141ca6a4c427c04edd1aaaac01a169548e0ff7bfea45813b9f8d2019b5da8e1bb15f733b87bc430d0678986ae36bc3710b
VRFval: 0x1.10c9b6dadddddp-05
VRFChosen: true
Bloom Params - M: 10, T: 3, EpsBF: 0.010000
Bloom L: 29, D: 7
Approved Indices: [1 9 2]
Received message in dispatch: &{[1 9 2]}
Routing message of type: *priacy_compute.LocalApproveVoteMsg
Successfully triggered local approve vote.
Resolving message: &{[1 9 2]}
[AggSelect] self=3 IsAgg=false part=0 A=1 B=2
Successfully triggered aggregation process.
Server will be started at localhost:1113...
Received message in dispatch: &{}
[dispatchMsg] Forwarding message: *priacy_compute.TriggerVRFMsg
Routing message of type: *priacy_compute.TriggerVRFMsg
[routeMsg] Message of type *priacy_compute.TriggerVRFMsg forwarded to MsgDelivery
Resolving message: &{}
VRFValue: 0.780332
VRFProof: 03c7c3d3748efc02dc45b90abef00647be51942c24ff838dd4f57339b92fdd22b57147e01972a3ca75acf16ee214f08c3305c31de41bb826a118b0e6702427deaf90e5dfb2ce856366c27894fe64f97f86
VRFval: 0x1.8f87a6e91df8p-01
VRFChosen: false
Bloom Params - M: 10, T: 3, EpsBF: 0.010000
Bloom L: 29, D: 7
Approved Indices: [1 5 4]
Successfully triggered VRF evaluation.
Received message in dispatch: &{[1 5 4]}
[dispatchMsg] Forwarding message: *priacy_compute.LocalApproveVoteMsg
Routing message of type: *priacy_compute.LocalApproveVoteMsg
[routeMsg] Message of type *priacy_compute.LocalApproveVoteMsg forwarded to MsgDelivery
Successfully triggered local approve vote.
Resolving message: &{[1 5 4]}
[AggSelect] self=3 IsAgg=false part=0 A=1 B=2
Successfully triggered aggregation process.
Server will be started at localhost:1113...
Received message in dispatch: &{}
[dispatchMsg] Forwarding message: *priacy_compute.TriggerVRFMsg
Routing message of type: *priacy_compute.TriggerVRFMsg
[routeMsg] Message of type *priacy_compute.TriggerVRFMsg forwarded to MsgDelivery
Resolving message: &{}
Successfully triggered VRF evaluation.
VRFValue: 0.315345
VRFProof: 0250ba7a35b073f08e13b4331e59489873190ba6b495bc12b2b737110cc420650acb1d30dd1d5298ba108d817f962730170e9c29fb53b51311bd5103acd03af03900b849e7424ffedcd6e014d705d37085
VRFval: 0x1.42e9e8d6c1cfcp-02
VRFChosen: false
Bloom Params - M: 10, T: 3, EpsBF: 0.010000
Bloom L: 29, D: 7
Approved Indices: [3 6 1]
Received message in dispatch: &{[3 6 1]}
[dispatchMsg] Forwarding message: *priacy_compute.LocalApproveVoteMsg
Routing message of type: *priacy_compute.LocalApproveVoteMsg
[routeMsg] Message of type *priacy_compute.LocalApproveVoteMsg forwarded to MsgDelivery
Successfully triggered local approve vote.
Resolving message: &{[3 6 1]}
[AggSelect] self=3 IsAgg=false part=0 A=1 B=2
Successfully triggered aggregation process.
Server will be started at localhost:1113...
Received message in dispatch: &{}
[dispatchMsg] Forwarding message: *priacy_compute.TriggerVRFMsg
Routing message of type: *priacy_compute.TriggerVRFMsg
[routeMsg] Message of type *priacy_compute.TriggerVRFMsg forwarded to MsgDelivery
Resolving message: &{}
Successfully triggered VRF evaluation.
VRFValue: 0.276798
VRFProof: 0246dc347bb02c9cfc19eb6867e4749dce094f7aa8a11b200e92a112e83652c859b9651c8d0d14ef7d07e7ddb8e55f9ed608b771e69d58c378094741900e8e97b9d936ee56860449bf526bef331b3f5559
VRFval: 0x1.1b70d1eec0b27p-02
VRFChosen: true
Bloom Params - M: 10, T: 3, EpsBF: 0.010000
Bloom L: 29, D: 7
Approved Indices: [6 2 3]
Received message in dispatch: &{[6 2 3]}
[dispatchMsg] Forwarding message: *priacy_compute.LocalApproveVoteMsg
Routing message of type: *priacy_compute.LocalApproveVoteMsg
[routeMsg] Message of type *priacy_compute.LocalApproveVoteMsg forwarded to MsgDelivery
Successfully triggered local approve vote.
Resolving message: &{[6 2 3]}
Server will be started at localhost:1113...
Received message in dispatch: &{}
[dispatchMsg] Forwarding message: *priacy_compute.TriggerVRFMsg
Routing message of type: *priacy_compute.TriggerVRFMsg
[routeMsg] Message of type *priacy_compute.TriggerVRFMsg forwarded to MsgDelivery
Successfully triggered VRF evaluation.
Waiting for 1 minute before triggering aggregation...
Resolving message: &{}
VRFValue: 0.091226
VRFProof: 03175a9bb1372a7c1c7064b446bfc9431c3a4bc5a6586200d92d7e7661d40399e9d7c33df562a5f552c2d43b3d16098ed70ae7454c77674536944eacd40a882e00e28cf214b7f8815be58a0ad121811a1b
VRFval: 0x1.75a9bb1372a7cp-04
VRFChosen: true
Bloom Params - M: 10, T: 3, EpsBF: 0.010000
Bloom L: 29, D: 7
Approved Indices: [3 4 1]
Successfully triggered local approve vote.
Received message in dispatch: &{[3 4 1]}
[dispatchMsg] Forwarding message: *priacy_compute.LocalApproveVoteMsg
Routing message of type: *priacy_compute.LocalApproveVoteMsg
[routeMsg] Message of type *priacy_compute.LocalApproveVoteMsg forwarded to MsgDelivery
Resolving message: &{[3 4 1]}
Server will be started at localhost:1113...
Received message in dispatch: &{}
[dispatchMsg] Forwarding message: *priacy_compute.TriggerVRFMsg
Routing message of type: *priacy_compute.TriggerVRFMsg
[routeMsg] Message of type *priacy_compute.TriggerVRFMsg forwarded to MsgDelivery
Resolving message: &{}
Successfully triggered VRF evaluation.
Waiting for 1 minute before triggering aggregation...
VRFValue: 0.511425
VRFProof: 0282ecc695c685162e5a1fa4faa51d2f2f73464221867b21e704764aa3dcc16749b5cd6c6aa033d9bd1235bd6eedc3b1b40ac49c001e97b9748f4b31514589387611b4ed162fc2efffeb83f1ded4bcf1f9
VRFval: 0x1.05d98d2b8d0a3p-01
VRFChosen: false
Bloom Params - M: 10, T: 3, EpsBF: 0.010000
Bloom L: 29, D: 7
Approved Indices: [0 5 1]
Received message in dispatch: &{[0 5 1]}
[dispatchMsg] Forwarding message: *priacy_compute.LocalApproveVoteMsg
Routing message of type: *priacy_compute.LocalApproveVoteMsg
[routeMsg] Message of type *priacy_compute.LocalApproveVoteMsg forwarded to MsgDelivery
Successfully triggered local approve vote.
Resolving message: &{[0 5 1]}
[AggSelect] self=3 IsAgg=false part=0 A=1 B=2
Successfully triggered aggregation process.
Server will be started at localhost:1113...
Received message in dispatch: &{}
[dispatchMsg] Forwarding message: *priacy_compute.TriggerVRFMsg
Routing message of type: *priacy_compute.TriggerVRFMsg
[routeMsg] Message of type *priacy_compute.TriggerVRFMsg forwarded to MsgDelivery
Resolving message: &{}
Successfully triggered VRF evaluation.
Waiting for 1 minute before triggering aggregation...
VRFValue: 0.393145
VRFProof: 0364a52bbcf4c8c52b9ad356bb41ec803866aa4b4b3366d21e58074c80c47412ca5f1079fb42656c1657bba9215c5f2c8f00d9408e110344af443c300b601dfbe9f1559c6a1c0694d80669ab4d68877f7e
VRFval: 0x1.9294aef3d3231p-02
VRFChosen: false
Bloom Params - M: 10, T: 3, EpsBF: 0.010000
Bloom L: 29, D: 7
Approved Indices: [4 5 6]
Received message in dispatch: &{[4 5 6]}
[dispatchMsg] Forwarding message: *priacy_compute.LocalApproveVoteMsg
Routing message of type: *priacy_compute.LocalApproveVoteMsg
[routeMsg] Message of type *priacy_compute.LocalApproveVoteMsg forwarded to MsgDelivery
Successfully triggered local approve vote.
Resolving message: &{[4 5 6]}
Server will be started at localhost:1113...
Received message in dispatch: &{}
[dispatchMsg] Forwarding message: *priacy_compute.TriggerVRFMsg
Routing message of type: *priacy_compute.TriggerVRFMsg
[routeMsg] Message of type *priacy_compute.TriggerVRFMsg forwarded to MsgDelivery
Resolving message: &{}
VRFValue: 0.984859
VRFProof: 03fc1fbf47bd4362843e23293259671d5a0c57a133406044127fb3bf5d3eb867d284fa2d4cc0b353332deb1592043ee2f508784f7ffa2ec44bb68f200bfab9ebb0bb973eceff2bbb4d070459bd4691657b
VRFval: 0x1.f83f7e8f7a86cp-01
VRFChosen: false
Bloom Params - M: 10, T: 3, EpsBF: 0.010000
Bloom L: 29, D: 7
Approved Indices: [6 9 2]
Successfully triggered VRF evaluation.
Waiting for 1 minute before triggering aggregation...
Received message in dispatch: &{[6 9 2]}
[dispatchMsg] Forwarding message: *priacy_compute.LocalApproveVoteMsg
Routing message of type: *priacy_compute.LocalApproveVoteMsg
[routeMsg] Message of type *priacy_compute.LocalApproveVoteMsg forwarded to MsgDelivery
Successfully triggered local approve vote.
Resolving message: &{[6 9 2]}
[AggSelect] self=3 IsAgg=false part=0 A=1 B=2
Test data added to RecvSharesPart1 and RecvSharesPart2
Successfully triggered aggregation process.
Server will be started at localhost:1113...
Received message in dispatch: &{}
[dispatchMsg] Forwarding message: *priacy_compute.TriggerVRFMsg
Routing message of type: *priacy_compute.TriggerVRFMsg
[routeMsg] Message of type *priacy_compute.TriggerVRFMsg forwarded to MsgDelivery
Resolving message: &{}
Successfully triggered VRF evaluation.
Waiting for 1 minute before triggering aggregation...
VRFValue: 0.944629
VRFProof: 03f1d337bc9f13e3a8e828271915b91fa474e2e5af73b0f31bb01d285b4193a4978292ae2e5da0432d87c608858e5641ea04e4e54105f4681872e9689e47cb6bb6c0029f1aca3d2a8c1fadfadc0815f3fa
VRFval: 0x1.e3a66f793e27cp-01
VRFChosen: false
Bloom Params - M: 10, T: 3, EpsBF: 0.010000
Bloom L: 29, D: 7
Approved Indices: [5 6 4]
Successfully triggered local approve vote.
Received message in dispatch: &{[5 6 4]}
[dispatchMsg] Forwarding message: *priacy_compute.LocalApproveVoteMsg
Routing message of type: *priacy_compute.LocalApproveVoteMsg
[routeMsg] Message of type *priacy_compute.LocalApproveVoteMsg forwarded to MsgDelivery
Resolving message: &{[5 6 4]}
[AggSelect] self=3 IsAgg=false part=0 A=1 B=2
Test data added to RecvSharesPart1 and RecvSharesPart2
Successfully triggered aggregation process.
Server will be started at localhost:1113...
Received message in dispatch: &{}
[dispatchMsg] Forwarding message: *priacy_compute.TriggerVRFMsg
Routing message of type: *priacy_compute.TriggerVRFMsg
[routeMsg] Message of type *priacy_compute.TriggerVRFMsg forwarded to MsgDelivery
Resolving message: &{}
Successfully triggered VRF evaluation.
Waiting for 1 minute before triggering aggregation...
VRFValue: 0.895000
VRFProof: 03e51ebd0863e59d05a4470d9e352d45399b3c5fe77477c913c445b741e1f02ac2b82903909f2f7ea13f6f7f9536ebbf7c09971d1a6a7fbaabd0a69ab9919fb2e18699c3027d7f7c55f3d5b0f7ee448df0
VRFval: 0x1.ca3d7a10c7cb4p-01
VRFChosen: false
Bloom Params - M: 10, T: 3, EpsBF: 0.010000
Bloom L: 29, D: 7
Approved Indices: [0 7 9]
Received message in dispatch: &{[0 7 9]}
[dispatchMsg] Forwarding message: *priacy_compute.LocalApproveVoteMsg
Routing message of type: *priacy_compute.LocalApproveVoteMsg
[routeMsg] Message of type *priacy_compute.LocalApproveVoteMsg forwarded to MsgDelivery
Successfully triggered local approve vote.
Resolving message: &{[0 7 9]}
[AggSelect] self=3 IsAgg=false part=0 A=1 B=2
Test data added to RecvSharesPart1 and RecvSharesPart2
Successfully triggered aggregation process.
Server will be started at localhost:1113...
Received message in dispatch: &{}
[dispatchMsg] Forwarding message: *priacy_compute.TriggerVRFMsg
Routing message of type: *priacy_compute.TriggerVRFMsg
[routeMsg] Message of type *priacy_compute.TriggerVRFMsg forwarded to MsgDelivery
Resolving message: &{}
Successfully triggered VRF evaluation.
Waiting for 1 minute before triggering aggregation...
VRFValue: 0.325244
VRFProof: 03534329436eadd4d160ab8e8dbd560f9ec2ddf88d43a0269923af58c43afda5fd2096e9f71cd12c4cb70743ca6bd1b2980ac0d7e22ea6137705208a200b6176f214c8fbf8a30e0ca286a6e62710325bac
VRFval: 0x1.4d0ca50dbab75p-02
VRFChosen: false
Bloom Params - M: 10, T: 3, EpsBF: 0.010000
Bloom L: 29, D: 7
Approved Indices: [5 6 2]
Received message in dispatch: &{[5 6 2]}
[dispatchMsg] Forwarding message: *priacy_compute.LocalApproveVoteMsg
Routing message of type: *priacy_compute.LocalApproveVoteMsg
[routeMsg] Message of type *priacy_compute.LocalApproveVoteMsg forwarded to MsgDelivery
Successfully triggered local approve vote.
Resolving message: &{[5 6 2]}
[AggSelect] self=3 IsAgg=false part=0 A=1 B=2
Test data added to RecvSharesPart1 and RecvSharesPart2
Successfully triggered aggregation process.
Server will be started at localhost:1113...
Successfully triggered VRF evaluation.
Waiting for 1 minute before triggering aggregation...
Received message in dispatch: &{}
[dispatchMsg] Forwarding message: *priacy_compute.TriggerVRFMsg
Routing message of type: *priacy_compute.TriggerVRFMsg
[routeMsg] Message of type *priacy_compute.TriggerVRFMsg forwarded to MsgDelivery
Resolving message: &{}
VRFValue: 0.098234
VRFProof: 021925e3d70660bf97a1c8c5f16b2aa64c9b1339fbbcac50ccf465c46ac38fd8223a955080ff39264debfddc431b389ad10bcc5223c4606986ecb2283dda010690eb7560884860090e11d757c8405170bb
VRFval: 0x1.925e3d70660cp-04
VRFChosen: true
Bloom Params - M: 10, T: 3, EpsBF: 0.010000
Bloom L: 29, D: 7
Approved Indices: [1 9 0]
Received message in dispatch: &{[1 9 0]}
[dispatchMsg] Forwarding message: *priacy_compute.LocalApproveVoteMsg
Routing message of type: *priacy_compute.LocalApproveVoteMsg
[routeMsg] Message of type *priacy_compute.LocalApproveVoteMsg forwarded to MsgDelivery
Successfully triggered local approve vote.
Resolving message: &{[1 9 0]}
[AggSelect] self=3 IsAgg=false part=0 A=1 B=2
Test data added to RecvSharesPart1 and RecvSharesPart2
Successfully triggered aggregation process.
Server will be started at localhost:1113...
Received message in dispatch: &{}
[dispatchMsg] Forwarding message: *priacy_compute.TriggerVRFMsg
Routing message of type: *priacy_compute.TriggerVRFMsg
[routeMsg] Message of type *priacy_compute.TriggerVRFMsg forwarded to MsgDelivery
Resolving message: &{}
Successfully triggered VRF evaluation.
Waiting for 1 minute before triggering aggregation...
VRFValue: 0.912368
VRFProof: 03e990f372f33e8988a07dfbd4ae56ff39580cecfa6d425e027e8a08dde3133f9f6d4ea072cebc14ad6db2bbb2e18517480aaadd8116ebe8ba23b0d0e7d74fc3dfc292556d5d7dbc9589cb3740f6020f3a
VRFval: 0x1.d321e6e5e67d1p-01
VRFChosen: false
Bloom Params - M: 10, T: 3, EpsBF: 0.010000
Bloom L: 29, D: 7
Approved Indices: [9 7 1]
Received message in dispatch: &{[9 7 1]}
[dispatchMsg] Forwarding message: *priacy_compute.LocalApproveVoteMsg
Routing message of type: *priacy_compute.LocalApproveVoteMsg
[routeMsg] Message of type *priacy_compute.LocalApproveVoteMsg forwarded to MsgDelivery
Successfully triggered local approve vote.
Resolving message: &{[9 7 1]}
[AggSelect] self=3 IsAgg=false part=0 A=1 B=2
Test data added to RecvSharesPart1 and RecvSharesPart2
Successfully triggered aggregation process.
Server will be started at localhost:1113...
Received message in dispatch: &{}
[dispatchMsg] Forwarding message: *priacy_compute.TriggerVRFMsg
Routing message of type: *priacy_compute.TriggerVRFMsg
[routeMsg] Message of type *priacy_compute.TriggerVRFMsg forwarded to MsgDelivery
Resolving message: &{}
Successfully triggered VRF evaluation.
Waiting for 1 minute before triggering aggregation...
VRFValue: 0.894742
VRFProof: 03e50dcd4fd808fc8414dfab0183db6f9f3d90393370535c7b9c28873fd53d35b8034e97900c239ea02a9a85a16a68cb7508f5a276fd7820c473d03a5ba5995a1cd7a8532a2aad4b9ae2c6eb7e2f3e4d4f
VRFval: 0x1.ca1b9a9fb012p-01
VRFChosen: false
Bloom Params - M: 10, T: 3, EpsBF: 0.010000
Bloom L: 29, D: 7
Approved Indices: [3 0 6]
Received message in dispatch: &{[3 0 6]}
[dispatchMsg] Forwarding message: *priacy_compute.LocalApproveVoteMsg
Routing message of type: *priacy_compute.LocalApproveVoteMsg
[routeMsg] Message of type *priacy_compute.LocalApproveVoteMsg forwarded to MsgDelivery
Successfully triggered local approve vote.
Resolving message: &{[3 0 6]}
[AggSelect] self=3 IsAgg=false part=0 A=1 B=2
Test data added to RecvSharesPart1 and RecvSharesPart2
Successfully triggered aggregation process.
Server will be started at localhost:1113...
Received message in dispatch: &{}
[dispatchMsg] Forwarding message: *priacy_compute.TriggerVRFMsg
Routing message of type: *priacy_compute.TriggerVRFMsg
[routeMsg] Message of type *priacy_compute.TriggerVRFMsg forwarded to MsgDelivery
Successfully triggered VRF evaluation.
Resolving message: &{}
Waiting for 1 minute before triggering aggregation...
VRFValue: 0.336664
VRFProof: 03562f9ae585b675cd7b20318ff0dddbd593e3202c042ef9a0fdf0b5c68981e196f41c87a31bac3bb643636e93bb29abb90a935f554768a803b17ce1afa2f2fa752910088db49226d937945937a4113224
VRFval: 0x1.58be6b9616d9dp-02
VRFChosen: false
Bloom Params - M: 10, T: 3, EpsBF: 0.010000
Bloom L: 29, D: 7
Approved Indices: [6 5 4]
Received message in dispatch: &{[6 5 4]}
[dispatchMsg] Forwarding message: *priacy_compute.LocalApproveVoteMsg
Routing message of type: *priacy_compute.LocalApproveVoteMsg
[routeMsg] Message of type *priacy_compute.LocalApproveVoteMsg forwarded to MsgDelivery
Successfully triggered local approve vote.
Resolving message: &{[6 5 4]}
[AggSelect] self=3 IsAgg=false part=0 A=1 B=2
Test data added to RecvSharesPart1 and RecvSharesPart2
Successfully triggered aggregation process.
Server will be started at localhost:1113...
Received message in dispatch: &{}
[dispatchMsg] Forwarding message: *priacy_compute.TriggerVRFMsg
Routing message of type: *priacy_compute.TriggerVRFMsg
[routeMsg] Message of type *priacy_compute.TriggerVRFMsg forwarded to MsgDelivery
Resolving message: &{}
Successfully triggered VRF evaluation.
Waiting for 1 minute before triggering aggregation...
VRFValue: 0.836379
VRFProof: 02d61cee5cd37dc89aff1780dc7eb6123cc14f9adfb0a98ebd51ae8c114f0fbb428a053b5b73437b0c7aa7a403289406f40ca5cefeac44a360b20d2470c761eb9d91992e740538445b2366c072ff42d5f4
VRFval: 0x1.ac39dcb9a6fb9p-01
VRFChosen: false
Bloom Params - M: 10, T: 3, EpsBF: 0.010000
Bloom L: 29, D: 7
Approved Indices: [7 1 2]
Received message in dispatch: &{[7 1 2]}
[dispatchMsg] Forwarding message: *priacy_compute.LocalApproveVoteMsg
Routing message of type: *priacy_compute.LocalApproveVoteMsg
[routeMsg] Message of type *priacy_compute.LocalApproveVoteMsg forwarded to MsgDelivery
Successfully triggered local approve vote.
Resolving message: &{[7 1 2]}
[AggSelect] self=3 IsAgg=false part=0 A=1 B=2
Test data added to RecvSharesPart1 and RecvSharesPart2
Successfully triggered aggregation process.
Server will be started at localhost:1113...
Received message in dispatch: &{}
[dispatchMsg] Forwarding message: *priacy_compute.TriggerVRFMsg
Routing message of type: *priacy_compute.TriggerVRFMsg
[routeMsg] Message of type *priacy_compute.TriggerVRFMsg forwarded to MsgDelivery
Resolving message: &{}
Successfully triggered VRF evaluation.
Waiting for 1 minute before triggering aggregation...
VRFValue: 0.150361
VRFProof: 02267e129e095c71f43c59d084553eb920c7272a3da4bdedd83a637df624a9636f353955ceb40635f2421b4cb967df75ed06ac8567f79e622f36d4dfb12bfb8afc906bab1458b5dd08f952e9b0d1a9cb7f
VRFval: 0x1.33f094f04ae39p-03
VRFChosen: true
Bloom Params - M: 10, T: 3, EpsBF: 0.010000
Bloom L: 29, D: 7
Approved Indices: [2 7 5]
Received message in dispatch: &{[2 7 5]}
[dispatchMsg] Forwarding message: *priacy_compute.LocalApproveVoteMsg
Routing message of type: *priacy_compute.LocalApproveVoteMsg
[routeMsg] Message of type *priacy_compute.LocalApproveVoteMsg forwarded to MsgDelivery
Successfully triggered local approve vote.
Resolving message: &{[2 7 5]}
[AggSelect] self=3 IsAgg=false part=0 A=1 B=2
Test data added to RecvSharesPart1 and RecvSharesPart2
Successfully triggered aggregation process.
Server will be started at localhost:1113...
Received message in dispatch: &{}
Successfully triggered VRF evaluation.
Waiting for 1 minute before triggering aggregation...
[dispatchMsg] Forwarding message: *priacy_compute.TriggerVRFMsg
Routing message of type: *priacy_compute.TriggerVRFMsg
[routeMsg] Message of type *priacy_compute.TriggerVRFMsg forwarded to MsgDelivery
Resolving message: &{}
VRFValue: 0.663473
VRFProof: 02a9d965550e019c79736a8bcd7c139c30c17c943fcfd2368af1923ba59dd2f1514700d1d12b323e3091e9c40d0ef6782d0711fd7ee3aa869766187d1611d1c2b01df0a4656fc3c9f86ba8c4f3d7487371
VRFval: 0x1.53b2caaa1c034p-01
VRFChosen: false
Bloom Params - M: 10, T: 3, EpsBF: 0.010000
Bloom L: 29, D: 7
Approved Indices: [1 9 4]
Received message in dispatch: &{[1 9 4]}
[dispatchMsg] Forwarding message: *priacy_compute.LocalApproveVoteMsg
Routing message of type: *priacy_compute.LocalApproveVoteMsg
[routeMsg] Message of type *priacy_compute.LocalApproveVoteMsg forwarded to MsgDelivery
Successfully triggered local approve vote.
Resolving message: &{[1 9 4]}
[AggSelect] self=3 IsAgg=false part=0 A=1 B=2
Test data added to RecvSharesPart1 and RecvSharesPart2
Successfully triggered aggregation process.
Server will be started at localhost:1113...
Received message in dispatch: &{}
[dispatchMsg] Forwarding message: *priacy_compute.TriggerVRFMsg
Routing message of type: *priacy_compute.TriggerVRFMsg
[routeMsg] Message of type *priacy_compute.TriggerVRFMsg forwarded to MsgDelivery
Resolving message: &{}
Successfully triggered VRF evaluation.
Waiting for 1 minute before triggering aggregation...
VRFValue: 0.603793
VRFProof: 029a92338975cb6b79e30c43f3463ca44785230c3cfc8e47f09324f545a90c9c7bdd4c1ec894212fa534535ee9bdeeedb801a0bb9e836ee6dd4298333f64363cf0d2d5f76357709069377d3007b8cd9816
VRFval: 0x1.35246712eb96dp-01
VRFChosen: false
Bloom Params - M: 10, T: 3, EpsBF: 0.010000
Bloom L: 29, D: 7
Approved Indices: [0 1 9]
Received message in dispatch: &{[0 1 9]}
[dispatchMsg] Forwarding message: *priacy_compute.LocalApproveVoteMsg
Routing message of type: *priacy_compute.LocalApproveVoteMsg
[routeMsg] Message of type *priacy_compute.LocalApproveVoteMsg forwarded to MsgDelivery
Successfully triggered local approve vote.
Resolving message: &{[0 1 9]}
[AggSelect] self=3 IsAgg=false part=0 A=1 B=2
Successfully triggered aggregation process.
Server will be started at localhost:1113...
Received message in dispatch: &{}
[dispatchMsg] Forwarding message: *priacy_compute.TriggerVRFMsg
Routing message of type: *priacy_compute.TriggerVRFMsg
[routeMsg] Message of type *priacy_compute.TriggerVRFMsg forwarded to MsgDelivery
Resolving message: &{}
VRFValue: 0.712988
VRFProof: 02b6865e3394879390be1cc9fb6c0bf639c69da73c0b363e4e53899c42409f715f89605550302ed15402ec922d5a93061c0696d77f3b4a87a4f9d07c50ec78fc824f19b71043d96ad049094f81f7fe6dc1
VRFval: 0x1.6d0cbc67290f2p-01
VRFChosen: false
Bloom Params - M: 10, T: 3, EpsBF: 0.010000
Bloom L: 29, D: 7
Approved Indices: [8 0 4]
Successfully triggered VRF evaluation.
Waiting for 1 minute before triggering aggregation...
Received message in dispatch: &{[8 0 4]}
[dispatchMsg] Forwarding message: *priacy_compute.LocalApproveVoteMsg
Routing message of type: *priacy_compute.LocalApproveVoteMsg
[routeMsg] Message of type *priacy_compute.LocalApproveVoteMsg forwarded to MsgDelivery
Successfully triggered local approve vote.
Resolving message: &{[8 0 4]}
[AggSelect] self=3 IsAgg=false part=0 A=1 B=2
Cleaned and Validated Approved Indices: [8 0 4]
Pedersen Commitment: 0200000000000000 (len=33)
Range Proof prefix: 02000000000000000000000000000000... (len=721)
[vote/send] pkt1 -> 1 (part=1)
[vote/send] from=3 -> to=1 url=http://localhost:1111/vote/share
[vote/send] part=1 L=29 D=7 sumOnes=14 shares_len=29
[vote/send] pedersenCom(hex)=0200000000000000...
[vote/send] rangeProof(hex)=02000000000000000000000000000000...
[vote/send] pkt2 -> 2 (part=2)
[vote/send] from=3 -> to=2 url=http://localhost:1112/vote/share
[vote/send] part=2 L=29 D=7 sumOnes=14 shares_len=29
[vote/send] pedersenCom(hex)=0200000000000000...
[vote/send] rangeProof(hex)=02000000000000000000000000000000...
Successfully triggered aggregation process.
Server will be started at localhost:1113...
Received message in dispatch: &{}
[dispatchMsg] Forwarding message: *priacy_compute.TriggerVRFMsg
Routing message of type: *priacy_compute.TriggerVRFMsg
[routeMsg] Message of type *priacy_compute.TriggerVRFMsg forwarded to MsgDelivery
Resolving message: &{}
Successfully triggered VRF evaluation.
Waiting for 1 minute before triggering aggregation...
[timing] evalVRFOnce ok in 1.1476ms
VRFValue: 0.323374
VRFProof: 0252c8abc07b6c9688c8f9f415c37d77ca3c6808522a7e904fb097ace9210f0d024059df48bcd6f6e0d88286bac8c8776d06f106b0ec8550ca753fafb94c7ec02bc178c3f7550b04b16abe9e676a1b3b87
VRFval: 0x1.4b22af01edb26p-02
VRFChosen: false
[timing] handleBloomParams ok in 0s (M=10, T=3, EpsBF=0.01)
Bloom Params - M: 10, T: 3, EpsBF: 0.010000
Bloom L: 29, D: 7
[timing] randomApprovedIndices took 0s (M=10, T=3)
Approved Indices: [1 8 0]
Received message in dispatch: &{[1 8 0]}
[dispatchMsg] Forwarding message: *priacy_compute.LocalApproveVoteMsg
Routing message of type: *priacy_compute.LocalApproveVoteMsg
[routeMsg] Message of type *priacy_compute.LocalApproveVoteMsg forwarded to MsgDelivery
Successfully triggered local approve vote.
[timing] RunRandomElectAndBroadcast total=3.1915ms
Resolving message: &{[1 8 0]}
[AggSelect] self=3 IsAgg=false part=0 A=1 B=2
[timing] RunAggVRFBroadcast(ctx="epoch1:block100") took 1.8116ms
Cleaned and Validated Approved Indices: [1 8 0]
[timing] Bloom build+OnesCount took 0s (L=29 D=7 added=3 sum=17)
[timing] PedersenCommit took 4.1801ms
Pedersen Commitment: 0200000000000000 (len=33)
[timing] GenerateRangeProof took 616.3693ms (upper=21)
Range Proof prefix: 02000000000000000000000000000000... (len=721)
[timing] SplitBitsAdditive took 0s (bits_len=29)
[vote/send] pkt1 -> 1 (part=1)
[vote/send] from=3 -> to=1 url=http://localhost:1111/vote/share
[vote/send] part=1 L=29 D=7 sumOnes=17 shares_len=29
[vote/send] pedersenCom(hex)=0200000000000000...
[vote/send] rangeProof(hex)=02000000000000000000000000000000...
[vote/send] pkt2 -> 2 (part=2)
[vote/send] from=3 -> to=2 url=http://localhost:1112/vote/share
[vote/send] part=2 L=29 D=7 sumOnes=17 shares_len=29
[vote/send] pedersenCom(hex)=0200000000000000...
[vote/send] rangeProof(hex)=02000000000000000000000000000000...
[timing] handleLocalApproveVote total=626.8413ms
Successfully triggered aggregation process.
