Server will be started at localhost:1114...
Received message in dispatch: &{}
Routing message of type: *priacy_compute.TriggerVRFMsg
Resolving message: &{}
Successfully triggered VRF evaluation.
Successfully triggered aggregation process.
Received message in dispatch: &{4 ba9cd641040a23fbee0f2e59866343124c2556d64a633a631cc01720ff8b70ae [2 70 94 205 148 112 29 5 168 19 143 139 127 168 60 144 6 242 151 155 159 50 235 33 81 101 106 241 93 100 128 21 91 155 84 30 81 111 242 178 194 11 224 23 206 225 195 17 4 9 244 111 127 101 179 172 144 43 141 254 78 179 79 206 171 28 122 13 36 59 192 224 7 129 236 108 75 187 161 238 197] exampleContext}
Routing message of type: *priacy_compute.AggVRFMsg
Resolving message: &{4 ba9cd641040a23fbee0f2e59866343124c2556d64a633a631cc01720ff8b70ae [2 70 94 205 148 112 29 5 168 19 143 139 127 168 60 144 6 242 151 155 159 50 235 33 81 101 106 241 93 100 128 21 91 155 84 30 81 111 242 178 194 11 224 23 206 225 195 17 4 9 244 111 127 101 179 172 144 43 141 254 78 179 79 206 171 28 122 13 36 59 192 224 7 129 236 108 75 187 161 238 197] exampleContext}
Received message in dispatch: &{1 e5e72d24d6739c0f311f5e0d47c8f6099afd1a1bc048f255f0725240218c9ca7 [3 68 196 211 231 100 54 228 13 189 206 3 36 118 4 90 5 48 239 16 73 5 189 250 207 6 145 137 94 58 249 121 155 34 147 232 55 5 99 5 22 37 17 232 242 185 90 44 74 0 65 188 92 220 248 199 121 65 131 113 173 95 187 249 218 18 184 55 142 193 244 183 247 214 220 151 84 209 171 220 222] exampleContext}
Routing message of type: *priacy_compute.AggVRFMsg
Resolving message: &{1 e5e72d24d6739c0f311f5e0d47c8f6099afd1a1bc048f255f0725240218c9ca7 [3 68 196 211 231 100 54 228 13 189 206 3 36 118 4 90 5 48 239 16 73 5 189 250 207 6 145 137 94 58 249 121 155 34 147 232 55 5 99 5 22 37 17 232 242 185 90 44 74 0 65 188 92 220 248 199 121 65 131 113 173 95 187 249 218 18 184 55 142 193 244 183 247 214 220 151 84 209 171 220 222] exampleContext}
Received message in dispatch: &{10 99717e862fe78e412e71ad3e6abe005ab2d243880eb4e463d64e7c1c989ea597 [3 68 121 249 162 62 15 137 125 38 132 29 70 216 175 107 239 192 68 49 46 74 59 54 10 209 133 165 248 19 244 243 194 85 148 243 35 181 18 11 234 102 55 35 241 23 33 207 238 13 50 249 171 121 211 64 238 126 220 56 156 89 48 146 86 77 25 166 113 135 243 246 238 23 198 83 44 233 255 233 15] exampleContext}
Routing message of type: *priacy_compute.AggVRFMsg
Resolving message: &{10 99717e862fe78e412e71ad3e6abe005ab2d243880eb4e463d64e7c1c989ea597 [3 68 121 249 162 62 15 137 125 38 132 29 70 216 175 107 239 192 68 49 46 74 59 54 10 209 133 165 248 19 244 243 194 85 148 243 35 181 18 11 234 102 55 35 241 23 33 207 238 13 50 249 171 121 211 64 238 126 220 56 156 89 48 146 86 77 25 166 113 135 243 246 238 23 198 83 44 233 255 233 15] exampleContext}
Received message in dispatch: &{6 de58fca970aa0843dfb8cccaa43419aac3464fc9d4948518724fd76be746f288 [2 209 95 77 85 121 24 140 26 167 95 82 76 207 55 120 226 101 234 184 31 145 62 46 211 126 101 136 112 253 57 208 111 105 245 201 159 212 116 35 23 107 13 183 176 159 46 7 20 4 210 178 122 1 243 34 65 181 83 144 143 11 173 124 158 39 1 250 183 164 230 174 118 15 114 4 172 154 206 14 77] exampleContext}
Routing message of type: *priacy_compute.AggVRFMsg
Resolving message: &{6 de58fca970aa0843dfb8cccaa43419aac3464fc9d4948518724fd76be746f288 [2 209 95 77 85 121 24 140 26 167 95 82 76 207 55 120 226 101 234 184 31 145 62 46 211 126 101 136 112 253 57 208 111 105 245 201 159 212 116 35 23 107 13 183 176 159 46 7 20 4 210 178 122 1 243 34 65 181 83 144 143 11 173 124 158 39 1 250 183 164 230 174 118 15 114 4 172 154 206 14 77] exampleContext}
Received message in dispatch: &{7 0a7792d65ce5f79a8a516658f235237659810cd2f58e6933910aa04f9ba41f9a [2 10 52 113 126 39 31 2 51 56 106 192 194 0 146 223 255 35 223 73 206 171 90 98 108 142 202 200 225 22 19 144 73 107 154 180 74 23 162 185 141 23 226 33 210 52 6 226 216 2 127 149 181 136 227 215 70 162 10 104 216 58 212 169 71 145 34 139 39 98 238 173 246 0 92 249 89 20 102 157 80] exampleContext}
Routing message of type: *priacy_compute.AggVRFMsg
Resolving message: &{7 0a7792d65ce5f79a8a516658f235237659810cd2f58e6933910aa04f9ba41f9a [2 10 52 113 126 39 31 2 51 56 106 192 194 0 146 223 255 35 223 73 206 171 90 98 108 142 202 200 225 22 19 144 73 107 154 180 74 23 162 185 141 23 226 33 210 52 6 226 216 2 127 149 181 136 227 215 70 162 10 104 216 58 212 169 71 145 34 139 39 98 238 173 246 0 92 249 89 20 102 157 80] exampleContext}
Received message in dispatch: &{3 9da2b4edce278a3eaf02231ffe701b9db6c2ce9d41024d543359f9d4e139e76b [3 67 175 168 183 111 142 199 42 123 222 241 174 47 86 45 33 85 112 78 217 188 39 223 40 226 15 161 107 254 159 74 148 34 47 245 50 130 45 115 6 27 180 31 25 191 245 151 191 5 55 230 74 17 213 34 75 138 7 63 65 155 65 41 247 164 134 175 72 0 38 8 172 206 203 109 182 255 209 2 102] exampleContext}
Routing message of type: *priacy_compute.AggVRFMsg
Resolving message: &{3 9da2b4edce278a3eaf02231ffe701b9db6c2ce9d41024d543359f9d4e139e76b [3 67 175 168 183 111 142 199 42 123 222 241 174 47 86 45 33 85 112 78 217 188 39 223 40 226 15 161 107 254 159 74 148 34 47 245 50 130 45 115 6 27 180 31 25 191 245 151 191 5 55 230 74 17 213 34 75 138 7 63 65 155 65 41 247 164 134 175 72 0 38 8 172 206 203 109 182 255 209 2 102] exampleContext}
Received message in dispatch: &{5 f0a75610ad635995a85d9710e5bed0c99a30c82712fde38c89e405ae1b0ce4e5 [3 195 13 159 229 150 241 101 230 26 112 118 169 86 232 187 190 122 134 31 192 103 7 43 156 120 138 18 129 36 237 196 238 204 42 134 13 86 27 149 126 95 147 213 65 118 231 133 187 12 242 95 38 84 246 125 34 204 57 180 228 188 1 55 105 108 194 231 1 203 2 130 58 95 145 183 153 193 236 197 98] exampleContext}
Routing message of type: *priacy_compute.AggVRFMsg
Resolving message: &{5 f0a75610ad635995a85d9710e5bed0c99a30c82712fde38c89e405ae1b0ce4e5 [3 195 13 159 229 150 241 101 230 26 112 118 169 86 232 187 190 122 134 31 192 103 7 43 156 120 138 18 129 36 237 196 238 204 42 134 13 86 27 149 126 95 147 213 65 118 231 133 187 12 242 95 38 84 246 125 34 204 57 180 228 188 1 55 105 108 194 231 1 203 2 130 58 95 145 183 153 193 236 197 98] exampleContext}
Received message in dispatch: &{9 d6dd1bbb953729d97ebdc0c19782f02631947f0a0982cec2940a931e88ba26ea [2 167 135 173 232 65 56 236 173 249 87 44 254 18 85 220 170 74 151 180 195 235 62 68 224 114 227 163 53 237 73 140 37 159 23 182 69 9 166 113 27 124 30 253 203 119 43 130 108 14 45 220 22 214 65 100 136 7 230 18 198 151 226 251 38 111 100 111 92 208 190 251 234 152 212 196 211 74 131 67 169] exampleContext}
Routing message of type: *priacy_compute.AggVRFMsg
Resolving message: &{9 d6dd1bbb953729d97ebdc0c19782f02631947f0a0982cec2940a931e88ba26ea [2 167 135 173 232 65 56 236 173 249 87 44 254 18 85 220 170 74 151 180 195 235 62 68 224 114 227 163 53 237 73 140 37 159 23 182 69 9 166 113 27 124 30 253 203 119 43 130 108 14 45 220 22 214 65 100 136 7 230 18 198 151 226 251 38 111 100 111 92 208 190 251 234 152 212 196 211 74 131 67 169] exampleContext}
Received message in dispatch: &{2 bd113e6d1f4288ac444d6e8ed0e6ed772e3270e5ad9f609eb99386f65b041df3 [3 192 22 255 157 213 41 202 229 103 133 85 70 151 16 150 134 25 178 35 239 248 59 252 222 164 163 48 107 210 143 161 212 30 76 238 143 46 72 214 11 255 175 33 246 179 207 54 121 10 77 165 33 187 90 56 157 149 228 137 159 167 228 30 118 237 14 142 203 184 62 137 211 76 97 190 19 104 83 109 77] exampleContext}
Routing message of type: *priacy_compute.AggVRFMsg
Resolving message: &{2 bd113e6d1f4288ac444d6e8ed0e6ed772e3270e5ad9f609eb99386f65b041df3 [3 192 22 255 157 213 41 202 229 103 133 85 70 151 16 150 134 25 178 35 239 248 59 252 222 164 163 48 107 210 143 161 212 30 76 238 143 46 72 214 11 255 175 33 246 179 207 54 121 10 77 165 33 187 90 56 157 149 228 137 159 167 228 30 118 237 14 142 203 184 62 137 211 76 97 190 19 104 83 109 77] exampleContext}
Received message in dispatch: &{8 7da84ee27647b63f6b3d8e6d4534f1be69ad27fc97ce7e5357934a2d8783fc48 [2 159 153 83 16 56 162 234 50 228 73 140 68 11 126 221 169 235 67 201 48 131 166 77 133 89 101 130 10 127 189 92 125 92 89 21 122 192 116 95 221 182 48 89 12 32 251 99 85 9 142 110 23 195 160 185 169 149 176 49 215 122 200 21 114 11 78 117 149 5 215 67 207 164 54 166 242 94 146 244 129] exampleContext}
Routing message of type: *priacy_compute.AggVRFMsg
Resolving message: &{8 7da84ee27647b63f6b3d8e6d4534f1be69ad27fc97ce7e5357934a2d8783fc48 [2 159 153 83 16 56 162 234 50 228 73 140 68 11 126 221 169 235 67 201 48 131 166 77 133 89 101 130 10 127 189 92 125 92 89 21 122 192 116 95 221 182 48 89 12 32 251 99 85 9 142 110 23 195 160 185 169 149 176 49 215 122 200 21 114 11 78 117 149 5 215 67 207 164 54 166 242 94 146 244 129] exampleContext}
Server will be started at localhost:1114...
Received message in dispatch: &{}
Routing message of type: *priacy_compute.TriggerVRFMsg
Resolving message: &{}
Successfully triggered VRF evaluation.
Received message in dispatch: &{3 7a96b08218d58f7d476da731da144b5549fe61d322d7182debb52d038ba14364 [3 56 108 47 139 163 23 254 149 116 126 157 198 70 199 157 39 185 130 95 135 215 43 136 18 52 131 3 142 41 109 168 138 13 18 223 1 83 118 240 190 173 19 170 67 92 26 192 135 15 209 4 190 231 109 75 155 20 166 89 41 135 216 68 240 158 157 6 36 45 230 13 54 255 243 107 113 48 110 174 203] exampleContext}
Routing message of type: *priacy_compute.AggVRFMsg
VRFValue: 0.580323
VRFProof: 0394900a8a3e6f4a9b41df930d0e96ca416c5a3b8ca0fd2931cea9942b35dd97e37501dc888c9c9810af4bbdc1eab2e62b031952fcf7115631912d6419785cd1fe00d40927b74d94c8759226f2750e5a3e
VRFval: 0x1.292015147cde9p-01
VRFChosen: false
Resolving message: &{3 7a96b08218d58f7d476da731da144b5549fe61d322d7182debb52d038ba14364 [3 56 108 47 139 163 23 254 149 116 126 157 198 70 199 157 39 185 130 95 135 215 43 136 18 52 131 3 142 41 109 168 138 13 18 223 1 83 118 240 190 173 19 170 67 92 26 192 135 15 209 4 190 231 109 75 155 20 166 89 41 135 216 68 240 158 157 6 36 45 230 13 54 255 243 107 113 48 110 174 203] exampleContext}
Successfully triggered aggregation process.
Received message in dispatch: &{4 6149ef7ba6b8600455c422b26a4be8c5329f3f17723d429a542675680a8a7de0 [3 249 239 172 31 236 108 176 127 170 107 195 119 185 137 255 90 68 205 114 173 11 80 69 110 251 121 144 206 135 183 19 138 31 24 205 207 226 98 147 233 183 55 17 120 97 117 155 142 2 125 116 135 70 30 173 124 122 155 189 12 211 157 44 253 247 154 65 20 44 80 64 188 182 95 23 98 205 99 184 88] exampleContext}
Routing message of type: *priacy_compute.AggVRFMsg
Resolving message: &{4 6149ef7ba6b8600455c422b26a4be8c5329f3f17723d429a542675680a8a7de0 [3 249 239 172 31 236 108 176 127 170 107 195 119 185 137 255 90 68 205 114 173 11 80 69 110 251 121 144 206 135 183 19 138 31 24 205 207 226 98 147 233 183 55 17 120 97 117 155 142 2 125 116 135 70 30 173 124 122 155 189 12 211 157 44 253 247 154 65 20 44 80 64 188 182 95 23 98 205 99 184 88] exampleContext}
Received message in dispatch: &{6 0aede5962b911659feed7d4b934b9cf9a0379f314d5fc9248d0d962fef764b5e [2 77 41 2 225 242 108 48 177 176 132 6 145 255 90 139 129 105 9 154 121 19 179 147 56 142 240 43 83 96 148 74 71 68 165 8 236 200 80 203 59 222 134 248 124 71 98 170 190 5 194 132 178 210 185 183 79 227 101 75 190 116 223 189 105 163 28 36 26 115 117 19 62 190 50 31 38 247 121 221 89] exampleContext}
Routing message of type: *priacy_compute.AggVRFMsg
Resolving message: &{6 0aede5962b911659feed7d4b934b9cf9a0379f314d5fc9248d0d962fef764b5e [2 77 41 2 225 242 108 48 177 176 132 6 145 255 90 139 129 105 9 154 121 19 179 147 56 142 240 43 83 96 148 74 71 68 165 8 236 200 80 203 59 222 134 248 124 71 98 170 190 5 194 132 178 210 185 183 79 227 101 75 190 116 223 189 105 163 28 36 26 115 117 19 62 190 50 31 38 247 121 221 89] exampleContext}
Received message in dispatch: &{5 ad3bfb658a2b4d247082fa61f708b0fa56b54fdae14915710f7348e665522fad [2 65 155 72 23 184 63 19 94 189 97 53 214 33 186 29 1 242 160 20 37 127 243 129 5 61 48 76 131 50 235 238 30 25 22 25 53 47 99 240 175 211 125 202 79 194 169 37 67 14 46 154 135 2 221 111 49 69 176 74 176 190 185 227 236 27 167 176 94 55 226 242 239 205 86 106 71 188 26 18 83] exampleContext}
Routing message of type: *priacy_compute.AggVRFMsg
Resolving message: &{5 ad3bfb658a2b4d247082fa61f708b0fa56b54fdae14915710f7348e665522fad [2 65 155 72 23 184 63 19 94 189 97 53 214 33 186 29 1 242 160 20 37 127 243 129 5 61 48 76 131 50 235 238 30 25 22 25 53 47 99 240 175 211 125 202 79 194 169 37 67 14 46 154 135 2 221 111 49 69 176 74 176 190 185 227 236 27 167 176 94 55 226 242 239 205 86 106 71 188 26 18 83] exampleContext}
Received message in dispatch: &{7 6ed8bb4a238a4fda4bacb69350137c02b641f6de3ec318758c4f5a4658b25515 [3 84 125 47 91 81 119 3 9 40 120 67 236 108 202 228 158 38 169 15 163 218 64 80 84 174 5 53 233 176 95 105 226 95 160 160 194 159 13 204 224 120 83 183 200 228 234 66 21 11 55 119 107 202 105 80 142 11 84 237 63 210 168 160 139 77 25 90 163 164 144 217 12 136 159 27 89 186 107 150 181] exampleContext}
Routing message of type: *priacy_compute.AggVRFMsg
Resolving message: &{7 6ed8bb4a238a4fda4bacb69350137c02b641f6de3ec318758c4f5a4658b25515 [3 84 125 47 91 81 119 3 9 40 120 67 236 108 202 228 158 38 169 15 163 218 64 80 84 174 5 53 233 176 95 105 226 95 160 160 194 159 13 204 224 120 83 183 200 228 234 66 21 11 55 119 107 202 105 80 142 11 84 237 63 210 168 160 139 77 25 90 163 164 144 217 12 136 159 27 89 186 107 150 181] exampleContext}
Received message in dispatch: &{8 d45d434cc4f3bc623274ebc460b776eb23c68351fcfa12dbc9ea4ee1587cf03a [2 219 32 21 111 245 44 24 214 240 164 181 158 219 62 112 97 136 95 117 114 229 109 213 206 74 187 150 116 252 5 100 113 166 45 16 120 150 66 182 133 36 200 242 41 185 247 160 63 9 242 131 142 140 139 111 75 6 87 167 65 167 159 109 44 23 47 231 254 177 36 214 53 80 127 246 155 31 231 56 194] exampleContext}
Routing message of type: *priacy_compute.AggVRFMsg
Resolving message: &{8 d45d434cc4f3bc623274ebc460b776eb23c68351fcfa12dbc9ea4ee1587cf03a [2 219 32 21 111 245 44 24 214 240 164 181 158 219 62 112 97 136 95 117 114 229 109 213 206 74 187 150 116 252 5 100 113 166 45 16 120 150 66 182 133 36 200 242 41 185 247 160 63 9 242 131 142 140 139 111 75 6 87 167 65 167 159 109 44 23 47 231 254 177 36 214 53 80 127 246 155 31 231 56 194] exampleContext}
Received message in dispatch: &{10 d2e95e2d77a8710fa3e3ae1853c5a33fd2b3034bddcb72e2bc2825caec9f251c [3 149 73 134 118 209 130 95 108 140 137 50 227 0 201 133 167 237 171 93 249 154 67 152 52 122 60 13 1 173 162 14 238 21 107 238 166 217 73 214 40 56 3 150 18 234 0 58 98 5 1 224 185 7 33 42 185 33 116 81 124 2 80 237 69 200 46 89 115 156 184 171 36 172 94 124 135 170 12 58 207] exampleContext}
Routing message of type: *priacy_compute.AggVRFMsg
Resolving message: &{10 d2e95e2d77a8710fa3e3ae1853c5a33fd2b3034bddcb72e2bc2825caec9f251c [3 149 73 134 118 209 130 95 108 140 137 50 227 0 201 133 167 237 171 93 249 154 67 152 52 122 60 13 1 173 162 14 238 21 107 238 166 217 73 214 40 56 3 150 18 234 0 58 98 5 1 224 185 7 33 42 185 33 116 81 124 2 80 237 69 200 46 89 115 156 184 171 36 172 94 124 135 170 12 58 207] exampleContext}
Received message in dispatch: &{9 89a372f354ee487f93afbf4fcd7490d0790d863a2795808d88a75b3b3f605375 [2 143 210 194 173 103 249 43 199 124 115 57 255 157 149 249 26 153 228 176 120 92 98 204 195 143 29 125 210 156 227 110 65 121 61 179 232 50 162 89 230 131 163 175 87 245 171 60 201 1 14 115 62 9 41 49 170 113 98 128 21 168 118 81 94 8 79 161 19 243 8 202 94 209 74 97 15 178 168 122 120] exampleContext}
Routing message of type: *priacy_compute.AggVRFMsg
Resolving message: &{9 89a372f354ee487f93afbf4fcd7490d0790d863a2795808d88a75b3b3f605375 [2 143 210 194 173 103 249 43 199 124 115 57 255 157 149 249 26 153 228 176 120 92 98 204 195 143 29 125 210 156 227 110 65 121 61 179 232 50 162 89 230 131 163 175 87 245 171 60 201 1 14 115 62 9 41 49 170 113 98 128 21 168 118 81 94 8 79 161 19 243 8 202 94 209 74 97 15 178 168 122 120] exampleContext}
Server will be started at localhost:1114...
Received message in dispatch: &{}
Routing message of type: *priacy_compute.TriggerVRFMsg
Resolving message: &{}
Successfully triggered VRF evaluation.
VRFValue: 0.394995
VRFProof: 03651e6c22a758087acedcbb896ef3f764fb889efc5e72c9d5086e56f03ca09485b995eb8ded8fb813cdc77092716422c609c575782ffb5c0d2bb12b8ed1e8873d1f00905595fd20c6059e72ff5c822481
VRFval: 0x1.9479b08a9d602p-02
VRFChosen: false
Successfully triggered aggregation process.
Received message in dispatch: &{3 84c95e1006db7cd2756125773ce0873e45879ac5006f15f357fbbcb743c2487e [3 71 93 107 225 241 231 49 240 248 187 254 50 123 170 119 102 242 17 227 249 209 195 35 129 202 10 13 36 74 153 66 205 39 169 133 70 82 105 215 13 53 239 133 214 24 58 100 174 14 26 12 203 87 149 85 110 165 157 187 47 111 2 224 145 177 143 217 80 105 252 150 113 78 191 166 97 148 85 66 167] exampleContext}
Routing message of type: *priacy_compute.AggVRFMsg
Resolving message: &{3 84c95e1006db7cd2756125773ce0873e45879ac5006f15f357fbbcb743c2487e [3 71 93 107 225 241 231 49 240 248 187 254 50 123 170 119 102 242 17 227 249 209 195 35 129 202 10 13 36 74 153 66 205 39 169 133 70 82 105 215 13 53 239 133 214 24 58 100 174 14 26 12 203 87 149 85 110 165 157 187 47 111 2 224 145 177 143 217 80 105 252 150 113 78 191 166 97 148 85 66 167] exampleContext}
Received message in dispatch: &{4 26801a9c61d91dd5c643ecc2ddfb2a859ee1e4f6ee3419487bcd48f7722aaa74 [2 148 145 195 127 122 213 31 196 210 96 132 183 248 59 156 75 137 240 77 54 153 242 125 21 183 61 59 65 170 119 137 83 197 46 154 197 160 191 98 244 84 2 143 45 251 226 76 152 11 183 209 206 123 155 14 80 177 252 161 100 48 254 217 175 84 217 123 221 73 230 203 31 159 157 163 230 236 244 146 183] exampleContext}
Routing message of type: *priacy_compute.AggVRFMsg
Resolving message: &{4 26801a9c61d91dd5c643ecc2ddfb2a859ee1e4f6ee3419487bcd48f7722aaa74 [2 148 145 195 127 122 213 31 196 210 96 132 183 248 59 156 75 137 240 77 54 153 242 125 21 183 61 59 65 170 119 137 83 197 46 154 197 160 191 98 244 84 2 143 45 251 226 76 152 11 183 209 206 123 155 14 80 177 252 161 100 48 254 217 175 84 217 123 221 73 230 203 31 159 157 163 230 236 244 146 183] exampleContext}
Received message in dispatch: &{5 6f8ba5d8c282e92ab99f7f4b479e5999f33353136564bc29ba844a2f18ba0465 [2 49 104 255 226 34 226 140 167 82 204 122 81 60 110 196 78 149 231 222 170 225 36 170 120 185 176 234 191 122 74 225 117 83 49 136 58 218 54 210 183 179 45 179 163 108 44 242 40 1 93 43 35 219 55 13 82 60 88 175 37 44 138 178 186 156 27 80 210 72 91 244 48 71 94 172 104 199 52 117 233] exampleContext}
Routing message of type: *priacy_compute.AggVRFMsg
Resolving message: &{5 6f8ba5d8c282e92ab99f7f4b479e5999f33353136564bc29ba844a2f18ba0465 [2 49 104 255 226 34 226 140 167 82 204 122 81 60 110 196 78 149 231 222 170 225 36 170 120 185 176 234 191 122 74 225 117 83 49 136 58 218 54 210 183 179 45 179 163 108 44 242 40 1 93 43 35 219 55 13 82 60 88 175 37 44 138 178 186 156 27 80 210 72 91 244 48 71 94 172 104 199 52 117 233] exampleContext}
Received message in dispatch: &{6 3086233b4ee20a87a6f4c346ad5e41492a11512a9c06fbe6a8b75bb98a8ac37e [2 4 220 238 135 213 39 70 14 52 92 7 13 22 103 148 61 232 152 21 0 127 60 121 213 238 88 61 57 129 230 162 115 215 181 24 79 15 58 158 159 159 93 105 249 197 214 245 209 4 23 122 96 92 224 176 30 90 161 27 9 230 35 216 141 215 254 93 234 162 252 170 205 247 144 67 62 160 123 137 163] exampleContext}
Routing message of type: *priacy_compute.AggVRFMsg
Resolving message: &{6 3086233b4ee20a87a6f4c346ad5e41492a11512a9c06fbe6a8b75bb98a8ac37e [2 4 220 238 135 213 39 70 14 52 92 7 13 22 103 148 61 232 152 21 0 127 60 121 213 238 88 61 57 129 230 162 115 215 181 24 79 15 58 158 159 159 93 105 249 197 214 245 209 4 23 122 96 92 224 176 30 90 161 27 9 230 35 216 141 215 254 93 234 162 252 170 205 247 144 67 62 160 123 137 163] exampleContext}
Received message in dispatch: &{7 f7fe956597d7d22435c812aa07faaa301e67e6b1cbe62be3ebb9ef69c8f12160 [2 21 30 238 176 53 250 76 191 255 80 243 82 236 48 102 146 229 80 68 117 6 31 131 157 138 62 123 221 83 12 229 115 249 187 213 16 198 249 16 20 138 156 54 132 197 124 80 81 13 7 118 180 207 199 143 100 209 185 255 82 219 215 75 215 193 250 221 180 168 176 99 126 113 180 92 243 186 51 209 116] exampleContext}
Routing message of type: *priacy_compute.AggVRFMsg
Resolving message: &{7 f7fe956597d7d22435c812aa07faaa301e67e6b1cbe62be3ebb9ef69c8f12160 [2 21 30 238 176 53 250 76 191 255 80 243 82 236 48 102 146 229 80 68 117 6 31 131 157 138 62 123 221 83 12 229 115 249 187 213 16 198 249 16 20 138 156 54 132 197 124 80 81 13 7 118 180 207 199 143 100 209 185 255 82 219 215 75 215 193 250 221 180 168 176 99 126 113 180 92 243 186 51 209 116] exampleContext}
Received message in dispatch: &{8 cfbe03c25f80c7e45de022d9f7fe5dfb1be5821004d97a99230405570c49b037 [2 243 96 164 242 232 40 28 26 174 32 144 176 204 1 191 96 200 71 47 161 117 132 40 130 231 43 109 181 193 213 126 52 117 142 85 143 237 228 123 80 86 228 59 235 252 106 20 46 11 19 180 91 232 141 39 8 66 144 140 163 192 144 138 211 212 250 107 225 98 73 206 157 144 156 167 125 137 187 22 211] exampleContext}
Routing message of type: *priacy_compute.AggVRFMsg
Resolving message: &{8 cfbe03c25f80c7e45de022d9f7fe5dfb1be5821004d97a99230405570c49b037 [2 243 96 164 242 232 40 28 26 174 32 144 176 204 1 191 96 200 71 47 161 117 132 40 130 231 43 109 181 193 213 126 52 117 142 85 143 237 228 123 80 86 228 59 235 252 106 20 46 11 19 180 91 232 141 39 8 66 144 140 163 192 144 138 211 212 250 107 225 98 73 206 157 144 156 167 125 137 187 22 211] exampleContext}
Received message in dispatch: &{9 e12941ec7de6221eb9dce95fa857023fc55d1ce1211b85c6b08ca197de892a76 [2 198 76 95 24 207 101 63 171 1 15 109 6 35 76 104 174 109 237 11 198 250 125 210 60 106 245 2 66 143 139 113 47 96 245 124 147 231 77 202 46 116 238 253 0 113 172 72 104 10 131 213 77 100 110 23 204 89 35 135 107 255 1 39 11 45 123 63 216 77 210 153 154 52 239 168 251 249 140 149 74] exampleContext}
Routing message of type: *priacy_compute.AggVRFMsg
Resolving message: &{9 e12941ec7de6221eb9dce95fa857023fc55d1ce1211b85c6b08ca197de892a76 [2 198 76 95 24 207 101 63 171 1 15 109 6 35 76 104 174 109 237 11 198 250 125 210 60 106 245 2 66 143 139 113 47 96 245 124 147 231 77 202 46 116 238 253 0 113 172 72 104 10 131 213 77 100 110 23 204 89 35 135 107 255 1 39 11 45 123 63 216 77 210 153 154 52 239 168 251 249 140 149 74] exampleContext}
Received message in dispatch: &{10 48fd440ae2b90a78992927b2542fb805faa72de57faa53d5ffef312329672441 [3 13 205 34 235 224 106 255 16 170 185 205 63 20 193 51 206 174 135 86 252 106 9 21 196 89 87 43 209 79 30 152 135 8 220 107 130 38 178 27 35 193 206 208 111 199 148 138 250 11 92 82 81 53 84 157 117 61 163 147 231 245 153 190 142 111 62 152 252 253 121 168 2 195 214 61 123 104 113 229 235] exampleContext}
Routing message of type: *priacy_compute.AggVRFMsg
Resolving message: &{10 48fd440ae2b90a78992927b2542fb805faa72de57faa53d5ffef312329672441 [3 13 205 34 235 224 106 255 16 170 185 205 63 20 193 51 206 174 135 86 252 106 9 21 196 89 87 43 209 79 30 152 135 8 220 107 130 38 178 27 35 193 206 208 111 199 148 138 250 11 92 82 81 53 84 157 117 61 163 147 231 245 153 190 142 111 62 152 252 253 121 168 2 195 214 61 123 104 113 229 235] exampleContext}
Server will be started at localhost:1114...
Received message in dispatch: &{}
Routing message of type: *priacy_compute.TriggerVRFMsg
Resolving message: &{}
Received message in dispatch: &{3 f70b33b9d862f46b51d22c43b245291c8e991224266c12d696974a5bd2561164 [2 14 79 158 156 90 29 205 243 47 71 223 150 53 106 80 1 231 89 20 61 250 233 191 163 190 156 166 169 47 112 226 77 159 103 177 216 28 179 35 61 158 22 126 37 149 140 107 95 13 100 219 203 39 204 97 124 48 47 49 19 133 238 2 65 249 24 17 72 140 14 123 52 120 0 64 170 81 99 114 20] exampleContext}
Routing message of type: *priacy_compute.AggVRFMsg
Successfully triggered VRF evaluation.
VRFValue: 0.836918
VRFProof: 03d6404971d7c48d14175697b43c78d6a6e51ae820c0c51c6b1be8c73e1c6042bfe6c605e27e22922f48a2c2e5c416916e043b4abf6134d87a85d06898be7213f726af79c706ac37ceced4133193a04e85
VRFval: 0x1.ac8092e3af892p-01
VRFChosen: false
Resolving message: &{3 f70b33b9d862f46b51d22c43b245291c8e991224266c12d696974a5bd2561164 [2 14 79 158 156 90 29 205 243 47 71 223 150 53 106 80 1 231 89 20 61 250 233 191 163 190 156 166 169 47 112 226 77 159 103 177 216 28 179 35 61 158 22 126 37 149 140 107 95 13 100 219 203 39 204 97 124 48 47 49 19 133 238 2 65 249 24 17 72 140 14 123 52 120 0 64 170 81 99 114 20] exampleContext}
Successfully triggered aggregation process.
Received message in dispatch: &{10 d2a3d2f4325166fd1087d17bf03f3bc7314813137723a8c7b091a68fc717d223 [2 147 101 93 110 79 205 233 5 7 226 117 125 142 245 220 104 20 168 247 32 87 77 219 185 51 158 118 16 253 110 55 75 56 148 205 79 31 90 122 27 229 133 194 173 37 233 224 16 15 156 4 115 163 198 197 52 223 158 124 152 40 79 179 108 76 8 23 118 28 203 123 92 167 199 243 184 156 183 36 156] exampleContext}
Routing message of type: *priacy_compute.AggVRFMsg
Resolving message: &{10 d2a3d2f4325166fd1087d17bf03f3bc7314813137723a8c7b091a68fc717d223 [2 147 101 93 110 79 205 233 5 7 226 117 125 142 245 220 104 20 168 247 32 87 77 219 185 51 158 118 16 253 110 55 75 56 148 205 79 31 90 122 27 229 133 194 173 37 233 224 16 15 156 4 115 163 198 197 52 223 158 124 152 40 79 179 108 76 8 23 118 28 203 123 92 167 199 243 184 156 183 36 156] exampleContext}
Received message in dispatch: &{7 927672cd024697179aca79f506e7e5bbc647092fd4ef4077584aa99ba8719ad8 [3 84 193 174 250 192 182 76 159 189 81 72 93 57 144 122 160 208 125 118 82 249 185 5 83 137 220 40 120 177 240 114 204 139 201 212 239 120 146 214 161 114 238 24 166 71 197 208 166 1 147 110 48 166 127 221 85 80 57 5 115 149 53 23 147 113 106 255 15 35 125 216 168 224 148 49 53 162 92 236 254] exampleContext}
Routing message of type: *priacy_compute.AggVRFMsg
Server will be started at localhost:1114...
Received message in dispatch: &{}
Routing message of type: *priacy_compute.TriggerVRFMsg
Resolving message: &{}
Successfully triggered VRF evaluation.
VRFValue: 0.408997
VRFProof: 0368b4019a941166c6eab455b2c5dd13c5370d867c60809bcd9789975c0c5befc74e9134772e48185bf730e9fa2d73d10309f7d2f73ffc174a1d5a66d777c4191dcfb459b4217e4c90902e6f94f36a4559
VRFval: 0x1.a2d0066a5045ap-02
VRFChosen: false
Node 1 selected as Aggregator 1
Node 2 selected as Aggregator 2
Successfully triggered aggregation process.
Server will be started at localhost:1114...
Received message in dispatch: &{}
Routing message of type: *priacy_compute.TriggerVRFMsg
Resolving message: &{}
VRFValue: 0.126435
VRFProof: 03205e0358a3fcdb5b8a3201d4296bf60e592aec5ca2f18af653384bdae9b936f166ad2e175dc35a602827dbb0650640d309fdc82966db6b5df881b12def0ad435d79079e23052b6e410439897e3d70201
VRFval: 0x1.02f01ac51fe6ep-03
VRFChosen: true
Bloom Params - M: 10, T: 3, EpsBF: 0.010000
Bloom L: 29, D: 7
Approved Indices: [2 5 0]
Successfully triggered VRF evaluation.
Node 1 selected as Aggregator 1
Node 2 selected as Aggregator 2
Successfully triggered aggregation process.
Server will be started at localhost:1114...
Received message in dispatch: &{}
Routing message of type: *priacy_compute.TriggerVRFMsg
Resolving message: &{}
VRFValue: 0.607568
VRFProof: 039b8991478d40b7ae9544b633b9a2ee7a3483f1036db671da2a4de0d0633033fc1b73e72b72547930f5992cd317efa923080fe4248fba93da7bb632af842faf8a885275dfd79baedc3fe2b19baa91b52a
VRFval: 0x1.3713228f1a817p-01
VRFChosen: false
Bloom Params - M: 10, T: 3, EpsBF: 0.010000
Bloom L: 29, D: 7
Approved Indices: [5 1 6]
Successfully triggered VRF evaluation.
Received message in dispatch: &{[5 1 6]}
Routing message of type: *priacy_compute.LocalApproveVoteMsg
Successfully triggered local approve vote.
Resolving message: &{[5 1 6]}
Node 1 selected as Aggregator 1
Node 2 selected as Aggregator 2
Successfully triggered aggregation process.
Server will be started at localhost:1114...
Received message in dispatch: &{}
Routing message of type: *priacy_compute.TriggerVRFMsg
Resolving message: &{}
Successfully triggered VRF evaluation.
VRFValue: 0.578034
VRFProof: 0293fa09cdb53cc495505c64b6e36556080e59edc1df2efd142a02ac8bbdc2f06d6299a2d754e4e94684a0dd8722bd9495000deb87a0a65be41773beaa8a1b4ea57d229c9f68f0accfb6bab07ad7b3f3be
VRFval: 0x1.27f4139b6a799p-01
VRFChosen: false
Bloom Params - M: 10, T: 3, EpsBF: 0.010000
Bloom L: 29, D: 7
Approved Indices: [7 8 2]
Received message in dispatch: &{[7 8 2]}
Routing message of type: *priacy_compute.LocalApproveVoteMsg
Successfully triggered local approve vote.
Resolving message: &{[7 8 2]}
Node 1 selected as Aggregator 1
Node 2 selected as Aggregator 2
Successfully triggered aggregation process.
Server will be started at localhost:1114...
Received message in dispatch: &{}
Routing message of type: *priacy_compute.TriggerVRFMsg
Resolving message: &{}
VRFValue: 0.447344
VRFProof: 02728521b05d43e17cc5c80ca25c1363eb8e0e25432ba001db3801e620dcfdf047f88fff7cabf855169f5b7f07fdd69d4f09365fd6d111147bd8a5e97a9dc0851ff4f600573c0c68277fecfe405c9f0a96
VRFval: 0x1.ca1486c1750f8p-02
VRFChosen: false
Bloom Params - M: 10, T: 3, EpsBF: 0.010000
Bloom L: 29, D: 7
Approved Indices: [9 1 4]
Successfully triggered VRF evaluation.
Received message in dispatch: &{[9 1 4]}
Routing message of type: *priacy_compute.LocalApproveVoteMsg
Successfully triggered local approve vote.
Resolving message: &{[9 1 4]}
Node 1 selected as Aggregator 1
Node 2 selected as Aggregator 2
Successfully triggered aggregation process.
Server will be started at localhost:1114...
Received message in dispatch: &{}
Routing message of type: *priacy_compute.TriggerVRFMsg
Resolving message: &{}
VRFValue: 0.591561
VRFProof: 0297708edf41e41b3808b451408e2fc5cd9bdd824d7e4d4bd7c08d89f95cb87914ebd3a700f49e1c9debf686ce3b29a84b0a1022dd4ac3727ca4e5dc7a4638d381249e4d9ccb979bb98b77afad3bd363fd
VRFval: 0x1.2ee11dbe83c83p-01
VRFChosen: false
Bloom Params - M: 10, T: 3, EpsBF: 0.010000
Bloom L: 29, D: 7
Approved Indices: [8 4 9]
Successfully triggered VRF evaluation.
Received message in dispatch: &{[8 4 9]}
Routing message of type: *priacy_compute.LocalApproveVoteMsg
Successfully triggered local approve vote.
Resolving message: &{[8 4 9]}
Node 1 selected as Aggregator 1
Node 2 selected as Aggregator 2
Successfully triggered aggregation process.
Server will be started at localhost:1114...
Received message in dispatch: &{}
Routing message of type: *priacy_compute.TriggerVRFMsg
Resolving message: &{}
Successfully triggered VRF evaluation.
VRFValue: 0.449510
VRFProof: 02731314d285516e2e61b5bb7b2cbfc30d85f5c549d706cbf68a1bc2007ddc707d9415bdf238bfe1845fe0d3e08321a8030aa9746810b6e57fbf4f759aaf2eb5ffae1d839e1a209700bb7a2d5f320230fb
VRFval: 0x1.cc4c534a1545cp-02
VRFChosen: false
Bloom Params - M: 10, T: 3, EpsBF: 0.010000
Bloom L: 29, D: 7
Approved Indices: [7 2 8]
Node 1 selected as Aggregator 1
Node 2 selected as Aggregator 2
Successfully triggered aggregation process.
Received message in dispatch: &{[7 2 8]}
Routing message of type: *priacy_compute.LocalApproveVoteMsg
Successfully triggered local approve vote.
Resolving message: &{[7 2 8]}
Cleaned and Validated Approved Indices: [7 2 8]
Pedersen Commitment: 0200000000000000 (len=33)
Range Proof prefix: 02000000000000000000000000000000... (len=721)
[vote/send] pkt1 -> 1 (part=1)
[vote/send] from=4 -> to=1 url=http://localhost:1111/vote/share
[vote/send] part=1 L=29 D=7 sumOnes=16 shares_len=29
[vote/send] pedersenCom(hex)=0200000000000000...
[vote/send] rangeProof(hex)=02000000000000000000000000000000...
[vote/send] pkt2 -> 2 (part=2)
[vote/send] from=4 -> to=2 url=http://localhost:1112/vote/share
[vote/send] part=2 L=29 D=7 sumOnes=16 shares_len=29
[vote/send] pedersenCom(hex)=0200000000000000...
[vote/send] rangeProof(hex)=02000000000000000000000000000000...
Server will be started at localhost:1114...
Received message in dispatch: &{}
Routing message of type: *priacy_compute.TriggerVRFMsg
Resolving message: &{}
Successfully triggered VRF evaluation.
VRFValue: 0.198180
VRFProof: 0332bbe6976f118b9254fe14088abb86fc55300ffb6dd36f04da43ecf3e6cd63d318ea8c0d3d11545e645af343560bd37d0f486cb48ccaf6b0460a8539e1fbf4c3c3aa2863b5688a93357792539ac5cd04
VRFval: 0x1.95df34bb788c6p-03
VRFChosen: true
Bloom Params - M: 10, T: 3, EpsBF: 0.010000
Bloom L: 29, D: 7
Approved Indices: [2 5 7]
Node 1 selected as Aggregator 1
Node 2 selected as Aggregator 2
Successfully triggered aggregation process.
Received message in dispatch: &{[2 5 7]}
Routing message of type: *priacy_compute.LocalApproveVoteMsg
Successfully triggered local approve vote.
Resolving message: &{[2 5 7]}
Cleaned and Validated Approved Indices: [2 5 7]
Pedersen Commitment: 0200000000000000 (len=33)
Range Proof prefix: 02000000000000000000000000000000... (len=721)
[vote/send] pkt1 -> 1 (part=1)
[vote/send] from=4 -> to=1 url=http://localhost:1111/vote/share
[vote/send] part=1 L=29 D=7 sumOnes=17 shares_len=29
[vote/send] pedersenCom(hex)=0200000000000000...
[vote/send] rangeProof(hex)=02000000000000000000000000000000...
[vote/send] pkt2 -> 2 (part=2)
[vote/send] from=4 -> to=2 url=http://localhost:1112/vote/share
[vote/send] part=2 L=29 D=7 sumOnes=17 shares_len=29
[vote/send] pedersenCom(hex)=0200000000000000...
[vote/send] rangeProof(hex)=02000000000000000000000000000000...
Server will be started at localhost:1114...
Received message in dispatch: &{}
Routing message of type: *priacy_compute.TriggerVRFMsg
Resolving message: &{}
Successfully triggered VRF evaluation.
VRFValue: 0.987035
VRFProof: 02fcae53ee460e908a9d6f0d1b7c61d929cebd931db3d5e28b5bd6b3bf5e2c612b1c19bbc4ca03705d4ef61711105b69e70e27ad97750ecd6ded3f1ef828c6e4c9314fab96dcd491e5b53e6da869b481da
VRFval: 0x1.f95ca7dc8c1d2p-01
VRFChosen: false
Bloom Params - M: 10, T: 3, EpsBF: 0.010000
Bloom L: 29, D: 7
Approved Indices: [2 1 5]
Received message in dispatch: &{[2 1 5]}
Routing message of type: *priacy_compute.LocalApproveVoteMsg
Successfully triggered local approve vote.
Resolving message: &{[2 1 5]}
Node 1 selected as Aggregator 1
Node 2 selected as Aggregator 2
Successfully triggered aggregation process.
Server will be started at localhost:1114...
Received message in dispatch: &{}
Routing message of type: *priacy_compute.TriggerVRFMsg
Resolving message: &{}
Successfully triggered VRF evaluation.
VRFValue: 0.113173
VRFProof: 021cf8e404d3e4508c2b1f3425b2f6c4299f5e96d2a0ba6f9d88c7d72516e269511302420e3ab65990c16e45513bf975ae049c0af699c0eab6d074b1657a6c01b9c12e1ac580643aff8e14cf01cdeecf23
VRFval: 0x1.cf8e404d3e451p-04
VRFChosen: true
Bloom Params - M: 10, T: 3, EpsBF: 0.010000
Bloom L: 29, D: 7
Approved Indices: [3 0 5]
Node 1 selected as Aggregator 1
Node 2 selected as Aggregator 2
Successfully triggered aggregation process.
Received message in dispatch: &{[3 0 5]}
Routing message of type: *priacy_compute.LocalApproveVoteMsg
Successfully triggered local approve vote.
Resolving message: &{[3 0 5]}
Cleaned and Validated Approved Indices: [3 0 5]
Pedersen Commitment: 0200000000000000 (len=33)
Range Proof prefix: 02000000000000000000000000000000... (len=721)
[vote/send] pkt1 -> 1 (part=1)
[vote/send] from=4 -> to=1 url=http://localhost:1111/vote/share
[vote/send] part=1 L=29 D=7 sumOnes=17 shares_len=29
[vote/send] pedersenCom(hex)=0200000000000000...
[vote/send] rangeProof(hex)=02000000000000000000000000000000...
[vote/send] pkt2 -> 2 (part=2)
[vote/send] from=4 -> to=2 url=http://localhost:1112/vote/share
[vote/send] part=2 L=29 D=7 sumOnes=17 shares_len=29
[vote/send] pedersenCom(hex)=0200000000000000...
[vote/send] rangeProof(hex)=02000000000000000000000000000000...
Server will be started at localhost:1114...
Received message in dispatch: &{}
Routing message of type: *priacy_compute.TriggerVRFMsg
Resolving message: &{}
VRFValue: 0.746175
VRFProof: 03bf055513bea7f5a22b53fff3c2aa059d75b56e3627cc60144802cc10f89726abe70bf69a101e377c8afd0fc1eb464a65076d16ea74a1198b242cde92c0908201d8a7c2f33b3c2c650f69a941be599664
VRFval: 0x1.7e0aaa277d4ffp-01
VRFChosen: false
Bloom Params - M: 10, T: 3, EpsBF: 0.010000
Bloom L: 29, D: 7
Approved Indices: [0 6 3]
Successfully triggered VRF evaluation.
Received message in dispatch: &{[0 6 3]}
Routing message of type: *priacy_compute.LocalApproveVoteMsg
Successfully triggered local approve vote.
Resolving message: &{[0 6 3]}
[AggSelect] self=4 IsAgg=false part=0 A=1 B=2
Successfully triggered aggregation process.
Server will be started at localhost:1114...
Error triggering VRF: Post "http://localhost:1114/vrf/eval": dial tcp [::1]:1114: connectex: No connection could be made because the target machine actively refused it.
Server will be started at localhost:1114...
Error triggering VRF: Post "http://localhost:1114/vrf/eval": dial tcp [::1]:1114: connectex: No connection could be made because the target machine actively refused it.
Server will be started at localhost:1114...
Received message in dispatch: &{}
Routing message of type: *priacy_compute.TriggerVRFMsg
Resolving message: &{}
Successfully triggered VRF evaluation.
VRFValue: 0.049168
VRFProof: 020c963fc6a545fcd61691b84eaa1fe0fdf9fa375ae663624def31058359cbac1f0b06d4d6cc851c7e504666a0ae59f9ca04644850506495096b7973e59e7df1571c1a7ca3a37eb12ea0117ecc24538efd
VRFval: 0x1.92c7f8d4a8bfap-05
VRFChosen: true
Bloom Params - M: 10, T: 3, EpsBF: 0.010000
Bloom L: 29, D: 7
Approved Indices: [5 4 6]
[AggSelect] self=4 IsAgg=false part=0 A=1 B=2
Successfully triggered aggregation process.
Received message in dispatch: &{[5 4 6]}
Routing message of type: *priacy_compute.LocalApproveVoteMsg
Successfully triggered local approve vote.
Resolving message: &{[5 4 6]}
Cleaned and Validated Approved Indices: [5 4 6]
Pedersen Commitment: 0200000000000000 (len=33)
Range Proof prefix: 02000000000000000000000000000000... (len=721)
[vote/send] pkt1 -> 1 (part=1)
[vote/send] from=4 -> to=1 url=http://localhost:1111/vote/share
[vote/send] part=1 L=29 D=7 sumOnes=17 shares_len=29
[vote/send] pedersenCom(hex)=0200000000000000...
[vote/send] rangeProof(hex)=02000000000000000000000000000000...
[vote/send] pkt2 -> 2 (part=2)
[vote/send] from=4 -> to=2 url=http://localhost:1112/vote/share
[vote/send] part=2 L=29 D=7 sumOnes=17 shares_len=29
[vote/send] pedersenCom(hex)=0200000000000000...
[vote/send] rangeProof(hex)=02000000000000000000000000000000...
Server will be started at localhost:1114...
Received message in dispatch: &{}
Routing message of type: *priacy_compute.TriggerVRFMsg
Resolving message: &{}
Successfully triggered VRF evaluation.
VRFValue: 0.983823
VRFProof: 03fbdbda32ebac958fbb3e2d58fe26849fb0987cf15c87aa648d36b8dcfdfdc3c8b59e79ebfeda464474b3862f02e4101a020bf4f89e5b586c4eca8d66bf5267a91b88c4a26fd9011bc5ebad5307db2da0
VRFval: 0x1.f7b7b465d7593p-01
VRFChosen: false
Bloom Params - M: 10, T: 3, EpsBF: 0.010000
Bloom L: 29, D: 7
Approved Indices: [6 1 7]
Received message in dispatch: &{[6 1 7]}
Routing message of type: *priacy_compute.LocalApproveVoteMsg
[AggSelect] self=4 IsAgg=false part=0 A=1 B=2
Successfully triggered aggregation process.
Successfully triggered local approve vote.
Resolving message: &{[6 1 7]}
Cleaned and Validated Approved Indices: [6 1 7]
Pedersen Commitment: 0200000000000000 (len=33)
Range Proof prefix: 02000000000000000000000000000000... (len=721)
[vote/send] pkt1 -> 1 (part=1)
[vote/send] from=4 -> to=1 url=http://localhost:1111/vote/share
[vote/send] part=1 L=29 D=7 sumOnes=17 shares_len=29
[vote/send] pedersenCom(hex)=0200000000000000...
[vote/send] rangeProof(hex)=02000000000000000000000000000000...
[vote/send] pkt2 -> 2 (part=2)
[vote/send] from=4 -> to=2 url=http://localhost:1112/vote/share
[vote/send] part=2 L=29 D=7 sumOnes=17 shares_len=29
[vote/send] pedersenCom(hex)=0200000000000000...
[vote/send] rangeProof(hex)=02000000000000000000000000000000...
Server will be started at localhost:1114...
Received message in dispatch: &{}
Routing message of type: *priacy_compute.TriggerVRFMsg
Resolving message: &{}
Successfully triggered VRF evaluation.
VRFValue: 0.022815
VRFProof: 0205d72fb6bfef642094bb22f7343b769bc3c6623f9bbd5bf8853e512b355579659d64084b9060d8b42f880fc7b4909ac500e2f0f62b10c4d11b02071284d3ec627ca2581dd8878b40b48836fe8175b071
VRFval: 0x1.75cbedaffbd91p-06
VRFChosen: true
Bloom Params - M: 10, T: 3, EpsBF: 0.010000
Bloom L: 29, D: 7
Approved Indices: [3 6 9]
[AggSelect] self=4 IsAgg=false part=0 A=1 B=2
Successfully triggered aggregation process.
Received message in dispatch: &{[3 6 9]}
Routing message of type: *priacy_compute.LocalApproveVoteMsg
Successfully triggered local approve vote.
Resolving message: &{[3 6 9]}
Cleaned and Validated Approved Indices: [3 6 9]
Pedersen Commitment: 0200000000000000 (len=33)
Range Proof prefix: 02000000000000000000000000000000... (len=721)
[vote/send] pkt1 -> 1 (part=1)
[vote/send] from=4 -> to=1 url=http://localhost:1111/vote/share
[vote/send] part=1 L=29 D=7 sumOnes=17 shares_len=29
[vote/send] pedersenCom(hex)=0200000000000000...
[vote/send] rangeProof(hex)=02000000000000000000000000000000...
[vote/send] pkt2 -> 2 (part=2)
[vote/send] from=4 -> to=2 url=http://localhost:1112/vote/share
[vote/send] part=2 L=29 D=7 sumOnes=17 shares_len=29
[vote/send] pedersenCom(hex)=0200000000000000...
[vote/send] rangeProof(hex)=02000000000000000000000000000000...
Server will be started at localhost:1114...
Received message in dispatch: &{}
Routing message of type: *priacy_compute.TriggerVRFMsg
Resolving message: &{}
Successfully triggered VRF evaluation.
VRFValue: 0.697734
VRFProof: 02b29ea9f58b9a72c2ba0248495d7832f502b7337756c7e2024155f77bb3ea7d795cbaf14b34458cbc79655e39728887ce0bd24afd2b59cd90f80c132ba2a1e2f7f2a6a5d0a6d46804a0d72f1c773257a4
VRFval: 0x1.653d53eb1734ep-01
VRFChosen: false
Bloom Params - M: 10, T: 3, EpsBF: 0.010000
Bloom L: 29, D: 7
Approved Indices: [5 6 0]
[AggSelect] self=4 IsAgg=false part=0 A=1 B=2
Received message in dispatch: &{[5 6 0]}
Routing message of type: *priacy_compute.LocalApproveVoteMsg
Successfully triggered local approve vote.
Resolving message: &{[5 6 0]}
Successfully triggered aggregation process.
Cleaned and Validated Approved Indices: [5 6 0]
Pedersen Commitment: 0200000000000000 (len=33)
Range Proof prefix: 02000000000000000000000000000000... (len=721)
[vote/send] pkt1 -> 1 (part=1)
[vote/send] from=4 -> to=1 url=http://localhost:1111/vote/share
[vote/send] part=1 L=29 D=7 sumOnes=17 shares_len=29
[vote/send] pedersenCom(hex)=0200000000000000...
[vote/send] rangeProof(hex)=02000000000000000000000000000000...
[vote/send] pkt2 -> 2 (part=2)
[vote/send] from=4 -> to=2 url=http://localhost:1112/vote/share
[vote/send] part=2 L=29 D=7 sumOnes=17 shares_len=29
[vote/send] pedersenCom(hex)=0200000000000000...
[vote/send] rangeProof(hex)=02000000000000000000000000000000...
Server will be started at localhost:1114...
Received message in dispatch: &{}
Routing message of type: *priacy_compute.TriggerVRFMsg
Resolving message: &{}
Successfully triggered VRF evaluation.
VRFValue: 0.500487
VRFProof: 03801ff0ce74be25cbfcaa3b594158565f71f47188e3e8f51f2e5f7c86d5b1fafa6c6f6e242b13db47b61c1c38d70ac4460160081e127dcf1afecb4527c9b97f61ed74d2727fa45004f07c2742844ae9e8
VRFval: 0x1.003fe19ce97c5p-01
VRFChosen: false
Bloom Params - M: 10, T: 3, EpsBF: 0.010000
Bloom L: 29, D: 7
Approved Indices: [1 6 3]
Received message in dispatch: &{[1 6 3]}
Routing message of type: *priacy_compute.LocalApproveVoteMsg
Successfully triggered local approve vote.
Resolving message: &{[1 6 3]}
[AggSelect] self=4 IsAgg=false part=0 A=1 B=2
Successfully triggered aggregation process.
Server will be started at localhost:1114...
Received message in dispatch: &{}
Routing message of type: *priacy_compute.TriggerVRFMsg
Resolving message: &{}
Successfully triggered VRF evaluation.
VRFValue: 0.151261
VRFProof: 0326b9042a0f0d7afb7326600547954875eea3ff80bf007215514ae30784c52cdc658dc2792a439c369b520ea2532be681016134dbb70094ab72af845220de988edda6cff0039713a40d8fe4aec0d196ce
VRFval: 0x1.35c82150786bdp-03
VRFChosen: true
Bloom Params - M: 10, T: 3, EpsBF: 0.010000
Bloom L: 29, D: 7
Approved Indices: [4 6 0]
Received message in dispatch: &{[4 6 0]}
Routing message of type: *priacy_compute.LocalApproveVoteMsg
Successfully triggered local approve vote.
Resolving message: &{[4 6 0]}
[AggSelect] self=4 IsAgg=false part=0 A=1 B=2
Successfully triggered aggregation process.
Server will be started at localhost:1114...
Received message in dispatch: &{}
Routing message of type: *priacy_compute.TriggerVRFMsg
Resolving message: &{}
Successfully triggered VRF evaluation.
VRFValue: 0.873146
VRFProof: 02df867e37926d2d93832b0d8f5419072842e8778b75311c32fd8be91fa63aae12965b2c8a3d79a6950132724a19d159410a6149a594aaed8d1051f9d0e5f4c47b70e1ae5434069d4ccdfbf241490f5b27
VRFval: 0x1.bf0cfc6f24da6p-01
VRFChosen: false
Bloom Params - M: 10, T: 3, EpsBF: 0.010000
Bloom L: 29, D: 7
Approved Indices: [7 0 8]
[AggSelect] self=4 IsAgg=false part=0 A=1 B=2
Successfully triggered aggregation process.
Received message in dispatch: &{[7 0 8]}
Routing message of type: *priacy_compute.LocalApproveVoteMsg
Successfully triggered local approve vote.
Resolving message: &{[7 0 8]}
Cleaned and Validated Approved Indices: [7 0 8]
Pedersen Commitment: 0200000000000000 (len=33)
Range Proof prefix: 02000000000000000000000000000000... (len=721)
[vote/send] pkt1 -> 1 (part=1)
[vote/send] from=4 -> to=1 url=http://localhost:1111/vote/share
[vote/send] part=1 L=29 D=7 sumOnes=15 shares_len=29
[vote/send] pedersenCom(hex)=0200000000000000...
[vote/send] rangeProof(hex)=02000000000000000000000000000000...
[vote/send] pkt2 -> 2 (part=2)
[vote/send] from=4 -> to=2 url=http://localhost:1112/vote/share
[vote/send] part=2 L=29 D=7 sumOnes=15 shares_len=29
[vote/send] pedersenCom(hex)=0200000000000000...
[vote/send] rangeProof(hex)=02000000000000000000000000000000...
Server will be started at localhost:1114...
Received message in dispatch: &{}
Routing message of type: *priacy_compute.TriggerVRFMsg
Resolving message: &{}
Successfully triggered VRF evaluation.
VRFValue: 0.130470
VRFProof: 022166791fbcc93e33ad5b51894bb75069eda31845da13403b3e25a2e81aab3a7ade0a09491809fe548fba9f47d86d1a1a0c5f42e0ee0fbfd2276540f858fa749d79f9b5883120c2301b53bf7c9206740c
VRFval: 0x1.0b33c8fde649fp-03
VRFChosen: true
Bloom Params - M: 10, T: 3, EpsBF: 0.010000
Bloom L: 29, D: 7
Approved Indices: [9 8 4]
Received message in dispatch: &{[9 8 4]}
Routing message of type: *priacy_compute.LocalApproveVoteMsg
Successfully triggered local approve vote.
Resolving message: &{[9 8 4]}
[AggSelect] self=4 IsAgg=false part=0 A=1 B=2
Successfully triggered aggregation process.
Server will be started at localhost:1114...
Received message in dispatch: &{}
Routing message of type: *priacy_compute.TriggerVRFMsg
Resolving message: &{}
Successfully triggered VRF evaluation.
VRFValue: 0.745732
VRFProof: 02bee842ac9733d4d2e943b1c1ed8e20abd56a877c2ef09255cbd5153ca741f735dbb91e62c2312bdfb46ba6b1d4ddfa610a004c61d6e645e2314f79e17027bc09f1e31a4e6c2023240818651a834b480a
VRFval: 0x1.7dd085592e67bp-01
VRFChosen: false
Bloom Params - M: 10, T: 3, EpsBF: 0.010000
Bloom L: 29, D: 7
Approved Indices: [8 6 3]
Received message in dispatch: &{[8 6 3]}
Routing message of type: *priacy_compute.LocalApproveVoteMsg
Successfully triggered local approve vote.
Resolving message: &{[8 6 3]}
[AggSelect] self=4 IsAgg=false part=0 A=1 B=2
Successfully triggered aggregation process.
Server will be started at localhost:1114...
Received message in dispatch: &{}
Routing message of type: *priacy_compute.TriggerVRFMsg
Resolving message: &{}
Successfully triggered VRF evaluation.
VRFValue: 0.517680
VRFProof: 038486a65ef8b29b048141722971ada65639b4ca27fb5b5ee1095924b9f1ae2de08f13b1db5b2bd02fd4f7b186a8d0e05509eaeee47ab35d69912413695d61371bac18c7f7174577be4190423808613298
VRFval: 0x1.090d4cbdf1653p-01
VRFChosen: false
Bloom Params - M: 10, T: 3, EpsBF: 0.010000
Bloom L: 29, D: 7
Approved Indices: [2 9 0]
Successfully triggered local approve vote.
Received message in dispatch: &{[2 9 0]}
Routing message of type: *priacy_compute.LocalApproveVoteMsg
Resolving message: &{[2 9 0]}
[AggSelect] self=4 IsAgg=false part=0 A=1 B=2
Successfully triggered aggregation process.
Server will be started at localhost:1114...
Successfully triggered VRF evaluation.
Received message in dispatch: &{}
Routing message of type: *priacy_compute.TriggerVRFMsg
Resolving message: &{}
VRFValue: 0.683770
VRFProof: 03af0b94873c172626876f62449493e6eaf4867792b11908204764535b25c04ef5ed89e017bddf1b3b6358cc36cb427e380429f7fdaee605ce50cdacaab9418e15694f34d49b563abcf6454acc8d183074
VRFval: 0x1.5e17290e782e5p-01
VRFChosen: false
Bloom Params - M: 10, T: 3, EpsBF: 0.010000
Bloom L: 29, D: 7
Approved Indices: [4 1 9]
Received message in dispatch: &{[4 1 9]}
Routing message of type: *priacy_compute.LocalApproveVoteMsg
Successfully triggered local approve vote.
Resolving message: &{[4 1 9]}
[AggSelect] self=4 IsAgg=false part=0 A=1 B=2
Successfully triggered aggregation process.
Server will be started at localhost:1114...
Received message in dispatch: &{}
Routing message of type: *priacy_compute.TriggerVRFMsg
Resolving message: &{}
Successfully triggered VRF evaluation.
VRFValue: 0.990709
VRFProof: 03fd9f1aa19b9f6475b5c99ecbaedb543a8109792086cd59c10b34fc389e1399e09a1dad7bae753b83bcd1d16c0c7c3e9f0204a8f646d8b721897c3e93044a82d5cfc30c95a26ff3ff3cab84a3e577ef5e
VRFval: 0x1.fb3e3543373edp-01
VRFChosen: false
Bloom Params - M: 10, T: 3, EpsBF: 0.010000
Bloom L: 29, D: 7
Approved Indices: [5 1 3]
Received message in dispatch: &{[5 1 3]}
Routing message of type: *priacy_compute.LocalApproveVoteMsg
Successfully triggered local approve vote.
Resolving message: &{[5 1 3]}
[AggSelect] self=4 IsAgg=false part=0 A=1 B=2
Successfully triggered aggregation process.
Server will be started at localhost:1114...
Received message in dispatch: &{}
Routing message of type: *priacy_compute.TriggerVRFMsg
Resolving message: &{}
Successfully triggered VRF evaluation.
VRFValue: 0.975030
VRFProof: 03f99b8edd7527b196bf5a3f88ca278593f5be687331b9856abf7849d9e5e7cff7e87f65d51c80eab77bbaac74e120b7490d9bac64d23c3b5390e3ed42130da93dced8c4d0d0f30738374413a6587dae15
VRFval: 0x1.f3371dbaea4f6p-01
VRFChosen: false
Bloom Params - M: 10, T: 3, EpsBF: 0.010000
Bloom L: 29, D: 7
Approved Indices: [2 7 3]
Received message in dispatch: &{[2 7 3]}
Routing message of type: *priacy_compute.LocalApproveVoteMsg
Successfully triggered local approve vote.
Resolving message: &{[2 7 3]}
[AggSelect] self=4 IsAgg=false part=0 A=1 B=2
Successfully triggered aggregation process.
Server will be started at localhost:1114...
Received message in dispatch: &{}
Routing message of type: *priacy_compute.TriggerVRFMsg
Resolving message: &{}
Successfully triggered VRF evaluation.
VRFValue: 0.787367
VRFProof: 03c990da5383617c92da29445b4c5b81c988b64fe4462cdda4307c5994c6059de495a936c6d187994bbe18fb807c4baa2b06ab866cf4ebea1c114f006575afb62cf25ea1fc9d27a3973478a688062124fb
VRFval: 0x1.9321b4a706c3p-01
VRFChosen: false
Bloom Params - M: 10, T: 3, EpsBF: 0.010000
Bloom L: 29, D: 7
Approved Indices: [7 9 2]
[AggSelect] self=4 IsAgg=false part=0 A=1 B=2
Successfully triggered aggregation process.
Successfully triggered local approve vote.
Received message in dispatch: &{[7 9 2]}
Routing message of type: *priacy_compute.LocalApproveVoteMsg
Resolving message: &{[7 9 2]}
Cleaned and Validated Approved Indices: [7 9 2]
Pedersen Commitment: 0200000000000000 (len=33)
Range Proof prefix: 02000000000000000000000000000000... (len=721)
[vote/send] pkt1 -> 1 (part=1)
[vote/send] from=4 -> to=1 url=http://localhost:1111/vote/share
[vote/send] part=1 L=29 D=7 sumOnes=16 shares_len=29
[vote/send] pedersenCom(hex)=0200000000000000...
[vote/send] rangeProof(hex)=02000000000000000000000000000000...
[vote/send] pkt2 -> 2 (part=2)
[vote/send] from=4 -> to=2 url=http://localhost:1112/vote/share
[vote/send] part=2 L=29 D=7 sumOnes=16 shares_len=29
[vote/send] pedersenCom(hex)=0200000000000000...
[vote/send] rangeProof(hex)=02000000000000000000000000000000...
Server will be started at localhost:1114...
Received message in dispatch: &{}
[dispatchMsg] Forwarding message: *priacy_compute.TriggerVRFMsg
Routing message of type: *priacy_compute.TriggerVRFMsg
[routeMsg] Message of type *priacy_compute.TriggerVRFMsg forwarded to MsgDelivery
Resolving message: &{}
Successfully triggered VRF evaluation.
VRFValue: 0.509067
VRFProof: 0282523dadd3e3a4e47073ab7bf8a35ca460c31f9df3d879ce2cfde8f2e1aad42d32828b7004675738e5796bee6782145e03000321e7fac7339155d606ef8b1d303b66b9d784812cd273959e5664cef9fb
VRFval: 0x1.04a47b5ba7c75p-01
VRFChosen: false
Bloom Params - M: 10, T: 3, EpsBF: 0.010000
Bloom L: 29, D: 7
Approved Indices: [9 4 7]
Received message in dispatch: &{[9 4 7]}
[dispatchMsg] Forwarding message: *priacy_compute.LocalApproveVoteMsg
Routing message of type: *priacy_compute.LocalApproveVoteMsg
[routeMsg] Message of type *priacy_compute.LocalApproveVoteMsg forwarded to MsgDelivery
Successfully triggered local approve vote.
Resolving message: &{[9 4 7]}
[AggSelect] self=4 IsAgg=false part=0 A=1 B=2
Successfully triggered aggregation process.
Server will be started at localhost:1114...
Received message in dispatch: &{}
[dispatchMsg] Forwarding message: *priacy_compute.TriggerVRFMsg
Routing message of type: *priacy_compute.TriggerVRFMsg
[routeMsg] Message of type *priacy_compute.TriggerVRFMsg forwarded to MsgDelivery
Resolving message: &{}
Successfully triggered VRF evaluation.
VRFValue: 0.187415
VRFProof: 022ffa734dc34ff693db9739918acf778121d4ebf4d149e7f98bee3c74732bb339bdc066bc0ad1c0155e959425172b4fda03fa8e7a2c9129bc6d7afec514c9164b69bf4ceeabc9b3e3ab188e970b0c7fba
VRFval: 0x1.7fd39a6e1a7fbp-03
VRFChosen: true
Bloom Params - M: 10, T: 3, EpsBF: 0.010000
Bloom L: 29, D: 7
Approved Indices: [9 6 2]
Received message in dispatch: &{[9 6 2]}
Successfully triggered local approve vote.
[dispatchMsg] Forwarding message: *priacy_compute.LocalApproveVoteMsg
Routing message of type: *priacy_compute.LocalApproveVoteMsg
[routeMsg] Message of type *priacy_compute.LocalApproveVoteMsg forwarded to MsgDelivery
Resolving message: &{[9 6 2]}
[AggSelect] self=4 IsAgg=false part=0 A=1 B=2
Successfully triggered aggregation process.
Server will be started at localhost:1114...
Received message in dispatch: &{}
[dispatchMsg] Forwarding message: *priacy_compute.TriggerVRFMsg
Routing message of type: *priacy_compute.TriggerVRFMsg
[routeMsg] Message of type *priacy_compute.TriggerVRFMsg forwarded to MsgDelivery
Resolving message: &{}
Successfully triggered VRF evaluation.
VRFValue: 0.843427
VRFProof: 02d7ead4183b9f9eaaa11704f7f3111c121cecc12bdf546e024aae2e0e54d35b74334117bdf22f3cc3a4337849c7dfe00e0d1cac7326b0a894850a69b02c9a86033c378ff7c2e6c5c30fc60a67aacd58f1
VRFval: 0x1.afd5a830773f4p-01
VRFChosen: false
Bloom Params - M: 10, T: 3, EpsBF: 0.010000
Bloom L: 29, D: 7
Approved Indices: [5 6 9]
Received message in dispatch: &{[5 6 9]}
[dispatchMsg] Forwarding message: *priacy_compute.LocalApproveVoteMsg
Routing message of type: *priacy_compute.LocalApproveVoteMsg
[routeMsg] Message of type *priacy_compute.LocalApproveVoteMsg forwarded to MsgDelivery
Successfully triggered local approve vote.
Resolving message: &{[5 6 9]}
Server will be started at localhost:1114...
Successfully triggered VRF evaluation.
Waiting for 1 minute before triggering aggregation...
Received message in dispatch: &{}
[dispatchMsg] Forwarding message: *priacy_compute.TriggerVRFMsg
Routing message of type: *priacy_compute.TriggerVRFMsg
[routeMsg] Message of type *priacy_compute.TriggerVRFMsg forwarded to MsgDelivery
Resolving message: &{}
VRFValue: 0.856522
VRFProof: 03db450014ce609d8116337dfad4c12c3d0253f1f47650d7a3e296550e35da4aee5f0ec3d86192f10062fb5cadb39518d70e19d04771729ed5b62d52fd7c3aed89b5af12fa8126139ea76798a04bc63507
VRFval: 0x1.b68a00299cc14p-01
VRFChosen: false
Bloom Params - M: 10, T: 3, EpsBF: 0.010000
Bloom L: 29, D: 7
Approved Indices: [9 0 3]
Received message in dispatch: &{[9 0 3]}
[dispatchMsg] Forwarding message: *priacy_compute.LocalApproveVoteMsg
Routing message of type: *priacy_compute.LocalApproveVoteMsg
[routeMsg] Message of type *priacy_compute.LocalApproveVoteMsg forwarded to MsgDelivery
Successfully triggered local approve vote.
Resolving message: &{[9 0 3]}
[AggSelect] self=4 IsAgg=false part=0 A=1 B=2
Test data added to RecvSharesPart1 and RecvSharesPart2
Successfully triggered aggregation process.
Server will be started at localhost:1114...
Received message in dispatch: &{}
[dispatchMsg] Forwarding message: *priacy_compute.TriggerVRFMsg
Routing message of type: *priacy_compute.TriggerVRFMsg
[routeMsg] Message of type *priacy_compute.TriggerVRFMsg forwarded to MsgDelivery
Resolving message: &{}
Successfully triggered VRF evaluation.
Waiting for 1 minute before triggering aggregation...
VRFValue: 0.526364
VRFProof: 0286bfc76ee34db8144a18097fcd34ded335ac8e0a4de2c0ea298f3a2d93fa6244650120d8199c43bcd8656354b529390a0eb0a7c873c494ef99d671f2d2ca4ee9d93e55268dc0cb888dc49117609f18ea
VRFval: 0x1.0d7f8eddc69b7p-01
VRFChosen: false
Bloom Params - M: 10, T: 3, EpsBF: 0.010000
Bloom L: 29, D: 7
Approved Indices: [0 3 2]
Received message in dispatch: &{[0 3 2]}
[dispatchMsg] Forwarding message: *priacy_compute.LocalApproveVoteMsg
Routing message of type: *priacy_compute.LocalApproveVoteMsg
[routeMsg] Message of type *priacy_compute.LocalApproveVoteMsg forwarded to MsgDelivery
Successfully triggered local approve vote.
Resolving message: &{[0 3 2]}
[AggSelect] self=4 IsAgg=false part=0 A=1 B=2
Successfully triggered aggregation process.
Server will be started at localhost:1114...
Received message in dispatch: &{}
[dispatchMsg] Forwarding message: *priacy_compute.TriggerVRFMsg
Routing message of type: *priacy_compute.TriggerVRFMsg
[routeMsg] Message of type *priacy_compute.TriggerVRFMsg forwarded to MsgDelivery
Successfully triggered VRF evaluation.
Resolving message: &{}
VRFValue: 0.646554
VRFProof: 03a584909870ce64fed080c0cf67938754c31fa3877b1e11f62de23fa662e6e687a335fc6bb225afcd675295ce4c5b9043066b651264010055617eefd898f91cca420464bfed7ee34d98d266c699dd35f2
VRFval: 0x1.4b092130e19cdp-01
VRFChosen: false
Bloom Params - M: 10, T: 3, EpsBF: 0.010000
Bloom L: 29, D: 7
Approved Indices: [5 0 2]
Waiting for 1 minute before triggering aggregation...
Received message in dispatch: &{[5 0 2]}
[dispatchMsg] Forwarding message: *priacy_compute.LocalApproveVoteMsg
Routing message of type: *priacy_compute.LocalApproveVoteMsg
[routeMsg] Message of type *priacy_compute.LocalApproveVoteMsg forwarded to MsgDelivery
Successfully triggered local approve vote.
Resolving message: &{[5 0 2]}
[AggSelect] self=4 IsAgg=false part=0 A=1 B=2
Cleaned and Validated Approved Indices: [5 0 2]
Pedersen Commitment: 0200000000000000 (len=33)
Range Proof prefix: 02000000000000000000000000000000... (len=721)
[vote/send] pkt1 -> 1 (part=1)
[vote/send] from=4 -> to=1 url=http://localhost:1111/vote/share
[vote/send] part=1 L=29 D=7 sumOnes=15 shares_len=29
[vote/send] pedersenCom(hex)=0200000000000000...
[vote/send] rangeProof(hex)=02000000000000000000000000000000...
[vote/send] pkt2 -> 2 (part=2)
[vote/send] from=4 -> to=2 url=http://localhost:1112/vote/share
[vote/send] part=2 L=29 D=7 sumOnes=15 shares_len=29
[vote/send] pedersenCom(hex)=0200000000000000...
[vote/send] rangeProof(hex)=02000000000000000000000000000000...
Successfully triggered aggregation process.
