Server will be started at localhost:1115...
Received message in dispatch: &{}
Routing message of type: *priacy_compute.TriggerVRFMsg
Resolving message: &{}
Successfully triggered VRF evaluation.
Successfully triggered aggregation process.
Received message in dispatch: &{5 f0a75610ad635995a85d9710e5bed0c99a30c82712fde38c89e405ae1b0ce4e5 [3 195 13 159 229 150 241 101 230 26 112 118 169 86 232 187 190 122 134 31 192 103 7 43 156 120 138 18 129 36 237 196 238 204 42 134 13 86 27 149 126 95 147 213 65 118 231 133 187 12 242 95 38 84 246 125 34 204 57 180 228 188 1 55 105 108 194 231 1 203 2 130 58 95 145 183 153 193 236 197 98] exampleContext}
Routing message of type: *priacy_compute.AggVRFMsg
Resolving message: &{5 f0a75610ad635995a85d9710e5bed0c99a30c82712fde38c89e405ae1b0ce4e5 [3 195 13 159 229 150 241 101 230 26 112 118 169 86 232 187 190 122 134 31 192 103 7 43 156 120 138 18 129 36 237 196 238 204 42 134 13 86 27 149 126 95 147 213 65 118 231 133 187 12 242 95 38 84 246 125 34 204 57 180 228 188 1 55 105 108 194 231 1 203 2 130 58 95 145 183 153 193 236 197 98] exampleContext}
Received message in dispatch: &{4 ba9cd641040a23fbee0f2e59866343124c2556d64a633a631cc01720ff8b70ae [2 70 94 205 148 112 29 5 168 19 143 139 127 168 60 144 6 242 151 155 159 50 235 33 81 101 106 241 93 100 128 21 91 155 84 30 81 111 242 178 194 11 224 23 206 225 195 17 4 9 244 111 127 101 179 172 144 43 141 254 78 179 79 206 171 28 122 13 36 59 192 224 7 129 236 108 75 187 161 238 197] exampleContext}
Routing message of type: *priacy_compute.AggVRFMsg
Resolving message: &{4 ba9cd641040a23fbee0f2e59866343124c2556d64a633a631cc01720ff8b70ae [2 70 94 205 148 112 29 5 168 19 143 139 127 168 60 144 6 242 151 155 159 50 235 33 81 101 106 241 93 100 128 21 91 155 84 30 81 111 242 178 194 11 224 23 206 225 195 17 4 9 244 111 127 101 179 172 144 43 141 254 78 179 79 206 171 28 122 13 36 59 192 224 7 129 236 108 75 187 161 238 197] exampleContext}
Received message in dispatch: &{1 e5e72d24d6739c0f311f5e0d47c8f6099afd1a1bc048f255f0725240218c9ca7 [3 68 196 211 231 100 54 228 13 189 206 3 36 118 4 90 5 48 239 16 73 5 189 250 207 6 145 137 94 58 249 121 155 34 147 232 55 5 99 5 22 37 17 232 242 185 90 44 74 0 65 188 92 220 248 199 121 65 131 113 173 95 187 249 218 18 184 55 142 193 244 183 247 214 220 151 84 209 171 220 222] exampleContext}
Routing message of type: *priacy_compute.AggVRFMsg
Resolving message: &{1 e5e72d24d6739c0f311f5e0d47c8f6099afd1a1bc048f255f0725240218c9ca7 [3 68 196 211 231 100 54 228 13 189 206 3 36 118 4 90 5 48 239 16 73 5 189 250 207 6 145 137 94 58 249 121 155 34 147 232 55 5 99 5 22 37 17 232 242 185 90 44 74 0 65 188 92 220 248 199 121 65 131 113 173 95 187 249 218 18 184 55 142 193 244 183 247 214 220 151 84 209 171 220 222] exampleContext}
Received message in dispatch: &{10 99717e862fe78e412e71ad3e6abe005ab2d243880eb4e463d64e7c1c989ea597 [3 68 121 249 162 62 15 137 125 38 132 29 70 216 175 107 239 192 68 49 46 74 59 54 10 209 133 165 248 19 244 243 194 85 148 243 35 181 18 11 234 102 55 35 241 23 33 207 238 13 50 249 171 121 211 64 238 126 220 56 156 89 48 146 86 77 25 166 113 135 243 246 238 23 198 83 44 233 255 233 15] exampleContext}
Routing message of type: *priacy_compute.AggVRFMsg
Resolving message: &{10 99717e862fe78e412e71ad3e6abe005ab2d243880eb4e463d64e7c1c989ea597 [3 68 121 249 162 62 15 137 125 38 132 29 70 216 175 107 239 192 68 49 46 74 59 54 10 209 133 165 248 19 244 243 194 85 148 243 35 181 18 11 234 102 55 35 241 23 33 207 238 13 50 249 171 121 211 64 238 126 220 56 156 89 48 146 86 77 25 166 113 135 243 246 238 23 198 83 44 233 255 233 15] exampleContext}
Received message in dispatch: &{2 bd113e6d1f4288ac444d6e8ed0e6ed772e3270e5ad9f609eb99386f65b041df3 [3 192 22 255 157 213 41 202 229 103 133 85 70 151 16 150 134 25 178 35 239 248 59 252 222 164 163 48 107 210 143 161 212 30 76 238 143 46 72 214 11 255 175 33 246 179 207 54 121 10 77 165 33 187 90 56 157 149 228 137 159 167 228 30 118 237 14 142 203 184 62 137 211 76 97 190 19 104 83 109 77] exampleContext}
Routing message of type: *priacy_compute.AggVRFMsg
Resolving message: &{2 bd113e6d1f4288ac444d6e8ed0e6ed772e3270e5ad9f609eb99386f65b041df3 [3 192 22 255 157 213 41 202 229 103 133 85 70 151 16 150 134 25 178 35 239 248 59 252 222 164 163 48 107 210 143 161 212 30 76 238 143 46 72 214 11 255 175 33 246 179 207 54 121 10 77 165 33 187 90 56 157 149 228 137 159 167 228 30 118 237 14 142 203 184 62 137 211 76 97 190 19 104 83 109 77] exampleContext}
Received message in dispatch: &{7 0a7792d65ce5f79a8a516658f235237659810cd2f58e6933910aa04f9ba41f9a [2 10 52 113 126 39 31 2 51 56 106 192 194 0 146 223 255 35 223 73 206 171 90 98 108 142 202 200 225 22 19 144 73 107 154 180 74 23 162 185 141 23 226 33 210 52 6 226 216 2 127 149 181 136 227 215 70 162 10 104 216 58 212 169 71 145 34 139 39 98 238 173 246 0 92 249 89 20 102 157 80] exampleContext}
Routing message of type: *priacy_compute.AggVRFMsg
Resolving message: &{7 0a7792d65ce5f79a8a516658f235237659810cd2f58e6933910aa04f9ba41f9a [2 10 52 113 126 39 31 2 51 56 106 192 194 0 146 223 255 35 223 73 206 171 90 98 108 142 202 200 225 22 19 144 73 107 154 180 74 23 162 185 141 23 226 33 210 52 6 226 216 2 127 149 181 136 227 215 70 162 10 104 216 58 212 169 71 145 34 139 39 98 238 173 246 0 92 249 89 20 102 157 80] exampleContext}
Received message in dispatch: &{3 9da2b4edce278a3eaf02231ffe701b9db6c2ce9d41024d543359f9d4e139e76b [3 67 175 168 183 111 142 199 42 123 222 241 174 47 86 45 33 85 112 78 217 188 39 223 40 226 15 161 107 254 159 74 148 34 47 245 50 130 45 115 6 27 180 31 25 191 245 151 191 5 55 230 74 17 213 34 75 138 7 63 65 155 65 41 247 164 134 175 72 0 38 8 172 206 203 109 182 255 209 2 102] exampleContext}
Routing message of type: *priacy_compute.AggVRFMsg
Resolving message: &{3 9da2b4edce278a3eaf02231ffe701b9db6c2ce9d41024d543359f9d4e139e76b [3 67 175 168 183 111 142 199 42 123 222 241 174 47 86 45 33 85 112 78 217 188 39 223 40 226 15 161 107 254 159 74 148 34 47 245 50 130 45 115 6 27 180 31 25 191 245 151 191 5 55 230 74 17 213 34 75 138 7 63 65 155 65 41 247 164 134 175 72 0 38 8 172 206 203 109 182 255 209 2 102] exampleContext}
Received message in dispatch: &{9 d6dd1bbb953729d97ebdc0c19782f02631947f0a0982cec2940a931e88ba26ea [2 167 135 173 232 65 56 236 173 249 87 44 254 18 85 220 170 74 151 180 195 235 62 68 224 114 227 163 53 237 73 140 37 159 23 182 69 9 166 113 27 124 30 253 203 119 43 130 108 14 45 220 22 214 65 100 136 7 230 18 198 151 226 251 38 111 100 111 92 208 190 251 234 152 212 196 211 74 131 67 169] exampleContext}
Routing message of type: *priacy_compute.AggVRFMsg
Resolving message: &{9 d6dd1bbb953729d97ebdc0c19782f02631947f0a0982cec2940a931e88ba26ea [2 167 135 173 232 65 56 236 173 249 87 44 254 18 85 220 170 74 151 180 195 235 62 68 224 114 227 163 53 237 73 140 37 159 23 182 69 9 166 113 27 124 30 253 203 119 43 130 108 14 45 220 22 214 65 100 136 7 230 18 198 151 226 251 38 111 100 111 92 208 190 251 234 152 212 196 211 74 131 67 169] exampleContext}
Received message in dispatch: &{6 de58fca970aa0843dfb8cccaa43419aac3464fc9d4948518724fd76be746f288 [2 209 95 77 85 121 24 140 26 167 95 82 76 207 55 120 226 101 234 184 31 145 62 46 211 126 101 136 112 253 57 208 111 105 245 201 159 212 116 35 23 107 13 183 176 159 46 7 20 4 210 178 122 1 243 34 65 181 83 144 143 11 173 124 158 39 1 250 183 164 230 174 118 15 114 4 172 154 206 14 77] exampleContext}
Routing message of type: *priacy_compute.AggVRFMsg
Resolving message: &{6 de58fca970aa0843dfb8cccaa43419aac3464fc9d4948518724fd76be746f288 [2 209 95 77 85 121 24 140 26 167 95 82 76 207 55 120 226 101 234 184 31 145 62 46 211 126 101 136 112 253 57 208 111 105 245 201 159 212 116 35 23 107 13 183 176 159 46 7 20 4 210 178 122 1 243 34 65 181 83 144 143 11 173 124 158 39 1 250 183 164 230 174 118 15 114 4 172 154 206 14 77] exampleContext}
Received message in dispatch: &{8 7da84ee27647b63f6b3d8e6d4534f1be69ad27fc97ce7e5357934a2d8783fc48 [2 159 153 83 16 56 162 234 50 228 73 140 68 11 126 221 169 235 67 201 48 131 166 77 133 89 101 130 10 127 189 92 125 92 89 21 122 192 116 95 221 182 48 89 12 32 251 99 85 9 142 110 23 195 160 185 169 149 176 49 215 122 200 21 114 11 78 117 149 5 215 67 207 164 54 166 242 94 146 244 129] exampleContext}
Routing message of type: *priacy_compute.AggVRFMsg
Resolving message: &{8 7da84ee27647b63f6b3d8e6d4534f1be69ad27fc97ce7e5357934a2d8783fc48 [2 159 153 83 16 56 162 234 50 228 73 140 68 11 126 221 169 235 67 201 48 131 166 77 133 89 101 130 10 127 189 92 125 92 89 21 122 192 116 95 221 182 48 89 12 32 251 99 85 9 142 110 23 195 160 185 169 149 176 49 215 122 200 21 114 11 78 117 149 5 215 67 207 164 54 166 242 94 146 244 129] exampleContext}
Server will be started at localhost:1115...
Received message in dispatch: &{}
Routing message of type: *priacy_compute.TriggerVRFMsg
Resolving message: &{}
Successfully triggered VRF evaluation.
VRFValue: 0.114717
VRFProof: 031d5e1992696900b90abd57440c967698b5bd80ed01e73574474e5da1962ceaae901649924e090cbca6ddc3d1dbce604b09ca42cc602782e12f29e2bf7abf5725e97b530b3ecbd5341bf3120c51fee5f6
VRFval: 0x1.d5e1992696901p-04
VRFChosen: true
Bloom Params - M: 10, T: 3, EpsBF: 0.010000
Bloom L: 29, D: 7
Approved Indices: [7 6 8]
Successfully triggered aggregation process.
Received message in dispatch: &{5 ad3bfb658a2b4d247082fa61f708b0fa56b54fdae14915710f7348e665522fad [2 65 155 72 23 184 63 19 94 189 97 53 214 33 186 29 1 242 160 20 37 127 243 129 5 61 48 76 131 50 235 238 30 25 22 25 53 47 99 240 175 211 125 202 79 194 169 37 67 14 46 154 135 2 221 111 49 69 176 74 176 190 185 227 236 27 167 176 94 55 226 242 239 205 86 106 71 188 26 18 83] exampleContext}
Routing message of type: *priacy_compute.AggVRFMsg
Resolving message: &{5 ad3bfb658a2b4d247082fa61f708b0fa56b54fdae14915710f7348e665522fad [2 65 155 72 23 184 63 19 94 189 97 53 214 33 186 29 1 242 160 20 37 127 243 129 5 61 48 76 131 50 235 238 30 25 22 25 53 47 99 240 175 211 125 202 79 194 169 37 67 14 46 154 135 2 221 111 49 69 176 74 176 190 185 227 236 27 167 176 94 55 226 242 239 205 86 106 71 188 26 18 83] exampleContext}
Received message in dispatch: &{7 6ed8bb4a238a4fda4bacb69350137c02b641f6de3ec318758c4f5a4658b25515 [3 84 125 47 91 81 119 3 9 40 120 67 236 108 202 228 158 38 169 15 163 218 64 80 84 174 5 53 233 176 95 105 226 95 160 160 194 159 13 204 224 120 83 183 200 228 234 66 21 11 55 119 107 202 105 80 142 11 84 237 63 210 168 160 139 77 25 90 163 164 144 217 12 136 159 27 89 186 107 150 181] exampleContext}
Routing message of type: *priacy_compute.AggVRFMsg
Resolving message: &{7 6ed8bb4a238a4fda4bacb69350137c02b641f6de3ec318758c4f5a4658b25515 [3 84 125 47 91 81 119 3 9 40 120 67 236 108 202 228 158 38 169 15 163 218 64 80 84 174 5 53 233 176 95 105 226 95 160 160 194 159 13 204 224 120 83 183 200 228 234 66 21 11 55 119 107 202 105 80 142 11 84 237 63 210 168 160 139 77 25 90 163 164 144 217 12 136 159 27 89 186 107 150 181] exampleContext}
Received message in dispatch: &{8 d45d434cc4f3bc623274ebc460b776eb23c68351fcfa12dbc9ea4ee1587cf03a [2 219 32 21 111 245 44 24 214 240 164 181 158 219 62 112 97 136 95 117 114 229 109 213 206 74 187 150 116 252 5 100 113 166 45 16 120 150 66 182 133 36 200 242 41 185 247 160 63 9 242 131 142 140 139 111 75 6 87 167 65 167 159 109 44 23 47 231 254 177 36 214 53 80 127 246 155 31 231 56 194] exampleContext}
Routing message of type: *priacy_compute.AggVRFMsg
Resolving message: &{8 d45d434cc4f3bc623274ebc460b776eb23c68351fcfa12dbc9ea4ee1587cf03a [2 219 32 21 111 245 44 24 214 240 164 181 158 219 62 112 97 136 95 117 114 229 109 213 206 74 187 150 116 252 5 100 113 166 45 16 120 150 66 182 133 36 200 242 41 185 247 160 63 9 242 131 142 140 139 111 75 6 87 167 65 167 159 109 44 23 47 231 254 177 36 214 53 80 127 246 155 31 231 56 194] exampleContext}
Received message in dispatch: &{10 d2e95e2d77a8710fa3e3ae1853c5a33fd2b3034bddcb72e2bc2825caec9f251c [3 149 73 134 118 209 130 95 108 140 137 50 227 0 201 133 167 237 171 93 249 154 67 152 52 122 60 13 1 173 162 14 238 21 107 238 166 217 73 214 40 56 3 150 18 234 0 58 98 5 1 224 185 7 33 42 185 33 116 81 124 2 80 237 69 200 46 89 115 156 184 171 36 172 94 124 135 170 12 58 207] exampleContext}
Routing message of type: *priacy_compute.AggVRFMsg
Resolving message: &{10 d2e95e2d77a8710fa3e3ae1853c5a33fd2b3034bddcb72e2bc2825caec9f251c [3 149 73 134 118 209 130 95 108 140 137 50 227 0 201 133 167 237 171 93 249 154 67 152 52 122 60 13 1 173 162 14 238 21 107 238 166 217 73 214 40 56 3 150 18 234 0 58 98 5 1 224 185 7 33 42 185 33 116 81 124 2 80 237 69 200 46 89 115 156 184 171 36 172 94 124 135 170 12 58 207] exampleContext}
Received message in dispatch: &{9 89a372f354ee487f93afbf4fcd7490d0790d863a2795808d88a75b3b3f605375 [2 143 210 194 173 103 249 43 199 124 115 57 255 157 149 249 26 153 228 176 120 92 98 204 195 143 29 125 210 156 227 110 65 121 61 179 232 50 162 89 230 131 163 175 87 245 171 60 201 1 14 115 62 9 41 49 170 113 98 128 21 168 118 81 94 8 79 161 19 243 8 202 94 209 74 97 15 178 168 122 120] exampleContext}
Routing message of type: *priacy_compute.AggVRFMsg
Resolving message: &{9 89a372f354ee487f93afbf4fcd7490d0790d863a2795808d88a75b3b3f605375 [2 143 210 194 173 103 249 43 199 124 115 57 255 157 149 249 26 153 228 176 120 92 98 204 195 143 29 125 210 156 227 110 65 121 61 179 232 50 162 89 230 131 163 175 87 245 171 60 201 1 14 115 62 9 41 49 170 113 98 128 21 168 118 81 94 8 79 161 19 243 8 202 94 209 74 97 15 178 168 122 120] exampleContext}
Server will be started at localhost:1115...
Received message in dispatch: &{}
Routing message of type: *priacy_compute.TriggerVRFMsg
Resolving message: &{}
Successfully triggered VRF evaluation.
VRFValue: 0.009716
VRFProof: 03027cbe078f7c91133ba5ac34ce51feea65974fb88827daaaa9811c593dba35fd96dfbf1a3530d0e8bbbf84da460a41fc0f64a653769784e6ba800be2b150f911585dd13e173a479bab41798e28f8bbb2
VRFval: 0x1.3e5f03c7be489p-07
VRFChosen: true
Bloom Params - M: 10, T: 3, EpsBF: 0.010000
Bloom L: 29, D: 7
Approved Indices: [9 6 8]
Successfully triggered aggregation process.
Received message in dispatch: &{4 26801a9c61d91dd5c643ecc2ddfb2a859ee1e4f6ee3419487bcd48f7722aaa74 [2 148 145 195 127 122 213 31 196 210 96 132 183 248 59 156 75 137 240 77 54 153 242 125 21 183 61 59 65 170 119 137 83 197 46 154 197 160 191 98 244 84 2 143 45 251 226 76 152 11 183 209 206 123 155 14 80 177 252 161 100 48 254 217 175 84 217 123 221 73 230 203 31 159 157 163 230 236 244 146 183] exampleContext}
Routing message of type: *priacy_compute.AggVRFMsg
Resolving message: &{4 26801a9c61d91dd5c643ecc2ddfb2a859ee1e4f6ee3419487bcd48f7722aaa74 [2 148 145 195 127 122 213 31 196 210 96 132 183 248 59 156 75 137 240 77 54 153 242 125 21 183 61 59 65 170 119 137 83 197 46 154 197 160 191 98 244 84 2 143 45 251 226 76 152 11 183 209 206 123 155 14 80 177 252 161 100 48 254 217 175 84 217 123 221 73 230 203 31 159 157 163 230 236 244 146 183] exampleContext}
Received message in dispatch: &{5 6f8ba5d8c282e92ab99f7f4b479e5999f33353136564bc29ba844a2f18ba0465 [2 49 104 255 226 34 226 140 167 82 204 122 81 60 110 196 78 149 231 222 170 225 36 170 120 185 176 234 191 122 74 225 117 83 49 136 58 218 54 210 183 179 45 179 163 108 44 242 40 1 93 43 35 219 55 13 82 60 88 175 37 44 138 178 186 156 27 80 210 72 91 244 48 71 94 172 104 199 52 117 233] exampleContext}
Routing message of type: *priacy_compute.AggVRFMsg
Resolving message: &{5 6f8ba5d8c282e92ab99f7f4b479e5999f33353136564bc29ba844a2f18ba0465 [2 49 104 255 226 34 226 140 167 82 204 122 81 60 110 196 78 149 231 222 170 225 36 170 120 185 176 234 191 122 74 225 117 83 49 136 58 218 54 210 183 179 45 179 163 108 44 242 40 1 93 43 35 219 55 13 82 60 88 175 37 44 138 178 186 156 27 80 210 72 91 244 48 71 94 172 104 199 52 117 233] exampleContext}
Received message in dispatch: &{6 3086233b4ee20a87a6f4c346ad5e41492a11512a9c06fbe6a8b75bb98a8ac37e [2 4 220 238 135 213 39 70 14 52 92 7 13 22 103 148 61 232 152 21 0 127 60 121 213 238 88 61 57 129 230 162 115 215 181 24 79 15 58 158 159 159 93 105 249 197 214 245 209 4 23 122 96 92 224 176 30 90 161 27 9 230 35 216 141 215 254 93 234 162 252 170 205 247 144 67 62 160 123 137 163] exampleContext}
Routing message of type: *priacy_compute.AggVRFMsg
Resolving message: &{6 3086233b4ee20a87a6f4c346ad5e41492a11512a9c06fbe6a8b75bb98a8ac37e [2 4 220 238 135 213 39 70 14 52 92 7 13 22 103 148 61 232 152 21 0 127 60 121 213 238 88 61 57 129 230 162 115 215 181 24 79 15 58 158 159 159 93 105 249 197 214 245 209 4 23 122 96 92 224 176 30 90 161 27 9 230 35 216 141 215 254 93 234 162 252 170 205 247 144 67 62 160 123 137 163] exampleContext}
Received message in dispatch: &{7 f7fe956597d7d22435c812aa07faaa301e67e6b1cbe62be3ebb9ef69c8f12160 [2 21 30 238 176 53 250 76 191 255 80 243 82 236 48 102 146 229 80 68 117 6 31 131 157 138 62 123 221 83 12 229 115 249 187 213 16 198 249 16 20 138 156 54 132 197 124 80 81 13 7 118 180 207 199 143 100 209 185 255 82 219 215 75 215 193 250 221 180 168 176 99 126 113 180 92 243 186 51 209 116] exampleContext}
Routing message of type: *priacy_compute.AggVRFMsg
Resolving message: &{7 f7fe956597d7d22435c812aa07faaa301e67e6b1cbe62be3ebb9ef69c8f12160 [2 21 30 238 176 53 250 76 191 255 80 243 82 236 48 102 146 229 80 68 117 6 31 131 157 138 62 123 221 83 12 229 115 249 187 213 16 198 249 16 20 138 156 54 132 197 124 80 81 13 7 118 180 207 199 143 100 209 185 255 82 219 215 75 215 193 250 221 180 168 176 99 126 113 180 92 243 186 51 209 116] exampleContext}
Received message in dispatch: &{8 cfbe03c25f80c7e45de022d9f7fe5dfb1be5821004d97a99230405570c49b037 [2 243 96 164 242 232 40 28 26 174 32 144 176 204 1 191 96 200 71 47 161 117 132 40 130 231 43 109 181 193 213 126 52 117 142 85 143 237 228 123 80 86 228 59 235 252 106 20 46 11 19 180 91 232 141 39 8 66 144 140 163 192 144 138 211 212 250 107 225 98 73 206 157 144 156 167 125 137 187 22 211] exampleContext}
Routing message of type: *priacy_compute.AggVRFMsg
Resolving message: &{8 cfbe03c25f80c7e45de022d9f7fe5dfb1be5821004d97a99230405570c49b037 [2 243 96 164 242 232 40 28 26 174 32 144 176 204 1 191 96 200 71 47 161 117 132 40 130 231 43 109 181 193 213 126 52 117 142 85 143 237 228 123 80 86 228 59 235 252 106 20 46 11 19 180 91 232 141 39 8 66 144 140 163 192 144 138 211 212 250 107 225 98 73 206 157 144 156 167 125 137 187 22 211] exampleContext}
Received message in dispatch: &{9 e12941ec7de6221eb9dce95fa857023fc55d1ce1211b85c6b08ca197de892a76 [2 198 76 95 24 207 101 63 171 1 15 109 6 35 76 104 174 109 237 11 198 250 125 210 60 106 245 2 66 143 139 113 47 96 245 124 147 231 77 202 46 116 238 253 0 113 172 72 104 10 131 213 77 100 110 23 204 89 35 135 107 255 1 39 11 45 123 63 216 77 210 153 154 52 239 168 251 249 140 149 74] exampleContext}
Routing message of type: *priacy_compute.AggVRFMsg
Resolving message: &{9 e12941ec7de6221eb9dce95fa857023fc55d1ce1211b85c6b08ca197de892a76 [2 198 76 95 24 207 101 63 171 1 15 109 6 35 76 104 174 109 237 11 198 250 125 210 60 106 245 2 66 143 139 113 47 96 245 124 147 231 77 202 46 116 238 253 0 113 172 72 104 10 131 213 77 100 110 23 204 89 35 135 107 255 1 39 11 45 123 63 216 77 210 153 154 52 239 168 251 249 140 149 74] exampleContext}
Received message in dispatch: &{10 48fd440ae2b90a78992927b2542fb805faa72de57faa53d5ffef312329672441 [3 13 205 34 235 224 106 255 16 170 185 205 63 20 193 51 206 174 135 86 252 106 9 21 196 89 87 43 209 79 30 152 135 8 220 107 130 38 178 27 35 193 206 208 111 199 148 138 250 11 92 82 81 53 84 157 117 61 163 147 231 245 153 190 142 111 62 152 252 253 121 168 2 195 214 61 123 104 113 229 235] exampleContext}
Routing message of type: *priacy_compute.AggVRFMsg
Resolving message: &{10 48fd440ae2b90a78992927b2542fb805faa72de57faa53d5ffef312329672441 [3 13 205 34 235 224 106 255 16 170 185 205 63 20 193 51 206 174 135 86 252 106 9 21 196 89 87 43 209 79 30 152 135 8 220 107 130 38 178 27 35 193 206 208 111 199 148 138 250 11 92 82 81 53 84 157 117 61 163 147 231 245 153 190 142 111 62 152 252 253 121 168 2 195 214 61 123 104 113 229 235] exampleContext}
Server will be started at localhost:1115...
Received message in dispatch: &{}
Routing message of type: *priacy_compute.TriggerVRFMsg
Resolving message: &{}
Received message in dispatch: &{3 f70b33b9d862f46b51d22c43b245291c8e991224266c12d696974a5bd2561164 [2 14 79 158 156 90 29 205 243 47 71 223 150 53 106 80 1 231 89 20 61 250 233 191 163 190 156 166 169 47 112 226 77 159 103 177 216 28 179 35 61 158 22 126 37 149 140 107 95 13 100 219 203 39 204 97 124 48 47 49 19 133 238 2 65 249 24 17 72 140 14 123 52 120 0 64 170 81 99 114 20] exampleContext}
Routing message of type: *priacy_compute.AggVRFMsg
Successfully triggered VRF evaluation.
VRFValue: 0.595340
VRFProof: 039868387fb6da6125fe4339850015a45802479504b948ae4dfb39eca6c493c5801141a54d87321379be5a97e9f01682ae025b254b81ee8345133f19370480d4bc46782af14e59d37c7a8d15b435f04f5f
VRFval: 0x1.30d070ff6db4cp-01
VRFChosen: false
Resolving message: &{3 f70b33b9d862f46b51d22c43b245291c8e991224266c12d696974a5bd2561164 [2 14 79 158 156 90 29 205 243 47 71 223 150 53 106 80 1 231 89 20 61 250 233 191 163 190 156 166 169 47 112 226 77 159 103 177 216 28 179 35 61 158 22 126 37 149 140 107 95 13 100 219 203 39 204 97 124 48 47 49 19 133 238 2 65 249 24 17 72 140 14 123 52 120 0 64 170 81 99 114 20] exampleContext}
Successfully triggered aggregation process.
Received message in dispatch: &{10 d2a3d2f4325166fd1087d17bf03f3bc7314813137723a8c7b091a68fc717d223 [2 147 101 93 110 79 205 233 5 7 226 117 125 142 245 220 104 20 168 247 32 87 77 219 185 51 158 118 16 253 110 55 75 56 148 205 79 31 90 122 27 229 133 194 173 37 233 224 16 15 156 4 115 163 198 197 52 223 158 124 152 40 79 179 108 76 8 23 118 28 203 123 92 167 199 243 184 156 183 36 156] exampleContext}
Routing message of type: *priacy_compute.AggVRFMsg
Resolving message: &{10 d2a3d2f4325166fd1087d17bf03f3bc7314813137723a8c7b091a68fc717d223 [2 147 101 93 110 79 205 233 5 7 226 117 125 142 245 220 104 20 168 247 32 87 77 219 185 51 158 118 16 253 110 55 75 56 148 205 79 31 90 122 27 229 133 194 173 37 233 224 16 15 156 4 115 163 198 197 52 223 158 124 152 40 79 179 108 76 8 23 118 28 203 123 92 167 199 243 184 156 183 36 156] exampleContext}
Server will be started at localhost:1115...
Received message in dispatch: &{}
Routing message of type: *priacy_compute.TriggerVRFMsg
Resolving message: &{}
Successfully triggered VRF evaluation.
VRFValue: 0.485319
VRFProof: 027c3ddb495cef69c5a10bcb94d6dbfce65d07a1468027d0f03c41fbf0d8a89e791b427ee33af732eafb238c0ec9415566016e6810a946ffc20474b0134c7eba759c9569a8eb86be56bcc3e15812e26cee
VRFval: 0x1.f0f76d2573bdap-02
VRFChosen: false
Node 1 selected as Aggregator 1
Node 2 selected as Aggregator 2
Successfully triggered aggregation process.
Server will be started at localhost:1115...
Received message in dispatch: &{}
Routing message of type: *priacy_compute.TriggerVRFMsg
Resolving message: &{}
Successfully triggered VRF evaluation.
VRFValue: 0.682374
VRFProof: 02aeb011bc25214235a9fad2c9bfad92c198bdc69917b3b48a419468401bcca645e2b71003c9da9c88888ae5f226366fac0fcadf8754bdeaf92ec66c7863ef424e0932a6af605e44989eeba789942e8856
VRFval: 0x1.5d6023784a428p-01
VRFChosen: false
Bloom Params - M: 10, T: 3, EpsBF: 0.010000
Bloom L: 29, D: 7
Approved Indices: [1 3 4]
Node 1 selected as Aggregator 1
Node 2 selected as Aggregator 2
Successfully triggered aggregation process.
Server will be started at localhost:1115...
Received message in dispatch: &{}
Routing message of type: *priacy_compute.TriggerVRFMsg
Resolving message: &{}
Successfully triggered VRF evaluation.
VRFValue: 0.853962
VRFProof: 02da9d45448ef0028ce5146e5e2c63abe340608db9187184790c49ca13ad92412fc6df2ffc9cc11fc1d1ed79e0e2875b1a06bc203b9b0f363de6a92e989c9eddda05fbf8de1f053cc69f13f4db68541a06
VRFval: 0x1.b53a8a891dep-01
VRFChosen: false
Bloom Params - M: 10, T: 3, EpsBF: 0.010000
Bloom L: 29, D: 7
Approved Indices: [2 4 8]
Received message in dispatch: &{[2 4 8]}
Routing message of type: *priacy_compute.LocalApproveVoteMsg
Successfully triggered local approve vote.
Resolving message: &{[2 4 8]}
Node 1 selected as Aggregator 1
Node 2 selected as Aggregator 2
Successfully triggered aggregation process.
Server will be started at localhost:1115...
Received message in dispatch: &{}
Routing message of type: *priacy_compute.TriggerVRFMsg
Resolving message: &{}
VRFValue: 0.341613
VRFProof: 025773f9b5af3a5d7bcfb1388872ac796111105913e27174f31398c68d9464d5089601768d6f843d9fc97a985340c8ceee03cc30ee98b4b7bba738ced6ab562e7c57f882ba74cb4f73521f4680a0e19f86
VRFval: 0x1.5dcfe6d6bce97p-02
VRFChosen: false
Bloom Params - M: 10, T: 3, EpsBF: 0.010000
Bloom L: 29, D: 7
Approved Indices: [3 1 7]
Successfully triggered VRF evaluation.
Received message in dispatch: &{[3 1 7]}
Routing message of type: *priacy_compute.LocalApproveVoteMsg
Successfully triggered local approve vote.
Resolving message: &{[3 1 7]}
Node 1 selected as Aggregator 1
Node 2 selected as Aggregator 2
Successfully triggered aggregation process.
Server will be started at localhost:1115...
Received message in dispatch: &{}
Routing message of type: *priacy_compute.TriggerVRFMsg
Resolving message: &{}
VRFValue: 0.516313
VRFProof: 02842d135244076a7180625f5021751dbf7302b88b0293277e05bd9ca8d0d9554b51a6529e1cced42e452ffd22b75a1bc60f2336f9d0b1e6d7e59812f7843f44a61f75c849193bc1c8a631eb5c49bc6fc4
VRFval: 0x1.085a26a4880edp-01
VRFChosen: false
Bloom Params - M: 10, T: 3, EpsBF: 0.010000
Bloom L: 29, D: 7
Approved Indices: [5 4 3]
Successfully triggered VRF evaluation.
Received message in dispatch: &{[5 4 3]}
Routing message of type: *priacy_compute.LocalApproveVoteMsg
Successfully triggered local approve vote.
Resolving message: &{[5 4 3]}
Node 1 selected as Aggregator 1
Node 2 selected as Aggregator 2
Successfully triggered aggregation process.
Server will be started at localhost:1115...
Received message in dispatch: &{}
Routing message of type: *priacy_compute.TriggerVRFMsg
Resolving message: &{}
VRFValue: 0.030997
VRFProof: 0307ef6c1deb692e7e5777376e06e34a9dc9f7e827521db6fb2980a845a64213d30daa4b73e7bd6ee63019126abeda7bbc0a8ebae4cc88dc9036c9264cae2221ecdd5338be2cd8df6aa23c452f9676f467
VRFval: 0x1.fbdb077ada4bap-06
VRFChosen: true
Bloom Params - M: 10, T: 3, EpsBF: 0.010000
Bloom L: 29, D: 7
Approved Indices: [0 9 6]
Successfully triggered VRF evaluation.
Received message in dispatch: &{[0 9 6]}
Routing message of type: *priacy_compute.LocalApproveVoteMsg
Successfully triggered local approve vote.
Resolving message: &{[0 9 6]}
Node 1 selected as Aggregator 1
Node 2 selected as Aggregator 2
Successfully triggered aggregation process.
Server will be started at localhost:1115...
Received message in dispatch: &{}
Routing message of type: *priacy_compute.TriggerVRFMsg
Resolving message: &{}
Successfully triggered VRF evaluation.
VRFValue: 0.490262
VRFProof: 027d81cd8d9aaa3f6f6aa170d0206769c05ac569dceb862ea13857d2050930e91be4c349a170d66527c1e111f0308aa9800e8764b66aeb168240116d7d0c2bd4243a537c9ed229b4d5f71b4b17464c2a45
VRFval: 0x1.f60736366aa9p-02
VRFChosen: false
Bloom Params - M: 10, T: 3, EpsBF: 0.010000
Bloom L: 29, D: 7
Approved Indices: [3 4 8]
Received message in dispatch: &{[3 4 8]}
Routing message of type: *priacy_compute.LocalApproveVoteMsg
Successfully triggered local approve vote.
Resolving message: &{[3 4 8]}
Node 1 selected as Aggregator 1
Node 2 selected as Aggregator 2
Successfully triggered aggregation process.
Server will be started at localhost:1115...
Received message in dispatch: &{}
Routing message of type: *priacy_compute.TriggerVRFMsg
Resolving message: &{}
Successfully triggered VRF evaluation.
VRFValue: 0.722275
VRFProof: 02b8e6ffce6df16e4f0c8eec7668af2d7ce78e0be4564bd24c60c41a9e73c66b3bc0815573a1b70625f0f6209130701b6004ae74a4317621453dc462d183ef5b4a59599fbf807414b6e1f9c0fbcf0e3bc8
VRFval: 0x1.71cdff9cdbe2ep-01
VRFChosen: false
Bloom Params - M: 10, T: 3, EpsBF: 0.010000
Bloom L: 29, D: 7
Approved Indices: [9 2 3]
Received message in dispatch: &{[9 2 3]}
Routing message of type: *priacy_compute.LocalApproveVoteMsg
Successfully triggered local approve vote.
Resolving message: &{[9 2 3]}
Node 1 selected as Aggregator 1
Node 2 selected as Aggregator 2
Successfully triggered aggregation process.
Server will be started at localhost:1115...
Received message in dispatch: &{}
Routing message of type: *priacy_compute.TriggerVRFMsg
Resolving message: &{}
Successfully triggered VRF evaluation.
VRFValue: 0.138659
VRFProof: 03237f22ee13c73a081b00a41df57d7391e598448d4b1baacbb7aa3013b97af6db4308458c4f6c201ba9e6f44a6c470bf30b62203d75f86a37050743793dfc25444444229c1d024e240bdaaafcbb49c411
VRFval: 0x1.1bf917709e39dp-03
VRFChosen: true
Bloom Params - M: 10, T: 3, EpsBF: 0.010000
Bloom L: 29, D: 7
Approved Indices: [6 2 7]
Received message in dispatch: &{[6 2 7]}
Routing message of type: *priacy_compute.LocalApproveVoteMsg
Successfully triggered local approve vote.
Resolving message: &{[6 2 7]}
Node 1 selected as Aggregator 1
Node 2 selected as Aggregator 2
Successfully triggered aggregation process.
Server will be started at localhost:1115...
Received message in dispatch: &{}
Routing message of type: *priacy_compute.TriggerVRFMsg
Resolving message: &{}
Successfully triggered VRF evaluation.
VRFValue: 0.686746
VRFProof: 03afce9bf7f012b11249c067d5b35b95bafdc7943ab5eb2bae4bea1ae37ff69beb465925aaaf49ef86ae014ee60971671503ac969a732b806231d5474b954f2b375dd9c915521e52ca21edda3f4b1faa6a
VRFval: 0x1.5f9d37efe0256p-01
VRFChosen: false
Bloom Params - M: 10, T: 3, EpsBF: 0.010000
Bloom L: 29, D: 7
Approved Indices: [3 4 1]
Received message in dispatch: &{[3 4 1]}
Routing message of type: *priacy_compute.LocalApproveVoteMsg
Successfully triggered local approve vote.
Resolving message: &{[3 4 1]}
Node 1 selected as Aggregator 1
Node 2 selected as Aggregator 2
Successfully triggered aggregation process.
Server will be started at localhost:1115...
Received message in dispatch: &{}
Routing message of type: *priacy_compute.TriggerVRFMsg
Resolving message: &{}
Successfully triggered VRF evaluation.
VRFValue: 0.075889
VRFProof: 02136d7e13dbee88da667cab4ee1b2875494ceb1844862d83ddcc3dc90d2f2595bf0782682ace56b6da419a537d999b04b0a03d4b2d46fa931d46c790efc91aa0b55f8b0dfd067104cc6288875185300ea
VRFval: 0x1.36d7e13dbee89p-04
VRFChosen: true
Bloom Params - M: 10, T: 3, EpsBF: 0.010000
Bloom L: 29, D: 7
Approved Indices: [2 0 6]
Received message in dispatch: &{[2 0 6]}
Routing message of type: *priacy_compute.LocalApproveVoteMsg
Successfully triggered local approve vote.
Resolving message: &{[2 0 6]}
[AggSelect] self=5 IsAgg=false part=0 A=1 B=2
Successfully triggered aggregation process.
Server will be started at localhost:1115...
Received message in dispatch: &{}
Routing message of type: *priacy_compute.TriggerVRFMsg
Resolving message: &{}
Successfully triggered VRF evaluation.
VRFValue: 0.703007
VRFProof: 02b3f8443f94c2a0e36a837dbc26398721b94415966f1daa2e1107ada10c8b1e4171a4d4382ca7e2b6d1e7b522ad5960ff0787b95ca47bb8d1faf712ba7849464323ade234718ca3a46fd06b2467709d60
VRFval: 0x1.67f0887f29854p-01
VRFChosen: false
Bloom Params - M: 10, T: 3, EpsBF: 0.010000
Bloom L: 29, D: 7
Approved Indices: [1 2 6]
Received message in dispatch: &{[1 2 6]}
Routing message of type: *priacy_compute.LocalApproveVoteMsg
Successfully triggered local approve vote.
[AggSelect] self=5 IsAgg=false part=0 A=1 B=2
Resolving message: &{[1 2 6]}
Cleaned and Validated Approved Indices: [1 2 6]
Successfully triggered aggregation process.
Pedersen Commitment: 0200000000000000 (len=33)
Range Proof prefix: 02000000000000000000000000000000... (len=721)
[vote/send] pkt1 -> 1 (part=1)
[vote/send] from=5 -> to=1 url=http://localhost:1111/vote/share
[vote/send] part=1 L=29 D=7 sumOnes=17 shares_len=29
[vote/send] pedersenCom(hex)=0200000000000000...
[vote/send] rangeProof(hex)=02000000000000000000000000000000...
[vote/send] pkt2 -> 2 (part=2)
[vote/send] from=5 -> to=2 url=http://localhost:1112/vote/share
[vote/send] part=2 L=29 D=7 sumOnes=17 shares_len=29
[vote/send] pedersenCom(hex)=0200000000000000...
[vote/send] rangeProof(hex)=02000000000000000000000000000000...
Server will be started at localhost:1115...
Received message in dispatch: &{}
Routing message of type: *priacy_compute.TriggerVRFMsg
Resolving message: &{}
VRFValue: 0.944012
VRFProof: 03f1aac011638517b0e97449d18e98cf5b1559c5baaaa212eb2efa80c5fd0175d544c800b783866f8fbe4c774b1484dd6c02d81926b11a88413852a0a9c25915722779938fa06b13e12b7af3ba82e8b893
VRFval: 0x1.e3558022c70a3p-01
VRFChosen: false
Bloom Params - M: 10, T: 3, EpsBF: 0.010000
Bloom L: 29, D: 7
Approved Indices: [0 3 6]
Successfully triggered VRF evaluation.
Received message in dispatch: &{[0 3 6]}
Routing message of type: *priacy_compute.LocalApproveVoteMsg
Successfully triggered local approve vote.
Resolving message: &{[0 3 6]}
[AggSelect] self=5 IsAgg=false part=0 A=1 B=2
Successfully triggered aggregation process.
Server will be started at localhost:1115...
Received message in dispatch: &{}
Routing message of type: *priacy_compute.TriggerVRFMsg
Resolving message: &{}
Successfully triggered VRF evaluation.
VRFValue: 0.763101
VRFProof: 02c35a90ff6f2941570f7bbf84db1b048b50a265144c188aa6c56952b5765d0843643cd5a6523417396c4658ffffe48bc8046b86a167fe26d5aeb518e3b65fe24f99ff63d9d08ce671992f069bf6695437
VRFval: 0x1.86b521fede528p-01
VRFChosen: false
Bloom Params - M: 10, T: 3, EpsBF: 0.010000
Bloom L: 29, D: 7
Approved Indices: [4 0 8]
Received message in dispatch: &{[4 0 8]}
Routing message of type: *priacy_compute.LocalApproveVoteMsg
Successfully triggered local approve vote.
Resolving message: &{[4 0 8]}
[AggSelect] self=5 IsAgg=false part=0 A=1 B=2
Successfully triggered aggregation process.
Server will be started at localhost:1115...
Received message in dispatch: &{}
Routing message of type: *priacy_compute.TriggerVRFMsg
Resolving message: &{}
Successfully triggered VRF evaluation.
VRFValue: 0.294532
VRFProof: 034b667ad55625fd9d41d1ae97bd3f4ee70aaee2291890e2484e569034fc97f289399f61b963b0960e6766ae49604ad6c20cef87e6bf6b55d1b52cbecf1ff548e778cfa69a563bf4220215647043b29fc7
VRFval: 0x1.2d99eb555897fp-02
VRFChosen: true
Bloom Params - M: 10, T: 3, EpsBF: 0.010000
Bloom L: 29, D: 7
Approved Indices: [6 9 7]
[AggSelect] self=5 IsAgg=false part=0 A=1 B=2
Successfully triggered aggregation process.
Received message in dispatch: &{[6 9 7]}
Routing message of type: *priacy_compute.LocalApproveVoteMsg
Successfully triggered local approve vote.
Resolving message: &{[6 9 7]}
Cleaned and Validated Approved Indices: [6 9 7]
Pedersen Commitment: 0200000000000000 (len=33)
Range Proof prefix: 02000000000000000000000000000000... (len=721)
[vote/send] pkt1 -> 1 (part=1)
[vote/send] from=5 -> to=1 url=http://localhost:1111/vote/share
[vote/send] part=1 L=29 D=7 sumOnes=18 shares_len=29
[vote/send] pedersenCom(hex)=0200000000000000...
[vote/send] rangeProof(hex)=02000000000000000000000000000000...
[vote/send] pkt2 -> 2 (part=2)
[vote/send] from=5 -> to=2 url=http://localhost:1112/vote/share
[vote/send] part=2 L=29 D=7 sumOnes=18 shares_len=29
[vote/send] pedersenCom(hex)=0200000000000000...
[vote/send] rangeProof(hex)=02000000000000000000000000000000...
Server will be started at localhost:1115...
Received message in dispatch: &{}
Routing message of type: *priacy_compute.TriggerVRFMsg
Resolving message: &{}
Successfully triggered VRF evaluation.
VRFValue: 0.379098
VRFProof: 02610c8ab33d1a3352b0b9a9ea553ccc585823b5e63984cfb264dd43a70c48f903a17b2bd0c7af77eb718acfca407b48fe01cccd2efccec2f9003ea67f652e291c77f7812488dcf9f4483fff1e2a4a40ab
VRFval: 0x1.84322accf468dp-02
VRFChosen: false
Bloom Params - M: 10, T: 3, EpsBF: 0.010000
Bloom L: 29, D: 7
Approved Indices: [4 5 6]
Received message in dispatch: &{[4 5 6]}
Routing message of type: *priacy_compute.LocalApproveVoteMsg
Successfully triggered local approve vote.
[AggSelect] self=5 IsAgg=false part=0 A=1 B=2
Resolving message: &{[4 5 6]}
Cleaned and Validated Approved Indices: [4 5 6]
Successfully triggered aggregation process.
Pedersen Commitment: 0200000000000000 (len=33)
Range Proof prefix: 02000000000000000000000000000000... (len=721)
[vote/send] pkt1 -> 1 (part=1)
[vote/send] from=5 -> to=1 url=http://localhost:1111/vote/share
[vote/send] part=1 L=29 D=7 sumOnes=17 shares_len=29
[vote/send] pedersenCom(hex)=0200000000000000...
[vote/send] rangeProof(hex)=02000000000000000000000000000000...
[vote/send] pkt2 -> 2 (part=2)
[vote/send] from=5 -> to=2 url=http://localhost:1112/vote/share
[vote/send] part=2 L=29 D=7 sumOnes=17 shares_len=29
[vote/send] pedersenCom(hex)=0200000000000000...
[vote/send] rangeProof(hex)=02000000000000000000000000000000...
Server will be started at localhost:1115...
Received message in dispatch: &{}
Routing message of type: *priacy_compute.TriggerVRFMsg
Resolving message: &{}
Successfully triggered VRF evaluation.
VRFValue: 0.068336
VRFProof: 02117e720e66299aa94605a747012f0c58191a1f02f3755cbafc218e80e44d062500ce0593ce8b9711e7603d8810d2689303440404a25fa8efcb60364cfbfb35e1bd3f12d9d8a7da7a904ac5ea442a8476
VRFval: 0x1.17e720e66299bp-04
VRFChosen: true
Bloom Params - M: 10, T: 3, EpsBF: 0.010000
Bloom L: 29, D: 7
Approved Indices: [8 9 6]
[AggSelect] self=5 IsAgg=false part=0 A=1 B=2
Successfully triggered aggregation process.
Received message in dispatch: &{[8 9 6]}
Routing message of type: *priacy_compute.LocalApproveVoteMsg
Successfully triggered local approve vote.
Resolving message: &{[8 9 6]}
Cleaned and Validated Approved Indices: [8 9 6]
Pedersen Commitment: 0200000000000000 (len=33)
Range Proof prefix: 02000000000000000000000000000000... (len=721)
[vote/send] pkt1 -> 1 (part=1)
[vote/send] from=5 -> to=1 url=http://localhost:1111/vote/share
[vote/send] part=1 L=29 D=7 sumOnes=17 shares_len=29
[vote/send] pedersenCom(hex)=0200000000000000...
[vote/send] rangeProof(hex)=02000000000000000000000000000000...
[vote/send] pkt2 -> 2 (part=2)
[vote/send] from=5 -> to=2 url=http://localhost:1112/vote/share
[vote/send] part=2 L=29 D=7 sumOnes=17 shares_len=29
[vote/send] pedersenCom(hex)=0200000000000000...
[vote/send] rangeProof(hex)=02000000000000000000000000000000...
Server will be started at localhost:1115...
Received message in dispatch: &{}
Routing message of type: *priacy_compute.TriggerVRFMsg
Resolving message: &{}
Successfully triggered VRF evaluation.
VRFValue: 0.972281
VRFProof: 03f8e76c6cc017a79bc10a26d0549d797adf0daa3b5a14e4184328e3000c3c39d687d7f36945240f6a8087ba4ab35452540f2a1dee4f7b415aeb9a3246fe897199047fdada5c76c38cd5cfcf4042dff176
VRFval: 0x1.f1ced8d9802f5p-01
VRFChosen: false
Bloom Params - M: 10, T: 3, EpsBF: 0.010000
Bloom L: 29, D: 7
Approved Indices: [1 7 4]
[AggSelect] self=5 IsAgg=false part=0 A=1 B=2
Received message in dispatch: &{[1 7 4]}
Routing message of type: *priacy_compute.LocalApproveVoteMsg
Successfully triggered aggregation process.
Successfully triggered local approve vote.
Resolving message: &{[1 7 4]}
Cleaned and Validated Approved Indices: [1 7 4]
Pedersen Commitment: 0200000000000000 (len=33)
Range Proof prefix: 02000000000000000000000000000000... (len=721)
[vote/send] pkt1 -> 1 (part=1)
[vote/send] from=5 -> to=1 url=http://localhost:1111/vote/share
[vote/send] part=1 L=29 D=7 sumOnes=19 shares_len=29
[vote/send] pedersenCom(hex)=0200000000000000...
[vote/send] rangeProof(hex)=02000000000000000000000000000000...
[vote/send] pkt2 -> 2 (part=2)
[vote/send] from=5 -> to=2 url=http://localhost:1112/vote/share
[vote/send] part=2 L=29 D=7 sumOnes=19 shares_len=29
[vote/send] pedersenCom(hex)=0200000000000000...
[vote/send] rangeProof(hex)=02000000000000000000000000000000...
Server will be started at localhost:1115...
Received message in dispatch: &{}
Routing message of type: *priacy_compute.TriggerVRFMsg
Resolving message: &{}
Successfully triggered VRF evaluation.
VRFValue: 0.762940
VRFProof: 02c3500b750d9526bdfc082c156110b1211b7faa35f486a7ad90a00f7ff1e1cb33f921dbaf5cd6af733a39f278021f8c2c053bc53be5b628fc896f2431a11ec8b54a09f34ae7bed6e294558b902835f929
VRFval: 0x1.86a016ea1b2a5p-01
VRFChosen: false
Bloom Params - M: 10, T: 3, EpsBF: 0.010000
Bloom L: 29, D: 7
Approved Indices: [7 8 3]
Received message in dispatch: &{[7 8 3]}
Routing message of type: *priacy_compute.LocalApproveVoteMsg
Successfully triggered local approve vote.
Resolving message: &{[7 8 3]}
[AggSelect] self=5 IsAgg=false part=0 A=1 B=2
Successfully triggered aggregation process.
Server will be started at localhost:1115...
Received message in dispatch: &{}
Routing message of type: *priacy_compute.TriggerVRFMsg
Resolving message: &{}
Successfully triggered VRF evaluation.
VRFValue: 0.445460
VRFProof: 027209ad63612fb4d216964482417f093a21a2ff70cb2dfd2f8cfbb97b2911c36748e433e7292cdb43b05f5e29cf884eb904f0a55e6afea152e6a12b7b7fa1cc73831439e7c6920f3805dba00048798bcf
VRFval: 0x1.c826b58d84bedp-02
VRFChosen: false
Bloom Params - M: 10, T: 3, EpsBF: 0.010000
Bloom L: 29, D: 7
Approved Indices: [9 6 2]
Received message in dispatch: &{[9 6 2]}
Routing message of type: *priacy_compute.LocalApproveVoteMsg
Successfully triggered local approve vote.
Resolving message: &{[9 6 2]}
[AggSelect] self=5 IsAgg=false part=0 A=1 B=2
Successfully triggered aggregation process.
Server will be started at localhost:1115...
Received message in dispatch: &{}
Routing message of type: *priacy_compute.TriggerVRFMsg
Resolving message: &{}
Successfully triggered VRF evaluation.
VRFValue: 0.646270
VRFProof: 03a571f84478b10bbfcd9ae7613ef033b9bffe2b0a64f8247f065f6a9efd76f6b490f65f9b68d118f674fae64ef6ee3fe60542f8b76407a437d7060555c03242880dfa6dbadce740e92b16f282ef111686
VRFval: 0x1.4ae3f088f1621p-01
VRFChosen: false
Bloom Params - M: 10, T: 3, EpsBF: 0.010000
Bloom L: 29, D: 7
Approved Indices: [1 6 7]
Received message in dispatch: &{[1 6 7]}
Routing message of type: *priacy_compute.LocalApproveVoteMsg
Successfully triggered local approve vote.
Resolving message: &{[1 6 7]}
[AggSelect] self=5 IsAgg=false part=0 A=1 B=2
Successfully triggered aggregation process.
Server will be started at localhost:1115...
Received message in dispatch: &{}
Routing message of type: *priacy_compute.TriggerVRFMsg
Resolving message: &{}
Successfully triggered VRF evaluation.
VRFValue: 0.166669
VRFProof: 022aaad0cdc6a829530f8f896e01fefee616d98d766378e2f4126cd0e1042f2a39fe824235cf86da7c0af82cfcd65736d602ba60e4554f433b05d7ba471d73fc5091915dc47223c036aa034ae9085b7175
VRFval: 0x1.5556866e35415p-03
VRFChosen: true
Bloom Params - M: 10, T: 3, EpsBF: 0.010000
Bloom L: 29, D: 7
Approved Indices: [8 5 1]
Received message in dispatch: &{[8 5 1]}
Routing message of type: *priacy_compute.LocalApproveVoteMsg
[AggSelect] self=5 IsAgg=false part=0 A=1 B=2
Successfully triggered local approve vote.
Resolving message: &{[8 5 1]}
Cleaned and Validated Approved Indices: [8 5 1]
Successfully triggered aggregation process.
Pedersen Commitment: 0200000000000000 (len=33)
Range Proof prefix: 02000000000000000000000000000000... (len=721)
[vote/send] pkt1 -> 1 (part=1)
[vote/send] from=5 -> to=1 url=http://localhost:1111/vote/share
[vote/send] part=1 L=29 D=7 sumOnes=17 shares_len=29
[vote/send] pedersenCom(hex)=0200000000000000...
[vote/send] rangeProof(hex)=02000000000000000000000000000000...
[vote/send] pkt2 -> 2 (part=2)
[vote/send] from=5 -> to=2 url=http://localhost:1112/vote/share
[vote/send] part=2 L=29 D=7 sumOnes=17 shares_len=29
[vote/send] pedersenCom(hex)=0200000000000000...
[vote/send] rangeProof(hex)=02000000000000000000000000000000...
Server will be started at localhost:1115...
Received message in dispatch: &{}
Routing message of type: *priacy_compute.TriggerVRFMsg
Resolving message: &{}
Successfully triggered VRF evaluation.
VRFValue: 0.624959
VRFProof: 039ffd5505034228e67db7348b1fd7606bc88aebc7b573a7ce0d4e03d4eece5c86d51e0779a3f6b39b010ff59c9e5a039b065f67913af44c04cb178c26c331cc45ec9a971d06b8b2bcba1c93a1e9f35d59
VRFval: 0x1.3ffaaa0a06845p-01
VRFChosen: false
Bloom Params - M: 10, T: 3, EpsBF: 0.010000
Bloom L: 29, D: 7
Approved Indices: [0 8 1]
[AggSelect] self=5 IsAgg=false part=0 A=1 B=2
Received message in dispatch: &{[0 8 1]}
Successfully triggered aggregation process.
Successfully triggered local approve vote.
Routing message of type: *priacy_compute.LocalApproveVoteMsg
Resolving message: &{[0 8 1]}
Cleaned and Validated Approved Indices: [0 8 1]
Pedersen Commitment: 0200000000000000 (len=33)
Range Proof prefix: 02000000000000000000000000000000... (len=721)
[vote/send] pkt1 -> 1 (part=1)
[vote/send] from=5 -> to=1 url=http://localhost:1111/vote/share
[vote/send] part=1 L=29 D=7 sumOnes=17 shares_len=29
[vote/send] pedersenCom(hex)=0200000000000000...
[vote/send] rangeProof(hex)=02000000000000000000000000000000...
[vote/send] pkt2 -> 2 (part=2)
[vote/send] from=5 -> to=2 url=http://localhost:1112/vote/share
[vote/send] part=2 L=29 D=7 sumOnes=17 shares_len=29
[vote/send] pedersenCom(hex)=0200000000000000...
[vote/send] rangeProof(hex)=02000000000000000000000000000000...
Server will be started at localhost:1115...
Received message in dispatch: &{}
Routing message of type: *priacy_compute.TriggerVRFMsg
Resolving message: &{}
Successfully triggered VRF evaluation.
VRFValue: 0.284975
VRFProof: 0348f420deb85ca9bee16ac3f9bd762ea72b05742732c86ffdb8f629c26e3825a51a4e06b8d98eaacfd0782b6a2ad56f29060c656146942cc6e6f63cf9e9a50508cff7cce297ed22e5896113f734936c9e
VRFval: 0x1.23d0837ae172ap-02
VRFChosen: true
Bloom Params - M: 10, T: 3, EpsBF: 0.010000
Bloom L: 29, D: 7
Approved Indices: [9 0 5]
Received message in dispatch: &{[9 0 5]}
Routing message of type: *priacy_compute.LocalApproveVoteMsg
Successfully triggered local approve vote.
Resolving message: &{[9 0 5]}
[AggSelect] self=5 IsAgg=false part=0 A=1 B=2
Successfully triggered aggregation process.
Server will be started at localhost:1115...
Error triggering VRF: Post "http://localhost:1115/vrf/eval": dial tcp [::1]:1115: connectex: No connection could be made because the target machine actively refused it.
Server will be started at localhost:1115...
Received message in dispatch: &{}
Routing message of type: *priacy_compute.TriggerVRFMsg
Resolving message: &{}
Successfully triggered VRF evaluation.
VRFValue: 0.519741
VRFProof: 03850dbf1ba36801e48531e91dd15748735b888daa0b2311e459cf040e322275bd77b0f928110f11b0a25bdf4827dcdbd008f9198549990dff37401b776c41943e8c274ffa258c2af5c16106cd13418911
VRFval: 0x1.0a1b7e3746dp-01
VRFChosen: false
Bloom Params - M: 10, T: 3, EpsBF: 0.010000
Bloom L: 29, D: 7
Approved Indices: [4 5 0]
Received message in dispatch: &{[4 5 0]}
Routing message of type: *priacy_compute.LocalApproveVoteMsg
Successfully triggered local approve vote.
Resolving message: &{[4 5 0]}
[AggSelect] self=5 IsAgg=false part=0 A=1 B=2
Successfully triggered aggregation process.
Server will be started at localhost:1115...
Received message in dispatch: &{}
Routing message of type: *priacy_compute.TriggerVRFMsg
Resolving message: &{}
VRFValue: 0.445011
VRFProof: 0271ec39c3c28d0c9711ffe9fa9378bee0ff37f785edba436fbc79ce1714726f1c1bf9ecce0430fa40914a97bb863995c90df165d90fd110f3db439e2bed7c325a5062851e0f1ea52f49a6d981c66c714a
VRFval: 0x1.c7b0e70f0a343p-02
VRFChosen: false
Bloom Params - M: 10, T: 3, EpsBF: 0.010000
Bloom L: 29, D: 7
Approved Indices: [1 7 2]
Successfully triggered VRF evaluation.
Received message in dispatch: &{[1 7 2]}
Routing message of type: *priacy_compute.LocalApproveVoteMsg
Successfully triggered local approve vote.
Resolving message: &{[1 7 2]}
[AggSelect] self=5 IsAgg=false part=0 A=1 B=2
Successfully triggered aggregation process.
Server will be started at localhost:1115...
Received message in dispatch: &{}
[dispatchMsg] Forwarding message: *priacy_compute.TriggerVRFMsg
Routing message of type: *priacy_compute.TriggerVRFMsg
[routeMsg] Message of type *priacy_compute.TriggerVRFMsg forwarded to MsgDelivery
Resolving message: &{}
Successfully triggered VRF evaluation.
VRFValue: 0.525111
VRFProof: 02866da73919113817392d9bda023230b67654cdbd84d352c5a7a36003b0e8b277f3f9b5a809d98f080616c8bced3eda210491c09d7b048249501b9421630fce6964e583b0a6b4d17747332676f085602c
VRFval: 0x1.0cdb4e7232227p-01
VRFChosen: false
Bloom Params - M: 10, T: 3, EpsBF: 0.010000
Bloom L: 29, D: 7
Approved Indices: [0 8 2]
[AggSelect] self=5 IsAgg=false part=0 A=1 B=2
Successfully triggered aggregation process.
Received message in dispatch: &{[0 8 2]}
[dispatchMsg] Forwarding message: *priacy_compute.LocalApproveVoteMsg
Routing message of type: *priacy_compute.LocalApproveVoteMsg
[routeMsg] Message of type *priacy_compute.LocalApproveVoteMsg forwarded to MsgDelivery
Successfully triggered local approve vote.
Resolving message: &{[0 8 2]}
Cleaned and Validated Approved Indices: [0 8 2]
Pedersen Commitment: 0200000000000000 (len=33)
Range Proof prefix: 02000000000000000000000000000000... (len=721)
[vote/send] pkt1 -> 1 (part=1)
[vote/send] from=5 -> to=1 url=http://localhost:1111/vote/share
[vote/send] part=1 L=29 D=7 sumOnes=17 shares_len=29
[vote/send] pedersenCom(hex)=0200000000000000...
[vote/send] rangeProof(hex)=02000000000000000000000000000000...
[vote/send] pkt2 -> 2 (part=2)
[vote/send] from=5 -> to=2 url=http://localhost:1112/vote/share
[vote/send] part=2 L=29 D=7 sumOnes=17 shares_len=29
[vote/send] pedersenCom(hex)=0200000000000000...
[vote/send] rangeProof(hex)=02000000000000000000000000000000...
Server will be started at localhost:1115...
Received message in dispatch: &{}
[dispatchMsg] Forwarding message: *priacy_compute.TriggerVRFMsg
Routing message of type: *priacy_compute.TriggerVRFMsg
[routeMsg] Message of type *priacy_compute.TriggerVRFMsg forwarded to MsgDelivery
Resolving message: &{}
Successfully triggered VRF evaluation.
VRFValue: 0.430090
VRFProof: 036e1a5aeed6c91e48acee998e35d9fa0851a358eb6508aaba1935497fc2ad40858d2abb72e82eb0a6bf624e801333a0a00eecba9add096d2c812df92b6b5af96c0d44d6424b4a89b5e3adfea016c968e8
VRFval: 0x1.b8696bbb5b248p-02
VRFChosen: false
Bloom Params - M: 10, T: 3, EpsBF: 0.010000
Bloom L: 29, D: 7
Approved Indices: [7 9 6]
Received message in dispatch: &{[7 9 6]}
[dispatchMsg] Forwarding message: *priacy_compute.LocalApproveVoteMsg
Routing message of type: *priacy_compute.LocalApproveVoteMsg
[routeMsg] Message of type *priacy_compute.LocalApproveVoteMsg forwarded to MsgDelivery
Successfully triggered local approve vote.
Resolving message: &{[7 9 6]}
[AggSelect] self=5 IsAgg=false part=0 A=1 B=2
Successfully triggered aggregation process.
Server will be started at localhost:1115...
Received message in dispatch: &{}
[dispatchMsg] Forwarding message: *priacy_compute.TriggerVRFMsg
Routing message of type: *priacy_compute.TriggerVRFMsg
[routeMsg] Message of type *priacy_compute.TriggerVRFMsg forwarded to MsgDelivery
Resolving message: &{}
Successfully triggered VRF evaluation.
VRFValue: 0.269743
VRFProof: 03450de3742d5ee957ac9bc1b48e89a805a8adeba8ad101adbd3644094a92f5b93970f2b659e7c2d027f34220bb9d54c37073d344451d546487297d86b20a88169dcfec7e96ba564558401ec4de07e7673
VRFval: 0x1.14378dd0b57bap-02
VRFChosen: true
Bloom Params - M: 10, T: 3, EpsBF: 0.010000
Bloom L: 29, D: 7
Approved Indices: [8 9 3]
Received message in dispatch: &{[8 9 3]}
[dispatchMsg] Forwarding message: *priacy_compute.LocalApproveVoteMsg
Routing message of type: *priacy_compute.LocalApproveVoteMsg
[routeMsg] Message of type *priacy_compute.LocalApproveVoteMsg forwarded to MsgDelivery
Successfully triggered local approve vote.
Resolving message: &{[8 9 3]}
Server will be started at localhost:1115...
Received message in dispatch: &{}
[dispatchMsg] Forwarding message: *priacy_compute.TriggerVRFMsg
Routing message of type: *priacy_compute.TriggerVRFMsg
[routeMsg] Message of type *priacy_compute.TriggerVRFMsg forwarded to MsgDelivery
Resolving message: &{}
Successfully triggered VRF evaluation.
Waiting for 1 minute before triggering aggregation...
VRFValue: 0.868542
VRFProof: 03de58cc888533008e5243bb77ef4ad9a5b6d42aa3aaec93985aeede6c4ae86392b4256de79cb0ec22a9ac18a69276dff10265374db91003abd46bee03276bb38d635af72400739e2ed829b51870bc375d
VRFval: 0x1.bcb199110a66p-01
VRFChosen: false
Bloom Params - M: 10, T: 3, EpsBF: 0.010000
Bloom L: 29, D: 7
Approved Indices: [4 1 9]
Received message in dispatch: &{[4 1 9]}
[dispatchMsg] Forwarding message: *priacy_compute.LocalApproveVoteMsg
Routing message of type: *priacy_compute.LocalApproveVoteMsg
[routeMsg] Message of type *priacy_compute.LocalApproveVoteMsg forwarded to MsgDelivery
Successfully triggered local approve vote.
Resolving message: &{[4 1 9]}
[AggSelect] self=5 IsAgg=false part=0 A=1 B=2
Test data added to RecvSharesPart1 and RecvSharesPart2
Successfully triggered aggregation process.
Server will be started at localhost:1115...
Received message in dispatch: &{}
[dispatchMsg] Forwarding message: *priacy_compute.TriggerVRFMsg
Routing message of type: *priacy_compute.TriggerVRFMsg
[routeMsg] Message of type *priacy_compute.TriggerVRFMsg forwarded to MsgDelivery
Resolving message: &{}
Successfully triggered VRF evaluation.
Waiting for 1 minute before triggering aggregation...
VRFValue: 0.693956
VRFProof: 02b1a7139cc0b31248a49f5bed7a8fa5b401f67dba63428c30bbe86787b5512002c84fec4e88f3906988f954cf47d0e0eb092cfa9bdb872f3ae4b9335bb3e7522989973a8a46b903a40d6cad28f05f6b65
VRFval: 0x1.634e273981662p-01
VRFChosen: false
Bloom Params - M: 10, T: 3, EpsBF: 0.010000
Bloom L: 29, D: 7
Approved Indices: [5 4 3]
Received message in dispatch: &{[5 4 3]}
[dispatchMsg] Forwarding message: *priacy_compute.LocalApproveVoteMsg
Routing message of type: *priacy_compute.LocalApproveVoteMsg
[routeMsg] Message of type *priacy_compute.LocalApproveVoteMsg forwarded to MsgDelivery
Successfully triggered local approve vote.
Resolving message: &{[5 4 3]}
[AggSelect] self=5 IsAgg=false part=0 A=1 B=2
Successfully triggered aggregation process.
Server will be started at localhost:1115...
Received message in dispatch: &{}
[dispatchMsg] Forwarding message: *priacy_compute.TriggerVRFMsg
Routing message of type: *priacy_compute.TriggerVRFMsg
[routeMsg] Message of type *priacy_compute.TriggerVRFMsg forwarded to MsgDelivery
Resolving message: &{}
Successfully triggered VRF evaluation.
Waiting for 1 minute before triggering aggregation...
VRFValue: 0.926075
VRFProof: 03ed1344c530d7cf8018da8a4352fe629cb5c4f84738868468b072af032dc1d49dfda69c3b0c00ceb0cdaaa18f9efacb320dbac0ff318d01cc4dfa080e5f1f7f2937c14c4755a33f616e59bfe40b180c13
VRFval: 0x1.da26898a61afap-01
VRFChosen: false
Bloom Params - M: 10, T: 3, EpsBF: 0.010000
Bloom L: 29, D: 7
Approved Indices: [2 3 6]
Received message in dispatch: &{[2 3 6]}
[dispatchMsg] Forwarding message: *priacy_compute.LocalApproveVoteMsg
Routing message of type: *priacy_compute.LocalApproveVoteMsg
[routeMsg] Message of type *priacy_compute.LocalApproveVoteMsg forwarded to MsgDelivery
Successfully triggered local approve vote.
Resolving message: &{[2 3 6]}
[AggSelect] self=5 IsAgg=false part=0 A=1 B=2
Cleaned and Validated Approved Indices: [2 3 6]
Pedersen Commitment: 0200000000000000 (len=33)
Range Proof prefix: 02000000000000000000000000000000... (len=721)
[vote/send] pkt1 -> 1 (part=1)
[vote/send] from=5 -> to=1 url=http://localhost:1111/vote/share
[vote/send] part=1 L=29 D=7 sumOnes=18 shares_len=29
[vote/send] pedersenCom(hex)=0200000000000000...
[vote/send] rangeProof(hex)=02000000000000000000000000000000...
[vote/send] pkt2 -> 2 (part=2)
[vote/send] from=5 -> to=2 url=http://localhost:1112/vote/share
[vote/send] part=2 L=29 D=7 sumOnes=18 shares_len=29
[vote/send] pedersenCom(hex)=0200000000000000...
[vote/send] rangeProof(hex)=02000000000000000000000000000000...
Successfully triggered aggregation process.
