Server will be started at localhost:1117...
Received message in dispatch: &{}
Routing message of type: *priacy_compute.TriggerVRFMsg
Resolving message: &{}
Received message in dispatch: &{1 e5e72d24d6739c0f311f5e0d47c8f6099afd1a1bc048f255f0725240218c9ca7 [3 68 196 211 231 100 54 228 13 189 206 3 36 118 4 90 5 48 239 16 73 5 189 250 207 6 145 137 94 58 249 121 155 34 147 232 55 5 99 5 22 37 17 232 242 185 90 44 74 0 65 188 92 220 248 199 121 65 131 113 173 95 187 249 218 18 184 55 142 193 244 183 247 214 220 151 84 209 171 220 222] exampleContext}
Routing message of type: *priacy_compute.AggVRFMsg
Resolving message: &{1 e5e72d24d6739c0f311f5e0d47c8f6099afd1a1bc048f255f0725240218c9ca7 [3 68 196 211 231 100 54 228 13 189 206 3 36 118 4 90 5 48 239 16 73 5 189 250 207 6 145 137 94 58 249 121 155 34 147 232 55 5 99 5 22 37 17 232 242 185 90 44 74 0 65 188 92 220 248 199 121 65 131 113 173 95 187 249 218 18 184 55 142 193 244 183 247 214 220 151 84 209 171 220 222] exampleContext}
Received message in dispatch: &{5 f0a75610ad635995a85d9710e5bed0c99a30c82712fde38c89e405ae1b0ce4e5 [3 195 13 159 229 150 241 101 230 26 112 118 169 86 232 187 190 122 134 31 192 103 7 43 156 120 138 18 129 36 237 196 238 204 42 134 13 86 27 149 126 95 147 213 65 118 231 133 187 12 242 95 38 84 246 125 34 204 57 180 228 188 1 55 105 108 194 231 1 203 2 130 58 95 145 183 153 193 236 197 98] exampleContext}
Routing message of type: *priacy_compute.AggVRFMsg
Resolving message: &{5 f0a75610ad635995a85d9710e5bed0c99a30c82712fde38c89e405ae1b0ce4e5 [3 195 13 159 229 150 241 101 230 26 112 118 169 86 232 187 190 122 134 31 192 103 7 43 156 120 138 18 129 36 237 196 238 204 42 134 13 86 27 149 126 95 147 213 65 118 231 133 187 12 242 95 38 84 246 125 34 204 57 180 228 188 1 55 105 108 194 231 1 203 2 130 58 95 145 183 153 193 236 197 98] exampleContext}
Successfully triggered VRF evaluation.
Successfully triggered aggregation process.
Received message in dispatch: &{3 9da2b4edce278a3eaf02231ffe701b9db6c2ce9d41024d543359f9d4e139e76b [3 67 175 168 183 111 142 199 42 123 222 241 174 47 86 45 33 85 112 78 217 188 39 223 40 226 15 161 107 254 159 74 148 34 47 245 50 130 45 115 6 27 180 31 25 191 245 151 191 5 55 230 74 17 213 34 75 138 7 63 65 155 65 41 247 164 134 175 72 0 38 8 172 206 203 109 182 255 209 2 102] exampleContext}
Routing message of type: *priacy_compute.AggVRFMsg
Resolving message: &{3 9da2b4edce278a3eaf02231ffe701b9db6c2ce9d41024d543359f9d4e139e76b [3 67 175 168 183 111 142 199 42 123 222 241 174 47 86 45 33 85 112 78 217 188 39 223 40 226 15 161 107 254 159 74 148 34 47 245 50 130 45 115 6 27 180 31 25 191 245 151 191 5 55 230 74 17 213 34 75 138 7 63 65 155 65 41 247 164 134 175 72 0 38 8 172 206 203 109 182 255 209 2 102] exampleContext}
Received message in dispatch: &{4 ba9cd641040a23fbee0f2e59866343124c2556d64a633a631cc01720ff8b70ae [2 70 94 205 148 112 29 5 168 19 143 139 127 168 60 144 6 242 151 155 159 50 235 33 81 101 106 241 93 100 128 21 91 155 84 30 81 111 242 178 194 11 224 23 206 225 195 17 4 9 244 111 127 101 179 172 144 43 141 254 78 179 79 206 171 28 122 13 36 59 192 224 7 129 236 108 75 187 161 238 197] exampleContext}
Routing message of type: *priacy_compute.AggVRFMsg
Resolving message: &{4 ba9cd641040a23fbee0f2e59866343124c2556d64a633a631cc01720ff8b70ae [2 70 94 205 148 112 29 5 168 19 143 139 127 168 60 144 6 242 151 155 159 50 235 33 81 101 106 241 93 100 128 21 91 155 84 30 81 111 242 178 194 11 224 23 206 225 195 17 4 9 244 111 127 101 179 172 144 43 141 254 78 179 79 206 171 28 122 13 36 59 192 224 7 129 236 108 75 187 161 238 197] exampleContext}
Received message in dispatch: &{6 de58fca970aa0843dfb8cccaa43419aac3464fc9d4948518724fd76be746f288 [2 209 95 77 85 121 24 140 26 167 95 82 76 207 55 120 226 101 234 184 31 145 62 46 211 126 101 136 112 253 57 208 111 105 245 201 159 212 116 35 23 107 13 183 176 159 46 7 20 4 210 178 122 1 243 34 65 181 83 144 143 11 173 124 158 39 1 250 183 164 230 174 118 15 114 4 172 154 206 14 77] exampleContext}
Routing message of type: *priacy_compute.AggVRFMsg
Resolving message: &{6 de58fca970aa0843dfb8cccaa43419aac3464fc9d4948518724fd76be746f288 [2 209 95 77 85 121 24 140 26 167 95 82 76 207 55 120 226 101 234 184 31 145 62 46 211 126 101 136 112 253 57 208 111 105 245 201 159 212 116 35 23 107 13 183 176 159 46 7 20 4 210 178 122 1 243 34 65 181 83 144 143 11 173 124 158 39 1 250 183 164 230 174 118 15 114 4 172 154 206 14 77] exampleContext}
Received message in dispatch: &{7 0a7792d65ce5f79a8a516658f235237659810cd2f58e6933910aa04f9ba41f9a [2 10 52 113 126 39 31 2 51 56 106 192 194 0 146 223 255 35 223 73 206 171 90 98 108 142 202 200 225 22 19 144 73 107 154 180 74 23 162 185 141 23 226 33 210 52 6 226 216 2 127 149 181 136 227 215 70 162 10 104 216 58 212 169 71 145 34 139 39 98 238 173 246 0 92 249 89 20 102 157 80] exampleContext}
Routing message of type: *priacy_compute.AggVRFMsg
Resolving message: &{7 0a7792d65ce5f79a8a516658f235237659810cd2f58e6933910aa04f9ba41f9a [2 10 52 113 126 39 31 2 51 56 106 192 194 0 146 223 255 35 223 73 206 171 90 98 108 142 202 200 225 22 19 144 73 107 154 180 74 23 162 185 141 23 226 33 210 52 6 226 216 2 127 149 181 136 227 215 70 162 10 104 216 58 212 169 71 145 34 139 39 98 238 173 246 0 92 249 89 20 102 157 80] exampleContext}
Received message in dispatch: &{10 99717e862fe78e412e71ad3e6abe005ab2d243880eb4e463d64e7c1c989ea597 [3 68 121 249 162 62 15 137 125 38 132 29 70 216 175 107 239 192 68 49 46 74 59 54 10 209 133 165 248 19 244 243 194 85 148 243 35 181 18 11 234 102 55 35 241 23 33 207 238 13 50 249 171 121 211 64 238 126 220 56 156 89 48 146 86 77 25 166 113 135 243 246 238 23 198 83 44 233 255 233 15] exampleContext}
Routing message of type: *priacy_compute.AggVRFMsg
Resolving message: &{10 99717e862fe78e412e71ad3e6abe005ab2d243880eb4e463d64e7c1c989ea597 [3 68 121 249 162 62 15 137 125 38 132 29 70 216 175 107 239 192 68 49 46 74 59 54 10 209 133 165 248 19 244 243 194 85 148 243 35 181 18 11 234 102 55 35 241 23 33 207 238 13 50 249 171 121 211 64 238 126 220 56 156 89 48 146 86 77 25 166 113 135 243 246 238 23 198 83 44 233 255 233 15] exampleContext}
Received message in dispatch: &{2 bd113e6d1f4288ac444d6e8ed0e6ed772e3270e5ad9f609eb99386f65b041df3 [3 192 22 255 157 213 41 202 229 103 133 85 70 151 16 150 134 25 178 35 239 248 59 252 222 164 163 48 107 210 143 161 212 30 76 238 143 46 72 214 11 255 175 33 246 179 207 54 121 10 77 165 33 187 90 56 157 149 228 137 159 167 228 30 118 237 14 142 203 184 62 137 211 76 97 190 19 104 83 109 77] exampleContext}
Routing message of type: *priacy_compute.AggVRFMsg
Resolving message: &{2 bd113e6d1f4288ac444d6e8ed0e6ed772e3270e5ad9f609eb99386f65b041df3 [3 192 22 255 157 213 41 202 229 103 133 85 70 151 16 150 134 25 178 35 239 248 59 252 222 164 163 48 107 210 143 161 212 30 76 238 143 46 72 214 11 255 175 33 246 179 207 54 121 10 77 165 33 187 90 56 157 149 228 137 159 167 228 30 118 237 14 142 203 184 62 137 211 76 97 190 19 104 83 109 77] exampleContext}
Received message in dispatch: &{9 d6dd1bbb953729d97ebdc0c19782f02631947f0a0982cec2940a931e88ba26ea [2 167 135 173 232 65 56 236 173 249 87 44 254 18 85 220 170 74 151 180 195 235 62 68 224 114 227 163 53 237 73 140 37 159 23 182 69 9 166 113 27 124 30 253 203 119 43 130 108 14 45 220 22 214 65 100 136 7 230 18 198 151 226 251 38 111 100 111 92 208 190 251 234 152 212 196 211 74 131 67 169] exampleContext}
Routing message of type: *priacy_compute.AggVRFMsg
Resolving message: &{9 d6dd1bbb953729d97ebdc0c19782f02631947f0a0982cec2940a931e88ba26ea [2 167 135 173 232 65 56 236 173 249 87 44 254 18 85 220 170 74 151 180 195 235 62 68 224 114 227 163 53 237 73 140 37 159 23 182 69 9 166 113 27 124 30 253 203 119 43 130 108 14 45 220 22 214 65 100 136 7 230 18 198 151 226 251 38 111 100 111 92 208 190 251 234 152 212 196 211 74 131 67 169] exampleContext}
Received message in dispatch: &{8 7da84ee27647b63f6b3d8e6d4534f1be69ad27fc97ce7e5357934a2d8783fc48 [2 159 153 83 16 56 162 234 50 228 73 140 68 11 126 221 169 235 67 201 48 131 166 77 133 89 101 130 10 127 189 92 125 92 89 21 122 192 116 95 221 182 48 89 12 32 251 99 85 9 142 110 23 195 160 185 169 149 176 49 215 122 200 21 114 11 78 117 149 5 215 67 207 164 54 166 242 94 146 244 129] exampleContext}
Routing message of type: *priacy_compute.AggVRFMsg
Resolving message: &{8 7da84ee27647b63f6b3d8e6d4534f1be69ad27fc97ce7e5357934a2d8783fc48 [2 159 153 83 16 56 162 234 50 228 73 140 68 11 126 221 169 235 67 201 48 131 166 77 133 89 101 130 10 127 189 92 125 92 89 21 122 192 116 95 221 182 48 89 12 32 251 99 85 9 142 110 23 195 160 185 169 149 176 49 215 122 200 21 114 11 78 117 149 5 215 67 207 164 54 166 242 94 146 244 129] exampleContext}
Server will be started at localhost:1117...
Received message in dispatch: &{}
Routing message of type: *priacy_compute.TriggerVRFMsg
Resolving message: &{}
Successfully triggered VRF evaluation.
VRFValue: 0.204826
VRFProof: 02346f7a0f9cca2c63c30126f2188129bb50b45ce2fbb3d54ea0b12cfa8e28ff19ffa32f01c4de18afac4cd6d60738e9070af22b93732b7aa572b01323f76d674acc4332b2b62ae0d3760e05e26b94466f
VRFval: 0x1.a37bd07ce6516p-03
VRFChosen: true
Bloom Params - M: 10, T: 3, EpsBF: 0.010000
Bloom L: 29, D: 7
Approved Indices: [7 5 3]
Successfully triggered aggregation process.
Received message in dispatch: &{7 6ed8bb4a238a4fda4bacb69350137c02b641f6de3ec318758c4f5a4658b25515 [3 84 125 47 91 81 119 3 9 40 120 67 236 108 202 228 158 38 169 15 163 218 64 80 84 174 5 53 233 176 95 105 226 95 160 160 194 159 13 204 224 120 83 183 200 228 234 66 21 11 55 119 107 202 105 80 142 11 84 237 63 210 168 160 139 77 25 90 163 164 144 217 12 136 159 27 89 186 107 150 181] exampleContext}
Routing message of type: *priacy_compute.AggVRFMsg
Resolving message: &{7 6ed8bb4a238a4fda4bacb69350137c02b641f6de3ec318758c4f5a4658b25515 [3 84 125 47 91 81 119 3 9 40 120 67 236 108 202 228 158 38 169 15 163 218 64 80 84 174 5 53 233 176 95 105 226 95 160 160 194 159 13 204 224 120 83 183 200 228 234 66 21 11 55 119 107 202 105 80 142 11 84 237 63 210 168 160 139 77 25 90 163 164 144 217 12 136 159 27 89 186 107 150 181] exampleContext}
Received message in dispatch: &{8 d45d434cc4f3bc623274ebc460b776eb23c68351fcfa12dbc9ea4ee1587cf03a [2 219 32 21 111 245 44 24 214 240 164 181 158 219 62 112 97 136 95 117 114 229 109 213 206 74 187 150 116 252 5 100 113 166 45 16 120 150 66 182 133 36 200 242 41 185 247 160 63 9 242 131 142 140 139 111 75 6 87 167 65 167 159 109 44 23 47 231 254 177 36 214 53 80 127 246 155 31 231 56 194] exampleContext}
Routing message of type: *priacy_compute.AggVRFMsg
Resolving message: &{8 d45d434cc4f3bc623274ebc460b776eb23c68351fcfa12dbc9ea4ee1587cf03a [2 219 32 21 111 245 44 24 214 240 164 181 158 219 62 112 97 136 95 117 114 229 109 213 206 74 187 150 116 252 5 100 113 166 45 16 120 150 66 182 133 36 200 242 41 185 247 160 63 9 242 131 142 140 139 111 75 6 87 167 65 167 159 109 44 23 47 231 254 177 36 214 53 80 127 246 155 31 231 56 194] exampleContext}
Received message in dispatch: &{9 89a372f354ee487f93afbf4fcd7490d0790d863a2795808d88a75b3b3f605375 [2 143 210 194 173 103 249 43 199 124 115 57 255 157 149 249 26 153 228 176 120 92 98 204 195 143 29 125 210 156 227 110 65 121 61 179 232 50 162 89 230 131 163 175 87 245 171 60 201 1 14 115 62 9 41 49 170 113 98 128 21 168 118 81 94 8 79 161 19 243 8 202 94 209 74 97 15 178 168 122 120] exampleContext}
Routing message of type: *priacy_compute.AggVRFMsg
Resolving message: &{9 89a372f354ee487f93afbf4fcd7490d0790d863a2795808d88a75b3b3f605375 [2 143 210 194 173 103 249 43 199 124 115 57 255 157 149 249 26 153 228 176 120 92 98 204 195 143 29 125 210 156 227 110 65 121 61 179 232 50 162 89 230 131 163 175 87 245 171 60 201 1 14 115 62 9 41 49 170 113 98 128 21 168 118 81 94 8 79 161 19 243 8 202 94 209 74 97 15 178 168 122 120] exampleContext}
Received message in dispatch: &{10 d2e95e2d77a8710fa3e3ae1853c5a33fd2b3034bddcb72e2bc2825caec9f251c [3 149 73 134 118 209 130 95 108 140 137 50 227 0 201 133 167 237 171 93 249 154 67 152 52 122 60 13 1 173 162 14 238 21 107 238 166 217 73 214 40 56 3 150 18 234 0 58 98 5 1 224 185 7 33 42 185 33 116 81 124 2 80 237 69 200 46 89 115 156 184 171 36 172 94 124 135 170 12 58 207] exampleContext}
Routing message of type: *priacy_compute.AggVRFMsg
Resolving message: &{10 d2e95e2d77a8710fa3e3ae1853c5a33fd2b3034bddcb72e2bc2825caec9f251c [3 149 73 134 118 209 130 95 108 140 137 50 227 0 201 133 167 237 171 93 249 154 67 152 52 122 60 13 1 173 162 14 238 21 107 238 166 217 73 214 40 56 3 150 18 234 0 58 98 5 1 224 185 7 33 42 185 33 116 81 124 2 80 237 69 200 46 89 115 156 184 171 36 172 94 124 135 170 12 58 207] exampleContext}
Server will be started at localhost:1117...
Received message in dispatch: &{6 3086233b4ee20a87a6f4c346ad5e41492a11512a9c06fbe6a8b75bb98a8ac37e [2 4 220 238 135 213 39 70 14 52 92 7 13 22 103 148 61 232 152 21 0 127 60 121 213 238 88 61 57 129 230 162 115 215 181 24 79 15 58 158 159 159 93 105 249 197 214 245 209 4 23 122 96 92 224 176 30 90 161 27 9 230 35 216 141 215 254 93 234 162 252 170 205 247 144 67 62 160 123 137 163] exampleContext}
Routing message of type: *priacy_compute.AggVRFMsg
Received message in dispatch: &{}
Routing message of type: *priacy_compute.TriggerVRFMsg
Resolving message: &{6 3086233b4ee20a87a6f4c346ad5e41492a11512a9c06fbe6a8b75bb98a8ac37e [2 4 220 238 135 213 39 70 14 52 92 7 13 22 103 148 61 232 152 21 0 127 60 121 213 238 88 61 57 129 230 162 115 215 181 24 79 15 58 158 159 159 93 105 249 197 214 245 209 4 23 122 96 92 224 176 30 90 161 27 9 230 35 216 141 215 254 93 234 162 252 170 205 247 144 67 62 160 123 137 163] exampleContext}
Resolving message: &{}
Successfully triggered VRF evaluation.
VRFValue: 0.150676
VRFProof: 022692b39bdf78e62b48bb9a2de0e4b5e1fa178dc305245f3ebd89d5fad13a140a2c56787b1d880f4180ece7de75be3c690d7764a8821754b5a96bec033f57866a66ccb17386cd900f0f5d3bb51d9956fa
VRFval: 0x1.34959cdefbc73p-03
VRFChosen: true
Bloom Params - M: 10, T: 3, EpsBF: 0.010000
Bloom L: 29, D: 7
Approved Indices: [1 2 0]
Successfully triggered aggregation process.
Received message in dispatch: &{7 f7fe956597d7d22435c812aa07faaa301e67e6b1cbe62be3ebb9ef69c8f12160 [2 21 30 238 176 53 250 76 191 255 80 243 82 236 48 102 146 229 80 68 117 6 31 131 157 138 62 123 221 83 12 229 115 249 187 213 16 198 249 16 20 138 156 54 132 197 124 80 81 13 7 118 180 207 199 143 100 209 185 255 82 219 215 75 215 193 250 221 180 168 176 99 126 113 180 92 243 186 51 209 116] exampleContext}
Routing message of type: *priacy_compute.AggVRFMsg
Resolving message: &{7 f7fe956597d7d22435c812aa07faaa301e67e6b1cbe62be3ebb9ef69c8f12160 [2 21 30 238 176 53 250 76 191 255 80 243 82 236 48 102 146 229 80 68 117 6 31 131 157 138 62 123 221 83 12 229 115 249 187 213 16 198 249 16 20 138 156 54 132 197 124 80 81 13 7 118 180 207 199 143 100 209 185 255 82 219 215 75 215 193 250 221 180 168 176 99 126 113 180 92 243 186 51 209 116] exampleContext}
Received message in dispatch: &{8 cfbe03c25f80c7e45de022d9f7fe5dfb1be5821004d97a99230405570c49b037 [2 243 96 164 242 232 40 28 26 174 32 144 176 204 1 191 96 200 71 47 161 117 132 40 130 231 43 109 181 193 213 126 52 117 142 85 143 237 228 123 80 86 228 59 235 252 106 20 46 11 19 180 91 232 141 39 8 66 144 140 163 192 144 138 211 212 250 107 225 98 73 206 157 144 156 167 125 137 187 22 211] exampleContext}
Routing message of type: *priacy_compute.AggVRFMsg
Resolving message: &{8 cfbe03c25f80c7e45de022d9f7fe5dfb1be5821004d97a99230405570c49b037 [2 243 96 164 242 232 40 28 26 174 32 144 176 204 1 191 96 200 71 47 161 117 132 40 130 231 43 109 181 193 213 126 52 117 142 85 143 237 228 123 80 86 228 59 235 252 106 20 46 11 19 180 91 232 141 39 8 66 144 140 163 192 144 138 211 212 250 107 225 98 73 206 157 144 156 167 125 137 187 22 211] exampleContext}
Received message in dispatch: &{9 e12941ec7de6221eb9dce95fa857023fc55d1ce1211b85c6b08ca197de892a76 [2 198 76 95 24 207 101 63 171 1 15 109 6 35 76 104 174 109 237 11 198 250 125 210 60 106 245 2 66 143 139 113 47 96 245 124 147 231 77 202 46 116 238 253 0 113 172 72 104 10 131 213 77 100 110 23 204 89 35 135 107 255 1 39 11 45 123 63 216 77 210 153 154 52 239 168 251 249 140 149 74] exampleContext}
Routing message of type: *priacy_compute.AggVRFMsg
Resolving message: &{9 e12941ec7de6221eb9dce95fa857023fc55d1ce1211b85c6b08ca197de892a76 [2 198 76 95 24 207 101 63 171 1 15 109 6 35 76 104 174 109 237 11 198 250 125 210 60 106 245 2 66 143 139 113 47 96 245 124 147 231 77 202 46 116 238 253 0 113 172 72 104 10 131 213 77 100 110 23 204 89 35 135 107 255 1 39 11 45 123 63 216 77 210 153 154 52 239 168 251 249 140 149 74] exampleContext}
Received message in dispatch: &{10 48fd440ae2b90a78992927b2542fb805faa72de57faa53d5ffef312329672441 [3 13 205 34 235 224 106 255 16 170 185 205 63 20 193 51 206 174 135 86 252 106 9 21 196 89 87 43 209 79 30 152 135 8 220 107 130 38 178 27 35 193 206 208 111 199 148 138 250 11 92 82 81 53 84 157 117 61 163 147 231 245 153 190 142 111 62 152 252 253 121 168 2 195 214 61 123 104 113 229 235] exampleContext}
Routing message of type: *priacy_compute.AggVRFMsg
Resolving message: &{10 48fd440ae2b90a78992927b2542fb805faa72de57faa53d5ffef312329672441 [3 13 205 34 235 224 106 255 16 170 185 205 63 20 193 51 206 174 135 86 252 106 9 21 196 89 87 43 209 79 30 152 135 8 220 107 130 38 178 27 35 193 206 208 111 199 148 138 250 11 92 82 81 53 84 157 117 61 163 147 231 245 153 190 142 111 62 152 252 253 121 168 2 195 214 61 123 104 113 229 235] exampleContext}
Server will be started at localhost:1117...
Received message in dispatch: &{}
Routing message of type: *priacy_compute.TriggerVRFMsg
Resolving message: &{}
Successfully triggered VRF evaluation.
VRFValue: 0.377648
VRFProof: 0260ad90f55ba03d98b21e8898e6b2fa1818115a4c86d4cf14de7cad78a7903720484ea5bb1a4987659eb16bd35fd2c77200109784e613d15a130c6ecc176a4f0c00f5e68cc20f2d0abd9a71d520ef472a
VRFval: 0x1.82b643d56e80fp-02
VRFChosen: false
Successfully triggered aggregation process.
Received message in dispatch: &{3 f70b33b9d862f46b51d22c43b245291c8e991224266c12d696974a5bd2561164 [2 14 79 158 156 90 29 205 243 47 71 223 150 53 106 80 1 231 89 20 61 250 233 191 163 190 156 166 169 47 112 226 77 159 103 177 216 28 179 35 61 158 22 126 37 149 140 107 95 13 100 219 203 39 204 97 124 48 47 49 19 133 238 2 65 249 24 17 72 140 14 123 52 120 0 64 170 81 99 114 20] exampleContext}
Routing message of type: *priacy_compute.AggVRFMsg
Resolving message: &{3 f70b33b9d862f46b51d22c43b245291c8e991224266c12d696974a5bd2561164 [2 14 79 158 156 90 29 205 243 47 71 223 150 53 106 80 1 231 89 20 61 250 233 191 163 190 156 166 169 47 112 226 77 159 103 177 216 28 179 35 61 158 22 126 37 149 140 107 95 13 100 219 203 39 204 97 124 48 47 49 19 133 238 2 65 249 24 17 72 140 14 123 52 120 0 64 170 81 99 114 20] exampleContext}
Received message in dispatch: &{1 526949411b3375e9f1e0c41220e92a870bff9829d55189b0474c8f3dc763a1e8 [3 16 79 12 252 209 183 25 85 98 129 155 172 144 242 193 94 220 242 60 38 34 239 128 238 120 70 120 88 197 81 197 162 217 104 113 131 30 37 252 141 193 111 84 118 117 181 50 43 15 147 66 237 1 78 17 228 152 37 29 170 188 152 43 235 145 255 211 84 51 60 173 101 166 196 254 237 22 221 104 70] exampleContext}
Routing message of type: *priacy_compute.AggVRFMsg
Resolving message: &{1 526949411b3375e9f1e0c41220e92a870bff9829d55189b0474c8f3dc763a1e8 [3 16 79 12 252 209 183 25 85 98 129 155 172 144 242 193 94 220 242 60 38 34 239 128 238 120 70 120 88 197 81 197 162 217 104 113 131 30 37 252 141 193 111 84 118 117 181 50 43 15 147 66 237 1 78 17 228 152 37 29 170 188 152 43 235 145 255 211 84 51 60 173 101 166 196 254 237 22 221 104 70] exampleContext}
Server will be started at localhost:1117...
Received message in dispatch: &{}
Routing message of type: *priacy_compute.TriggerVRFMsg
Resolving message: &{}
Successfully triggered VRF evaluation.
VRFValue: 0.005015
VRFProof: 030148afb5f80480f7045ba12902bb4d97b8d37b07e961541de94d0e173621799ec6f04457e32c84be32606c2465096a0e004d9722d0da2f77a4a81697876297f41ed288908b08360fc8ba4be85bb5494c
VRFval: 0x1.48afb5f80480fp-08
VRFChosen: true
Bloom Params - M: 10, T: 3, EpsBF: 0.010000
Bloom L: 29, D: 7
Approved Indices: [8 2 4]
Node 1 selected as Aggregator 1
Node 2 selected as Aggregator 2
Successfully triggered aggregation process.
Server will be started at localhost:1117...
Received message in dispatch: &{}
Routing message of type: *priacy_compute.TriggerVRFMsg
Resolving message: &{}
Successfully triggered VRF evaluation.
VRFValue: 0.711040
VRFProof: 03b606b7d4de3f8b9c1219551bb71f7545889eda28f24f4e7621bf8f7bf0bf0cec9d6c14e979cf93dc7718c81f9bf968cf07a56414beb2cdd7bbf94158960111b22a364cc31d8957265cc04589c1c4ac59
VRFval: 0x1.6c0d6fa9bc7f1p-01
VRFChosen: false
Bloom Params - M: 10, T: 3, EpsBF: 0.010000
Bloom L: 29, D: 7
Approved Indices: [2 1 9]
Node 1 selected as Aggregator 1
Node 2 selected as Aggregator 2
Successfully triggered aggregation process.
Server will be started at localhost:1117...
Received message in dispatch: &{}
Routing message of type: *priacy_compute.TriggerVRFMsg
Resolving message: &{}
VRFValue: 0.506641
VRFProof: 0381b3368b5d44a7152ebfe4ce7aff1a3d46bc04200b21324652182669100a2a8f78c8ac958fb3b5785f16d1c4a8ba080409a0f722d685841e14c177ed34202e3b5ee2960bd9afb02cc09fd9b22512830e
VRFval: 0x1.03666d16ba895p-01
VRFChosen: false
Bloom Params - M: 10, T: 3, EpsBF: 0.010000
Bloom L: 29, D: 7
Approved Indices: [4 7 0]
Successfully triggered VRF evaluation.
Received message in dispatch: &{[4 7 0]}
Routing message of type: *priacy_compute.LocalApproveVoteMsg
Successfully triggered local approve vote.
Resolving message: &{[4 7 0]}
Node 1 selected as Aggregator 1
Node 2 selected as Aggregator 2
Successfully triggered aggregation process.
Server will be started at localhost:1117...
Received message in dispatch: &{}
Routing message of type: *priacy_compute.TriggerVRFMsg
Resolving message: &{}
Successfully triggered VRF evaluation.
VRFValue: 0.315114
VRFProof: 0250ab4a8d6075e6d4eab655d79bdcfd2b4075625e9d646445123d592205fb5c2a34bd206df89bf7f8b4315f13e66057770b598273aafddf944446b57fa820322b592890c2dafd2d271b087147a60fc2cb
VRFval: 0x1.42ad2a3581d7ap-02
VRFChosen: false
Bloom Params - M: 10, T: 3, EpsBF: 0.010000
Bloom L: 29, D: 7
Approved Indices: [0 7 9]
Received message in dispatch: &{[0 7 9]}
Routing message of type: *priacy_compute.LocalApproveVoteMsg
Successfully triggered local approve vote.
Resolving message: &{[0 7 9]}
Node 1 selected as Aggregator 1
Node 2 selected as Aggregator 2
Successfully triggered aggregation process.
Server will be started at localhost:1117...
Received message in dispatch: &{}
Routing message of type: *priacy_compute.TriggerVRFMsg
Resolving message: &{}
VRFValue: 0.166848
VRFProof: 032ab6930ac40aa84c22bd5e92726d7dac1b1eebbad67abcd47beb0c0d4ad8048ad1c2ad5b9d53ce8309992700b7c118590affd9a2b9f4d87834f2f0f5cfee69446d4e2d2f7f18241280677c8a194f3c3f
VRFval: 0x1.55b4985620554p-03
VRFChosen: true
Bloom Params - M: 10, T: 3, EpsBF: 0.010000
Bloom L: 29, D: 7
Approved Indices: [8 1 6]
Successfully triggered VRF evaluation.
Received message in dispatch: &{[8 1 6]}
Routing message of type: *priacy_compute.LocalApproveVoteMsg
Successfully triggered local approve vote.
Resolving message: &{[8 1 6]}
Node 1 selected as Aggregator 1
Node 2 selected as Aggregator 2
Successfully triggered aggregation process.
Server will be started at localhost:1117...
Received message in dispatch: &{}
Routing message of type: *priacy_compute.TriggerVRFMsg
Resolving message: &{}
Successfully triggered VRF evaluation.
VRFValue: 0.470972
VRFProof: 037891a5da78db7504d3f1daabd37e5d234cadd7e7ed871cdf3532ed7bb8edb3a60b389df3888a58732487356b7b609c1e064b08386b19bb81803cae1aaef188be793ccc3f2a3bc732fcea8738c73abcf4
VRFval: 0x1.e2469769e36ddp-02
VRFChosen: false
Bloom Params - M: 10, T: 3, EpsBF: 0.010000
Bloom L: 29, D: 7
Approved Indices: [9 0 3]
Received message in dispatch: &{[9 0 3]}
Routing message of type: *priacy_compute.LocalApproveVoteMsg
Successfully triggered local approve vote.
Resolving message: &{[9 0 3]}
Node 1 selected as Aggregator 1
Node 2 selected as Aggregator 2
Successfully triggered aggregation process.
Server will be started at localhost:1117...
Received message in dispatch: &{}
Routing message of type: *priacy_compute.TriggerVRFMsg
Resolving message: &{}
Successfully triggered VRF evaluation.
VRFValue: 0.196570
VRFProof: 0332526e7a645fee0880cb16b8f7bdf8d384e8399875dbef0a08bc7e35dabe739fff0ba49f455ce643dc78e44c802f6dad035eaaef3ba9a1cc4893da6cb5940209fb538ead911dbae918fb4348b80f3421
VRFval: 0x1.929373d322ff7p-03
VRFChosen: true
Bloom Params - M: 10, T: 3, EpsBF: 0.010000
Bloom L: 29, D: 7
Approved Indices: [3 2 0]
Received message in dispatch: &{[3 2 0]}
Routing message of type: *priacy_compute.LocalApproveVoteMsg
Successfully triggered local approve vote.
Resolving message: &{[3 2 0]}
Node 1 selected as Aggregator 1
Node 2 selected as Aggregator 2
Successfully triggered aggregation process.
Server will be started at localhost:1117...
Received message in dispatch: &{}
Routing message of type: *priacy_compute.TriggerVRFMsg
Resolving message: &{}
Successfully triggered VRF evaluation.
VRFValue: 0.525993
VRFProof: 0286a7813a8cfe5d1471c9e3e6871982a648b5bd661cbe15710b36fd43e09e3535895257a654f22fd1546415934e4148f709c8c2a1e937e7898571e7111dd7c01ff8bc9943f8fe762d6d84cbc52daf052b
VRFval: 0x1.0d4f027519fccp-01
VRFChosen: false
Bloom Params - M: 10, T: 3, EpsBF: 0.010000
Bloom L: 29, D: 7
Approved Indices: [8 6 3]
Received message in dispatch: &{[8 6 3]}
Routing message of type: *priacy_compute.LocalApproveVoteMsg
Successfully triggered local approve vote.
Resolving message: &{[8 6 3]}
Node 1 selected as Aggregator 1
Node 2 selected as Aggregator 2
Successfully triggered aggregation process.
Server will be started at localhost:1117...
Received message in dispatch: &{}
Routing message of type: *priacy_compute.TriggerVRFMsg
Resolving message: &{}
Successfully triggered VRF evaluation.
VRFValue: 0.785783
VRFProof: 02c9290ac1addc3b802a37dfea39be12de796064e2fb26e72a7d23023add228a445d87337afe01d38ab8aca4bdce20040309248c7f91b77ddb6963e9d6ffc118535b9223997d97484b2b0e01a3186a6376
VRFval: 0x1.925215835bb87p-01
VRFChosen: false
Bloom Params - M: 10, T: 3, EpsBF: 0.010000
Bloom L: 29, D: 7
Approved Indices: [3 0 7]
Node 1 selected as Aggregator 1
Node 2 selected as Aggregator 2
Successfully triggered aggregation process.
Received message in dispatch: &{[3 0 7]}
Routing message of type: *priacy_compute.LocalApproveVoteMsg
Successfully triggered local approve vote.
Resolving message: &{[3 0 7]}
Cleaned and Validated Approved Indices: [3 0 7]
Pedersen Commitment: 0200000000000000 (len=33)
Range Proof prefix: 02000000000000000000000000000000... (len=721)
[vote/send] pkt1 -> 1 (part=1)
[vote/send] from=7 -> to=1 url=http://localhost:1111/vote/share
[vote/send] part=1 L=29 D=7 sumOnes=15 shares_len=29
[vote/send] pedersenCom(hex)=0200000000000000...
[vote/send] rangeProof(hex)=02000000000000000000000000000000...
[vote/send] pkt2 -> 2 (part=2)
[vote/send] from=7 -> to=2 url=http://localhost:1112/vote/share
[vote/send] part=2 L=29 D=7 sumOnes=15 shares_len=29
[vote/send] pedersenCom(hex)=0200000000000000...
[vote/send] rangeProof(hex)=02000000000000000000000000000000...
Server will be started at localhost:1117...
Successfully triggered VRF evaluation.
Received message in dispatch: &{}
Routing message of type: *priacy_compute.TriggerVRFMsg
Resolving message: &{}
VRFValue: 0.917451
VRFProof: 03eade149b25672768974241fa081f53aeb4bf0ec9778fcd7a3596cce4bd8ec38a55b66a403e789aeeb1252ef0f4bc874e0c00ec75172ecac64498b1beb038477224faab9bb79c28b8b1285ec9bf0a98ea
VRFval: 0x1.d5bc29364ace5p-01
VRFChosen: false
Bloom Params - M: 10, T: 3, EpsBF: 0.010000
Bloom L: 29, D: 7
Approved Indices: [6 7 8]
Node 1 selected as Aggregator 1
Node 2 selected as Aggregator 2
Successfully triggered aggregation process.
Received message in dispatch: &{[6 7 8]}
Routing message of type: *priacy_compute.LocalApproveVoteMsg
Successfully triggered local approve vote.
Resolving message: &{[6 7 8]}
Cleaned and Validated Approved Indices: [6 7 8]
Pedersen Commitment: 0200000000000000 (len=33)
Range Proof prefix: 02000000000000000000000000000000... (len=721)
[vote/send] pkt1 -> 1 (part=1)
[vote/send] from=7 -> to=1 url=http://localhost:1111/vote/share
[vote/send] part=1 L=29 D=7 sumOnes=15 shares_len=29
[vote/send] pedersenCom(hex)=0200000000000000...
[vote/send] rangeProof(hex)=02000000000000000000000000000000...
[vote/send] pkt2 -> 2 (part=2)
[vote/send] from=7 -> to=2 url=http://localhost:1112/vote/share
[vote/send] part=2 L=29 D=7 sumOnes=15 shares_len=29
[vote/send] pedersenCom(hex)=0200000000000000...
[vote/send] rangeProof(hex)=02000000000000000000000000000000...
Server will be started at localhost:1117...
Received message in dispatch: &{}
Routing message of type: *priacy_compute.TriggerVRFMsg
Resolving message: &{}
VRFValue: 0.372657
VRFProof: 025f66700c819e6e38fd163c3f9acbc6bb60ff3a140c205187260bc8253d43420ca3279880651165ff0f4444810e61e4a606a5cd627b6ffe3633e77667a12069f2352442ead95390de349aadf03f460f56
VRFval: 0x1.7d99c0320679cp-02
VRFChosen: false
Bloom Params - M: 10, T: 3, EpsBF: 0.010000
Bloom L: 29, D: 7
Approved Indices: [9 0 4]
Successfully triggered VRF evaluation.
Received message in dispatch: &{[9 0 4]}
Routing message of type: *priacy_compute.LocalApproveVoteMsg
Successfully triggered local approve vote.
Resolving message: &{[9 0 4]}
[AggSelect] self=7 IsAgg=false part=0 A=1 B=2
Successfully triggered aggregation process.
Server will be started at localhost:1117...
Received message in dispatch: &{}
Routing message of type: *priacy_compute.TriggerVRFMsg
Resolving message: &{}
Successfully triggered VRF evaluation.
VRFValue: 0.829730
VRFProof: 03d4692b57f25437b9b4ec5be5b458eb2b241ea3c127924b13e07066dc9eac68aa91bbdc19dd5011e83711cd5729c21c650500fa2631cb60c22874aa527024e405fd6b78b95501f1e2fd502b0fd06c3cb2
VRFval: 0x1.a8d256afe4a87p-01
VRFChosen: false
Bloom Params - M: 10, T: 3, EpsBF: 0.010000
Bloom L: 29, D: 7
Approved Indices: [5 7 8]
Received message in dispatch: &{[5 7 8]}
Routing message of type: *priacy_compute.LocalApproveVoteMsg
Successfully triggered local approve vote.
Resolving message: &{[5 7 8]}
[AggSelect] self=7 IsAgg=false part=0 A=1 B=2
Successfully triggered aggregation process.
Server will be started at localhost:1117...
Received message in dispatch: &{}
Routing message of type: *priacy_compute.TriggerVRFMsg
Resolving message: &{}
VRFValue: 0.387054
VRFProof: 026315f3c81ec7b2ced7d3f3db69b692cc84f4dace4bd746aff8887ed1e8fd0110dce0c69aaa67984772defc06fca62ae00565517fc6579165ca6ccf2584f826f0359b7511367814053e1be0d47295d425
VRFval: 0x1.8c57cf207b1edp-02
VRFChosen: false
Bloom Params - M: 10, T: 3, EpsBF: 0.010000
Bloom L: 29, D: 7
Approved Indices: [2 1 9]
Successfully triggered VRF evaluation.
Received message in dispatch: &{[2 1 9]}
Routing message of type: *priacy_compute.LocalApproveVoteMsg
Successfully triggered local approve vote.
Resolving message: &{[2 1 9]}
[AggSelect] self=7 IsAgg=false part=0 A=1 B=2
Successfully triggered aggregation process.
Server will be started at localhost:1117...
Received message in dispatch: &{}
Routing message of type: *priacy_compute.TriggerVRFMsg
Resolving message: &{}
Successfully triggered VRF evaluation.
VRFValue: 0.033287
VRFProof: 020885826fdb1055b337a0cf65902a4bf0c43cf9d68ca7eebe1b68e20538b5231a8a91301e0ec12f780174f71c16e8e42a0ba817b82735037bf8dadf69f6500ee3523241ad695227b49436095129aa1572
VRFval: 0x1.10b04dfb620abp-05
VRFChosen: true
Bloom Params - M: 10, T: 3, EpsBF: 0.010000
Bloom L: 29, D: 7
Approved Indices: [6 9 8]
Received message in dispatch: &{[6 9 8]}
Routing message of type: *priacy_compute.LocalApproveVoteMsg
Successfully triggered local approve vote.
Resolving message: &{[6 9 8]}
[AggSelect] self=7 IsAgg=false part=0 A=1 B=2
Successfully triggered aggregation process.
Server will be started at localhost:1117...
Received message in dispatch: &{}
Routing message of type: *priacy_compute.TriggerVRFMsg
Resolving message: &{}
Successfully triggered VRF evaluation.
VRFValue: 0.772171
VRFProof: 03c5ad06600c49932d99c48d090b4a398f8c227d672d6de46eba8432b4e8cb86fbf2acec71de41c222394c894aa2428cf30f80dc805b20458542cadf424fef403968d08637bdf112b44afb00531f0d9807
VRFval: 0x1.8b5a0cc018932p-01
VRFChosen: false
Bloom Params - M: 10, T: 3, EpsBF: 0.010000
Bloom L: 29, D: 7
Approved Indices: [6 7 2]
[AggSelect] self=7 IsAgg=false part=0 A=1 B=2
Successfully triggered aggregation process.
Received message in dispatch: &{[6 7 2]}
Routing message of type: *priacy_compute.LocalApproveVoteMsg
Successfully triggered local approve vote.
Resolving message: &{[6 7 2]}
Cleaned and Validated Approved Indices: [6 7 2]
Pedersen Commitment: 0200000000000000 (len=33)
Range Proof prefix: 02000000000000000000000000000000... (len=721)
[vote/send] pkt1 -> 1 (part=1)
[vote/send] from=7 -> to=1 url=http://localhost:1111/vote/share
[vote/send] part=1 L=29 D=7 sumOnes=17 shares_len=29
[vote/send] pedersenCom(hex)=0200000000000000...
[vote/send] rangeProof(hex)=02000000000000000000000000000000...
[vote/send] pkt2 -> 2 (part=2)
[vote/send] from=7 -> to=2 url=http://localhost:1112/vote/share
[vote/send] part=2 L=29 D=7 sumOnes=17 shares_len=29
[vote/send] pedersenCom(hex)=0200000000000000...
[vote/send] rangeProof(hex)=02000000000000000000000000000000...
Server will be started at localhost:1117...
Received message in dispatch: &{}
Routing message of type: *priacy_compute.TriggerVRFMsg
Resolving message: &{}
Successfully triggered VRF evaluation.
VRFValue: 0.245797
VRFProof: 023eec8f1ceeea1c372b9d6cef6da1e61a71838b4e175a8830ddbbd9a10fa4423c4eb3cbb3c7cfb8e14f42338c81db988f0e373c553f3d5baed1e87ff0d846e2fa93aff8036f081708f883b6d02ac8f588
VRFval: 0x1.f76478e77750ep-03
VRFChosen: true
Bloom Params - M: 10, T: 3, EpsBF: 0.010000
Bloom L: 29, D: 7
Approved Indices: [7 3 1]
[AggSelect] self=7 IsAgg=false part=0 A=1 B=2
Successfully triggered aggregation process.
Received message in dispatch: &{[7 3 1]}
Routing message of type: *priacy_compute.LocalApproveVoteMsg
Successfully triggered local approve vote.
Resolving message: &{[7 3 1]}
Cleaned and Validated Approved Indices: [7 3 1]
Pedersen Commitment: 0200000000000000 (len=33)
Range Proof prefix: 02000000000000000000000000000000... (len=721)
[vote/send] pkt1 -> 1 (part=1)
[vote/send] from=7 -> to=1 url=http://localhost:1111/vote/share
[vote/send] part=1 L=29 D=7 sumOnes=16 shares_len=29
[vote/send] pedersenCom(hex)=0200000000000000...
[vote/send] rangeProof(hex)=02000000000000000000000000000000...
[vote/send] pkt2 -> 2 (part=2)
[vote/send] from=7 -> to=2 url=http://localhost:1112/vote/share
[vote/send] part=2 L=29 D=7 sumOnes=16 shares_len=29
[vote/send] pedersenCom(hex)=0200000000000000...
[vote/send] rangeProof(hex)=02000000000000000000000000000000...
Server will be started at localhost:1117...
Received message in dispatch: &{}
Routing message of type: *priacy_compute.TriggerVRFMsg
Resolving message: &{}
Successfully triggered VRF evaluation.
VRFValue: 0.961506
VRFProof: 03f6254524acaa5c03b678f5e7367b73dbf9dc88250df4ba468fdc369edf71ece32a3c0bbc1468e95b9a6859c209dccd3e0173fa5daa7ac830476430ace4d36d89b97b25c8b861f7da580beff27ba3cf95
VRFval: 0x1.ec4a8a495954cp-01
VRFChosen: false
Bloom Params - M: 10, T: 3, EpsBF: 0.010000
Bloom L: 29, D: 7
Approved Indices: [2 0 6]
Received message in dispatch: &{[2 0 6]}
Routing message of type: *priacy_compute.LocalApproveVoteMsg
Successfully triggered local approve vote.
Resolving message: &{[2 0 6]}
[AggSelect] self=7 IsAgg=false part=0 A=1 B=2
Successfully triggered aggregation process.
Server will be started at localhost:1117...
Received message in dispatch: &{}
Routing message of type: *priacy_compute.TriggerVRFMsg
Resolving message: &{}
Successfully triggered VRF evaluation.
VRFValue: 0.756989
VRFProof: 03c1ca0a32152f41147a74031d3361adeeaff438433f974185b3b6bf943fea93acb7f576826ca87dba6f67327a8f806d26001b1c9aa5e4e40f6f182f857f1ed484914e49a74f7b2664d725f3287366013d
VRFval: 0x1.839414642a5e8p-01
VRFChosen: false
Bloom Params - M: 10, T: 3, EpsBF: 0.010000
Bloom L: 29, D: 7
Approved Indices: [9 4 2]
Received message in dispatch: &{[9 4 2]}
Routing message of type: *priacy_compute.LocalApproveVoteMsg
Successfully triggered local approve vote.
Resolving message: &{[9 4 2]}
[AggSelect] self=7 IsAgg=false part=0 A=1 B=2
Successfully triggered aggregation process.
Server will be started at localhost:1117...
Received message in dispatch: &{}
Routing message of type: *priacy_compute.TriggerVRFMsg
Resolving message: &{}
VRFValue: 0.096146
VRFProof: 03189d0a29daf376bf583e575c0ae18a300b76c993ff8ca883989c656d926b96fc756231462496dc1949b29536196b52da0c6e3bb28b04b41a1bc2b0cf1e9ee08de9450efa4bb81950b0126224d7bc64b1
VRFval: 0x1.89d0a29daf377p-04
VRFChosen: true
Bloom Params - M: 10, T: 3, EpsBF: 0.010000
Bloom L: 29, D: 7
Approved Indices: [4 6 0]
Successfully triggered VRF evaluation.
Received message in dispatch: &{[4 6 0]}
Routing message of type: *priacy_compute.LocalApproveVoteMsg
Successfully triggered local approve vote.
Resolving message: &{[4 6 0]}
[AggSelect] self=7 IsAgg=false part=0 A=1 B=2
Successfully triggered aggregation process.
Server will be started at localhost:1117...
Received message in dispatch: &{}
Routing message of type: *priacy_compute.TriggerVRFMsg
Resolving message: &{}
Successfully triggered VRF evaluation.
VRFValue: 0.475594
VRFProof: 0379c0885fea7024f95d179eac3c7aa78c5495cecc099ccbc8b69eb0d4718833c8b32b004fe8f701a3c5e424b37f3fb0e20e070ea1d62fee38d585dcbaeef4eaf685f8f788dd39d10fef75ca4aa2a79ede
VRFval: 0x1.e702217fa9c09p-02
VRFChosen: false
Bloom Params - M: 10, T: 3, EpsBF: 0.010000
Bloom L: 29, D: 7
Approved Indices: [1 0 7]
Received message in dispatch: &{[1 0 7]}
Routing message of type: *priacy_compute.LocalApproveVoteMsg
Successfully triggered local approve vote.
Resolving message: &{[1 0 7]}
[AggSelect] self=7 IsAgg=false part=0 A=1 B=2
Successfully triggered aggregation process.
Server will be started at localhost:1117...
Received message in dispatch: &{}
Routing message of type: *priacy_compute.TriggerVRFMsg
Resolving message: &{}
Successfully triggered VRF evaluation.
VRFValue: 0.618939
VRFProof: 029e72cb75aa8e6d63c44f61eb75dbe4d4586b69eeaf554e63ef65cae57cef9762dbb4d57a633135f9f998ea75e2c691200de21c867bb626c8349e93bcc15a603485978d2fa77c01495257afdea0063337
VRFval: 0x1.3ce596eb551cep-01
VRFChosen: false
Bloom Params - M: 10, T: 3, EpsBF: 0.010000
Bloom L: 29, D: 7
Approved Indices: [3 8 0]
[AggSelect] self=7 IsAgg=false part=0 A=1 B=2
Successfully triggered aggregation process.
Received message in dispatch: &{[3 8 0]}
Routing message of type: *priacy_compute.LocalApproveVoteMsg
Successfully triggered local approve vote.
Resolving message: &{[3 8 0]}
Cleaned and Validated Approved Indices: [3 8 0]
Pedersen Commitment: 0200000000000000 (len=33)
Range Proof prefix: 02000000000000000000000000000000... (len=721)
[vote/send] pkt1 -> 1 (part=1)
[vote/send] from=7 -> to=1 url=http://localhost:1111/vote/share
[vote/send] part=1 L=29 D=7 sumOnes=14 shares_len=29
[vote/send] pedersenCom(hex)=0200000000000000...
[vote/send] rangeProof(hex)=02000000000000000000000000000000...
[vote/send] pkt2 -> 2 (part=2)
[vote/send] from=7 -> to=2 url=http://localhost:1112/vote/share
[vote/send] part=2 L=29 D=7 sumOnes=14 shares_len=29
[vote/send] pedersenCom(hex)=0200000000000000...
[vote/send] rangeProof(hex)=02000000000000000000000000000000...
Server will be started at localhost:1117...
Received message in dispatch: &{}
Routing message of type: *priacy_compute.TriggerVRFMsg
Resolving message: &{}
Successfully triggered VRF evaluation.
VRFValue: 0.659705
VRFProof: 02a8e26b5e2f94257c2c2f326ee9d6424d8ddb1827e920b602d57bc3879884c62a3cda4ee70960f38275b6c91afc34271405e2dcd16535e486998a3b02ad9635b343adcc043e396ce54ed20ae9f5d25a8a
VRFval: 0x1.51c4d6bc5f285p-01
VRFChosen: false
Bloom Params - M: 10, T: 3, EpsBF: 0.010000
Bloom L: 29, D: 7
Approved Indices: [7 0 9]
[AggSelect] self=7 IsAgg=false part=0 A=1 B=2
Successfully triggered aggregation process.
Received message in dispatch: &{[7 0 9]}
Routing message of type: *priacy_compute.LocalApproveVoteMsg
Successfully triggered local approve vote.
Resolving message: &{[7 0 9]}
Cleaned and Validated Approved Indices: [7 0 9]
Pedersen Commitment: 0200000000000000 (len=33)
Range Proof prefix: 02000000000000000000000000000000... (len=721)
[vote/send] pkt1 -> 1 (part=1)
[vote/send] from=7 -> to=1 url=http://localhost:1111/vote/share
[vote/send] part=1 L=29 D=7 sumOnes=16 shares_len=29
[vote/send] pedersenCom(hex)=0200000000000000...
[vote/send] rangeProof(hex)=02000000000000000000000000000000...
[vote/send] pkt2 -> 2 (part=2)
[vote/send] from=7 -> to=2 url=http://localhost:1112/vote/share
[vote/send] part=2 L=29 D=7 sumOnes=16 shares_len=29
[vote/send] pedersenCom(hex)=0200000000000000...
[vote/send] rangeProof(hex)=02000000000000000000000000000000...
Server will be started at localhost:1117...
Received message in dispatch: &{}
Routing message of type: *priacy_compute.TriggerVRFMsg
Resolving message: &{}
Successfully triggered VRF evaluation.
VRFValue: 0.591284
VRFProof: 03975e5f86bd6c8ec879df428217bad4cd7598194f13d246efbcc15363f793a68ab6982d0fcd78da5223f94b1ca8dea1ef06d1ef2ca4adc8d0d683b523746e93bc98529ff25c3cf0d081a0fc29b56617e0
VRFval: 0x1.2ebcbf0d7ad92p-01
VRFChosen: false
Bloom Params - M: 10, T: 3, EpsBF: 0.010000
Bloom L: 29, D: 7
Approved Indices: [9 0 1]
[AggSelect] self=7 IsAgg=false part=0 A=1 B=2
Received message in dispatch: &{[9 0 1]}
Routing message of type: *priacy_compute.LocalApproveVoteMsg
Successfully triggered aggregation process.
Successfully triggered local approve vote.
Resolving message: &{[9 0 1]}
Cleaned and Validated Approved Indices: [9 0 1]
Pedersen Commitment: 0200000000000000 (len=33)
Range Proof prefix: 02000000000000000000000000000000... (len=721)
[vote/send] pkt1 -> 1 (part=1)
[vote/send] from=7 -> to=1 url=http://localhost:1111/vote/share
[vote/send] part=1 L=29 D=7 sumOnes=15 shares_len=29
[vote/send] pedersenCom(hex)=0200000000000000...
[vote/send] rangeProof(hex)=02000000000000000000000000000000...
[vote/send] pkt2 -> 2 (part=2)
[vote/send] from=7 -> to=2 url=http://localhost:1112/vote/share
[vote/send] part=2 L=29 D=7 sumOnes=15 shares_len=29
[vote/send] pedersenCom(hex)=0200000000000000...
[vote/send] rangeProof(hex)=02000000000000000000000000000000...
Server will be started at localhost:1117...
Received message in dispatch: &{}
Routing message of type: *priacy_compute.TriggerVRFMsg
Resolving message: &{}
Successfully triggered VRF evaluation.
VRFValue: 0.963157
VRFProof: 02f6916f3f886879da5d07e04f04f320208d1057a753135d0121b91334a3f52220290916fb0eddfce478b7a9d568d1785f026559ca28fbfe7ce565d524761a90c9858589aea18bbd9b9e39a4642fafa6c0
VRFval: 0x1.ed22de7f10d0fp-01
VRFChosen: false
Bloom Params - M: 10, T: 3, EpsBF: 0.010000
Bloom L: 29, D: 7
Approved Indices: [7 4 0]
Received message in dispatch: &{[7 4 0]}
Routing message of type: *priacy_compute.LocalApproveVoteMsg
Successfully triggered local approve vote.
Resolving message: &{[7 4 0]}
[AggSelect] self=7 IsAgg=false part=0 A=1 B=2
Successfully triggered aggregation process.
Server will be started at localhost:1117...
Received message in dispatch: &{}
Routing message of type: *priacy_compute.TriggerVRFMsg
Resolving message: &{}
Successfully triggered VRF evaluation.
VRFValue: 0.571267
VRFProof: 03923e9434ff6f111b8a91bc43201f8d6caaa6bd73efab5e035c5abff7f3d08195386e0791b9e3cfef8ffe60920323924f0e76d9b1477f36799d864b0c650063dd89bc83db45cd69994218cda412af6e81
VRFval: 0x1.247d2869fede2p-01
VRFChosen: false
Bloom Params - M: 10, T: 3, EpsBF: 0.010000
Bloom L: 29, D: 7
Approved Indices: [2 0 1]
[AggSelect] self=7 IsAgg=false part=0 A=1 B=2
Successfully triggered aggregation process.
Received message in dispatch: &{[2 0 1]}
Routing message of type: *priacy_compute.LocalApproveVoteMsg
Successfully triggered local approve vote.
Resolving message: &{[2 0 1]}
Cleaned and Validated Approved Indices: [2 0 1]
Pedersen Commitment: 0200000000000000 (len=33)
Range Proof prefix: 02000000000000000000000000000000... (len=721)
[vote/send] pkt1 -> 1 (part=1)
[vote/send] from=7 -> to=1 url=http://localhost:1111/vote/share
[vote/send] part=1 L=29 D=7 sumOnes=17 shares_len=29
[vote/send] pedersenCom(hex)=0200000000000000...
[vote/send] rangeProof(hex)=02000000000000000000000000000000...
[vote/send] pkt2 -> 2 (part=2)
[vote/send] from=7 -> to=2 url=http://localhost:1112/vote/share
[vote/send] part=2 L=29 D=7 sumOnes=17 shares_len=29
[vote/send] pedersenCom(hex)=0200000000000000...
[vote/send] rangeProof(hex)=02000000000000000000000000000000...
Server will be started at localhost:1117...
Received message in dispatch: &{}
Routing message of type: *priacy_compute.TriggerVRFMsg
Resolving message: &{}
Successfully triggered VRF evaluation.
VRFValue: 0.410397
VRFProof: 03690fc877b3c054b83e4b54a585bab6534e5e2f6b2e9a78a877dfcb66680e1ca0b1ca2d277013607e4c42f3c37fdb4c44081bb89a246aea0eb016648ace7a16710f9c8166b6eef2ebfa2a2071f6be6e76
VRFval: 0x1.a43f21decf015p-02
VRFChosen: false
Bloom Params - M: 10, T: 3, EpsBF: 0.010000
Bloom L: 29, D: 7
Approved Indices: [4 0 8]
[AggSelect] self=7 IsAgg=false part=0 A=1 B=2
Successfully triggered aggregation process.
Received message in dispatch: &{[4 0 8]}
Successfully triggered local approve vote.
Routing message of type: *priacy_compute.LocalApproveVoteMsg
Resolving message: &{[4 0 8]}
Cleaned and Validated Approved Indices: [4 0 8]
Pedersen Commitment: 0200000000000000 (len=33)
Range Proof prefix: 02000000000000000000000000000000... (len=721)
[vote/send] pkt1 -> 1 (part=1)
[vote/send] from=7 -> to=1 url=http://localhost:1111/vote/share
[vote/send] part=1 L=29 D=7 sumOnes=14 shares_len=29
[vote/send] pedersenCom(hex)=0200000000000000...
[vote/send] rangeProof(hex)=02000000000000000000000000000000...
[vote/send] pkt2 -> 2 (part=2)
[vote/send] from=7 -> to=2 url=http://localhost:1112/vote/share
[vote/send] part=2 L=29 D=7 sumOnes=14 shares_len=29
[vote/send] pedersenCom(hex)=0200000000000000...
[vote/send] rangeProof(hex)=02000000000000000000000000000000...
Server will be started at localhost:1117...
Received message in dispatch: &{}
Routing message of type: *priacy_compute.TriggerVRFMsg
Resolving message: &{}
Successfully triggered VRF evaluation.
VRFValue: 0.848558
VRFProof: 03d93b1242e41e07951dfd61a6fe6eb9c926d28ecd52e7c1d6843cfa03bf16bce5f3ef4e0790685e549199c35a0d2f60d10ffe127e8f95d7ec45050980fc49682a5b1f5309a12210e02368e332f8248f94
VRFval: 0x1.b2762485c83c1p-01
VRFChosen: false
Bloom Params - M: 10, T: 3, EpsBF: 0.010000
Bloom L: 29, D: 7
Approved Indices: [0 5 3]
Received message in dispatch: &{[0 5 3]}
Routing message of type: *priacy_compute.LocalApproveVoteMsg
[AggSelect] self=7 IsAgg=false part=0 A=1 B=2
Successfully triggered aggregation process.
Successfully triggered local approve vote.
Resolving message: &{[0 5 3]}
Cleaned and Validated Approved Indices: [0 5 3]
Pedersen Commitment: 0200000000000000 (len=33)
Range Proof prefix: 02000000000000000000000000000000... (len=721)
[vote/send] pkt1 -> 1 (part=1)
[vote/send] from=7 -> to=1 url=http://localhost:1111/vote/share
[vote/send] part=1 L=29 D=7 sumOnes=17 shares_len=29
[vote/send] pedersenCom(hex)=0200000000000000...
[vote/send] rangeProof(hex)=02000000000000000000000000000000...
[vote/send] pkt2 -> 2 (part=2)
[vote/send] from=7 -> to=2 url=http://localhost:1112/vote/share
[vote/send] part=2 L=29 D=7 sumOnes=17 shares_len=29
[vote/send] pedersenCom(hex)=0200000000000000...
[vote/send] rangeProof(hex)=02000000000000000000000000000000...
Server will be started at localhost:1117...
Received message in dispatch: &{}
[dispatchMsg] Forwarding message: *priacy_compute.TriggerVRFMsg
Routing message of type: *priacy_compute.TriggerVRFMsg
[routeMsg] Message of type *priacy_compute.TriggerVRFMsg forwarded to MsgDelivery
Resolving message: &{}
Successfully triggered VRF evaluation.
VRFValue: 0.210500
VRFProof: 0335e35203f6b394ab7a2496d1288a9dece22b1c528e793fe95ed4015c8e178cb73ad1779636e60705fae4f01ce699721d0378c1994bcd5a8f133554d6cbffb5d43db02667e2028410ff12b65d02f8e702
VRFval: 0x1.af1a901fb59cap-03
VRFChosen: true
Bloom Params - M: 10, T: 3, EpsBF: 0.010000
Bloom L: 29, D: 7
Approved Indices: [7 4 0]
[AggSelect] self=7 IsAgg=false part=0 A=1 B=2
Successfully triggered aggregation process.
Successfully triggered local approve vote.
Received message in dispatch: &{[7 4 0]}
[dispatchMsg] Forwarding message: *priacy_compute.LocalApproveVoteMsg
Routing message of type: *priacy_compute.LocalApproveVoteMsg
[routeMsg] Message of type *priacy_compute.LocalApproveVoteMsg forwarded to MsgDelivery
Resolving message: &{[7 4 0]}
Cleaned and Validated Approved Indices: [7 4 0]
Pedersen Commitment: 0200000000000000 (len=33)
Range Proof prefix: 02000000000000000000000000000000... (len=721)
[vote/send] pkt1 -> 1 (part=1)
[vote/send] from=7 -> to=1 url=http://localhost:1111/vote/share
[vote/send] part=1 L=29 D=7 sumOnes=16 shares_len=29
[vote/send] pedersenCom(hex)=0200000000000000...
[vote/send] rangeProof(hex)=02000000000000000000000000000000...
[vote/send] pkt2 -> 2 (part=2)
[vote/send] from=7 -> to=2 url=http://localhost:1112/vote/share
[vote/send] part=2 L=29 D=7 sumOnes=16 shares_len=29
[vote/send] pedersenCom(hex)=0200000000000000...
[vote/send] rangeProof(hex)=02000000000000000000000000000000...
Server will be started at localhost:1117...
Successfully triggered VRF evaluation.
Received message in dispatch: &{}
[dispatchMsg] Forwarding message: *priacy_compute.TriggerVRFMsg
Routing message of type: *priacy_compute.TriggerVRFMsg
[routeMsg] Message of type *priacy_compute.TriggerVRFMsg forwarded to MsgDelivery
Resolving message: &{}
VRFValue: 0.368335
VRFProof: 035e4b3b7249b6b0e9c575a1735579e85b969eb32c6fde68f3d01f9ce364c8ae8b8238ba380b431a36354edd7d4fa5a1770ba4502113bdeeae20e33b2d380b4e7ec9f413644199bf745a94d039b9f7e910
VRFval: 0x1.792cedc926dacp-02
VRFChosen: false
Bloom Params - M: 10, T: 3, EpsBF: 0.010000
Bloom L: 29, D: 7
Approved Indices: [3 9 6]
[AggSelect] self=7 IsAgg=false part=0 A=1 B=2
Successfully triggered aggregation process.
Received message in dispatch: &{[3 9 6]}
Successfully triggered local approve vote.
[dispatchMsg] Forwarding message: *priacy_compute.LocalApproveVoteMsg
Routing message of type: *priacy_compute.LocalApproveVoteMsg
[routeMsg] Message of type *priacy_compute.LocalApproveVoteMsg forwarded to MsgDelivery
Resolving message: &{[3 9 6]}
Cleaned and Validated Approved Indices: [3 9 6]
Pedersen Commitment: 0200000000000000 (len=33)
Range Proof prefix: 02000000000000000000000000000000... (len=721)
[vote/send] pkt1 -> 1 (part=1)
[vote/send] from=7 -> to=1 url=http://localhost:1111/vote/share
[vote/send] part=1 L=29 D=7 sumOnes=17 shares_len=29
[vote/send] pedersenCom(hex)=0200000000000000...
[vote/send] rangeProof(hex)=02000000000000000000000000000000...
[vote/send] pkt2 -> 2 (part=2)
[vote/send] from=7 -> to=2 url=http://localhost:1112/vote/share
[vote/send] part=2 L=29 D=7 sumOnes=17 shares_len=29
[vote/send] pedersenCom(hex)=0200000000000000...
[vote/send] rangeProof(hex)=02000000000000000000000000000000...
Server will be started at localhost:1117...
Received message in dispatch: &{}
[dispatchMsg] Forwarding message: *priacy_compute.TriggerVRFMsg
Routing message of type: *priacy_compute.TriggerVRFMsg
[routeMsg] Message of type *priacy_compute.TriggerVRFMsg forwarded to MsgDelivery
Resolving message: &{}
Successfully triggered VRF evaluation.
VRFValue: 0.618128
VRFProof: 029e3da6794ac9a6acbcf959fafee58eb5fd62890d40aaa8b983015a488480537282d56b7e948a3cc36b42a46a844e9de30bb6d07cc440d4a1a9845b52de8d2b73a7acfdabe88dab6e9687e8462be6d58a
VRFval: 0x1.3c7b4cf295935p-01
VRFChosen: false
Bloom Params - M: 10, T: 3, EpsBF: 0.010000
Bloom L: 29, D: 7
Approved Indices: [2 8 5]
Received message in dispatch: &{[2 8 5]}
[dispatchMsg] Forwarding message: *priacy_compute.LocalApproveVoteMsg
Routing message of type: *priacy_compute.LocalApproveVoteMsg
[routeMsg] Message of type *priacy_compute.LocalApproveVoteMsg forwarded to MsgDelivery
Successfully triggered local approve vote.
Resolving message: &{[2 8 5]}
Server will be started at localhost:1117...
Received message in dispatch: &{}
[dispatchMsg] Forwarding message: *priacy_compute.TriggerVRFMsg
Routing message of type: *priacy_compute.TriggerVRFMsg
[routeMsg] Message of type *priacy_compute.TriggerVRFMsg forwarded to MsgDelivery
Successfully triggered VRF evaluation.
Waiting for 1 minute before triggering aggregation...
Resolving message: &{}
VRFValue: 0.142913
VRFProof: 032495f43d8e6426c3272811a128689c5f548bc6b49ab5d0fafcf846f928abf7fabec4a8a1b519f2e9bf9e7e73e8bdfe470a55ee38704a6ab87e173be11d06c14932567731e2d981f14168aff5b2b2fdf6
VRFval: 0x1.24afa1ec73213p-03
VRFChosen: true
Bloom Params - M: 10, T: 3, EpsBF: 0.010000
Bloom L: 29, D: 7
Approved Indices: [0 7 5]
Received message in dispatch: &{[0 7 5]}
[dispatchMsg] Forwarding message: *priacy_compute.LocalApproveVoteMsg
Routing message of type: *priacy_compute.LocalApproveVoteMsg
[routeMsg] Message of type *priacy_compute.LocalApproveVoteMsg forwarded to MsgDelivery
Successfully triggered local approve vote.
Resolving message: &{[0 7 5]}
[AggSelect] self=7 IsAgg=false part=0 A=1 B=2
Test data added to RecvSharesPart1 and RecvSharesPart2
Successfully triggered aggregation process.
Server will be started at localhost:1117...
Received message in dispatch: &{}
[dispatchMsg] Forwarding message: *priacy_compute.TriggerVRFMsg
Routing message of type: *priacy_compute.TriggerVRFMsg
[routeMsg] Message of type *priacy_compute.TriggerVRFMsg forwarded to MsgDelivery
Resolving message: &{}
Successfully triggered VRF evaluation.
Waiting for 1 minute before triggering aggregation...
VRFValue: 0.026900
VRFProof: 0306e2e431de3de8daeb8f8848f3c4b479cb2e4ad796e2cdc31271098fd11bcbede183e2dd83be5c20cae0be64b4ddc18d0faa723cd17fa83785e26454587d88c56f69cc46225d38d55660676742e1561f
VRFval: 0x1.b8b90c778f7a3p-06
VRFChosen: true
Bloom Params - M: 10, T: 3, EpsBF: 0.010000
Bloom L: 29, D: 7
Approved Indices: [4 5 6]
Received message in dispatch: &{[4 5 6]}
[dispatchMsg] Forwarding message: *priacy_compute.LocalApproveVoteMsg
Routing message of type: *priacy_compute.LocalApproveVoteMsg
[routeMsg] Message of type *priacy_compute.LocalApproveVoteMsg forwarded to MsgDelivery
Successfully triggered local approve vote.
Resolving message: &{[4 5 6]}
[AggSelect] self=7 IsAgg=false part=0 A=1 B=2
Successfully triggered aggregation process.
Server will be started at localhost:1117...
Received message in dispatch: &{}
[dispatchMsg] Forwarding message: *priacy_compute.TriggerVRFMsg
Routing message of type: *priacy_compute.TriggerVRFMsg
[routeMsg] Message of type *priacy_compute.TriggerVRFMsg forwarded to MsgDelivery
Resolving message: &{}
Successfully triggered VRF evaluation.
Waiting for 1 minute before triggering aggregation...
VRFValue: 0.727384
VRFProof: 02ba35d8a66aed422a91fd492c6e70023b9ebdb6d3c8aea5b707ee455dfe26886dcb2d49cd0f828c8fc2894bd9fd87942a0aa14d5600bd14bcccd7e08bc1e93b86876934b8947762df7deaac247bbdbcae
VRFval: 0x1.746bb14cd5da8p-01
VRFChosen: false
Bloom Params - M: 10, T: 3, EpsBF: 0.010000
Bloom L: 29, D: 7
Approved Indices: [2 7 6]
Received message in dispatch: &{[2 7 6]}
[dispatchMsg] Forwarding message: *priacy_compute.LocalApproveVoteMsg
Routing message of type: *priacy_compute.LocalApproveVoteMsg
[routeMsg] Message of type *priacy_compute.LocalApproveVoteMsg forwarded to MsgDelivery
Successfully triggered local approve vote.
Resolving message: &{[2 7 6]}
[AggSelect] self=7 IsAgg=false part=0 A=1 B=2
Cleaned and Validated Approved Indices: [2 7 6]
Pedersen Commitment: 0200000000000000 (len=33)
Range Proof prefix: 02000000000000000000000000000000... (len=721)
[vote/send] pkt1 -> 1 (part=1)
[vote/send] from=7 -> to=1 url=http://localhost:1111/vote/share
[vote/send] part=1 L=29 D=7 sumOnes=17 shares_len=29
[vote/send] pedersenCom(hex)=0200000000000000...
[vote/send] rangeProof(hex)=02000000000000000000000000000000...
[vote/send] pkt2 -> 2 (part=2)
[vote/send] from=7 -> to=2 url=http://localhost:1112/vote/share
[vote/send] part=2 L=29 D=7 sumOnes=17 shares_len=29
[vote/send] pedersenCom(hex)=0200000000000000...
[vote/send] rangeProof(hex)=02000000000000000000000000000000...
Successfully triggered aggregation process.
