Server will be started at localhost:1118...
Received message in dispatch: &{}
Routing message of type: *priacy_compute.TriggerVRFMsg
Resolving message: &{}
Successfully triggered VRF evaluation.
Received message in dispatch: &{2 bd113e6d1f4288ac444d6e8ed0e6ed772e3270e5ad9f609eb99386f65b041df3 [3 192 22 255 157 213 41 202 229 103 133 85 70 151 16 150 134 25 178 35 239 248 59 252 222 164 163 48 107 210 143 161 212 30 76 238 143 46 72 214 11 255 175 33 246 179 207 54 121 10 77 165 33 187 90 56 157 149 228 137 159 167 228 30 118 237 14 142 203 184 62 137 211 76 97 190 19 104 83 109 77] exampleContext}
Routing message of type: *priacy_compute.AggVRFMsg
Resolving message: &{2 bd113e6d1f4288ac444d6e8ed0e6ed772e3270e5ad9f609eb99386f65b041df3 [3 192 22 255 157 213 41 202 229 103 133 85 70 151 16 150 134 25 178 35 239 248 59 252 222 164 163 48 107 210 143 161 212 30 76 238 143 46 72 214 11 255 175 33 246 179 207 54 121 10 77 165 33 187 90 56 157 149 228 137 159 167 228 30 118 237 14 142 203 184 62 137 211 76 97 190 19 104 83 109 77] exampleContext}
Successfully triggered aggregation process.
Received message in dispatch: &{3 9da2b4edce278a3eaf02231ffe701b9db6c2ce9d41024d543359f9d4e139e76b [3 67 175 168 183 111 142 199 42 123 222 241 174 47 86 45 33 85 112 78 217 188 39 223 40 226 15 161 107 254 159 74 148 34 47 245 50 130 45 115 6 27 180 31 25 191 245 151 191 5 55 230 74 17 213 34 75 138 7 63 65 155 65 41 247 164 134 175 72 0 38 8 172 206 203 109 182 255 209 2 102] exampleContext}
Routing message of type: *priacy_compute.AggVRFMsg
Resolving message: &{3 9da2b4edce278a3eaf02231ffe701b9db6c2ce9d41024d543359f9d4e139e76b [3 67 175 168 183 111 142 199 42 123 222 241 174 47 86 45 33 85 112 78 217 188 39 223 40 226 15 161 107 254 159 74 148 34 47 245 50 130 45 115 6 27 180 31 25 191 245 151 191 5 55 230 74 17 213 34 75 138 7 63 65 155 65 41 247 164 134 175 72 0 38 8 172 206 203 109 182 255 209 2 102] exampleContext}
Received message in dispatch: &{7 0a7792d65ce5f79a8a516658f235237659810cd2f58e6933910aa04f9ba41f9a [2 10 52 113 126 39 31 2 51 56 106 192 194 0 146 223 255 35 223 73 206 171 90 98 108 142 202 200 225 22 19 144 73 107 154 180 74 23 162 185 141 23 226 33 210 52 6 226 216 2 127 149 181 136 227 215 70 162 10 104 216 58 212 169 71 145 34 139 39 98 238 173 246 0 92 249 89 20 102 157 80] exampleContext}
Routing message of type: *priacy_compute.AggVRFMsg
Resolving message: &{7 0a7792d65ce5f79a8a516658f235237659810cd2f58e6933910aa04f9ba41f9a [2 10 52 113 126 39 31 2 51 56 106 192 194 0 146 223 255 35 223 73 206 171 90 98 108 142 202 200 225 22 19 144 73 107 154 180 74 23 162 185 141 23 226 33 210 52 6 226 216 2 127 149 181 136 227 215 70 162 10 104 216 58 212 169 71 145 34 139 39 98 238 173 246 0 92 249 89 20 102 157 80] exampleContext}
Received message in dispatch: &{10 99717e862fe78e412e71ad3e6abe005ab2d243880eb4e463d64e7c1c989ea597 [3 68 121 249 162 62 15 137 125 38 132 29 70 216 175 107 239 192 68 49 46 74 59 54 10 209 133 165 248 19 244 243 194 85 148 243 35 181 18 11 234 102 55 35 241 23 33 207 238 13 50 249 171 121 211 64 238 126 220 56 156 89 48 146 86 77 25 166 113 135 243 246 238 23 198 83 44 233 255 233 15] exampleContext}
Routing message of type: *priacy_compute.AggVRFMsg
Resolving message: &{10 99717e862fe78e412e71ad3e6abe005ab2d243880eb4e463d64e7c1c989ea597 [3 68 121 249 162 62 15 137 125 38 132 29 70 216 175 107 239 192 68 49 46 74 59 54 10 209 133 165 248 19 244 243 194 85 148 243 35 181 18 11 234 102 55 35 241 23 33 207 238 13 50 249 171 121 211 64 238 126 220 56 156 89 48 146 86 77 25 166 113 135 243 246 238 23 198 83 44 233 255 233 15] exampleContext}
Received message in dispatch: &{8 7da84ee27647b63f6b3d8e6d4534f1be69ad27fc97ce7e5357934a2d8783fc48 [2 159 153 83 16 56 162 234 50 228 73 140 68 11 126 221 169 235 67 201 48 131 166 77 133 89 101 130 10 127 189 92 125 92 89 21 122 192 116 95 221 182 48 89 12 32 251 99 85 9 142 110 23 195 160 185 169 149 176 49 215 122 200 21 114 11 78 117 149 5 215 67 207 164 54 166 242 94 146 244 129] exampleContext}
Routing message of type: *priacy_compute.AggVRFMsg
Resolving message: &{8 7da84ee27647b63f6b3d8e6d4534f1be69ad27fc97ce7e5357934a2d8783fc48 [2 159 153 83 16 56 162 234 50 228 73 140 68 11 126 221 169 235 67 201 48 131 166 77 133 89 101 130 10 127 189 92 125 92 89 21 122 192 116 95 221 182 48 89 12 32 251 99 85 9 142 110 23 195 160 185 169 149 176 49 215 122 200 21 114 11 78 117 149 5 215 67 207 164 54 166 242 94 146 244 129] exampleContext}
Server will be started at localhost:1118...
Received message in dispatch: &{}
Routing message of type: *priacy_compute.TriggerVRFMsg
Resolving message: &{}
VRFValue: 0.123679
VRFProof: 021fa973470ba69c35361b4c2a548c64c8182a2fccdcd5f1fd53f6052c8048e56b97d996d8bd238ccde8b7d1a31ef16ce606b8ad302cd1194f72a0de34acc966357a1cc8cd59d7bba1a451ea5ab47aa246
VRFval: 0x1.fa973470ba69cp-04
VRFChosen: true
Bloom Params - M: 10, T: 3, EpsBF: 0.010000
Bloom L: 29, D: 7
Approved Indices: [7 5 1]
Successfully triggered VRF evaluation.
Received message in dispatch: &{7 6ed8bb4a238a4fda4bacb69350137c02b641f6de3ec318758c4f5a4658b25515 [3 84 125 47 91 81 119 3 9 40 120 67 236 108 202 228 158 38 169 15 163 218 64 80 84 174 5 53 233 176 95 105 226 95 160 160 194 159 13 204 224 120 83 183 200 228 234 66 21 11 55 119 107 202 105 80 142 11 84 237 63 210 168 160 139 77 25 90 163 164 144 217 12 136 159 27 89 186 107 150 181] exampleContext}
Routing message of type: *priacy_compute.AggVRFMsg
Resolving message: &{7 6ed8bb4a238a4fda4bacb69350137c02b641f6de3ec318758c4f5a4658b25515 [3 84 125 47 91 81 119 3 9 40 120 67 236 108 202 228 158 38 169 15 163 218 64 80 84 174 5 53 233 176 95 105 226 95 160 160 194 159 13 204 224 120 83 183 200 228 234 66 21 11 55 119 107 202 105 80 142 11 84 237 63 210 168 160 139 77 25 90 163 164 144 217 12 136 159 27 89 186 107 150 181] exampleContext}
Successfully triggered aggregation process.
Received message in dispatch: &{8 d45d434cc4f3bc623274ebc460b776eb23c68351fcfa12dbc9ea4ee1587cf03a [2 219 32 21 111 245 44 24 214 240 164 181 158 219 62 112 97 136 95 117 114 229 109 213 206 74 187 150 116 252 5 100 113 166 45 16 120 150 66 182 133 36 200 242 41 185 247 160 63 9 242 131 142 140 139 111 75 6 87 167 65 167 159 109 44 23 47 231 254 177 36 214 53 80 127 246 155 31 231 56 194] exampleContext}
Routing message of type: *priacy_compute.AggVRFMsg
Resolving message: &{8 d45d434cc4f3bc623274ebc460b776eb23c68351fcfa12dbc9ea4ee1587cf03a [2 219 32 21 111 245 44 24 214 240 164 181 158 219 62 112 97 136 95 117 114 229 109 213 206 74 187 150 116 252 5 100 113 166 45 16 120 150 66 182 133 36 200 242 41 185 247 160 63 9 242 131 142 140 139 111 75 6 87 167 65 167 159 109 44 23 47 231 254 177 36 214 53 80 127 246 155 31 231 56 194] exampleContext}
Received message in dispatch: &{9 89a372f354ee487f93afbf4fcd7490d0790d863a2795808d88a75b3b3f605375 [2 143 210 194 173 103 249 43 199 124 115 57 255 157 149 249 26 153 228 176 120 92 98 204 195 143 29 125 210 156 227 110 65 121 61 179 232 50 162 89 230 131 163 175 87 245 171 60 201 1 14 115 62 9 41 49 170 113 98 128 21 168 118 81 94 8 79 161 19 243 8 202 94 209 74 97 15 178 168 122 120] exampleContext}
Routing message of type: *priacy_compute.AggVRFMsg
Resolving message: &{9 89a372f354ee487f93afbf4fcd7490d0790d863a2795808d88a75b3b3f605375 [2 143 210 194 173 103 249 43 199 124 115 57 255 157 149 249 26 153 228 176 120 92 98 204 195 143 29 125 210 156 227 110 65 121 61 179 232 50 162 89 230 131 163 175 87 245 171 60 201 1 14 115 62 9 41 49 170 113 98 128 21 168 118 81 94 8 79 161 19 243 8 202 94 209 74 97 15 178 168 122 120] exampleContext}
Received message in dispatch: &{10 d2e95e2d77a8710fa3e3ae1853c5a33fd2b3034bddcb72e2bc2825caec9f251c [3 149 73 134 118 209 130 95 108 140 137 50 227 0 201 133 167 237 171 93 249 154 67 152 52 122 60 13 1 173 162 14 238 21 107 238 166 217 73 214 40 56 3 150 18 234 0 58 98 5 1 224 185 7 33 42 185 33 116 81 124 2 80 237 69 200 46 89 115 156 184 171 36 172 94 124 135 170 12 58 207] exampleContext}
Routing message of type: *priacy_compute.AggVRFMsg
Resolving message: &{10 d2e95e2d77a8710fa3e3ae1853c5a33fd2b3034bddcb72e2bc2825caec9f251c [3 149 73 134 118 209 130 95 108 140 137 50 227 0 201 133 167 237 171 93 249 154 67 152 52 122 60 13 1 173 162 14 238 21 107 238 166 217 73 214 40 56 3 150 18 234 0 58 98 5 1 224 185 7 33 42 185 33 116 81 124 2 80 237 69 200 46 89 115 156 184 171 36 172 94 124 135 170 12 58 207] exampleContext}
Server will be started at localhost:1118...
Received message in dispatch: &{}
Successfully triggered VRF evaluation.
Routing message of type: *priacy_compute.TriggerVRFMsg
Resolving message: &{}
VRFValue: 0.678862
VRFProof: 02adc9ed6f6848d879ab9b3909b54805675ea9249128bfbef8fd13b5dfd4f71178eb8a7574f5feb7445218446abec9fac608e129d51a832cb1239cdc499f1cadce0e593a75eaf807a713ac2e8883adbe6f
VRFval: 0x1.5b93daded091bp-01
VRFChosen: false
Successfully triggered aggregation process.
Received message in dispatch: &{8 cfbe03c25f80c7e45de022d9f7fe5dfb1be5821004d97a99230405570c49b037 [2 243 96 164 242 232 40 28 26 174 32 144 176 204 1 191 96 200 71 47 161 117 132 40 130 231 43 109 181 193 213 126 52 117 142 85 143 237 228 123 80 86 228 59 235 252 106 20 46 11 19 180 91 232 141 39 8 66 144 140 163 192 144 138 211 212 250 107 225 98 73 206 157 144 156 167 125 137 187 22 211] exampleContext}
Routing message of type: *priacy_compute.AggVRFMsg
Resolving message: &{8 cfbe03c25f80c7e45de022d9f7fe5dfb1be5821004d97a99230405570c49b037 [2 243 96 164 242 232 40 28 26 174 32 144 176 204 1 191 96 200 71 47 161 117 132 40 130 231 43 109 181 193 213 126 52 117 142 85 143 237 228 123 80 86 228 59 235 252 106 20 46 11 19 180 91 232 141 39 8 66 144 140 163 192 144 138 211 212 250 107 225 98 73 206 157 144 156 167 125 137 187 22 211] exampleContext}
Received message in dispatch: &{10 48fd440ae2b90a78992927b2542fb805faa72de57faa53d5ffef312329672441 [3 13 205 34 235 224 106 255 16 170 185 205 63 20 193 51 206 174 135 86 252 106 9 21 196 89 87 43 209 79 30 152 135 8 220 107 130 38 178 27 35 193 206 208 111 199 148 138 250 11 92 82 81 53 84 157 117 61 163 147 231 245 153 190 142 111 62 152 252 253 121 168 2 195 214 61 123 104 113 229 235] exampleContext}
Routing message of type: *priacy_compute.AggVRFMsg
Resolving message: &{10 48fd440ae2b90a78992927b2542fb805faa72de57faa53d5ffef312329672441 [3 13 205 34 235 224 106 255 16 170 185 205 63 20 193 51 206 174 135 86 252 106 9 21 196 89 87 43 209 79 30 152 135 8 220 107 130 38 178 27 35 193 206 208 111 199 148 138 250 11 92 82 81 53 84 157 117 61 163 147 231 245 153 190 142 111 62 152 252 253 121 168 2 195 214 61 123 104 113 229 235] exampleContext}
Received message in dispatch: &{9 e12941ec7de6221eb9dce95fa857023fc55d1ce1211b85c6b08ca197de892a76 [2 198 76 95 24 207 101 63 171 1 15 109 6 35 76 104 174 109 237 11 198 250 125 210 60 106 245 2 66 143 139 113 47 96 245 124 147 231 77 202 46 116 238 253 0 113 172 72 104 10 131 213 77 100 110 23 204 89 35 135 107 255 1 39 11 45 123 63 216 77 210 153 154 52 239 168 251 249 140 149 74] exampleContext}
Routing message of type: *priacy_compute.AggVRFMsg
Resolving message: &{9 e12941ec7de6221eb9dce95fa857023fc55d1ce1211b85c6b08ca197de892a76 [2 198 76 95 24 207 101 63 171 1 15 109 6 35 76 104 174 109 237 11 198 250 125 210 60 106 245 2 66 143 139 113 47 96 245 124 147 231 77 202 46 116 238 253 0 113 172 72 104 10 131 213 77 100 110 23 204 89 35 135 107 255 1 39 11 45 123 63 216 77 210 153 154 52 239 168 251 249 140 149 74] exampleContext}
Server will be started at localhost:1118...
Received message in dispatch: &{}
Routing message of type: *priacy_compute.TriggerVRFMsg
Resolving message: &{}
VRFValue: 0.953033
VRFProof: 03f3f9f2ff61bfb15623d0b007fc37322e38644ad19086e00f1bb0b884c18e5baa73c7a788a3819267f1b11e17757deef9069fa6e190c4cecae1117ea120c5e1e0cadfcd2656ed1c58b9567575de1ba093
VRFval: 0x1.e7f3e5fec37f6p-01
VRFChosen: false
Successfully triggered VRF evaluation.
Successfully triggered aggregation process.
Received message in dispatch: &{1 526949411b3375e9f1e0c41220e92a870bff9829d55189b0474c8f3dc763a1e8 [3 16 79 12 252 209 183 25 85 98 129 155 172 144 242 193 94 220 242 60 38 34 239 128 238 120 70 120 88 197 81 197 162 217 104 113 131 30 37 252 141 193 111 84 118 117 181 50 43 15 147 66 237 1 78 17 228 152 37 29 170 188 152 43 235 145 255 211 84 51 60 173 101 166 196 254 237 22 221 104 70] exampleContext}
Routing message of type: *priacy_compute.AggVRFMsg
Resolving message: &{1 526949411b3375e9f1e0c41220e92a870bff9829d55189b0474c8f3dc763a1e8 [3 16 79 12 252 209 183 25 85 98 129 155 172 144 242 193 94 220 242 60 38 34 239 128 238 120 70 120 88 197 81 197 162 217 104 113 131 30 37 252 141 193 111 84 118 117 181 50 43 15 147 66 237 1 78 17 228 152 37 29 170 188 152 43 235 145 255 211 84 51 60 173 101 166 196 254 237 22 221 104 70] exampleContext}
Received message in dispatch: &{4 e44a7bc4c7af6076d1e58236aaee9c1873858d5bbc9b666a6514511e063a7b0c [3 70 77 199 50 233 185 232 94 217 225 135 95 241 244 116 247 200 39 233 9 182 151 117 215 59 62 139 136 98 184 4 225 205 29 80 156 226 105 151 14 195 222 144 45 47 177 76 27 10 214 11 39 184 186 105 94 154 227 217 249 212 30 168 59 30 1 72 216 65 14 165 187 203 125 141 57 219 130 207 203] exampleContext}
Routing message of type: *priacy_compute.AggVRFMsg
Received message in dispatch: &{3 f70b33b9d862f46b51d22c43b245291c8e991224266c12d696974a5bd2561164 [2 14 79 158 156 90 29 205 243 47 71 223 150 53 106 80 1 231 89 20 61 250 233 191 163 190 156 166 169 47 112 226 77 159 103 177 216 28 179 35 61 158 22 126 37 149 140 107 95 13 100 219 203 39 204 97 124 48 47 49 19 133 238 2 65 249 24 17 72 140 14 123 52 120 0 64 170 81 99 114 20] exampleContext}
Routing message of type: *priacy_compute.AggVRFMsg
Resolving message: &{4 e44a7bc4c7af6076d1e58236aaee9c1873858d5bbc9b666a6514511e063a7b0c [3 70 77 199 50 233 185 232 94 217 225 135 95 241 244 116 247 200 39 233 9 182 151 117 215 59 62 139 136 98 184 4 225 205 29 80 156 226 105 151 14 195 222 144 45 47 177 76 27 10 214 11 39 184 186 105 94 154 227 217 249 212 30 168 59 30 1 72 216 65 14 165 187 203 125 141 57 219 130 207 203] exampleContext}
Server will be started at localhost:1118...
Received message in dispatch: &{}
Routing message of type: *priacy_compute.TriggerVRFMsg
Resolving message: &{}
Successfully triggered VRF evaluation.
VRFValue: 0.357177
VRFProof: 025b6ff44decff896a30b4e09d80db3cc9b80dd059143d507065e4bb7508fbc703b11e7dd2eb5a85eecb78fd5277dc2c90029809e1a5bb8be9748dca61c5f3d86d45835563b185f32a48065208717ac4bc
VRFval: 0x1.6dbfd137b3fe2p-02
VRFChosen: false
Node 1 selected as Aggregator 1
Node 2 selected as Aggregator 2
Successfully triggered aggregation process.
Server will be started at localhost:1118...
Received message in dispatch: &{}
Routing message of type: *priacy_compute.TriggerVRFMsg
Resolving message: &{}
Successfully triggered VRF evaluation.
VRFValue: 0.874635
VRFProof: 03dfe81991baa3886ae8ae48e40679414a8f71f1327ba74b7032fb40974f19fdb37c0f9c34554227e269a831a308e5a76d0770bcd0fcee904f4e1d1d36ac4c4fad2916cf392d8e8520a28032f2fb2fc8ba
VRFval: 0x1.bfd0332375471p-01
VRFChosen: false
Bloom Params - M: 10, T: 3, EpsBF: 0.010000
Bloom L: 29, D: 7
Approved Indices: [9 6 5]
Node 1 selected as Aggregator 1
Node 2 selected as Aggregator 2
Successfully triggered aggregation process.
Server will be started at localhost:1118...
Received message in dispatch: &{}
Routing message of type: *priacy_compute.TriggerVRFMsg
Resolving message: &{}
Successfully triggered VRF evaluation.
VRFValue: 0.371018
VRFProof: 025efb02e49c771b96e9e1b80827f22da68a9ec59129354e9fecf08785e9e2e173c66b801dfd9cfac10c3eca638c7b713a09766cb0e5f35776cc56bec0f1b44fdfd611baed47bc09ca2155593cb8c51b36
VRFval: 0x1.7bec0b9271dc7p-02
VRFChosen: false
Bloom Params - M: 10, T: 3, EpsBF: 0.010000
Bloom L: 29, D: 7
Approved Indices: [7 2 8]
Received message in dispatch: &{[7 2 8]}
Routing message of type: *priacy_compute.LocalApproveVoteMsg
Successfully triggered local approve vote.
Resolving message: &{[7 2 8]}
Node 1 selected as Aggregator 1
Node 2 selected as Aggregator 2
Successfully triggered aggregation process.
Server will be started at localhost:1118...
Received message in dispatch: &{}
Routing message of type: *priacy_compute.TriggerVRFMsg
Resolving message: &{}
Successfully triggered VRF evaluation.
VRFValue: 0.022333
VRFProof: 0205b79cb6b6a34f7f33631140e8b37fe17dcc56aaa3e7cb8e0b4302d6beec526aa0c8eef79b3f430e470864a288e7d5370be5236b99902f254f9ed2461926e45b6db535482a4229553489c425179d7fd6
VRFval: 0x1.6de72dada8d3ep-06
VRFChosen: true
Bloom Params - M: 10, T: 3, EpsBF: 0.010000
Bloom L: 29, D: 7
Approved Indices: [9 6 5]
Received message in dispatch: &{[9 6 5]}
Routing message of type: *priacy_compute.LocalApproveVoteMsg
Successfully triggered local approve vote.
Resolving message: &{[9 6 5]}
Node 1 selected as Aggregator 1
Node 2 selected as Aggregator 2
Successfully triggered aggregation process.
Server will be started at localhost:1118...
Received message in dispatch: &{}
Routing message of type: *priacy_compute.TriggerVRFMsg
Resolving message: &{}
VRFValue: 0.346344
VRFProof: 0358a9ff5a0424c0850ca20c19ca11d5e10268edbbe85b28976285256d2062b49c185f18cfda8c64865f894e2e01a13823005a0a21019c380df282c05e28bb23031e8851d5d9c765bea32bdefa3fcfbe97
VRFval: 0x1.62a7fd681093p-02
VRFChosen: false
Bloom Params - M: 10, T: 3, EpsBF: 0.010000
Bloom L: 29, D: 7
Approved Indices: [0 9 6]
Successfully triggered VRF evaluation.
Received message in dispatch: &{[0 9 6]}
Routing message of type: *priacy_compute.LocalApproveVoteMsg
Successfully triggered local approve vote.
Resolving message: &{[0 9 6]}
Node 1 selected as Aggregator 1
Node 2 selected as Aggregator 2
Successfully triggered aggregation process.
Server will be started at localhost:1118...
Received message in dispatch: &{}
Routing message of type: *priacy_compute.TriggerVRFMsg
Resolving message: &{}
Successfully triggered VRF evaluation.
VRFValue: 0.388680
VRFProof: 0363808a3ab9dc0c5882d986eacec8a7ccb218ad326b59de7174e4b784db400db29b408dd29d58cf32abb1ba4d46f802e2008f6e6b494ae713c35c9272e085317ea78f0308d031fa709bb5380af21ba451
VRFval: 0x1.8e0228eae7703p-02
VRFChosen: false
Bloom Params - M: 10, T: 3, EpsBF: 0.010000
Bloom L: 29, D: 7
Approved Indices: [8 9 6]
Received message in dispatch: &{[8 9 6]}
Routing message of type: *priacy_compute.LocalApproveVoteMsg
Successfully triggered local approve vote.
Resolving message: &{[8 9 6]}
Node 1 selected as Aggregator 1
Node 2 selected as Aggregator 2
Successfully triggered aggregation process.
Server will be started at localhost:1118...
Received message in dispatch: &{}
Routing message of type: *priacy_compute.TriggerVRFMsg
Resolving message: &{}
Successfully triggered VRF evaluation.
VRFValue: 0.931028
VRFProof: 02ee57e0edb0d4331dcbc094a1df3cf486050550b792d4e6bfa76078412f6d48295a6b78991e556841004ca5d1aad2af7301634ca16063d74f81d9414c7605c3663dfbfba6e86cf25a68fc3c2e2d698db6
VRFval: 0x1.dcafc1db61a86p-01
VRFChosen: false
Bloom Params - M: 10, T: 3, EpsBF: 0.010000
Bloom L: 29, D: 7
Approved Indices: [5 9 4]
Node 1 selected as Aggregator 1
Node 2 selected as Aggregator 2
Received message in dispatch: &{[5 9 4]}
Successfully triggered aggregation process.
Routing message of type: *priacy_compute.LocalApproveVoteMsg
Successfully triggered local approve vote.
Resolving message: &{[5 9 4]}
Cleaned and Validated Approved Indices: [5 9 4]
Pedersen Commitment: 0200000000000000 (len=33)
Range Proof prefix: 02000000000000000000000000000000... (len=721)
[vote/send] pkt1 -> 1 (part=1)
[vote/send] from=8 -> to=1 url=http://localhost:1111/vote/share
[vote/send] part=1 L=29 D=7 sumOnes=18 shares_len=29
[vote/send] pedersenCom(hex)=0200000000000000...
[vote/send] rangeProof(hex)=02000000000000000000000000000000...
[vote/send] pkt2 -> 2 (part=2)
[vote/send] from=8 -> to=2 url=http://localhost:1112/vote/share
[vote/send] part=2 L=29 D=7 sumOnes=18 shares_len=29
[vote/send] pedersenCom(hex)=0200000000000000...
[vote/send] rangeProof(hex)=02000000000000000000000000000000...
Server will be started at localhost:1118...
Received message in dispatch: &{}
Routing message of type: *priacy_compute.TriggerVRFMsg
Resolving message: &{}
Successfully triggered VRF evaluation.
VRFValue: 0.376547
VRFProof: 0260655c29052141a39ea511975f0a912808dc5d1628b5549850293af702dcb20725bfca497e16976cce9419e2f668eb080a148c93637121a77736f116321863aef93fb3c6fd9f7bd0f741cdaddba13af3
VRFval: 0x1.819570a41485p-02
VRFChosen: false
Bloom Params - M: 10, T: 3, EpsBF: 0.010000
Bloom L: 29, D: 7
Approved Indices: [4 1 5]
Received message in dispatch: &{[4 1 5]}
Routing message of type: *priacy_compute.LocalApproveVoteMsg
Successfully triggered local approve vote.
Resolving message: &{[4 1 5]}
Node 1 selected as Aggregator 1
Node 2 selected as Aggregator 2
Successfully triggered aggregation process.
Server will be started at localhost:1118...
Received message in dispatch: &{}
Routing message of type: *priacy_compute.TriggerVRFMsg
Resolving message: &{}
Successfully triggered VRF evaluation.
VRFValue: 0.597407
VRFProof: 0298efab8761d5207ed30f938d26313487ecf179d425793197792fb70dadaa46458547be12d2e34cec102bd0d8349e9f630142c430ef1f9477f52aba86df5ffdb2a2777c2bb9a3f18844b4e68050a33f35
VRFval: 0x1.31df570ec3aa4p-01
VRFChosen: false
Bloom Params - M: 10, T: 3, EpsBF: 0.010000
Bloom L: 29, D: 7
Approved Indices: [9 7 0]
Node 1 selected as Aggregator 1
Node 2 selected as Aggregator 2
Successfully triggered aggregation process.
Received message in dispatch: &{[9 7 0]}
Routing message of type: *priacy_compute.LocalApproveVoteMsg
Successfully triggered local approve vote.
Resolving message: &{[9 7 0]}
Cleaned and Validated Approved Indices: [9 7 0]
Pedersen Commitment: 0200000000000000 (len=33)
Range Proof prefix: 02000000000000000000000000000000... (len=721)
[vote/send] pkt1 -> 1 (part=1)
[vote/send] from=8 -> to=1 url=http://localhost:1111/vote/share
[vote/send] part=1 L=29 D=7 sumOnes=16 shares_len=29
[vote/send] pedersenCom(hex)=0200000000000000...
[vote/send] rangeProof(hex)=02000000000000000000000000000000...
[vote/send] pkt2 -> 2 (part=2)
[vote/send] from=8 -> to=2 url=http://localhost:1112/vote/share
[vote/send] part=2 L=29 D=7 sumOnes=16 shares_len=29
[vote/send] pedersenCom(hex)=0200000000000000...
[vote/send] rangeProof(hex)=02000000000000000000000000000000...
Server will be started at localhost:1118...
Received message in dispatch: &{}
Routing message of type: *priacy_compute.TriggerVRFMsg
Resolving message: &{}
Successfully triggered VRF evaluation.
VRFValue: 0.089471
VRFProof: 0216e797594b11362363b8e2f5ce4d5447df6f8500df757e0f3c6c38c6096955748469b3f19c408e77da6eb870873f847c05afac7e28137593b42d7b2125e7e4e21a79d5244d147426a9b65d1400d741a6
VRFval: 0x1.6e797594b1136p-04
VRFChosen: true
Bloom Params - M: 10, T: 3, EpsBF: 0.010000
Bloom L: 29, D: 7
Approved Indices: [1 7 9]
Node 1 selected as Aggregator 1
Node 2 selected as Aggregator 2
Successfully triggered aggregation process.
Received message in dispatch: &{[1 7 9]}
Routing message of type: *priacy_compute.LocalApproveVoteMsg
Successfully triggered local approve vote.
Resolving message: &{[1 7 9]}
Cleaned and Validated Approved Indices: [1 7 9]
Pedersen Commitment: 0200000000000000 (len=33)
Range Proof prefix: 02000000000000000000000000000000... (len=721)
[vote/send] pkt1 -> 1 (part=1)
[vote/send] from=8 -> to=1 url=http://localhost:1111/vote/share
[vote/send] part=1 L=29 D=7 sumOnes=16 shares_len=29
[vote/send] pedersenCom(hex)=0200000000000000...
[vote/send] rangeProof(hex)=02000000000000000000000000000000...
[vote/send] pkt2 -> 2 (part=2)
[vote/send] from=8 -> to=2 url=http://localhost:1112/vote/share
[vote/send] part=2 L=29 D=7 sumOnes=16 shares_len=29
[vote/send] pedersenCom(hex)=0200000000000000...
[vote/send] rangeProof(hex)=02000000000000000000000000000000...
Server will be started at localhost:1118...
Received message in dispatch: &{}
Routing message of type: *priacy_compute.TriggerVRFMsg
Resolving message: &{}
Successfully triggered VRF evaluation.
VRFValue: 0.582382
VRFProof: 029516f60689d4530b4852618c8a4aa319d2611ab4c0824b09dc3e1b51736af13c8eedfc3f6993bbc36ba32b2a6b2122c502d6942c8551a2e4c0d9dc74397a44b2da361b709f53b406b7162f8caa7e032f
VRFval: 0x1.2a2dec0d13a8ap-01
VRFChosen: false
Bloom Params - M: 10, T: 3, EpsBF: 0.010000
Bloom L: 29, D: 7
Approved Indices: [9 4 8]
Received message in dispatch: &{[9 4 8]}
Routing message of type: *priacy_compute.LocalApproveVoteMsg
Successfully triggered local approve vote.
Resolving message: &{[9 4 8]}
[AggSelect] self=8 IsAgg=false part=0 A=1 B=2
Successfully triggered aggregation process.
Server will be started at localhost:1118...
Received message in dispatch: &{}
Routing message of type: *priacy_compute.TriggerVRFMsg
Resolving message: &{}
Successfully triggered VRF evaluation.
VRFValue: 0.482045
VRFProof: 037b6749d5a784ed32b2c432f45b7dbf95a1f73e0a53dcc5e34ce7b5b2669ae4b2f0b83c87a898546a812f02391c8a8bba0d7fb041d914bd2ffea4ab18f49166329858dd58a3a3f7b383e4201d24abb5ac
VRFval: 0x1.ed9d27569e13bp-02
VRFChosen: false
Bloom Params - M: 10, T: 3, EpsBF: 0.010000
Bloom L: 29, D: 7
Approved Indices: [2 1 7]
[AggSelect] self=8 IsAgg=false part=0 A=1 B=2
Received message in dispatch: &{[2 1 7]}
Routing message of type: *priacy_compute.LocalApproveVoteMsg
Successfully triggered aggregation process.
Successfully triggered local approve vote.
Resolving message: &{[2 1 7]}
Cleaned and Validated Approved Indices: [2 1 7]
Pedersen Commitment: 0200000000000000 (len=33)
Range Proof prefix: 02000000000000000000000000000000... (len=721)
[vote/send] pkt1 -> 1 (part=1)
[vote/send] from=8 -> to=1 url=http://localhost:1111/vote/share
[vote/send] part=1 L=29 D=7 sumOnes=17 shares_len=29
[vote/send] pedersenCom(hex)=0200000000000000...
[vote/send] rangeProof(hex)=02000000000000000000000000000000...
[vote/send] pkt2 -> 2 (part=2)
[vote/send] from=8 -> to=2 url=http://localhost:1112/vote/share
[vote/send] part=2 L=29 D=7 sumOnes=17 shares_len=29
[vote/send] pedersenCom(hex)=0200000000000000...
[vote/send] rangeProof(hex)=02000000000000000000000000000000...
Server will be started at localhost:1118...
Received message in dispatch: &{}
Routing message of type: *priacy_compute.TriggerVRFMsg
Resolving message: &{}
VRFValue: 0.192500
VRFProof: 033147a6aa1bf830bfa7f37a587124e869f843499134b45324b05fbdf46fded7819f2ed323c0778e1343c30688b31587860e073c6b8406d3b84cee2a0889473c07eab09a143c75152c554932bbf97f4d96
VRFval: 0x1.8a3d3550dfc18p-03
VRFChosen: true
Bloom Params - M: 10, T: 3, EpsBF: 0.010000
Bloom L: 29, D: 7
Approved Indices: [5 4 7]
Successfully triggered VRF evaluation.
Received message in dispatch: &{[5 4 7]}
Routing message of type: *priacy_compute.LocalApproveVoteMsg
Successfully triggered local approve vote.
Resolving message: &{[5 4 7]}
[AggSelect] self=8 IsAgg=false part=0 A=1 B=2
Successfully triggered aggregation process.
Server will be started at localhost:1118...
Received message in dispatch: &{}
Routing message of type: *priacy_compute.TriggerVRFMsg
Resolving message: &{}
Successfully triggered VRF evaluation.
VRFValue: 0.223034
VRFProof: 023918bd2d47024675bd0f86c4554b241c0c4d59bcc79c4b6a55051eff404e41133e9bbfdd1061bb005426c628119e6d4e0ad90222bb70899f660161b84b140b345c14db6adc9f5da261e7d240b4f2d9b4
VRFval: 0x1.c8c5e96a38123p-03
VRFChosen: true
Bloom Params - M: 10, T: 3, EpsBF: 0.010000
Bloom L: 29, D: 7
Approved Indices: [5 9 3]
Received message in dispatch: &{[5 9 3]}
Routing message of type: *priacy_compute.LocalApproveVoteMsg
Successfully triggered local approve vote.
Resolving message: &{[5 9 3]}
[AggSelect] self=8 IsAgg=false part=0 A=1 B=2
Successfully triggered aggregation process.
Server will be started at localhost:1118...
Received message in dispatch: &{}
Routing message of type: *priacy_compute.TriggerVRFMsg
Resolving message: &{}
Successfully triggered VRF evaluation.
VRFValue: 0.308470
VRFProof: 024ef7dbff399bb267a8cef51b5feca1ec59847563179565c2367379b3b1442f2657e5daf3c2426babd508afd28fd4e594069a14743426a105b2731f6969ebe9e8ff613c24bfeb211f266318703e726889
VRFval: 0x1.3bdf6ffce66edp-02
VRFChosen: false
Bloom Params - M: 10, T: 3, EpsBF: 0.010000
Bloom L: 29, D: 7
Approved Indices: [0 4 5]
Received message in dispatch: &{[0 4 5]}
Routing message of type: *priacy_compute.LocalApproveVoteMsg
Successfully triggered local approve vote.
Resolving message: &{[0 4 5]}
[AggSelect] self=8 IsAgg=false part=0 A=1 B=2
Successfully triggered aggregation process.
Server will be started at localhost:1118...
Received message in dispatch: &{}
Successfully triggered VRF evaluation.
Routing message of type: *priacy_compute.TriggerVRFMsg
Resolving message: &{}
VRFValue: 0.890603
VRFProof: 02e3fe8c4ec87260c1c45ded792c6597902f00583a7a5aee47cc3f803239b7cd2b7464cb14515180aa904765b5bc4b1bc4060780ecfec029417bfd1b74e1c3229962944c2582c0acc45ca04e0b4214377d
VRFval: 0x1.c7fd189d90e4cp-01
VRFChosen: false
Bloom Params - M: 10, T: 3, EpsBF: 0.010000
Bloom L: 29, D: 7
Approved Indices: [1 4 9]
[AggSelect] self=8 IsAgg=false part=0 A=1 B=2
Received message in dispatch: &{[1 4 9]}
Routing message of type: *priacy_compute.LocalApproveVoteMsg
Successfully triggered local approve vote.
Resolving message: &{[1 4 9]}
Cleaned and Validated Approved Indices: [1 4 9]
Successfully triggered aggregation process.
Pedersen Commitment: 0200000000000000 (len=33)
Range Proof prefix: 02000000000000000000000000000000... (len=721)
[vote/send] pkt1 -> 1 (part=1)
[vote/send] from=8 -> to=1 url=http://localhost:1111/vote/share
[vote/send] part=1 L=29 D=7 sumOnes=17 shares_len=29
[vote/send] pedersenCom(hex)=0200000000000000...
[vote/send] rangeProof(hex)=02000000000000000000000000000000...
[vote/send] pkt2 -> 2 (part=2)
[vote/send] from=8 -> to=2 url=http://localhost:1112/vote/share
[vote/send] part=2 L=29 D=7 sumOnes=17 shares_len=29
[vote/send] pedersenCom(hex)=0200000000000000...
[vote/send] rangeProof(hex)=02000000000000000000000000000000...
Server will be started at localhost:1118...
Received message in dispatch: &{}
Routing message of type: *priacy_compute.TriggerVRFMsg
Resolving message: &{}
Successfully triggered VRF evaluation.
VRFValue: 0.518695
VRFProof: 0284c937b40ebf24da1534ef78d4a2bc1246e14f9940bf900c78368d0172b23327258d39e7fc3e038b011d28b29b2ff9aa08ade304d704e8d819d0034d21f6033e3aff6cdd23eb09637f8caa6f8174d307
VRFval: 0x1.09926f681d7e5p-01
VRFChosen: false
Bloom Params - M: 10, T: 3, EpsBF: 0.010000
Bloom L: 29, D: 7
Approved Indices: [1 3 4]
Received message in dispatch: &{[1 3 4]}
Routing message of type: *priacy_compute.LocalApproveVoteMsg
Successfully triggered local approve vote.
Resolving message: &{[1 3 4]}
[AggSelect] self=8 IsAgg=false part=0 A=1 B=2
Successfully triggered aggregation process.
Server will be started at localhost:1118...
Received message in dispatch: &{}
Routing message of type: *priacy_compute.TriggerVRFMsg
Resolving message: &{}
Successfully triggered VRF evaluation.
VRFValue: 0.734815
VRFProof: 03bc1cdd22a9ad306e51ae1320e91ac02dc37e45aece8cdbb919dd50a81a90e4bfcf77e9bf1310e101ab173e435509934f0498b3602017e88c2271ea800f00d5bf15cb2e923ccf75dbd3009c03fe4691e8
VRFval: 0x1.7839ba45535a6p-01
VRFChosen: false
Bloom Params - M: 10, T: 3, EpsBF: 0.010000
Bloom L: 29, D: 7
Approved Indices: [1 7 2]
[AggSelect] self=8 IsAgg=false part=0 A=1 B=2
Successfully triggered aggregation process.
Received message in dispatch: &{[1 7 2]}
Routing message of type: *priacy_compute.LocalApproveVoteMsg
Successfully triggered local approve vote.
Resolving message: &{[1 7 2]}
Cleaned and Validated Approved Indices: [1 7 2]
Pedersen Commitment: 0200000000000000 (len=33)
Range Proof prefix: 02000000000000000000000000000000... (len=721)
[vote/send] pkt1 -> 1 (part=1)
[vote/send] from=8 -> to=1 url=http://localhost:1111/vote/share
[vote/send] part=1 L=29 D=7 sumOnes=17 shares_len=29
[vote/send] pedersenCom(hex)=0200000000000000...
[vote/send] rangeProof(hex)=02000000000000000000000000000000...
[vote/send] pkt2 -> 2 (part=2)
[vote/send] from=8 -> to=2 url=http://localhost:1112/vote/share
[vote/send] part=2 L=29 D=7 sumOnes=17 shares_len=29
[vote/send] pedersenCom(hex)=0200000000000000...
[vote/send] rangeProof(hex)=02000000000000000000000000000000...
Server will be started at localhost:1118...
Received message in dispatch: &{}
Routing message of type: *priacy_compute.TriggerVRFMsg
Resolving message: &{}
Successfully triggered VRF evaluation.
[AggSelect] self=8 IsAgg=false part=0 A=1 B=2
Successfully triggered aggregation process.
VRFValue: 0.020139
VRFProof: 030527cd7eb101a93fc9fc8f0a9ab93d674f4fef20baf35534154b6d43ed83f1b9d652ce8598492edf556cae9152b4a33d000de5ad0d969f65f2d648f65e6a9042be187a6ee25fff1017b0482489b0b275
VRFval: 0x1.49f35fac406a5p-06
VRFChosen: true
Bloom Params - M: 10, T: 3, EpsBF: 0.010000
Bloom L: 29, D: 7
Approved Indices: [9 7 6]
Received message in dispatch: &{[9 7 6]}
Routing message of type: *priacy_compute.LocalApproveVoteMsg
Successfully triggered local approve vote.
Resolving message: &{[9 7 6]}
Cleaned and Validated Approved Indices: [9 7 6]
Pedersen Commitment: 0200000000000000 (len=33)
Range Proof prefix: 02000000000000000000000000000000... (len=721)
[vote/send] pkt1 -> 1 (part=1)
[vote/send] from=8 -> to=1 url=http://localhost:1111/vote/share
[vote/send] part=1 L=29 D=7 sumOnes=18 shares_len=29
[vote/send] pedersenCom(hex)=0200000000000000...
[vote/send] rangeProof(hex)=02000000000000000000000000000000...
[vote/send] pkt2 -> 2 (part=2)
[vote/send] from=8 -> to=2 url=http://localhost:1112/vote/share
[vote/send] part=2 L=29 D=7 sumOnes=18 shares_len=29
[vote/send] pedersenCom(hex)=0200000000000000...
[vote/send] rangeProof(hex)=02000000000000000000000000000000...
Server will be started at localhost:1118...
Received message in dispatch: &{}
Routing message of type: *priacy_compute.TriggerVRFMsg
Resolving message: &{}
Successfully triggered VRF evaluation.
VRFValue: 0.850580
VRFProof: 02d9bf9bd61c0b8ec6443766eab4bc363ef0bcf76bf545f95f5f87d27f7166a32c1f3cb358ceb06ffe3cc3c1d538c8548b0b84f911e10f3ad67afc3b28516c87fa16eacadbd66598eca19f0496dd2c2d79
VRFval: 0x1.b37f37ac38172p-01
VRFChosen: false
Bloom Params - M: 10, T: 3, EpsBF: 0.010000
Bloom L: 29, D: 7
Approved Indices: [5 7 9]
Received message in dispatch: &{[5 7 9]}
Routing message of type: *priacy_compute.LocalApproveVoteMsg
Successfully triggered local approve vote.
Resolving message: &{[5 7 9]}
[AggSelect] self=8 IsAgg=false part=0 A=1 B=2
Successfully triggered aggregation process.
Server will be started at localhost:1118...
Received message in dispatch: &{}
Routing message of type: *priacy_compute.TriggerVRFMsg
Resolving message: &{}
Successfully triggered VRF evaluation.
VRFValue: 0.415315
VRFProof: 036a5211f08afa2fd292e9377a1e0ec57c801e9442829cebf059c0e7cc56f265bf060e7e40d368291606a11329c7f3145d09c4985e26f1fa8221a8f3b8a92fcb73e7292486c2aa9d621369d5abc5d3f675
VRFval: 0x1.a94847c22be8cp-02
VRFChosen: false
Bloom Params - M: 10, T: 3, EpsBF: 0.010000
Bloom L: 29, D: 7
Approved Indices: [5 0 8]
Received message in dispatch: &{[5 0 8]}
Routing message of type: *priacy_compute.LocalApproveVoteMsg
Successfully triggered local approve vote.
[AggSelect] self=8 IsAgg=false part=0 A=1 B=2
Resolving message: &{[5 0 8]}
Cleaned and Validated Approved Indices: [5 0 8]
Successfully triggered aggregation process.
Pedersen Commitment: 0200000000000000 (len=33)
Range Proof prefix: 02000000000000000000000000000000... (len=721)
[vote/send] pkt1 -> 1 (part=1)
[vote/send] from=8 -> to=1 url=http://localhost:1111/vote/share
[vote/send] part=1 L=29 D=7 sumOnes=17 shares_len=29
[vote/send] pedersenCom(hex)=0200000000000000...
[vote/send] rangeProof(hex)=02000000000000000000000000000000...
[vote/send] pkt2 -> 2 (part=2)
[vote/send] from=8 -> to=2 url=http://localhost:1112/vote/share
[vote/send] part=2 L=29 D=7 sumOnes=17 shares_len=29
[vote/send] pedersenCom(hex)=0200000000000000...
[vote/send] rangeProof(hex)=02000000000000000000000000000000...
Server will be started at localhost:1118...
Received message in dispatch: &{}
Routing message of type: *priacy_compute.TriggerVRFMsg
Resolving message: &{}
VRFValue: 0.222731
VRFProof: 023904ed763e24f19fd9f21401bbe248d988ce540bcdd6f2f26e33c3b8081a88744a726315a4849c0051a1c33df59814c30e3f7dd72e74f87f8fc6b05954d6f848d55e6896f83b6aa785822e1a7b815dad
VRFval: 0x1.c8276bb1f1279p-03
VRFChosen: true
Bloom Params - M: 10, T: 3, EpsBF: 0.010000
Bloom L: 29, D: 7
Approved Indices: [6 1 7]
Successfully triggered VRF evaluation.
Received message in dispatch: &{[6 1 7]}
Routing message of type: *priacy_compute.LocalApproveVoteMsg
Successfully triggered local approve vote.
Resolving message: &{[6 1 7]}
[AggSelect] self=8 IsAgg=false part=0 A=1 B=2
Successfully triggered aggregation process.
Server will be started at localhost:1118...
Received message in dispatch: &{}
Routing message of type: *priacy_compute.TriggerVRFMsg
Resolving message: &{}
Successfully triggered VRF evaluation.
VRFValue: 0.849463
VRFProof: 02d9766e1f63cb6b78fa9103a83d66817fba09b9574bc2cdf99d3315f7c4f52823ecff1a979db5843bd52fb2cb08392e9401a5c12b5625fe5028e6762836d2cb8f5ee72461644b742783cce0b990306dea
VRFval: 0x1.b2ecdc3ec796dp-01
VRFChosen: false
Bloom Params - M: 10, T: 3, EpsBF: 0.010000
Bloom L: 29, D: 7
Approved Indices: [7 8 9]
[AggSelect] self=8 IsAgg=false part=0 A=1 B=2
Successfully triggered aggregation process.
Received message in dispatch: &{[7 8 9]}
Routing message of type: *priacy_compute.LocalApproveVoteMsg
Successfully triggered local approve vote.
Resolving message: &{[7 8 9]}
Cleaned and Validated Approved Indices: [7 8 9]
Pedersen Commitment: 0200000000000000 (len=33)
Range Proof prefix: 02000000000000000000000000000000... (len=721)
[vote/send] pkt1 -> 1 (part=1)
[vote/send] from=8 -> to=1 url=http://localhost:1111/vote/share
[vote/send] part=1 L=29 D=7 sumOnes=17 shares_len=29
[vote/send] pedersenCom(hex)=0200000000000000...
[vote/send] rangeProof(hex)=02000000000000000000000000000000...
[vote/send] pkt2 -> 2 (part=2)
[vote/send] from=8 -> to=2 url=http://localhost:1112/vote/share
[vote/send] part=2 L=29 D=7 sumOnes=17 shares_len=29
[vote/send] pedersenCom(hex)=0200000000000000...
[vote/send] rangeProof(hex)=02000000000000000000000000000000...
Server will be started at localhost:1118...
Received message in dispatch: &{}
Routing message of type: *priacy_compute.TriggerVRFMsg
Resolving message: &{}
Successfully triggered VRF evaluation.
VRFValue: 0.813837
VRFProof: 02d0579a9942085aecb5cd53cf3330c7e060ee2658b1daeb5d5a80fff56cd80015ce40d5e22abc64be4d917f1f7c78898009353d0fd3050277e700edeacfd265da903495a17d96d8f8ab2a091afcc5112d
VRFval: 0x1.a0af35328410bp-01
VRFChosen: false
Bloom Params - M: 10, T: 3, EpsBF: 0.010000
Bloom L: 29, D: 7
Approved Indices: [1 4 9]
Received message in dispatch: &{[1 4 9]}
Routing message of type: *priacy_compute.LocalApproveVoteMsg
Successfully triggered local approve vote.
Resolving message: &{[1 4 9]}
[AggSelect] self=8 IsAgg=false part=0 A=1 B=2
Successfully triggered aggregation process.
Server will be started at localhost:1118...
Received message in dispatch: &{}
Routing message of type: *priacy_compute.TriggerVRFMsg
Resolving message: &{}
Successfully triggered VRF evaluation.
VRFValue: 0.191638
VRFProof: 02310f3314a072f72372b9e8bfa0186cf293984c037143c0a4b9c5c09e6aafdf2f55480275738c4544a105d04cbe55dce00badd5b1be04c9cbfdc17e67bb0f1c64a3190b7e4ef24ef63661f6f36ef3b3d3
VRFval: 0x1.887998a50397cp-03
VRFChosen: true
Bloom Params - M: 10, T: 3, EpsBF: 0.010000
Bloom L: 29, D: 7
Approved Indices: [5 4 3]
Received message in dispatch: &{[5 4 3]}
Routing message of type: *priacy_compute.LocalApproveVoteMsg
Successfully triggered local approve vote.
Resolving message: &{[5 4 3]}
[AggSelect] self=8 IsAgg=false part=0 A=1 B=2
Successfully triggered aggregation process.
Server will be started at localhost:1118...
Received message in dispatch: &{}
Routing message of type: *priacy_compute.TriggerVRFMsg
Resolving message: &{}
Successfully triggered VRF evaluation.
VRFValue: 0.675019
VRFProof: 03acce056e0d149441ecd042e806f9e26b3a17440b03f1669e9be7c3f7cb26b9a3acf4c93c88ee93595661e4b54fa6d457072a8733f9b2742d5bcf93099c992f179e81a1afbca4ba18a8e7cc8403febfa7
VRFval: 0x1.599c0adc1a293p-01
VRFChosen: false
Bloom Params - M: 10, T: 3, EpsBF: 0.010000
Bloom L: 29, D: 7
Approved Indices: [2 7 1]
Received message in dispatch: &{[2 7 1]}
Routing message of type: *priacy_compute.LocalApproveVoteMsg
Successfully triggered local approve vote.
Resolving message: &{[2 7 1]}
[AggSelect] self=8 IsAgg=false part=0 A=1 B=2
Successfully triggered aggregation process.
Server will be started at localhost:1118...
Received message in dispatch: &{}
Routing message of type: *priacy_compute.TriggerVRFMsg
Resolving message: &{}
Successfully triggered VRF evaluation.
VRFValue: 0.574849
VRFProof: 03932956042a1cdf12fbd0ca94a5376f86541d6dd20f10d1ec5aa2095cf0a43ed28c8605671832717f841df06d448b3f320d1a56f6e89f81a917be9e88d035e1bb091088fcdd7cad386a006ae61b37e770
VRFval: 0x1.2652ac085439cp-01
VRFChosen: false
Bloom Params - M: 10, T: 3, EpsBF: 0.010000
Bloom L: 29, D: 7
Approved Indices: [3 0 9]
Received message in dispatch: &{[3 0 9]}
Routing message of type: *priacy_compute.LocalApproveVoteMsg
Successfully triggered local approve vote.
Resolving message: &{[3 0 9]}
[AggSelect] self=8 IsAgg=false part=0 A=1 B=2
Successfully triggered aggregation process.
Server will be started at localhost:1118...
Received message in dispatch: &{}
[dispatchMsg] Forwarding message: *priacy_compute.TriggerVRFMsg
Routing message of type: *priacy_compute.TriggerVRFMsg
[routeMsg] Message of type *priacy_compute.TriggerVRFMsg forwarded to MsgDelivery
Resolving message: &{}
Successfully triggered VRF evaluation.
VRFValue: 0.410205
VRFProof: 03690338391815cbd78e4b8205b1106604faaddd0d5ae808cb511aba84963e00a7a7a586014fc5d08e55bce478f302c10101e11196e65940557e60cec08c1db5f243a52391e79079ce5de599cf627cfe35
VRFval: 0x1.a40ce0e460573p-02
VRFChosen: false
Bloom Params - M: 10, T: 3, EpsBF: 0.010000
Bloom L: 29, D: 7
Approved Indices: [8 2 0]
Received message in dispatch: &{[8 2 0]}
[dispatchMsg] Forwarding message: *priacy_compute.LocalApproveVoteMsg
Routing message of type: *priacy_compute.LocalApproveVoteMsg
[routeMsg] Message of type *priacy_compute.LocalApproveVoteMsg forwarded to MsgDelivery
Successfully triggered local approve vote.
Resolving message: &{[8 2 0]}
[AggSelect] self=8 IsAgg=false part=0 A=1 B=2
Successfully triggered aggregation process.
Server will be started at localhost:1118...
Received message in dispatch: &{}
[dispatchMsg] Forwarding message: *priacy_compute.TriggerVRFMsg
Routing message of type: *priacy_compute.TriggerVRFMsg
[routeMsg] Message of type *priacy_compute.TriggerVRFMsg forwarded to MsgDelivery
Resolving message: &{}
Successfully triggered VRF evaluation.
VRFValue: 0.456198
VRFProof: 0274c96ab7e2b67eb0f347e8a0f2db9d36cb3bd560411109aedd68f13d80a9fa182217b4c289a62bf2a3019753a22434570b664bc9f735190f6a7de651fff040935ecad7752b389e007288455a4224929e
VRFval: 0x1.d325aadf8adap-02
VRFChosen: false
Bloom Params - M: 10, T: 3, EpsBF: 0.010000
Bloom L: 29, D: 7
Approved Indices: [6 2 4]
Received message in dispatch: &{[6 2 4]}
[dispatchMsg] Forwarding message: *priacy_compute.LocalApproveVoteMsg
Routing message of type: *priacy_compute.LocalApproveVoteMsg
[routeMsg] Message of type *priacy_compute.LocalApproveVoteMsg forwarded to MsgDelivery
Successfully triggered local approve vote.
Resolving message: &{[6 2 4]}
[AggSelect] self=8 IsAgg=false part=0 A=1 B=2
Successfully triggered aggregation process.
Server will be started at localhost:1118...
Received message in dispatch: &{}
[dispatchMsg] Forwarding message: *priacy_compute.TriggerVRFMsg
Routing message of type: *priacy_compute.TriggerVRFMsg
[routeMsg] Message of type *priacy_compute.TriggerVRFMsg forwarded to MsgDelivery
Resolving message: &{}
Successfully triggered VRF evaluation.
VRFValue: 0.828924
VRFProof: 02d434604db9987ba237d890ff6b87f883bc1996c769f060cfecd2279cf701093715158d5517d7e2e7d706f6344189186f0b67e2c9ee5edb083a5bfeffaa849259e56739c6549de7b5f6956a6526586058
VRFval: 0x1.a868c09b7330fp-01
VRFChosen: false
Bloom Params - M: 10, T: 3, EpsBF: 0.010000
Bloom L: 29, D: 7
Approved Indices: [2 6 4]
Received message in dispatch: &{[2 6 4]}
[dispatchMsg] Forwarding message: *priacy_compute.LocalApproveVoteMsg
Routing message of type: *priacy_compute.LocalApproveVoteMsg
[routeMsg] Message of type *priacy_compute.LocalApproveVoteMsg forwarded to MsgDelivery
Successfully triggered local approve vote.
Resolving message: &{[2 6 4]}
Server will be started at localhost:1118...
Successfully triggered VRF evaluation.
Waiting for 1 minute before triggering aggregation...
Received message in dispatch: &{}
[dispatchMsg] Forwarding message: *priacy_compute.TriggerVRFMsg
Routing message of type: *priacy_compute.TriggerVRFMsg
[routeMsg] Message of type *priacy_compute.TriggerVRFMsg forwarded to MsgDelivery
Resolving message: &{}
VRFValue: 0.328508
VRFProof: 03541918d003eb35fc98a118412dbbc028a715f19e2634546ca84d42a99060cc81341fedab83050732fa7e71bee68a252c011a33cf7dffd94c75f5e37594e8d4c68ce5d5b01724bffbcb9713490d98f90d
VRFval: 0x1.506463400facdp-02
VRFChosen: false
Bloom Params - M: 10, T: 3, EpsBF: 0.010000
Bloom L: 29, D: 7
Approved Indices: [0 8 9]
Received message in dispatch: &{[0 8 9]}
[dispatchMsg] Forwarding message: *priacy_compute.LocalApproveVoteMsg
Routing message of type: *priacy_compute.LocalApproveVoteMsg
[routeMsg] Message of type *priacy_compute.LocalApproveVoteMsg forwarded to MsgDelivery
Successfully triggered local approve vote.
Resolving message: &{[0 8 9]}
[AggSelect] self=8 IsAgg=false part=0 A=1 B=2
Test data added to RecvSharesPart1 and RecvSharesPart2
Successfully triggered aggregation process.
Server will be started at localhost:1118...
Received message in dispatch: &{}
[dispatchMsg] Forwarding message: *priacy_compute.TriggerVRFMsg
Routing message of type: *priacy_compute.TriggerVRFMsg
[routeMsg] Message of type *priacy_compute.TriggerVRFMsg forwarded to MsgDelivery
Resolving message: &{}
Successfully triggered VRF evaluation.
Waiting for 1 minute before triggering aggregation...
VRFValue: 0.835558
VRFProof: 03d5e71c37b8168353b05826a1c2e2c597caf997aa0ebb613307abf300c0b290d0b3c7564b6167ab021a435ef0d942ad8c09e8e39d9e5e50095ee81b2df17b22125bd08e288763194bb8d4ed71b7227b3b
VRFval: 0x1.abce386f702dp-01
VRFChosen: false
Bloom Params - M: 10, T: 3, EpsBF: 0.010000
Bloom L: 29, D: 7
Approved Indices: [2 7 0]
Received message in dispatch: &{[2 7 0]}
[dispatchMsg] Forwarding message: *priacy_compute.LocalApproveVoteMsg
Routing message of type: *priacy_compute.LocalApproveVoteMsg
[routeMsg] Message of type *priacy_compute.LocalApproveVoteMsg forwarded to MsgDelivery
Successfully triggered local approve vote.
Resolving message: &{[2 7 0]}
[AggSelect] self=8 IsAgg=false part=0 A=1 B=2
Successfully triggered aggregation process.
Server will be started at localhost:1118...
Received message in dispatch: &{}
[dispatchMsg] Forwarding message: *priacy_compute.TriggerVRFMsg
Routing message of type: *priacy_compute.TriggerVRFMsg
[routeMsg] Message of type *priacy_compute.TriggerVRFMsg forwarded to MsgDelivery
Resolving message: &{}
Successfully triggered VRF evaluation.
Waiting for 1 minute before triggering aggregation...
VRFValue: 0.829934
VRFProof: 02d47689e60fcb2e86814154f47d61bebd4dd5c3a8b37c213cd41cc19022af8439971279617f9ff3ec80294732b7865da80e9c52d4f213ae4f24edc8d8958e4d82282700fd0ecd13ce17cdaa74ed2909b7
VRFval: 0x1.a8ed13cc1f966p-01
VRFChosen: false
Bloom Params - M: 10, T: 3, EpsBF: 0.010000
Bloom L: 29, D: 7
Approved Indices: [9 4 3]
Received message in dispatch: &{[9 4 3]}
[dispatchMsg] Forwarding message: *priacy_compute.LocalApproveVoteMsg
Routing message of type: *priacy_compute.LocalApproveVoteMsg
[routeMsg] Message of type *priacy_compute.LocalApproveVoteMsg forwarded to MsgDelivery
Successfully triggered local approve vote.
Resolving message: &{[9 4 3]}
[AggSelect] self=8 IsAgg=false part=0 A=1 B=2
Cleaned and Validated Approved Indices: [9 4 3]
Pedersen Commitment: 0200000000000000 (len=33)
Range Proof prefix: 02000000000000000000000000000000... (len=721)
[vote/send] pkt1 -> 1 (part=1)
[vote/send] from=8 -> to=1 url=http://localhost:1111/vote/share
[vote/send] part=1 L=29 D=7 sumOnes=16 shares_len=29
[vote/send] pedersenCom(hex)=0200000000000000...
[vote/send] rangeProof(hex)=02000000000000000000000000000000...
[vote/send] pkt2 -> 2 (part=2)
[vote/send] from=8 -> to=2 url=http://localhost:1112/vote/share
[vote/send] part=2 L=29 D=7 sumOnes=16 shares_len=29
[vote/send] pedersenCom(hex)=0200000000000000...
[vote/send] rangeProof(hex)=02000000000000000000000000000000...
Successfully triggered aggregation process.
